	.text
	.syntax unified
	.eabi_attribute	67, "2.09"	@ Tag_conformance
	.cpu	cortex-m7
	.eabi_attribute	6, 13	@ Tag_CPU_arch
	.eabi_attribute	7, 77	@ Tag_CPU_arch_profile
	.eabi_attribute	8, 0	@ Tag_ARM_ISA_use
	.eabi_attribute	9, 2	@ Tag_THUMB_ISA_use
	.eabi_attribute	34, 1	@ Tag_CPU_unaligned_access
	.eabi_attribute	17, 1	@ Tag_ABI_PCS_GOT_use
	.eabi_attribute	20, 2	@ Tag_ABI_FP_denormal
	.eabi_attribute	21, 0	@ Tag_ABI_FP_exceptions
	.eabi_attribute	23, 1	@ Tag_ABI_FP_number_model
	.eabi_attribute	24, 1	@ Tag_ABI_align_needed
	.eabi_attribute	25, 1	@ Tag_ABI_align_preserved
	.eabi_attribute	38, 1	@ Tag_ABI_FP_16bit_format
	.eabi_attribute	18, 4	@ Tag_ABI_PCS_wchar_t
	.eabi_attribute	26, 2	@ Tag_ABI_enum_size
	.eabi_attribute	14, 0	@ Tag_ABI_PCS_R9_use
	.file	"class_demo.c"
	.file	1 "../../../vsf/utilities/." "type.h"
	.file	2 "C:\\Keil_v5\\ARM\\ARMCLANG\\Bin\\..\\include" "stdint.h"
	.file	3 "../../usrapp/template/ooc_demo" "class_demo.h"
	.type	.Lllvm.embedded.module,%object @ @llvm.embedded.module
	.section	.llvmbc,"a",%progbits
	.p2align	4
.Lllvm.embedded.module:
	.asciz	"BC\300\3365\024\000\000\005\000\000\000b\f0$LY\276\346\356\323>-U\215\020\005\310\024\000\000!\f\000\000\031\007\000\000\013\002!\000\002\000\000\000\023\000\000\000\007\201#\221A\310\004I\006\02029\222\001\204\f%\005\b\031\036\004\213b\200\024E\002B\222\013B\244\0202\0248\b\030K\n2R\210H\220\024 CF\210\245\000\0312B\344H\016\220\221\"\304PAQ\201\214\341\203\345\212\004)F\006Q\030\000\000\211\001\000\000\033v(\370\377\377\377\377\0010\000\t\230\210qx\007y\220\207r\030\007z`\207|h\003yx\207zp\007r(\007rh\003rH\007{H\007r(\2076\230\207x\220\007zh\003s\200\2076h\207p\240\007t\000\314!\034\330a\036\312\001 \310\241\034\334\341\035\344\241\035\302\201\035\332\300\034\340\241\r\332!\034\350\001\035\000x\220\207r\230\207r\220\007{(\2076\230\207t8\007w\000\brH\207y\b\007q`\207rh\003z\b\207t`\2076\030\207p`\007v\230\007\300\034\302\201\035\346\241\034\000\202\035\312a\036\346\241\r\340A\036\312a\034\322a\036\312\241\r\314\001\036\332!\034\310\0010\207p`\207y(\007\200p\207wh\003s\220\207ph\207rh\003xx\207tp\007z(\007yh\203r`\207th\007\300\034\302\201\035\346\241\034\000\302\035\336\241\r\322\301\035\314a\036\332\300\034\340\241\r\332!\034\350\001\035\000z\220\207z(\007\200p\207wh\003u\250\207v\200\2076\240\207p\020\007v(\207y\000\314!\034\330a\036\312\001 \334\341\035\332\300\035\302\301\035\346\241\r\314\001\036\332\240\035\302\201\036\320\001\240\007y\250\207r\000\bwx\2076\230\207t8\007w(\007rh\003}(\007yx\207yh\003s\200\2076h\207p\240\007t\000\350A\036\352\241\034\000\302\035\336\241\r\350A\036\302\001\036\340!\035\334\341\034\332\240\035\302\201\036\320\001\240\007y\250\207r\000\210y\240\207p\030\207uh\003x\220\207w\240\207r\030\007zx\007yh\003q\250\007s0\207r\220\2076\230\207t\320\207r\000\360\000 \350!\034\344\341\034\312\201\036\332`\034\340\241\036\200qx\007y\240\207r\300\2076h\207;\000\bz\b\007y8\207r\240\20760\207r\b\007z\250\007y(\207y\000\326\200\034\346\001\036\330`\r\320\341\036\310!\035\354\201\r\326`\036\336\301\034\350\241\r\314\201\035\336!\034\350\201\r\326\200\036\320\241\036\332A\034\332\240\035\336\201\034\312\201\r\332`\034\344a\034\330\240\r\306A\036\362\001\036\350\341\035\330\240\r\310!\016\354\200\r\332\200\034\336\201\036\340A\036\336\201\034\330\240\r\314\001\036\332 \034\344\241\035\354\001\017\330\240\r\314\001\036\332\340\035\334\201\035\362\241\r\346\001\036\330\240\r\314\001\036\342\300\016\330\240\r\314\241\036\330\201\035\314\001\036\342\300\016\330\240\r\320\341\036\310!\035\354\241\r\302A\036\332\201\r\332\300\035\312\341\035\334\201\r\332@\036\302a\036\330\240\r\354\301\034\340A\016\330\240\r\354\301\034\340a\016\330\240\r\354\301\034\340\201\016\000\242\036\334a\036\302\301\034\312\241\r\314\001\036\332\240\035\302\201\036\320\0010\207p`\207y(\007\200\250\207y(\2076\230\207w0\007zh\003s`\207w\b\007z\000\350A\036\352\241\034\200\r=$\374\377\377\377\377\000\030\200\004L@E\214\303;\310\203<\224\3038\320\003;\344C\033\310\303;\324\203;\220C9\220C\033\220C:\330C:\220C9\264\301<\304\203<\320C\033\230\003<\264A;\204\003=\240\003`\016\341\300\016\363P\016\000A\016\345\340\016\357 \017\355\020\016\354\320\006\346\000\017m\320\016\341@\017\350\000\300\203<\224\303<\224\203<\330C9\264\301<\244\3039\270\003@\220C:\314C8\210\003;\224C\033\320C8\244\003;\264\3018\204\003;\260\303<\000\346\020\016\3540\017\345\000\020\354P\016\3630\017m\000\017\362P\016\343\220\016\363P\016m`\016\360\320\016\341@\016\2009\204\003;\314C9\000\204;\274C\033\230\203<\204C;\224C\033\300\303;\244\203;\320C9\310C\033\224\003;\244C;\000\346\020\016\3540\017\345\000\020\356\360\016m\220\016\356`\016\363\320\006\346\000\017m\320\016\341@\017\350\000\320\203<\324C9\000\204;\274C\033\250C=\264\003<\264\001=\204\2038\260C9\314\003`\016\341\300\016\363P\016\000\341\016\357\320\006\356\020\016\3560\017m`\016\360\320\006\355\020\016\364\200\016\000=\310C=\224\003@\270\303;\264\301<\244\3039\270C9\220C\033\350C9\310\303;\314C\033\230\003<\264A;\204\003=\240\003@\017\362P\017\345\000\020\356\360\016m@\017\362\020\016\360\000\017\351\340\016\347\320\006\355\020\016\364\200\016\000=\310C=\224\003@\314\003=\204\3038\254C\033\300\203<\274\003=\224\3038\320\303;\310C\033\210C=\230\2039\224\203<\264\301<\244\203>\224\003\200\007\000A\017\341 \017\347P\016\364\320\006\343\000\017\365\000\214\303;\310\003=\224\003>\264A;\334\001@\320C8\310\3039\224\003=\264\2019\224C8\320C=\310C9\314\003\260\006\3440\017\360\300\006k\200\016\367@\016\351`\017l\260\006\363\360\016\346@\017m`\016\354\360\016\341@\017l\260\006\364\200\016\365\320\016\342\320\006\355\360\016\344P\016l\320\006\343 \017\343\300\006m0\016\362\220\017\360@\017\357\300\006m@\016q`\007l\320\006\344\360\016\364\000\017\362\360\016\344\300\006m`\016\360\320\006\341 \017\355`\017x\300\006m`\016\360\320\006\357\340\016\354\220\017m0\017\360\300\006m`\016\360\020\007v\300\006m`\016\365\300\016\354`\016\360\020\007v\300\006m\200\016\367@\016\351`\017m\020\016\362\320\016l\320\006\356P\016\357\340\016l\320\006\362\020\016\363\300\006m`\017\346\000\017r\300\006m`\017\346\000\017s\300\006m`\017\346\000\017t\000\020\365\340\016\363\020\016\346P\016m`\016\360\320\006\355\020\016\364\200\016\2009\204\003;\314C9\000D=\314C9\264\301<\274\2039\320C\033\230\003;\274C8\320\003@\017\362P\017\345\000l \206\000\2506 \304\377\377\377\377\017\200\004P@\035\000I\030\000\000\003\000\000\000\023\202`\202 \f\023\002\002\000\000\000\211 \000\000(\000\000\0002\"H\t d\205\004\223\"\244\204\004\223\"\343\204\241\220\024\022L\212\214\013\204\244L\020ds\004`0G\200\334\"M\021%L>\3208\r\nB\006\204\233\244)\242\204\311\027\026@\222\376\000\220\210\177B\202\030D\312\000\n S\004P\b\235B5\210\323\370@\3434( \327HSD\t\223\0174N\343\337(P\327HSD\t\223\0174N\343\343(\b7ISD\t\223/,\200$\375\003\3018\377\204\206\305\006\265B\000\007\000\275\"\000Gq\004` \240\020\223RJu\216\000\024(\000\000\000\000\023.z@\207zh\007q\260\207;(\207vh\203p\220\207vh\003wx\007w(\2076(\207p\020\207t\330\360\006\345\320\006\355\240\007\345\320\006\360\240\007s \007z0\007r\320\006\351`\007t\240\007v@\007m`\017q \007x\240\007v@\007z\020\007r\200\007m\020\016z\000\007z0\007r\320\006\3560\007r\320\006\263`\007t\240\021\302\344p\r\\\256\227\313\365\252\317\345a8\374E/\267\341\3540\275\374z\277\307_r\271\375~\215\331\341\371\374K.\267\337\256\361\020\tx\f\000\000\002\000\b\000\001\000\000\000\b\206H\017\205\000\000 \000@\000\b\000\000\000@0D\032\203\347\001\000 \000\200\000\020\000\000\000\200`\210$\007T\004\000\200\000\000\001 \000\000\000\000\301\020\311\024\262\b\000\000\001\000\002@\000\000\000\000\202!\322/8\025\020\000\003\000\000\000\000\000\000\000\000\022\033\004\212j\034\000\000d\201\000\000\t\000\000\0002\036\230\020\031\021L\220\214\t&G\306\004C\002EP\006%P\b#\000tK`\004\240\b\312\000\000\000\000\000\261\030\000\000w\000\000\0003\b\200\034\304\341\034f\024\001=\210C8\204\303\214B\200\007yx\007s\230q\f\346\000\017\355\020\016\364\200\0163\fB\036\302\301\035\316\241\034f0\005=\210C8\204\203\033\314\003=\310C=\214\003=\314x\214tp\007{\b\007yH\207pp\007zp\003vx\207p \207\031\314\021\016\354\220\016\3410\017n0\017\343\360\016\360P\0163\020\304\035\336!\034\330!\035\302a\036f0\211;\274\203;\320C9\264\003<\274\203<\204\003;\314\360\024v`\007{h\0077h\207rh\0077\200\207p\220\207p`\007v(\007v\370\005vx\207w\200\207_\b\207q\030\207r\230\207y\230\201,\356\360\016\356\340\016\365\300\016\3540\003b\310\241\034\344\241\034\314\241\034\344\241\034\334a\034\312!\034\304\201\035\312a\006\326\220C9\310C9\230C9\310C9\270\3038\224C8\210\003;\224\303/\274\203<\374\202;\324\003;\260\303\f\307i\207pX\207rp\203th\007x`\207t\030\207t\240\207\031\316S\017\356\000\017\362P\016\344\220\016\343@\017\341 \016\354P\0163 (\035\334\301\036\302A\036\322!\034\334\201\036\334\340\034\344\341\035\352\001\036f\030Q8\260C:\234\203;\314P$v`\007{h\0077`\207wx\007x\230QL\364\220\017\360P\0163\036j\036\312a\034\350!\035\336\301\035~\001\036\344\241\034\314!\035\360a\006T\205\2038\314\303;\260C=\320C9\374\302<\344C;\210\303;\260\303\214\305\n\207y\230\207w\030\207t\b\007z(\007r\230\201\\\343\020\016\354\300\016\345P\016\3630#\301\322A\036\344\341\027\330\341\035\336\001\036f\034\331<\310\3038\260\303;\214\003\000\000\000\000y \000\000\246\002\000\000b\036H C\210\f\0319\031$\220\221@\306\310\310h\"P\b\0242\236\030\031!G\310\220Q\264\0038\240\303\000\000\000\000k\320\013x\360\r\021\363L\225\3051Y5M\212\267<k\3408\322\033\034MD1K$5\222\322H\322\032<\t\303\024\207\021\000O\304,\000\000\000../../usrapp/template/ooc_demo\\class_demo.cC:\\Users\\test\\Desktop\\GitHub\\Thread_and_Pt_test\\Thread_and_Pt_test\\source\\example\\project\\mdkComponent: ARM Compiler 6.10.1 Tool: armclang [5d143200]../../../vsf/utilities/./type.hintVSF_ERR_NOT_READYVSF_ERR_NONEVSF_ERR_UNKNOWNVSF_ERR_NOT_SUPPORTVSF_ERR_NOT_AVAILABLEVSF_ERR_NOT_ACCESSABLEVSF_ERR_NOT_ENOUGH_RESOURCESVSF_ERR_FAILVSF_ERR_INVALID_PARAMETERVSF_ERR_INVALID_RANGEVSF_ERR_INVALID_PTRVSF_ERR_INVALID_KEYVSF_ERR_IOVSF_ERR_REQ_ALREADY_REGISTEREDVSF_ERR_BUGVSF_ERR_OVERRUN../../usrapp/template/ooc_demo/class_demo.h__class_base_t__class_demo_tprivate_param_demoC:\\Keil_v5\\ARM\\ARMCLANG\\Bin\\..\\include\\stdint.huint8_tunsigned charpublic_param_demouse_as__class_base_tclass_base_t_550_chMaskpublic_param_baseprivate_param_baseDwarf VersionDebug Info Versionwchar_sizestatic_rwdataenumsize_buildattrarmlib_unavailable../../usrapp/template/ooc_demo/class_demo.cclass_base_initvsf_err_tuint_fast8_tunsigned intptObjchParamptThis_omnipotent charSimple C/C++ TBAAclass_demo_t_701_chMaskF\233\002\000\000\000\000\0000\202p-#\b\2001\202\000\034#\b\0002\202\000$#\b\2002\202p1#\bW3\202p9#A\303\004\250\303\036\204\002\200 \000\240\017\000\000\000#A\303\004\250\303\036\234\002\200 \000P\017\000\000\000#A\303\004\250\303\036\234\002\200 \000\300\017\000\000\000#A\303\004\250\303\033\220\002\200 \000\240\022\000\000\000#A\303\364\251\303\033\000\000\004\000\000J\000\000\000\214\004\r\027\240\016{`\n\000\004\000\200H\000\000\000\214\004\r\023\240\016{p\n\000\004\000\200?\000\000\000\214\004\r\023\246\016{\000\000`\000\000\300<\000\000\000\214\004\r\023\240\016o\220\n\000\202\000@L\000\000\000\214\004\r\023\240\016o\260\n\000\202\000\300K\000\000\000\214\004\r\023\240\016o\260\n\000\202\000\300L\000\000\000\214\004\r\323\245\016o\000\000\020\000\000-\001\000\0000\324\0240\2640\004\000\000\004\351\360\016\000\000\000@\000\000c\025\301+\354\204\030\024c\025\301+\354\204\030\024SU\303N\250\001\260\023`\020\026@\020\006\000\000\200H\300\n\000p\026\0000\0224L\200:\354\301,\000\b\002\000v\001\000\0000\0224\\\200:\354\201,\000\020\000\000{\001\000\0000\0224L\200:\354\301,\000\020\000\000x\001\000\0000\0224Lu\240\016{\000\000`\000\000\000]\000\000\000\fT\000\201\000\000\003\025\000!\000\300<\006@\006\005\030\000\3058\003 \030\343\f\000p\2143\000\0012\316\000\f\3118\003p(\343\f@\262\2143\000\0133\316\0004\3158\003\3608\343\f@\364\2143\000\0234\316\000T\3218\003pI\343\f@6\2153\000\0335\316\000t\325\f\320-\340B.\350\302.\360B/\370\302/\200C8\210\3038\220C9\230\303H\220@\000\265\220\016\200-\200\001\000\000\347\000\000\0000C\200\016\003\025\200%\000\300D\r`]\352\360\006\300*\000\000\000\000\300D\r\360\000\000\000\254\003\030\000\000\000\000\0235\200\205\251\303\036\000\247\000\000\000\000\000\0235\300\003\000\000\320\016`\000\000\000\000\314 \260\203;L\324\000\r\240\016{p\n\246\000\001\000\000\000\0235@\003\250\303\036\234\202( \b\004\000\300D\r\320\000\352\260\007\247\020\n\b\202\001\0000\303\000\017\361 \017\0235@\003\250\303\036\204\002( \b\000\000\300\f\001=\fT\000\232\000\000\363\030\000\031p\b\200L\324\000\326f\017~\000\334\003\000\000\000\000L\324\000M\246\016{\000\n\370\200\000\000\000\0003\004\3710Q\0034\235:\354\201(\340\003\002\000\000\000\314\020\354\303D\r\320\000\352\260\007\246P\n\020\000\000\0000C\320\017\0235\200\365\251\303\033\000\244\000\000\000\000\000\0235@\343\251\303\036\224\302?@\000\000\000\300D\r\320\000\352\260\007\245@\n\020\000\000\0000\203\000\022!1Q\0034\200:\274\001)\214\002\202\000\000\000L3\bw\000\314\020\220\304H\220\020\000\000\000\340\003\002\000@I\000\000\000L\324\000\r\030\250\303\033\220\202I \b\002\000\300\f\302H\234\304D\r\320\204\201:\274\301(\340\003\002\000\000\000\314\020\244\304D\r\320\000\352\360\006\253\240\n\b\002\000\0000Q\0034\200:\274\301*\244\002\202 \000\000\314 \254\004KL\324\000\r\240\016o\220\n\250\200 \000\000\0003\004.1Q\0034b\240\016o\200\n\370\200\000\000\000\0003\00401Q\0034a\240\016o\240\n\370\200\000\000\000\0003\00421\303\200\007c\220\0073\fx@\006y0\303\240\007e\260\0073\fz`\006z0\303\240\007g\200\0073\fz\200\006|0C0\fT\000i \000\300D\r`\255A-\350\003\200\016\000\000\000\0000Q\003<\000\000\000\377\000\006\000\000\000\300<\006@\006m\000\006\3001Q\003Xl`\017\273\000\370\004\000\000\000\000\3140\360DO\374\304L\204\000\200\0050\\\"\274\202\033\354\004\030\364D\000\000\303%\302+\274\301N\200\301O\b\0000\\\"\274\002\034\354\204\030\260\003\000\000\303%\202+\304\301N\210\001;\000\0000\\\"\264B\034\354\204\030\260\003\000\0003\024b1\026dQ\026f1]`\314\020\320\301\f\303\034\244E\037\3140\310\201Z\364\301\f\203\034\254E\037\314P\\k\321\007lq\0073\fm\241\026w0Q\003Xu\240\016{\000\314\002\000\000\000\000L\324\000\017\000\000\300[\200\001\000\000\0000Q\0034\200:\354\301,\310\002\004\000\000\000L\324\000\r\240\016{0\013\260\200 \020\000\000\0235@c\007\352\260\007\263`\022\b\202\001\0000\303\020\027r1\027\0235@\323\251\303\036\300\002> \000\000\000\300\fA]L\324\000\r\240\016{ \013\261\000\001\000\000\0003\004w1Q\0034\236:\354A,\374\003\004\000\000\000L\324\000\r\240\016{\020\013\244\000\001\000\000\0003\by\241\0273\034\330Z\364\301Z\370\001[\374\301\f\003_\250\305\037\314 \374\004\\\314D\b\200_\000\227\022\000\307q\034\307q\034\207\022(\201\022(!\022(\201\022(\201\022(\201\022\"A\023\240\000\n\244\201\022(\201\022.\341\006n\000\nb \006b \006b \006b \006b \006b \006b \006b \006\260\341\022\234\033\300\203:\300\203:\240\201=\330\203=\320\201=pn\240\007\360`\017\234=p\366\300\301\203=\330\003\032\330\003\032p\374\300\017h\300\017\234=\330\003\032\330\003\307\017\034?pt@\007t@\007t@\007\026\035\330\203:\230\202=\320\201\033\220\0039\220\0039\220\003+X\034\035\320\001\035\230\002\035\330\203:\330\203=\360\003\035\330\003g\017\234=\330\003\032\370\002\035\240\201\214\004&(\02766\2736\0272\2613\227\261\272Q\202U\310\210\215\315\256\315\245\355\215\254\216\255\314\305\214-\354ln\024c&h\242&l\342&p\"\02566\2736\2274\26227\272Q\202\234\000\251\030\000\000\023\000\000\000\013\nr(\207w\200\007zXp\230C=\270\3038\260C9\320\303\202\346\034\306\241\r\350A\036\302\301\035\346!\035\350!\035\336\301\035\026(\342P\016\346\360\016\362P\016\351\340\016\363@\017\013\222p0\007z(\007yH\007w\230\007z\000\321\020\000\000\006\000\000\000\007\314<\244\203;\234\003;\224\003=\240\203<\224C8\220\303\001\000\000\000a \000\000-\000\000\000\023\004A<\f\000\000\000\002\000\000\000\023\204\342\231 \000\020\000#\006\007\000\202`P1\262\376\377\377?\300\373\377\377\377\240\356\377\377\377\303\214\001\001\006i\360\n\300\210\301\001\200 \030TL\254\377\377\377\017\357\376\377\377?\250\373\377\377\3770c@\200A\037\274\0020bp\000 \b\006\025#\353\377\377\377\203\273\377\377\377\017\352\376\377\377?\314\030\020bP\274\002pA\200\031\003b\f\276W\0006!\006DAf\f\2101P^\001\0306 \002!\000f\f\2101\350^\001\310d\306\200 \203\342\025\200\200\030\003\000\000\000[\004\300\025\266\fE\320\026\000\000\000\000\000\000\000a \000\000F\000\000\000\023\004A<\f\000\000\000$\000\000\000\"G\310\220Q\006\004\006\024\000\000\000class_base_get_param\263\212`4v\"\r\212YE0\032;\221\006\305\252j\330\t\320\000v\342\fJ\003\b\320\000\000\000\020\tX\001\000T\003\0006\b?\321\023\233\b\001 \r`\\\"\214\206\033\354\304\031\364D\000\000\343\022a4\340`'\322\200\035\000\000\030\227\b\242\021\007;\221\006\354\000\000\300\270D\b\2158\330\2114`\007\000\0006\020\246q\032\250\221\032\023\204\342\001#\006\007\000\202`P-\246\376\377\377?\254\372\377\377\377\220\356\377\377\377\303\214\001q\006q0\032\300\210\301\001\200 \030T\213\251\377\377\377\017\252\376\377\377?\244\373\377\377\3770c@\244A1\032\300&D` \306\214\001\241\006\321h\000\024\2040a\000\\\000b\306\200P\003f4\200\ff\f\b5(F\003\b\210\001\000\000\000\003\000\000\000[\004@4\266\fC\320\026\000\000\000\000\000\000\000a \000\000\212\000\000\000\023\004A<\f\000\000\0004\000\000\000\"G\310\220Q\n\204\007\317\002\000\000class_demo_initchParamBase\000\000\263\212\2004v\342\r\212YE@\032;\361\006\305\252j\330\t\320\000v\242\rN\003\b\334\000\000\000\020\tX\001\000\\\003\000d\036H C\210\f\231\216\003\206\321\0006\020<\001\027?\361\023\233\b\0010\r`\\\"\220\206\033\354D\033\300E\000\000\343\022\2014\336`'\332\340'\004\000\030\227\b\244\021\032;\321\006?1\000\300\270D \r8\330\2117p\007\000\000\306%\302h\304\301N\274\201;\000\0000.\021D#\016v\342\r\334\001\000\200\r\006j\244\206j\254\006k\264\306:\301\370\211\t\202\363L\020\000h\202\000D\000\000#\006\007\000\202`P5\243\376\377\377?\254\372\377\377\377\260\356\377\377\377\303\214\001\321\006i@\032\300\210\301\001\200 \030T\215\250\377\377\377\017\252\376\377\377?\254\373\377\377\3770c@\264A\037\220\0060bp\000 \b\006U\023\352\377\377\377C\252\377\377\377\017\353\376\377\377?\314\030\020m0\013\244\001\214\030\034\000\b\202A\325\214\372\377\377\377\200\352\377\377\377\303\272\377\377\377\0173\006\304\033\024\244\001\234\020`\306\200\200\203\2174\200\335\b\"i\222\031\003\002\016\024\322\000\206\r\210@\b\200\031\003\002\016:\322\000F\f\016\000\004\301\240zJ\375\377\377\177\230\367\377\377\377\301\324\377\377\377\207\031\003\002\f\322\340\025Jc\304\340\000@\020\f\252g\324\377\377\377\007y\377\377\377\037\332\375\377\377\177\2301 \300\240\017^\2414F\f\016\000\004\301\240zJ\375\377\377\177\210\367\377\377\377\301\324\377\377\377\207\031\003B\f\212W(\215\033\002\314\030\020c\360\275Bi\354v\030\313\262,\3152c@\214\201\362\n\2451l@\004B\000\314\030\020c\320\275Bi$3c@\304AA\032@@\f\004\000\000\000[\004`4\266\fF\300\027[\006&h\013\000\000\000\000\000\000a \000\000D\000\000\000\023\004A<\f\000\000\000\"\000\000\000\"G\310\220Q\006\004\006\024\000\000\000class_demo_get_param\263\212`4v\302\016\212YE0\032;a\007\305\252j\330\t\320\000v\202\016\376\002\b\352\000\000\000\020\tX\001\000P\003\000\306%\302h\270\301N\320\001\\\004\0000.\021F\003\016v\302\016\334\001\000\200q\211 \032q\260\023v\340\016\000\000\214K\204\320\210\203\235\260\003w\000\000`\003A\032\245a\032\2471Ap\036\000\000\000#\006\007\000\202`P-\250\376\377\377?\264\372\377\377\377\220\356\377\377\377\303\214\001A\007q0\032\300\210\301\001\200 \030T\013\252\377\377\377\017\254\376\377\377?\244\373\377\377\3770c@\330A1\032\300nD`(\306\214\001q\007\321h\000\024\2040a\000\\\000b\306\200\270\003f4\200\ff\f\210;(F\003\b\210\001\000\000\000\003\000\000\000[\004@4\266\fC\300\027\000\000\000\000\000\000\000a \000\000l\000\000\000\023\004A<\f\000\000\0006\000\000\000\"G\310\220Q\n\304\031\000\000\000\000\231\002\000\000class_demo_get_base_parambase_param\000\263\212\3004v\302\017\212YE`\032;\341\007\305\254\"0\215\235\340\203bV\021\230\306N\360A\261\252\032v\0024\200\235\320\203\277\000\202=\000\000\000D\002V\000\000\327\000\200q\211`\032n\260\023z\000\027\001\000\214K\004\323\200\203\235\340\003w\000\000`\\\"\224F\034\354\004\037\270\003\000\000\343\022\2014\342`'\370\300\035\000\000\030\227\b\246\021\032;\321\007?\001\000\300\270D\030\2158\330\t?`\007\000\000\306%\202h\304\301N\370\001;\000\000\260\3418\r\324H\r\325X\r\326h\215\t\202\363L\020\000\t\000\000#\006\007\000\202`P-\242\376\377\377?\250\372\377\377\377\220\356\377\377\377\303\214\001\241\007v`\032\300\210\301\001\200 \030T\213\250\377\377\377\017\251\376\377\377?\244\373\377\377\3770c@\360Aa\032\300\210\301\001\200 \030T\213\250\377\377\377\017\245\376\377\377?\244\373\377\377\3770c@\370A1\032\300\210\301\001\200 \030T\213\250\377\377\377\017\245\376\377\377?\244\373\377\377\3770a\000\354v\004\206a\030\2101a\000P\020\302\204\001p\001\210\t\003`\304\340\000@\020\f*\207\324\377\377\377\207T\377\377\377\037\330\375\377\377\177\2301 \372@2\r \203\031\003\"\024\n\323\000\002b\000\000\003\000\000\000[\004\2404\266\fE\320\026\000\000\000\000\000\000\000q \000\000\006\000\000\0002\016\020\"\204\000\343\n\030 \271\200\002\332\0138`\316\200\004\254\r\000\000\000\000\000\000e\f\000\000;\000\000\000\022\003\224\340\001\000\000\000\001\000\000\000m\000\000\000\b\000\000\000D\000\000\000\001\000\000\000P\000\000\000\000\000\000\000P\000\000\000\006\000\000\000\340\000\000\000\000\000\000\000u\000\000\000\027\000\000\000\214\000\000\000+\000\000\000\267\000\000\000\000\000\000\000\000\000\000\000\006\000\000\000\000\000\000\000\000\000\000\000\017\000\000\000\000\000\000\000\017\000\000\000\377\377\377\377\001$\000\000\017\000\000\000\024\000\000\000\017\000\000\000\024\000\000\000\377\377\377\377\001$\000\000#\000\000\000\017\000\000\000#\000\000\000\017\000\000\000\377\377\377\377\001$\000\0002\000\000\000\024\000\000\0002\000\000\000\024\000\000\000\377\377\377\377\001$\000\000F\000\000\000\031\000\000\000F\000\000\000\031\000\000\000\377\377\377\377\001$\000\000_\000\000\000\016\000\000\000_\000\000\000\016\000\000\000\377\377\377\377\b,\000\000\000\000\000\000]\f\000\0001\000\000\000\022\003\224w\001\000\000\000class_base_initclass_base_get_paramclass_demo_initclass_demo_get_paramclass_demo_get_base_paramllvm.dbg.value7.0.0svnthumbv7em-arm-none-eabi../../usrapp/template/ooc_demo/class_demo.c\000\000\000\000"
	.size	.Lllvm.embedded.module, 7756

	.section	.debug_str,"MS",%progbits,1
.Linfo_string0:
	.asciz	"Component: ARM Compiler 6.10.1 Tool: armclang [5d143200]" @ string offset=0
.Linfo_string1:
	.asciz	"../../usrapp/template/ooc_demo\\class_demo.c" @ string offset=57
.Linfo_string2:
	.asciz	"C:\\Users\\test\\Desktop\\GitHub\\Thread_and_Pt_test\\Thread_and_Pt_test\\source\\example\\project\\mdk" @ string offset=101
.Linfo_string3:
	.asciz	"int"                   @ string offset=195
.Linfo_string4:
	.asciz	"VSF_ERR_NOT_READY"     @ string offset=199
.Linfo_string5:
	.asciz	"VSF_ERR_NONE"          @ string offset=217
.Linfo_string6:
	.asciz	"VSF_ERR_UNKNOWN"       @ string offset=230
.Linfo_string7:
	.asciz	"VSF_ERR_NOT_SUPPORT"   @ string offset=246
.Linfo_string8:
	.asciz	"VSF_ERR_NOT_AVAILABLE" @ string offset=266
.Linfo_string9:
	.asciz	"VSF_ERR_NOT_ACCESSABLE" @ string offset=288
.Linfo_string10:
	.asciz	"VSF_ERR_NOT_ENOUGH_RESOURCES" @ string offset=311
.Linfo_string11:
	.asciz	"VSF_ERR_FAIL"          @ string offset=340
.Linfo_string12:
	.asciz	"VSF_ERR_INVALID_PARAMETER" @ string offset=353
.Linfo_string13:
	.asciz	"VSF_ERR_INVALID_RANGE" @ string offset=379
.Linfo_string14:
	.asciz	"VSF_ERR_INVALID_PTR"   @ string offset=401
.Linfo_string15:
	.asciz	"VSF_ERR_INVALID_KEY"   @ string offset=421
.Linfo_string16:
	.asciz	"VSF_ERR_IO"            @ string offset=441
.Linfo_string17:
	.asciz	"VSF_ERR_REQ_ALREADY_REGISTERED" @ string offset=452
.Linfo_string18:
	.asciz	"VSF_ERR_BUG"           @ string offset=483
.Linfo_string19:
	.asciz	"VSF_ERR_OVERRUN"       @ string offset=495
.Linfo_string20:
	.asciz	"public_param_base"     @ string offset=511
.Linfo_string21:
	.asciz	"unsigned char"         @ string offset=529
.Linfo_string22:
	.asciz	"uint8_t"               @ string offset=543
.Linfo_string23:
	.asciz	"private_param_base"    @ string offset=551
.Linfo_string24:
	.asciz	"__class_base_t"        @ string offset=570
.Linfo_string25:
	.asciz	"use_as__class_base_t"  @ string offset=585
.Linfo_string26:
	.asciz	"_550_chMask"           @ string offset=606
.Linfo_string27:
	.asciz	"sizetype"              @ string offset=618
.Linfo_string28:
	.asciz	"class_base_t"          @ string offset=627
.Linfo_string29:
	.asciz	"public_param_demo"     @ string offset=640
.Linfo_string30:
	.asciz	"private_param_demo"    @ string offset=658
.Linfo_string31:
	.asciz	"__class_demo_t"        @ string offset=677
	.section	.debug_abbrev,"",%progbits
	.byte	1                       @ Abbreviation Code
	.byte	17                      @ DW_TAG_compile_unit
	.byte	1                       @ DW_CHILDREN_yes
	.byte	37                      @ DW_AT_producer
	.byte	14                      @ DW_FORM_strp
	.byte	19                      @ DW_AT_language
	.byte	5                       @ DW_FORM_data2
	.byte	3                       @ DW_AT_name
	.byte	14                      @ DW_FORM_strp
	.byte	16                      @ DW_AT_stmt_list
	.byte	6                       @ DW_FORM_data4
	.byte	27                      @ DW_AT_comp_dir
	.byte	14                      @ DW_FORM_strp
	.ascii	"\264B"                 @ DW_AT_GNU_pubnames
	.byte	12                      @ DW_FORM_flag
	.byte	0                       @ EOM(1)
	.byte	0                       @ EOM(2)
	.byte	2                       @ Abbreviation Code
	.byte	4                       @ DW_TAG_enumeration_type
	.byte	1                       @ DW_CHILDREN_yes
	.byte	73                      @ DW_AT_type
	.byte	19                      @ DW_FORM_ref4
	.byte	11                      @ DW_AT_byte_size
	.byte	11                      @ DW_FORM_data1
	.byte	58                      @ DW_AT_decl_file
	.byte	11                      @ DW_FORM_data1
	.byte	59                      @ DW_AT_decl_line
	.byte	11                      @ DW_FORM_data1
	.byte	0                       @ EOM(1)
	.byte	0                       @ EOM(2)
	.byte	3                       @ Abbreviation Code
	.byte	40                      @ DW_TAG_enumerator
	.byte	0                       @ DW_CHILDREN_no
	.byte	3                       @ DW_AT_name
	.byte	14                      @ DW_FORM_strp
	.byte	28                      @ DW_AT_const_value
	.byte	13                      @ DW_FORM_sdata
	.byte	0                       @ EOM(1)
	.byte	0                       @ EOM(2)
	.byte	4                       @ Abbreviation Code
	.byte	36                      @ DW_TAG_base_type
	.byte	0                       @ DW_CHILDREN_no
	.byte	3                       @ DW_AT_name
	.byte	14                      @ DW_FORM_strp
	.byte	62                      @ DW_AT_encoding
	.byte	11                      @ DW_FORM_data1
	.byte	11                      @ DW_AT_byte_size
	.byte	11                      @ DW_FORM_data1
	.byte	0                       @ EOM(1)
	.byte	0                       @ EOM(2)
	.byte	5                       @ Abbreviation Code
	.byte	15                      @ DW_TAG_pointer_type
	.byte	0                       @ DW_CHILDREN_no
	.byte	73                      @ DW_AT_type
	.byte	19                      @ DW_FORM_ref4
	.byte	0                       @ EOM(1)
	.byte	0                       @ EOM(2)
	.byte	6                       @ Abbreviation Code
	.byte	22                      @ DW_TAG_typedef
	.byte	0                       @ DW_CHILDREN_no
	.byte	73                      @ DW_AT_type
	.byte	19                      @ DW_FORM_ref4
	.byte	3                       @ DW_AT_name
	.byte	14                      @ DW_FORM_strp
	.byte	58                      @ DW_AT_decl_file
	.byte	11                      @ DW_FORM_data1
	.byte	59                      @ DW_AT_decl_line
	.byte	11                      @ DW_FORM_data1
	.byte	0                       @ EOM(1)
	.byte	0                       @ EOM(2)
	.byte	7                       @ Abbreviation Code
	.byte	19                      @ DW_TAG_structure_type
	.byte	1                       @ DW_CHILDREN_yes
	.byte	3                       @ DW_AT_name
	.byte	14                      @ DW_FORM_strp
	.byte	11                      @ DW_AT_byte_size
	.byte	11                      @ DW_FORM_data1
	.byte	58                      @ DW_AT_decl_file
	.byte	11                      @ DW_FORM_data1
	.byte	59                      @ DW_AT_decl_line
	.byte	11                      @ DW_FORM_data1
	.byte	0                       @ EOM(1)
	.byte	0                       @ EOM(2)
	.byte	8                       @ Abbreviation Code
	.byte	13                      @ DW_TAG_member
	.byte	0                       @ DW_CHILDREN_no
	.byte	73                      @ DW_AT_type
	.byte	19                      @ DW_FORM_ref4
	.byte	58                      @ DW_AT_decl_file
	.byte	11                      @ DW_FORM_data1
	.byte	59                      @ DW_AT_decl_line
	.byte	11                      @ DW_FORM_data1
	.ascii	"\210\001"              @ DW_AT_alignment
	.byte	15                      @ DW_FORM_udata
	.byte	56                      @ DW_AT_data_member_location
	.byte	11                      @ DW_FORM_data1
	.byte	0                       @ EOM(1)
	.byte	0                       @ EOM(2)
	.byte	9                       @ Abbreviation Code
	.byte	19                      @ DW_TAG_structure_type
	.byte	1                       @ DW_CHILDREN_yes
	.byte	11                      @ DW_AT_byte_size
	.byte	11                      @ DW_FORM_data1
	.byte	58                      @ DW_AT_decl_file
	.byte	11                      @ DW_FORM_data1
	.byte	59                      @ DW_AT_decl_line
	.byte	11                      @ DW_FORM_data1
	.ascii	"\210\001"              @ DW_AT_alignment
	.byte	15                      @ DW_FORM_udata
	.byte	0                       @ EOM(1)
	.byte	0                       @ EOM(2)
	.byte	10                      @ Abbreviation Code
	.byte	13                      @ DW_TAG_member
	.byte	0                       @ DW_CHILDREN_no
	.byte	3                       @ DW_AT_name
	.byte	14                      @ DW_FORM_strp
	.byte	73                      @ DW_AT_type
	.byte	19                      @ DW_FORM_ref4
	.byte	58                      @ DW_AT_decl_file
	.byte	11                      @ DW_FORM_data1
	.byte	59                      @ DW_AT_decl_line
	.byte	11                      @ DW_FORM_data1
	.byte	56                      @ DW_AT_data_member_location
	.byte	11                      @ DW_FORM_data1
	.byte	0                       @ EOM(1)
	.byte	0                       @ EOM(2)
	.byte	11                      @ Abbreviation Code
	.byte	13                      @ DW_TAG_member
	.byte	0                       @ DW_CHILDREN_no
	.byte	73                      @ DW_AT_type
	.byte	19                      @ DW_FORM_ref4
	.byte	58                      @ DW_AT_decl_file
	.byte	11                      @ DW_FORM_data1
	.byte	59                      @ DW_AT_decl_line
	.byte	11                      @ DW_FORM_data1
	.byte	56                      @ DW_AT_data_member_location
	.byte	11                      @ DW_FORM_data1
	.byte	0                       @ EOM(1)
	.byte	0                       @ EOM(2)
	.byte	12                      @ Abbreviation Code
	.byte	19                      @ DW_TAG_structure_type
	.byte	1                       @ DW_CHILDREN_yes
	.byte	11                      @ DW_AT_byte_size
	.byte	11                      @ DW_FORM_data1
	.byte	58                      @ DW_AT_decl_file
	.byte	11                      @ DW_FORM_data1
	.byte	59                      @ DW_AT_decl_line
	.byte	11                      @ DW_FORM_data1
	.byte	0                       @ EOM(1)
	.byte	0                       @ EOM(2)
	.byte	13                      @ Abbreviation Code
	.byte	23                      @ DW_TAG_union_type
	.byte	1                       @ DW_CHILDREN_yes
	.byte	11                      @ DW_AT_byte_size
	.byte	11                      @ DW_FORM_data1
	.byte	58                      @ DW_AT_decl_file
	.byte	11                      @ DW_FORM_data1
	.byte	59                      @ DW_AT_decl_line
	.byte	11                      @ DW_FORM_data1
	.byte	0                       @ EOM(1)
	.byte	0                       @ EOM(2)
	.byte	14                      @ Abbreviation Code
	.byte	13                      @ DW_TAG_member
	.byte	0                       @ DW_CHILDREN_no
	.byte	3                       @ DW_AT_name
	.byte	14                      @ DW_FORM_strp
	.byte	73                      @ DW_AT_type
	.byte	19                      @ DW_FORM_ref4
	.byte	58                      @ DW_AT_decl_file
	.byte	11                      @ DW_FORM_data1
	.byte	59                      @ DW_AT_decl_line
	.byte	11                      @ DW_FORM_data1
	.ascii	"\210\001"              @ DW_AT_alignment
	.byte	15                      @ DW_FORM_udata
	.byte	56                      @ DW_AT_data_member_location
	.byte	11                      @ DW_FORM_data1
	.byte	0                       @ EOM(1)
	.byte	0                       @ EOM(2)
	.byte	15                      @ Abbreviation Code
	.byte	1                       @ DW_TAG_array_type
	.byte	1                       @ DW_CHILDREN_yes
	.byte	73                      @ DW_AT_type
	.byte	19                      @ DW_FORM_ref4
	.byte	0                       @ EOM(1)
	.byte	0                       @ EOM(2)
	.byte	16                      @ Abbreviation Code
	.byte	33                      @ DW_TAG_subrange_type
	.byte	0                       @ DW_CHILDREN_no
	.byte	73                      @ DW_AT_type
	.byte	19                      @ DW_FORM_ref4
	.byte	55                      @ DW_AT_count
	.byte	11                      @ DW_FORM_data1
	.byte	0                       @ EOM(1)
	.byte	0                       @ EOM(2)
	.byte	17                      @ Abbreviation Code
	.byte	36                      @ DW_TAG_base_type
	.byte	0                       @ DW_CHILDREN_no
	.byte	3                       @ DW_AT_name
	.byte	14                      @ DW_FORM_strp
	.byte	11                      @ DW_AT_byte_size
	.byte	11                      @ DW_FORM_data1
	.byte	62                      @ DW_AT_encoding
	.byte	11                      @ DW_FORM_data1
	.byte	0                       @ EOM(1)
	.byte	0                       @ EOM(2)
	.byte	0                       @ EOM(3)
	.section	.debug_info,"",%progbits
.Lcu_begin0:
	.long	471                     @ Length of Unit
	.short	3                       @ DWARF version number
	.long	.debug_abbrev           @ Offset Into Abbrev. Section
	.byte	4                       @ Address Size (in bytes)
	.byte	1                       @ Abbrev [1] 0xb:0x1d0 DW_TAG_compile_unit
	.long	.Linfo_string0          @ DW_AT_producer
	.short	12                      @ DW_AT_language
	.long	.Linfo_string1          @ DW_AT_name
	.long	.Lline_table_start0     @ DW_AT_stmt_list
	.long	.Linfo_string2          @ DW_AT_comp_dir
	.byte	1                       @ DW_AT_GNU_pubnames
	.byte	2                       @ Abbrev [2] 0x1f:0x69 DW_TAG_enumeration_type
	.long	136                     @ DW_AT_type
	.byte	4                       @ DW_AT_byte_size
	.byte	1                       @ DW_AT_decl_file
	.byte	105                     @ DW_AT_decl_line
	.byte	3                       @ Abbrev [3] 0x27:0x6 DW_TAG_enumerator
	.long	.Linfo_string4          @ DW_AT_name
	.byte	1                       @ DW_AT_const_value
	.byte	3                       @ Abbrev [3] 0x2d:0x6 DW_TAG_enumerator
	.long	.Linfo_string5          @ DW_AT_name
	.byte	0                       @ DW_AT_const_value
	.byte	3                       @ Abbrev [3] 0x33:0x6 DW_TAG_enumerator
	.long	.Linfo_string6          @ DW_AT_name
	.byte	127                     @ DW_AT_const_value
	.byte	3                       @ Abbrev [3] 0x39:0x6 DW_TAG_enumerator
	.long	.Linfo_string7          @ DW_AT_name
	.byte	126                     @ DW_AT_const_value
	.byte	3                       @ Abbrev [3] 0x3f:0x6 DW_TAG_enumerator
	.long	.Linfo_string8          @ DW_AT_name
	.byte	124                     @ DW_AT_const_value
	.byte	3                       @ Abbrev [3] 0x45:0x6 DW_TAG_enumerator
	.long	.Linfo_string9          @ DW_AT_name
	.byte	123                     @ DW_AT_const_value
	.byte	3                       @ Abbrev [3] 0x4b:0x6 DW_TAG_enumerator
	.long	.Linfo_string10         @ DW_AT_name
	.byte	122                     @ DW_AT_const_value
	.byte	3                       @ Abbrev [3] 0x51:0x6 DW_TAG_enumerator
	.long	.Linfo_string11         @ DW_AT_name
	.byte	121                     @ DW_AT_const_value
	.byte	3                       @ Abbrev [3] 0x57:0x6 DW_TAG_enumerator
	.long	.Linfo_string12         @ DW_AT_name
	.byte	120                     @ DW_AT_const_value
	.byte	3                       @ Abbrev [3] 0x5d:0x6 DW_TAG_enumerator
	.long	.Linfo_string13         @ DW_AT_name
	.byte	119                     @ DW_AT_const_value
	.byte	3                       @ Abbrev [3] 0x63:0x6 DW_TAG_enumerator
	.long	.Linfo_string14         @ DW_AT_name
	.byte	118                     @ DW_AT_const_value
	.byte	3                       @ Abbrev [3] 0x69:0x6 DW_TAG_enumerator
	.long	.Linfo_string15         @ DW_AT_name
	.byte	117                     @ DW_AT_const_value
	.byte	3                       @ Abbrev [3] 0x6f:0x6 DW_TAG_enumerator
	.long	.Linfo_string16         @ DW_AT_name
	.byte	116                     @ DW_AT_const_value
	.byte	3                       @ Abbrev [3] 0x75:0x6 DW_TAG_enumerator
	.long	.Linfo_string17         @ DW_AT_name
	.byte	115                     @ DW_AT_const_value
	.byte	3                       @ Abbrev [3] 0x7b:0x6 DW_TAG_enumerator
	.long	.Linfo_string18         @ DW_AT_name
	.byte	114                     @ DW_AT_const_value
	.byte	3                       @ Abbrev [3] 0x81:0x6 DW_TAG_enumerator
	.long	.Linfo_string19         @ DW_AT_name
	.byte	113                     @ DW_AT_const_value
	.byte	0                       @ End Of Children Mark
	.byte	4                       @ Abbrev [4] 0x88:0x7 DW_TAG_base_type
	.long	.Linfo_string3          @ DW_AT_name
	.byte	5                       @ DW_AT_encoding
	.byte	4                       @ DW_AT_byte_size
	.byte	5                       @ Abbrev [5] 0x8f:0x5 DW_TAG_pointer_type
	.long	148                     @ DW_AT_type
	.byte	6                       @ Abbrev [6] 0x94:0xb DW_TAG_typedef
	.long	159                     @ DW_AT_type
	.long	.Linfo_string24         @ DW_AT_name
	.byte	3                       @ DW_AT_decl_file
	.byte	47                      @ DW_AT_decl_line
	.byte	7                       @ Abbrev [7] 0x9f:0x4e DW_TAG_structure_type
	.long	.Linfo_string24         @ DW_AT_name
	.byte	2                       @ DW_AT_byte_size
	.byte	3                       @ DW_AT_decl_file
	.byte	47                      @ DW_AT_decl_line
	.byte	8                       @ Abbrev [8] 0xa7:0x9 DW_TAG_member
	.long	176                     @ DW_AT_type
	.byte	3                       @ DW_AT_decl_file
	.byte	47                      @ DW_AT_decl_line
	.byte	1                       @ DW_AT_alignment
	.byte	0                       @ DW_AT_data_member_location
	.byte	9                       @ Abbrev [9] 0xb0:0x12 DW_TAG_structure_type
	.byte	1                       @ DW_AT_byte_size
	.byte	3                       @ DW_AT_decl_file
	.byte	47                      @ DW_AT_decl_line
	.byte	1                       @ DW_AT_alignment
	.byte	10                      @ Abbrev [10] 0xb5:0xc DW_TAG_member
	.long	.Linfo_string20         @ DW_AT_name
	.long	237                     @ DW_AT_type
	.byte	3                       @ DW_AT_decl_file
	.byte	47                      @ DW_AT_decl_line
	.byte	0                       @ DW_AT_data_member_location
	.byte	0                       @ End Of Children Mark
	.byte	8                       @ Abbrev [8] 0xc2:0x9 DW_TAG_member
	.long	203                     @ DW_AT_type
	.byte	3                       @ DW_AT_decl_file
	.byte	47                      @ DW_AT_decl_line
	.byte	1                       @ DW_AT_alignment
	.byte	1                       @ DW_AT_data_member_location
	.byte	9                       @ Abbrev [9] 0xcb:0x21 DW_TAG_structure_type
	.byte	1                       @ DW_AT_byte_size
	.byte	3                       @ DW_AT_decl_file
	.byte	47                      @ DW_AT_decl_line
	.byte	1                       @ DW_AT_alignment
	.byte	8                       @ Abbrev [8] 0xd0:0x9 DW_TAG_member
	.long	217                     @ DW_AT_type
	.byte	3                       @ DW_AT_decl_file
	.byte	47                      @ DW_AT_decl_line
	.byte	1                       @ DW_AT_alignment
	.byte	0                       @ DW_AT_data_member_location
	.byte	9                       @ Abbrev [9] 0xd9:0x12 DW_TAG_structure_type
	.byte	1                       @ DW_AT_byte_size
	.byte	3                       @ DW_AT_decl_file
	.byte	47                      @ DW_AT_decl_line
	.byte	1                       @ DW_AT_alignment
	.byte	10                      @ Abbrev [10] 0xde:0xc DW_TAG_member
	.long	.Linfo_string23         @ DW_AT_name
	.long	237                     @ DW_AT_type
	.byte	3                       @ DW_AT_decl_file
	.byte	47                      @ DW_AT_decl_line
	.byte	0                       @ DW_AT_data_member_location
	.byte	0                       @ End Of Children Mark
	.byte	0                       @ End Of Children Mark
	.byte	0                       @ End Of Children Mark
	.byte	6                       @ Abbrev [6] 0xed:0xb DW_TAG_typedef
	.long	248                     @ DW_AT_type
	.long	.Linfo_string22         @ DW_AT_name
	.byte	2                       @ DW_AT_decl_file
	.byte	62                      @ DW_AT_decl_line
	.byte	4                       @ Abbrev [4] 0xf8:0x7 DW_TAG_base_type
	.long	.Linfo_string21         @ DW_AT_name
	.byte	8                       @ DW_AT_encoding
	.byte	1                       @ DW_AT_byte_size
	.byte	5                       @ Abbrev [5] 0xff:0x5 DW_TAG_pointer_type
	.long	260                     @ DW_AT_type
	.byte	6                       @ Abbrev [6] 0x104:0xb DW_TAG_typedef
	.long	271                     @ DW_AT_type
	.long	.Linfo_string31         @ DW_AT_name
	.byte	3                       @ DW_AT_decl_file
	.byte	59                      @ DW_AT_decl_line
	.byte	7                       @ Abbrev [7] 0x10f:0x7c DW_TAG_structure_type
	.long	.Linfo_string31         @ DW_AT_name
	.byte	4                       @ DW_AT_byte_size
	.byte	3                       @ DW_AT_decl_file
	.byte	59                      @ DW_AT_decl_line
	.byte	11                      @ Abbrev [11] 0x117:0x8 DW_TAG_member
	.long	287                     @ DW_AT_type
	.byte	3                       @ DW_AT_decl_file
	.byte	59                      @ DW_AT_decl_line
	.byte	0                       @ DW_AT_data_member_location
	.byte	12                      @ Abbrev [12] 0x11f:0x26 DW_TAG_structure_type
	.byte	2                       @ DW_AT_byte_size
	.byte	3                       @ DW_AT_decl_file
	.byte	59                      @ DW_AT_decl_line
	.byte	11                      @ Abbrev [11] 0x123:0x8 DW_TAG_member
	.long	299                     @ DW_AT_type
	.byte	3                       @ DW_AT_decl_file
	.byte	59                      @ DW_AT_decl_line
	.byte	0                       @ DW_AT_data_member_location
	.byte	13                      @ Abbrev [13] 0x12b:0x19 DW_TAG_union_type
	.byte	2                       @ DW_AT_byte_size
	.byte	3                       @ DW_AT_decl_file
	.byte	59                      @ DW_AT_decl_line
	.byte	10                      @ Abbrev [10] 0x12f:0xc DW_TAG_member
	.long	.Linfo_string25         @ DW_AT_name
	.long	395                     @ DW_AT_type
	.byte	3                       @ DW_AT_decl_file
	.byte	59                      @ DW_AT_decl_line
	.byte	0                       @ DW_AT_data_member_location
	.byte	11                      @ Abbrev [11] 0x13b:0x8 DW_TAG_member
	.long	406                     @ DW_AT_type
	.byte	3                       @ DW_AT_decl_file
	.byte	59                      @ DW_AT_decl_line
	.byte	0                       @ DW_AT_data_member_location
	.byte	0                       @ End Of Children Mark
	.byte	0                       @ End Of Children Mark
	.byte	8                       @ Abbrev [8] 0x145:0x9 DW_TAG_member
	.long	334                     @ DW_AT_type
	.byte	3                       @ DW_AT_decl_file
	.byte	59                      @ DW_AT_decl_line
	.byte	1                       @ DW_AT_alignment
	.byte	2                       @ DW_AT_data_member_location
	.byte	9                       @ Abbrev [9] 0x14e:0x12 DW_TAG_structure_type
	.byte	1                       @ DW_AT_byte_size
	.byte	3                       @ DW_AT_decl_file
	.byte	59                      @ DW_AT_decl_line
	.byte	1                       @ DW_AT_alignment
	.byte	10                      @ Abbrev [10] 0x153:0xc DW_TAG_member
	.long	.Linfo_string29         @ DW_AT_name
	.long	237                     @ DW_AT_type
	.byte	3                       @ DW_AT_decl_file
	.byte	59                      @ DW_AT_decl_line
	.byte	0                       @ DW_AT_data_member_location
	.byte	0                       @ End Of Children Mark
	.byte	8                       @ Abbrev [8] 0x160:0x9 DW_TAG_member
	.long	361                     @ DW_AT_type
	.byte	3                       @ DW_AT_decl_file
	.byte	59                      @ DW_AT_decl_line
	.byte	1                       @ DW_AT_alignment
	.byte	3                       @ DW_AT_data_member_location
	.byte	9                       @ Abbrev [9] 0x169:0x21 DW_TAG_structure_type
	.byte	1                       @ DW_AT_byte_size
	.byte	3                       @ DW_AT_decl_file
	.byte	59                      @ DW_AT_decl_line
	.byte	1                       @ DW_AT_alignment
	.byte	8                       @ Abbrev [8] 0x16e:0x9 DW_TAG_member
	.long	375                     @ DW_AT_type
	.byte	3                       @ DW_AT_decl_file
	.byte	59                      @ DW_AT_decl_line
	.byte	1                       @ DW_AT_alignment
	.byte	0                       @ DW_AT_data_member_location
	.byte	9                       @ Abbrev [9] 0x177:0x12 DW_TAG_structure_type
	.byte	1                       @ DW_AT_byte_size
	.byte	3                       @ DW_AT_decl_file
	.byte	59                      @ DW_AT_decl_line
	.byte	1                       @ DW_AT_alignment
	.byte	10                      @ Abbrev [10] 0x17c:0xc DW_TAG_member
	.long	.Linfo_string30         @ DW_AT_name
	.long	237                     @ DW_AT_type
	.byte	3                       @ DW_AT_decl_file
	.byte	59                      @ DW_AT_decl_line
	.byte	0                       @ DW_AT_data_member_location
	.byte	0                       @ End Of Children Mark
	.byte	0                       @ End Of Children Mark
	.byte	0                       @ End Of Children Mark
	.byte	6                       @ Abbrev [6] 0x18b:0xb DW_TAG_typedef
	.long	406                     @ DW_AT_type
	.long	.Linfo_string28         @ DW_AT_name
	.byte	3                       @ DW_AT_decl_file
	.byte	47                      @ DW_AT_decl_line
	.byte	7                       @ Abbrev [7] 0x196:0x31 DW_TAG_structure_type
	.long	.Linfo_string28         @ DW_AT_name
	.byte	2                       @ DW_AT_byte_size
	.byte	3                       @ DW_AT_decl_file
	.byte	47                      @ DW_AT_decl_line
	.byte	8                       @ Abbrev [8] 0x19e:0x9 DW_TAG_member
	.long	423                     @ DW_AT_type
	.byte	3                       @ DW_AT_decl_file
	.byte	47                      @ DW_AT_decl_line
	.byte	1                       @ DW_AT_alignment
	.byte	0                       @ DW_AT_data_member_location
	.byte	9                       @ Abbrev [9] 0x1a7:0x12 DW_TAG_structure_type
	.byte	1                       @ DW_AT_byte_size
	.byte	3                       @ DW_AT_decl_file
	.byte	47                      @ DW_AT_decl_line
	.byte	1                       @ DW_AT_alignment
	.byte	10                      @ Abbrev [10] 0x1ac:0xc DW_TAG_member
	.long	.Linfo_string20         @ DW_AT_name
	.long	237                     @ DW_AT_type
	.byte	3                       @ DW_AT_decl_file
	.byte	47                      @ DW_AT_decl_line
	.byte	0                       @ DW_AT_data_member_location
	.byte	0                       @ End Of Children Mark
	.byte	14                      @ Abbrev [14] 0x1b9:0xd DW_TAG_member
	.long	.Linfo_string26         @ DW_AT_name
	.long	455                     @ DW_AT_type
	.byte	3                       @ DW_AT_decl_file
	.byte	47                      @ DW_AT_decl_line
	.byte	1                       @ DW_AT_alignment
	.byte	1                       @ DW_AT_data_member_location
	.byte	0                       @ End Of Children Mark
	.byte	15                      @ Abbrev [15] 0x1c7:0xc DW_TAG_array_type
	.long	237                     @ DW_AT_type
	.byte	16                      @ Abbrev [16] 0x1cc:0x6 DW_TAG_subrange_type
	.long	467                     @ DW_AT_type
	.byte	1                       @ DW_AT_count
	.byte	0                       @ End Of Children Mark
	.byte	17                      @ Abbrev [17] 0x1d3:0x7 DW_TAG_base_type
	.long	.Linfo_string27         @ DW_AT_name
	.byte	8                       @ DW_AT_byte_size
	.byte	7                       @ DW_AT_encoding
	.byte	0                       @ End Of Children Mark
	.section	.debug_ranges,"",%progbits
	.section	.debug_macinfo,"",%progbits
.Lcu_macro_begin0:
	.byte	0                       @ End Of Macro List Mark
	.section	.debug_pubnames,"",%progbits
	.long	.LpubNames_end0-.LpubNames_begin0 @ Length of Public Names Info
.LpubNames_begin0:
	.short	2                       @ DWARF Version
	.long	.Lcu_begin0             @ Offset of Compilation Unit Info
	.long	475                     @ Compilation Unit Length
	.long	0                       @ End Mark
.LpubNames_end0:
	.section	.debug_pubtypes,"",%progbits
	.long	.LpubTypes_end0-.LpubTypes_begin0 @ Length of Public Types Info
.LpubTypes_begin0:
	.short	2                       @ DWARF Version
	.long	.Lcu_begin0             @ Offset of Compilation Unit Info
	.long	475                     @ Compilation Unit Length
	.long	159                     @ DIE offset
	.asciz	"__class_base_t"        @ External Name
	.long	406                     @ DIE offset
	.asciz	"class_base_t"          @ External Name
	.long	271                     @ DIE offset
	.asciz	"__class_demo_t"        @ External Name
	.long	136                     @ DIE offset
	.asciz	"int"                   @ External Name
	.long	237                     @ DIE offset
	.asciz	"uint8_t"               @ External Name
	.long	248                     @ DIE offset
	.asciz	"unsigned char"         @ External Name
	.long	0                       @ End Mark
.LpubTypes_end0:

	.ident	"Component: ARM Compiler 6.10.1 Tool: armclang [5d143200]"
	.section	".note.GNU-stack","",%progbits
	.ARM_attribute	16, 1	@ Tag_AV_eba
	.section	.debug_line,"",%progbits
.Lline_table_start0:
