	.text
	.syntax unified
	.eabi_attribute	67, "2.09"	@ Tag_conformance
	.cpu	cortex-m7
	.eabi_attribute	6, 13	@ Tag_CPU_arch
	.eabi_attribute	7, 77	@ Tag_CPU_arch_profile
	.eabi_attribute	8, 0	@ Tag_ARM_ISA_use
	.eabi_attribute	9, 2	@ Tag_THUMB_ISA_use
	.eabi_attribute	34, 1	@ Tag_CPU_unaligned_access
	.eabi_attribute	17, 1	@ Tag_ABI_PCS_GOT_use
	.eabi_attribute	20, 2	@ Tag_ABI_FP_denormal
	.eabi_attribute	21, 0	@ Tag_ABI_FP_exceptions
	.eabi_attribute	23, 1	@ Tag_ABI_FP_number_model
	.eabi_attribute	24, 1	@ Tag_ABI_align_needed
	.eabi_attribute	25, 1	@ Tag_ABI_align_preserved
	.eabi_attribute	38, 1	@ Tag_ABI_FP_16bit_format
	.eabi_attribute	18, 4	@ Tag_ABI_PCS_wchar_t
	.eabi_attribute	26, 2	@ Tag_ABI_enum_size
	.eabi_attribute	14, 0	@ Tag_ABI_PCS_R9_use
	.file	"class_simple_demo.c"
	.file	1 "../../../vsf/utilities/." "type.h"
	.type	.Lllvm.embedded.module,%object @ @llvm.embedded.module
	.section	.llvmbc,"a",%progbits
	.p2align	4
.Lllvm.embedded.module:
	.asciz	"BC\300\3365\024\000\000\005\000\000\000b\f0$LY\276\346\356\323>-U\215\020\005\310\024\000\000!\f\000\000\"\006\000\000\013\002!\000\002\000\000\000\023\000\000\000\007\201#\221A\310\004I\006\02029\222\001\204\f%\005\b\031\036\004\213b\200\024E\002B\222\013B\244\0202\0248\b\030K\n2R\210H\220\024 CF\210\245\000\0312B\344H\016\220\221\"\304PAQ\201\214\341\203\345\212\004)F\006Q\030\000\000\213\001\000\000\033v(\370\377\377\377\377\0010\000\t\230\210qx\007y\220\207r\030\007z`\207|h\003yx\207zp\007r(\007rh\003rH\007{H\007r(\2076\230\207x\220\007zh\003s\200\2076h\207p\240\007t\000\314!\034\330a\036\312\001 \310\241\034\334\341\035\344\241\035\302\201\035\332\300\034\340\241\r\332!\034\350\001\035\000x\220\207r\230\207r\220\007{(\2076\230\207t8\007w\000\brH\207y\b\007q`\207rh\003z\b\207t`\2076\030\207p`\007v\230\007\300\034\302\201\035\346\241\034\000\202\035\312a\036\346\241\r\340A\036\312a\034\322a\036\312\241\r\314\001\036\332!\034\310\0010\207p`\207y(\007\200p\207wh\003s\220\207ph\207rh\003xx\207tp\007z(\007yh\203r`\207th\007\300\034\302\201\035\346\241\034\000\302\035\336\241\r\322\301\035\314a\036\332\300\034\340\241\r\332!\034\350\001\035\000z\220\207z(\007\200p\207wh\003u\250\207v\200\2076\240\207p\020\007v(\207y\000\314!\034\330a\036\312\001 \334\341\035\332\300\035\302\301\035\346\241\r\314\001\036\332\240\035\302\201\036\320\001\240\007y\250\207r\000\bwx\2076\230\207t8\007w(\007rh\003}(\007yx\207yh\003s\200\2076h\207p\240\007t\000\350A\036\352\241\034\000\302\035\336\241\r\350A\036\302\001\036\340!\035\334\341\034\332\240\035\302\201\036\320\001\240\007y\250\207r\000\210y\240\207p\030\207uh\003x\220\207w\240\207r\030\007zx\007yh\003q\250\007s0\207r\220\2076\230\207t\320\207r\000\360\000 \350!\034\344\341\034\312\201\036\332`\034\340\241\036\200qx\007y\240\207r\300\2076h\207;\000\bz\b\007y8\207r\240\20760\207r\b\007z\250\007y(\207y\000\326\200\034\346\001\036\330`\r\320\341\036\310!\035\354\201\r\326`\036\336\301\034\350\241\r\314\201\035\336!\034\350\201\r\326\200\036\320\241\036\332A\034\332\240\035\336\201\034\312\201\r\332`\034\344a\034\330\240\r\306A\036\362\001\036\350\341\035\330\240\r\310!\016\354\200\r\332\200\034\336\201\036\340A\036\336\201\034\330\240\r\314\001\036\332 \034\344\241\035\354\001\017\330\240\r\314\001\036\332\340\035\334\201\035\362\241\r\346\001\036\330\240\r\314\001\036\342\300\016\330\240\r\314\241\036\330\201\035\314\001\036\342\300\016\330\240\r\320\341\036\310!\035\354\241\r\302A\036\332\201\r\332\300\035\312\341\035\334\201\r\332@\036\302a\036\330\240\r\354\301\034\340A\016\330\240\r\354\301\034\340a\016\330\240\r\354\301\034\340\201\016\000\242\036\334a\036\302\301\034\312\241\r\314\001\036\332\240\035\302\201\036\320\0010\207p`\207y(\007\200\250\207y(\2076\230\207w0\007zh\003s`\207w\b\007z\000\350A\036\352\241\034\200\r\204\020\000\313\206\036\032\376\377\377\377\177\000\f@\002&\240\"\306\341\035\344A\036\312a\034\350\201\035\362\241\r\344\341\035\352\301\035\310\241\034\310\241\r\310!\035\354!\035\310\241\034\332`\036\342A\036\350\241\r\314\001\036\332\240\035\302\201\036\320\0010\207p`\207y(\007\200 \207rp\207w\220\207v\b\007vh\003s\200\2076h\207p\240\007t\000\340A\036\312a\036\312A\036\354\241\034\332`\036\322\341\034\334\001 \310!\035\346!\034\304\201\035\312\241\r\350!\034\322\201\035\332`\034\302\201\035\330a\036\000s\b\007v\230\207r\000\bv(\207y\230\2076\200\007y(\207qH\207y(\20760\007xh\207p \007\300\034\302\201\035\346\241\034\000\302\035\336\241\r\314A\036\302\241\035\312\241\r\340\341\035\322\301\035\350\241\034\344\241\r\312\201\035\322\241\035\000s\b\007v\230\207r\000\bwx\2076H\007w0\207yh\003s\200\2076h\207p\240\007t\000\350A\036\352\241\034\000\302\035\336\241\r\324\241\036\332\001\036\332\200\036\302A\034\330\241\034\346\0010\207p`\207y(\007\200p\207wh\003w\b\007w\230\20760\007xh\203v\b\007z@\007\200\036\344\241\036\312\001 \334\341\035\332`\036\322\341\034\334\241\034\310\241\r\364\241\034\344\341\035\346\241\r\314\001\036\332\240\035\302\201\036\320\001\240\007y\250\207r\000\bwx\2076\240\007y\b\007x\200\207tp\207sh\203v\b\007z@\007\200\036\344\241\036\312\001 \346\201\036\302a\034\326\241\r\340A\036\336\201\036\312a\034\350\341\035\344\241\r\304\241\036\314\301\034\312A\036\332`\036\322A\037\312\001\300\003\200\240\207p\220\207s(\007zh\203q\200\207z\000\306\341\035\344\201\036\312\001\037\332\240\035\356\000 \350!\034\344\341\034\312\201\036\332\300\034\312!\034\350\241\036\344\241\034\346\001X\003r\230\007x`\2035@\207{ \207t\260\0076X\203yx\007s\240\20760\007vx\207p\240\0076X\003z@\207zh\007qh\203vx\007r(\0076h\203q\220\207q`\2036\030\007y\310\007x\240\207w`\2036 \2078\260\0036h\003rx\007z\200\007yx\007r`\20360\007xh\203p\220\207v\260\007<`\20360\007xh\203wp\007v\310\2076\230\007x`\20360\007x\210\003;`\20360\207z`\007v0\007x\210\003;`\2036@\207{ \207t\260\2076\b\007yh\0076h\003w(\207wp\0076h\003y\b\207y`\2036\260\007s\200\0079`\2036\260\007s\200\2079`\2036\260\007s\200\007:\000\210zp\207y\b\007s(\20760\007xh\203v\b\007z@\007\300\034\302\201\035\346\241\034\000\242\036\346\241\034\332`\036\336\301\034\350\241\r\314\201\035\336!\034\350\001\240\007y\250\207r\0006\030D\000,@\265\001)\376\377\377\377\177\000$\200\002\352\000\000\000I\030\000\000\003\000\000\000\023\204@\230 \f\304\204\240\000\000\000\211 \000\0004\000\000\0002\"H\t d\205\004\223\"\244\204\004\223\"\343\204\241\220\024\022L\212\214\013\204\244L\020ls\004`0G\200\334\"M\021%L>\3208\r\n\3025\322\024Q\302\344\003\215\323\3705\n\3025\322\024Q\302\344\003\215\323\3704\n\306i\322\024Q\302\344\013\013 I\277\2040\317B\374\001 \021\377\204\004A\250\224\001\030@\247\b\300P:\205j\020\247\361\201\306iPP\256\221\246\210\022&\037h\234\306\267Q\260\256\221\246\210\022&\037h\234\306\277Q\020\256\221\246\210\022&\037h\234\306\307Q\020N\223\246\210\022&_X\000I\372%\204y\026\342\037\b\306\371'4\260\346\350\025\002@\000(\026\001@\232#\000\003\001\205\250\326Z\272\024\346\b@\001\000\000\000\000\023.z@\207zh\007q\260\207;(\207vh\203p\220\207vh\003wx\007w(\2076(\207p\020\207t\330\360\006\345\320\006\355\240\007\345\320\006\360\240\007s \007z0\007r\320\006\351`\007t\240\007v@\007m`\017q \007x\240\007v@\007z\020\007r\200\007m\020\016z\000\007z0\007r\320\006\3560\007r\320\006\263`\007t\240\021\302\344P\016\\\256\227\313\365\252\317\345a8\374E/\267\341\3540\275\374z\277\307_r\271\375~\215\331\341\371\374;O\267\341\354\362\227\\n\277]\343!\022`\035\000\000\004\000\020\000\002\000\000\000\020\f\221\254-\001\000@\000\200\000\020\000\000\000\200`\210\024\007V\004\000@\000\000\001 \000\000\000\000\301\020\351\024\266\t\000\000\001\000\002@\000\000\000\000\202!\2228\200\301\004\000\200\000\000\001 \000\000\000\000\301\020I$\234\013\b\200\001\000\000\000\000\000\000\000\000\211\r\002EG\f\000\000\262@\000\000\000\t\000\000\0002\036\230\020\031\021L\220\214\t&G\306\004C\002EP\006%P\b#\000\244G\000J\240\b\312\000\000\000\000\000\261\030\000\000t\000\000\0003\b\200\034\304\341\034f\024\001=\210C8\204\303\214B\200\007yx\007s\230q\f\346\000\017\355\020\016\364\200\0163\fB\036\302\301\035\316\241\034f0\005=\210C8\204\203\033\314\003=\310C=\214\003=\314x\214tp\007{\b\007yH\207pp\007zp\003vx\207p \207\031\314\021\016\354\220\016\3410\017n0\017\343\360\016\360P\0163\020\304\035\336!\034\330!\035\302a\036f0\211;\274\203;\320C9\264\003<\274\203<\204\003;\314\360\024v`\007{h\0077h\207rh\0077\200\207p\220\207p`\007v(\007v\370\005vx\207w\200\207_\b\207q\030\207r\230\207y\230\201,\356\360\016\356\340\016\365\300\016\3540\003b\310\241\034\344\241\034\314\241\034\344\241\034\334a\034\312!\034\304\201\035\312a\006\326\220C9\310C9\230C9\310C9\270\3038\224C8\210\003;\224\303/\274\203<\374\202;\324\003;\260\303\f\307i\207pX\207rp\203th\007x`\207t\030\207t\240\207\031\316S\017\356\000\017\362P\016\344\220\016\343@\017\341 \016\354P\0163 (\035\334\301\036\302A\036\322!\034\334\201\036\334\340\034\344\341\035\352\001\036f\030Q8\260C:\234\203;\314P$v`\007{h\0077`\207wx\007x\230QL\364\220\017\360P\0163\036j\036\312a\034\350!\035\336\301\035~\001\036\344\241\034\314!\035\360a\006T\205\2038\314\303;\260C=\320C9\374\302<\344C;\210\303;\260\303\214\305\n\207y\230\207w\030\207t\b\007z(\007r\230\201\\\343\020\016\354\300\016\345P\016\3630#\301\322A\036\344\341\027\330\341\035\336\001\036\000\000\000\000y \000\000%\002\000\000b\036H C\210\f\0319\031$\220\221@\306\310\310h\"P\b\0242\236\030\031!G\310\220Q\204\0036H\303\000\000\000\000r\320\013x\360\r\021\363L\225\3051Y5M\212\267<\215\2444\222$\007V\"\007\323\0330\214t4\221q\000O4I\321\006\000\000\000../../usrapp/template/ooc_demo\\class_simple_demo.cC:\\Users\\test\\Desktop\\GitHub\\Thread_and_Pt_test\\Thread_and_Pt_test\\source\\example\\project\\mdkComponent: ARM Compiler 6.10.1 Tool: armclang [5d143200]../../../vsf/utilities/./type.hintVSF_ERR_NOT_READYVSF_ERR_NONEVSF_ERR_UNKNOWNVSF_ERR_NOT_SUPPORTVSF_ERR_NOT_AVAILABLEVSF_ERR_NOT_ACCESSABLEVSF_ERR_NOT_ENOUGH_RESOURCESVSF_ERR_FAILVSF_ERR_INVALID_PARAMETERVSF_ERR_INVALID_RANGEVSF_ERR_INVALID_PTRVSF_ERR_INVALID_KEYVSF_ERR_IOVSF_ERR_REQ_ALREADY_REGISTEREDVSF_ERR_BUGVSF_ERR_OVERRUNDwarf VersionDebug Info Versionwchar_sizestatic_rwdataenumsize_buildattrarmlib_unavailable../../usrapp/template/ooc_demo/class_simple_demo.cclass_simple_base_initvsf_err_t../../usrapp/template/ooc_demo/class_simple_demo.hclass_simple_base_tC:\\Keil_v5\\ARM\\ARMCLANG\\Bin\\..\\include\\stdint.huint_fast8_tunsigned intprivate_param_baseuint8_tunsigned charpublic_param_baseptThischParamomnipotent charSimple C/C++ TBAAclass_simple_demo_tprivate_param_demopublic_param_demouse_as__class_simple_base_t\000\000\000\346\267\001\000\000\000\000\0000\202\000\030#\b\3001\202\000 #\b@2\202\000(#\b\3322\202\2401#\bZ3\202\2409CM\001S\nC\000\000@\240\013\000\000\000\000\020\000\300H\3200\001\344\220\006|\000 \b\000\320\003\000\000\300H\3200\001\344\220\006~\000 \b\000\300\003\000\000\300H\3200\001\344\220\006~\000 \b\000\330\003\000\000\300H\3200\201\0019\244\001\000@\000\000\270\003\000\000\300T\325 \016\035 \016`\260\016@\020\006\000\000\200H\240\007\000\220\017\0000\0224L\0009\354\001)\000\b\002\000(\001\000\0000\0224L\0009\340\001)\000\b\002\000*\001\000\0000\0224\\\0009\324\301(\000\020\000\000/\001\000\0000\0224L\0009\324\001)\000\020\000\000,\001\000\0000\0224Lm@\016t\000\000`\000\000\200I\000\000\000\fT\000\201\000\000\003\025\000!\000\300<\006@\006\005\030\000\3058\003 \030\343\f\000p\2143\000\0012\316\000\f\3118\003p(\343\f@\262\2143\000\0133\316\0004\3158\003\3608\343\f@\364\2143\000\0234\316\000T\3218\003pI\343\f@6\2153\000\0335\316\000t\325\f\020*\244\202*\254\002+\264\202+\274\002,\304\202,\314\002-\324\202-\334\302H\220@\000\246\220\016\300)\200\001\000\000\270\000\000\0000C\220\0133\fq`\311\301\fC\034\\r0\3030\007\030\035\3140\314A6\0073\fs\240\305\301\f\303\034lu0C0\fT\000\234\000\000\0235\200\345\231\202>\000\271\000\000\000\000\000\003\025\300'\000\300D\r`\201\0019\224\001\340\007\000\000\000\0000Q\003<\000\000\000\345\000\006\000\000\000\300@\005\020\006\002\000\314c\000d0\006`\000\034\0235\200%\006\347\260\013\000:\000\000\000\000\300\f\3038\230C:\314D\b\200:\000\0235@\003\220C\032\370A\037 \b\000\000\300D\r\320\000\344\220\006~\300\007\b\202\000\0000\203\300\016\3550Q\0034\0009\244\001\037\354\001\202\000\000\000\314\020\274\303<\006@\006f\200\000\310D\r`\225\3019\370\001\020\017\000\000\000\0000Q\0034d@\016i\260\007\362\200\000\000\000\0003\004\3630Q\0034g@\016i\320\007\362\200\000\000\000\0003\004\3650\\\"\374\001\032\210\003\030\230C\000\000\303%\302\037\244\2018\200A:\b\0000\203p\017\3700]`\314\020\260\301\f\303\032\354\203\035\3140\250\001?\330\301\f\203\032\364\203\035\314P\200A?\330\201?\334\301\f\303?\360\303\035L\324\000V\033\220\203\031\000\244\000\000\000\000\000\0235\300\003\000\000\020\022`\000\000\000\000L\324\000\r@\016u@\n\243\000\001\000\000\000\0235@\003\220\003\036\220B( \b\004\000\300D\r\320\000\344\260\007\244\000\n\b\202\001\0000\3030\022$Q\022\0235@\343\006\344\260\007\240 \017\b\000\000\0000Cp\022\0235@\363\006\344\200\007\241 \017\b\000\000\0000C\220\022\0235@\003\220C\035\214\202(@\000\000\000\300\f\301JL\324\000\r\034\220C\035\210B9@\000\000\000\300D\r\320\000\344P\007\242\340\007\020\000\000\0000\203\320\022.1\303\321\006\375`\007\375\200\007\375\220\0073\f0\301\017y0\203\220\016\"1\023!\0002\001\3348\000\034\307q\034\307q\234K\240\004J\240\004J\370\005J\240\004J\240\204K\270\201\033\200\202\030\210\201\030\210\201\030\210\201\030\210\201\030\210\201\030\210\201\030\210\201\030\210\001l\270\004\347\006n\340\006n\340\006n`\271\001<\270\201=\250\003\035\230\202=\320\201\033\330\203=\240\201=p\240`\017\374\300\361\003G\016\344\200\006\026G\007t@\007\254@\007\366\240\016\366`\017\366@\007\374\300\361\003g\017\034?\330\003\032\220\003\035\240\201\214\004&(\02766\2736\0272\2613\227\261\272Q\202<\310\210\215\315\256\315\245\355\215\254\216\255\314\305\214-\354ln\024C\027v\201\027z\301\027~!\02566\2736\2274\26227\272Q\002p\000\251\030\000\000\023\000\000\000\013\nr(\207w\200\007zXp\230C=\270\3038\260C9\320\303\202\346\034\306\241\r\350A\036\302\301\035\346!\035\350!\035\336\301\035\026(\342P\016\346\360\016\362P\016\351\340\016\363@\017\013\222p0\007z(\007yH\007w\230\007z\000\321\020\000\000\006\000\000\000\007\314<\244\203;\234\003;\224\003=\240\203<\224C8\220\303\001\000\000\000a \000\000&\000\000\000\023\004A<\f\000\000\000\002\000\000\000\023\004\343\231 \000\020\000#\006\007\000\202`p1\376\376\377\377?\354\374\377\377\377\200\363\377\377\377\303\214\001\001\006w\360\007\300\210\301\001\200 \030\\L\277\377\377\377\017:\377\377\377?\340\374\377\377\3770c@\200\001+\374\001pA\200\031\003B\f\276?\000v)\006DA\220\031\003B\f\224?\000\206\r\210@\b\200\031\003B\f\272?\0002\2311 \306\240\370\003  \006\000\000\003\000\000\000[\004\300\017\266\fD\360\017\000\000\000\000\000\000\000a \000\0002\000\000\000\023\004A<\f\000\000\000\030\000\000\000\"G\310\220Q\006\304\007\033\000\000\000class_simple_base_get_param\000\253\252A\034h\002\020\0073\270\t 8\003\000\000@$\320\003\000\310\t\000\330 \244\2039l\"\004\300&\200q\211P\023h \016f`\016\001\000l\bpb\202`<\000\000#\006\007\000\202`p-\367\376\377\377?\344\373\377\377\377p\363\377\377\377\303\214\001a\006\177P\023\300.E` \2061c@\240AT\023\000\005!L\030\000\027\200\2301 \320\200\251\t \203\031\003\002\r\212\232\000\002b\000\000\003\000\000\000[\004\200&\266\fB\360\017\000\000\000\000\000\000\000a \000\000o\000\000\000\023\004A<\f\000\000\000(\000\000\000\"G\310\220Q\n\004\031\000\000\000\000\226\002\000\000class_simple_demo_initparam_base\253\252A\034h\002\020\2075\310\t `\003\000\000@$\320\003\000\350\t\000\220y \201\f!2d\332\r\030j\002\330@\214\203H\244C:l\"\004\000'\200q\211`\023h \016k \022\001\000\214K\004\233H\003qX\203t\020\000`\\\"\330DM\210\303\032\244\303\000\000\033\006\235\330\t\236X'\030?1A\200\236\t\002\000M\020\200\b\000\000\000#\006\007\000\202`p5\364\376\377\377?\344\373\377\377\377\220\363\377\377\377\303\214\001\261\006w`\023\300\210\301\001\200 \030\\\315\274\377\377\377\017\370\376\377\377?\344\374\377\377\3770c@\254\001+\330\0040bp\000 \b\006W#\357\377\377\377\303\275\377\377\377\0179\377\377\377?\314\030\020k \0166\001\234\020`\306\200h\203\317&\200\375\b\"i\222\031\003\242\r\024\233\000\206\r\210@\b\200\031\003\242\r:\233\000F\f\016\000\004\301\340z\354\375\377\377\177\360\371\377\377\377\341\336\377\377\377\207\031\003\002\f\356\340\017nb\304\340\000@\020\f\256\207\336\377\377\377\207\236\377\377\377\037v\376\377\377\177\2301 \300\200\025\376\340&n\b0c@\210\301\367\0077\261\037b,\313\2624\3132c@\210\201\362\00771l@\004B\000\314\030\020b\320\375\301M$3c@\270Aa\023@@\f\000\000\004\000\000\000[\004\240&\266\fE\000\023[\006%\370\007\000\000\000\000\000\000a \000\000/\000\000\000\023\004A<\f\000\000\000\025\000\000\000\"G\310\220Q\006\304\007\033\000\000\000class_simple_demo_get_param\000\253\252A\034h\002\020\2078\230\t \220\003\000\000@$\320\003\000\270\t\000\030\227\b5\201\006\342\020\007\"\021\000\300\206\300&&\b\320\003#\006\007\000\202`p-\371\376\377\377?\354\373\377\377\377p\363\377\377\377\303\214\001\021\007\177P\023\300~D`(\306\214\0011\007QM\000\024\2040a\000\\\000b\306\200\230\003\246&\200\ff\f\2109(j\002\b\210\001\000\000\003\000\000\000[\004\200&\266\fB\000\023\000\000\000\000\000\000\000a \000\0004\000\000\000\023\004A<\f\000\000\000\031\000\000\000\"G\310\220Q\006\004\031\000\000\000\000`\000\000\000class_simple_demo_get_base_param\253\252A\034h\002\020\007;\230\t \270\003\000\000@$\320\003\000\270\t\000\030\227\b5\201\006\342`\007\"\021\000\300\206\300&6\f\374\300\017v0A\200\036\000\000#\006\007\000\202`p-\370\376\377\377?\354\373\377\377\377p\363\377\377\377\303\214\001a\007\244P\023\300~H`\030\206\201\030\306\214\001\201\007QM\000\024\2040a\000\\\000b\306\200\300\003\246&\200\ff\f\b<(j\002\b\210\001\000\000\000\003\000\000\000[\004\200&\266\fBp\023\000\000\000\000\000\000\000q \000\000\006\000\000\0002\016\020\"\204\000\357\t\030p\251\200\002\313\n8\300\273\200\004\355\013\000\000\000\000\000\000e\f\000\000;\000\000\000\022\003\224\340\001\000\000\000\001\000\000\000\220\000\000\000\b\000\000\000D\000\000\000\001\000\000\000P\000\000\000\000\000\000\000P\000\000\000\006\000\000\000\340\000\000\000\000\000\000\000\230\000\000\000\027\000\000\000\257\000\000\0002\000\000\000\341\000\000\000\000\000\000\000\000\000\000\000\006\000\000\000\000\000\000\000\000\000\000\000\026\000\000\000\000\000\000\000\026\000\000\000\377\377\377\377\001$\000\000\026\000\000\000\033\000\000\000\026\000\000\000\033\000\000\000\377\377\377\377\001$\000\0001\000\000\000\026\000\000\0001\000\000\000\026\000\000\000\377\377\377\377\001$\000\000G\000\000\000\033\000\000\000G\000\000\000\033\000\000\000\377\377\377\377\001$\000\000b\000\000\000 \000\000\000b\000\000\000 \000\000\000\377\377\377\377\001$\000\000\202\000\000\000\016\000\000\000\202\000\000\000\016\000\000\000\377\377\377\377\b,\000\000\000\000\000\000]\f\000\000<\000\000\000\022\003\224\341\001\000\000\000class_simple_base_initclass_simple_base_get_paramclass_simple_demo_initclass_simple_demo_get_paramclass_simple_demo_get_base_paramllvm.dbg.value7.0.0svnthumbv7em-arm-none-eabi../../usrapp/template/ooc_demo/class_simple_demo.c\000\000\000\000\000\000"
	.size	.Lllvm.embedded.module, 6812

	.section	.debug_str,"MS",%progbits,1
.Linfo_string0:
	.asciz	"Component: ARM Compiler 6.10.1 Tool: armclang [5d143200]" @ string offset=0
.Linfo_string1:
	.asciz	"../../usrapp/template/ooc_demo\\class_simple_demo.c" @ string offset=57
.Linfo_string2:
	.asciz	"C:\\Users\\test\\Desktop\\GitHub\\Thread_and_Pt_test\\Thread_and_Pt_test\\source\\example\\project\\mdk" @ string offset=108
.Linfo_string3:
	.asciz	"int"                   @ string offset=202
.Linfo_string4:
	.asciz	"VSF_ERR_NOT_READY"     @ string offset=206
.Linfo_string5:
	.asciz	"VSF_ERR_NONE"          @ string offset=224
.Linfo_string6:
	.asciz	"VSF_ERR_UNKNOWN"       @ string offset=237
.Linfo_string7:
	.asciz	"VSF_ERR_NOT_SUPPORT"   @ string offset=253
.Linfo_string8:
	.asciz	"VSF_ERR_NOT_AVAILABLE" @ string offset=273
.Linfo_string9:
	.asciz	"VSF_ERR_NOT_ACCESSABLE" @ string offset=295
.Linfo_string10:
	.asciz	"VSF_ERR_NOT_ENOUGH_RESOURCES" @ string offset=318
.Linfo_string11:
	.asciz	"VSF_ERR_FAIL"          @ string offset=347
.Linfo_string12:
	.asciz	"VSF_ERR_INVALID_PARAMETER" @ string offset=360
.Linfo_string13:
	.asciz	"VSF_ERR_INVALID_RANGE" @ string offset=386
.Linfo_string14:
	.asciz	"VSF_ERR_INVALID_PTR"   @ string offset=408
.Linfo_string15:
	.asciz	"VSF_ERR_INVALID_KEY"   @ string offset=428
.Linfo_string16:
	.asciz	"VSF_ERR_IO"            @ string offset=448
.Linfo_string17:
	.asciz	"VSF_ERR_REQ_ALREADY_REGISTERED" @ string offset=459
.Linfo_string18:
	.asciz	"VSF_ERR_BUG"           @ string offset=490
.Linfo_string19:
	.asciz	"VSF_ERR_OVERRUN"       @ string offset=502
	.section	.debug_abbrev,"",%progbits
	.byte	1                       @ Abbreviation Code
	.byte	17                      @ DW_TAG_compile_unit
	.byte	1                       @ DW_CHILDREN_yes
	.byte	37                      @ DW_AT_producer
	.byte	14                      @ DW_FORM_strp
	.byte	19                      @ DW_AT_language
	.byte	5                       @ DW_FORM_data2
	.byte	3                       @ DW_AT_name
	.byte	14                      @ DW_FORM_strp
	.byte	16                      @ DW_AT_stmt_list
	.byte	6                       @ DW_FORM_data4
	.byte	27                      @ DW_AT_comp_dir
	.byte	14                      @ DW_FORM_strp
	.ascii	"\264B"                 @ DW_AT_GNU_pubnames
	.byte	12                      @ DW_FORM_flag
	.byte	0                       @ EOM(1)
	.byte	0                       @ EOM(2)
	.byte	2                       @ Abbreviation Code
	.byte	4                       @ DW_TAG_enumeration_type
	.byte	1                       @ DW_CHILDREN_yes
	.byte	73                      @ DW_AT_type
	.byte	19                      @ DW_FORM_ref4
	.byte	11                      @ DW_AT_byte_size
	.byte	11                      @ DW_FORM_data1
	.byte	58                      @ DW_AT_decl_file
	.byte	11                      @ DW_FORM_data1
	.byte	59                      @ DW_AT_decl_line
	.byte	11                      @ DW_FORM_data1
	.byte	0                       @ EOM(1)
	.byte	0                       @ EOM(2)
	.byte	3                       @ Abbreviation Code
	.byte	40                      @ DW_TAG_enumerator
	.byte	0                       @ DW_CHILDREN_no
	.byte	3                       @ DW_AT_name
	.byte	14                      @ DW_FORM_strp
	.byte	28                      @ DW_AT_const_value
	.byte	13                      @ DW_FORM_sdata
	.byte	0                       @ EOM(1)
	.byte	0                       @ EOM(2)
	.byte	4                       @ Abbreviation Code
	.byte	36                      @ DW_TAG_base_type
	.byte	0                       @ DW_CHILDREN_no
	.byte	3                       @ DW_AT_name
	.byte	14                      @ DW_FORM_strp
	.byte	62                      @ DW_AT_encoding
	.byte	11                      @ DW_FORM_data1
	.byte	11                      @ DW_AT_byte_size
	.byte	11                      @ DW_FORM_data1
	.byte	0                       @ EOM(1)
	.byte	0                       @ EOM(2)
	.byte	0                       @ EOM(3)
	.section	.debug_info,"",%progbits
.Lcu_begin0:
	.long	140                     @ Length of Unit
	.short	3                       @ DWARF version number
	.long	.debug_abbrev           @ Offset Into Abbrev. Section
	.byte	4                       @ Address Size (in bytes)
	.byte	1                       @ Abbrev [1] 0xb:0x85 DW_TAG_compile_unit
	.long	.Linfo_string0          @ DW_AT_producer
	.short	12                      @ DW_AT_language
	.long	.Linfo_string1          @ DW_AT_name
	.long	.Lline_table_start0     @ DW_AT_stmt_list
	.long	.Linfo_string2          @ DW_AT_comp_dir
	.byte	1                       @ DW_AT_GNU_pubnames
	.byte	2                       @ Abbrev [2] 0x1f:0x69 DW_TAG_enumeration_type
	.long	136                     @ DW_AT_type
	.byte	4                       @ DW_AT_byte_size
	.byte	1                       @ DW_AT_decl_file
	.byte	105                     @ DW_AT_decl_line
	.byte	3                       @ Abbrev [3] 0x27:0x6 DW_TAG_enumerator
	.long	.Linfo_string4          @ DW_AT_name
	.byte	1                       @ DW_AT_const_value
	.byte	3                       @ Abbrev [3] 0x2d:0x6 DW_TAG_enumerator
	.long	.Linfo_string5          @ DW_AT_name
	.byte	0                       @ DW_AT_const_value
	.byte	3                       @ Abbrev [3] 0x33:0x6 DW_TAG_enumerator
	.long	.Linfo_string6          @ DW_AT_name
	.byte	127                     @ DW_AT_const_value
	.byte	3                       @ Abbrev [3] 0x39:0x6 DW_TAG_enumerator
	.long	.Linfo_string7          @ DW_AT_name
	.byte	126                     @ DW_AT_const_value
	.byte	3                       @ Abbrev [3] 0x3f:0x6 DW_TAG_enumerator
	.long	.Linfo_string8          @ DW_AT_name
	.byte	124                     @ DW_AT_const_value
	.byte	3                       @ Abbrev [3] 0x45:0x6 DW_TAG_enumerator
	.long	.Linfo_string9          @ DW_AT_name
	.byte	123                     @ DW_AT_const_value
	.byte	3                       @ Abbrev [3] 0x4b:0x6 DW_TAG_enumerator
	.long	.Linfo_string10         @ DW_AT_name
	.byte	122                     @ DW_AT_const_value
	.byte	3                       @ Abbrev [3] 0x51:0x6 DW_TAG_enumerator
	.long	.Linfo_string11         @ DW_AT_name
	.byte	121                     @ DW_AT_const_value
	.byte	3                       @ Abbrev [3] 0x57:0x6 DW_TAG_enumerator
	.long	.Linfo_string12         @ DW_AT_name
	.byte	120                     @ DW_AT_const_value
	.byte	3                       @ Abbrev [3] 0x5d:0x6 DW_TAG_enumerator
	.long	.Linfo_string13         @ DW_AT_name
	.byte	119                     @ DW_AT_const_value
	.byte	3                       @ Abbrev [3] 0x63:0x6 DW_TAG_enumerator
	.long	.Linfo_string14         @ DW_AT_name
	.byte	118                     @ DW_AT_const_value
	.byte	3                       @ Abbrev [3] 0x69:0x6 DW_TAG_enumerator
	.long	.Linfo_string15         @ DW_AT_name
	.byte	117                     @ DW_AT_const_value
	.byte	3                       @ Abbrev [3] 0x6f:0x6 DW_TAG_enumerator
	.long	.Linfo_string16         @ DW_AT_name
	.byte	116                     @ DW_AT_const_value
	.byte	3                       @ Abbrev [3] 0x75:0x6 DW_TAG_enumerator
	.long	.Linfo_string17         @ DW_AT_name
	.byte	115                     @ DW_AT_const_value
	.byte	3                       @ Abbrev [3] 0x7b:0x6 DW_TAG_enumerator
	.long	.Linfo_string18         @ DW_AT_name
	.byte	114                     @ DW_AT_const_value
	.byte	3                       @ Abbrev [3] 0x81:0x6 DW_TAG_enumerator
	.long	.Linfo_string19         @ DW_AT_name
	.byte	113                     @ DW_AT_const_value
	.byte	0                       @ End Of Children Mark
	.byte	4                       @ Abbrev [4] 0x88:0x7 DW_TAG_base_type
	.long	.Linfo_string3          @ DW_AT_name
	.byte	5                       @ DW_AT_encoding
	.byte	4                       @ DW_AT_byte_size
	.byte	0                       @ End Of Children Mark
	.section	.debug_ranges,"",%progbits
	.section	.debug_macinfo,"",%progbits
.Lcu_macro_begin0:
	.byte	0                       @ End Of Macro List Mark
	.section	.debug_pubnames,"",%progbits
	.long	.LpubNames_end0-.LpubNames_begin0 @ Length of Public Names Info
.LpubNames_begin0:
	.short	2                       @ DWARF Version
	.long	.Lcu_begin0             @ Offset of Compilation Unit Info
	.long	144                     @ Compilation Unit Length
	.long	0                       @ End Mark
.LpubNames_end0:
	.section	.debug_pubtypes,"",%progbits
	.long	.LpubTypes_end0-.LpubTypes_begin0 @ Length of Public Types Info
.LpubTypes_begin0:
	.short	2                       @ DWARF Version
	.long	.Lcu_begin0             @ Offset of Compilation Unit Info
	.long	144                     @ Compilation Unit Length
	.long	136                     @ DIE offset
	.asciz	"int"                   @ External Name
	.long	0                       @ End Mark
.LpubTypes_end0:

	.ident	"Component: ARM Compiler 6.10.1 Tool: armclang [5d143200]"
	.section	".note.GNU-stack","",%progbits
	.ARM_attribute	16, 1	@ Tag_AV_eba
	.section	.debug_line,"",%progbits
.Lline_table_start0:
