	.text
	.syntax unified
	.eabi_attribute	67, "2.09"	@ Tag_conformance
	.cpu	cortex-m7
	.eabi_attribute	6, 13	@ Tag_CPU_arch
	.eabi_attribute	7, 77	@ Tag_CPU_arch_profile
	.eabi_attribute	8, 0	@ Tag_ARM_ISA_use
	.eabi_attribute	9, 2	@ Tag_THUMB_ISA_use
	.eabi_attribute	34, 1	@ Tag_CPU_unaligned_access
	.eabi_attribute	17, 1	@ Tag_ABI_PCS_GOT_use
	.eabi_attribute	20, 2	@ Tag_ABI_FP_denormal
	.eabi_attribute	21, 0	@ Tag_ABI_FP_exceptions
	.eabi_attribute	23, 1	@ Tag_ABI_FP_number_model
	.eabi_attribute	24, 1	@ Tag_ABI_align_needed
	.eabi_attribute	25, 1	@ Tag_ABI_align_preserved
	.eabi_attribute	38, 1	@ Tag_ABI_FP_16bit_format
	.eabi_attribute	18, 4	@ Tag_ABI_PCS_wchar_t
	.eabi_attribute	26, 2	@ Tag_ABI_enum_size
	.eabi_attribute	14, 0	@ Tag_ABI_PCS_R9_use
	.file	"driver.c"
	.type	.Lllvm.embedded.module,%object @ @llvm.embedded.module
	.section	.llvmbc,"a",%progbits
	.p2align	4
.Lllvm.embedded.module:
	.asciz	"BC\300\3365\024\000\000\005\000\000\000b\f0$LY\276\346\356\323>-U\215\020\005\310\024\000\000!\f\000\000f\002\000\000\013\002!\000\002\000\000\000\023\000\000\000\007\201#\221A\310\004I\006\02029\222\001\204\f%\005\b\031\036\004\213b\200\fE\002B\222\013Bd\0202\0248\b\030K\n22\210H\220\024 CF\210\245\000\0312B\344H\016\220\221!\304PAQ\201\214\341\203\345\212\004\031F\006Q\030\000\000\305\000\000\000\033~(\370\377\377\377\377\0010\0008\000$`\002(b\034\336A\036\344\241\034\306\201\036\330!\037\332@\036\336\241\036\334\201\034\312\201\034\332\200\034\322\301\036\322\201\034\312\241\r\346!\036\344\201\036\332\300\034\340\241\r\332!\034\350\001\035\000s\b\007v\230\207r\000\br(\007wx\007yh\207p`\20760\007xh\203v\b\007z@\007\000\036\344\241\034\346\241\034\344\301\036\312\241\r\346!\035\316\301\035\000\202\034\322a\036\302A\034\330\241\034\332\200\036\302!\035\330\241\r\306!\034\330\201\035\346\0010\207p`\207y(\007\200`\207r\230\207yh\003x\220\207r\030\207t\230\207rh\003s\200\207v\b\007r\000\314!\034\330a\036\312\001 \334\341\035\332\300\034\344!\034\332\241\034\332\000\036\336!\035\334\201\036\312A\036\332\240\034\330!\035\332\0010\207p`\207y(\007\200p\207wh\203tp\007s\230\20760\007xh\203v\b\007z@\007\200\036\344\241\036\312\001 \334\341\035\332@\035\352\241\035\340\241\r\350!\034\304\201\035\312a\036\000s\b\007v\230\207r\000\bwx\2076p\207pp\207yh\003s\200\2076h\207p\240\007t\000\350A\036\352\241\034\000\302\035\336\241\r\346!\035\316\301\035\312\201\034\332@\037\312A\036\336a\036\332\300\034\340\241\r\332!\034\350\001\035\000z\220\207z(\007\200p\207wh\003z\220\207p\200\007xH\007w8\2076h\207p\240\007t\000\350A\036\352\241\034\000b\036\350!\034\306a\035\332\000\036\344\341\035\350\241\034\306\201\036\336A\036\332@\034\352\301\034\314\241\034\344\241\r\346!\035\364\241\034\000<\000\bz\b\007y8\207r\240\2076\030\007x\250\007`\034\336A\036\350\241\034\360\241\r\332\341\016\000\202\036\302A\036\316\241\034\350\241\r\314\241\034\302\201\036\352A\036\312a\036\2005 \207y\200\0076X\003t\270\007rH\007{`\2035\230\207w0\007zh\003s`\207w\b\007z`\2035\240\007t\250\207v\020\2076h\207w \207r`\2036\030\007y\030\0076h\203q\220\207|\200\007zx\0076h\003r\210\003;`\2036 \207w\240\007x\220\207w \0076h\003s\200\2076\b\007yh\007{\300\0036h\003s\200\2076x\007w`\207|h\203y\200\0076h\003s\200\2078\260\0036h\003s\250\007v`\007s\200\2078\260\0036h\003t\270\007rH\007{h\203p\220\207v`\2036p\207rx\007w`\2036\220\207p\230\0076h\003{0\007x\220\0036h\003{0\007x\230\0036h\003{0\007x\240\003\200\250\007w\230\207p0\207rh\003s\200\2076h\207p\240\007t\000\314!\034\330a\036\312\001 \352a\036\312\241\r\346\341\035\314\201\036\332\300\034\330\341\035\302\201\036\000z\220\207z(\007`\003!\000\200\030\000\000\000I\030\000\000\001\000\000\000\023\204@\000\211 \000\000\013\000\000\0002\"\310\b d\205\004\223!\244\204\004\223!\343\204\241\220\024\022L\206\214\013\204dL\020\030s\004A\t@\031\b\230#\000\203\021\000\000\023.z@\207zh\007q\260\207;(\207vh\203p\220\207vh\003wx\007w(\2076(\207p\020\207t\330\360\006\345\320\006\355\240\007\345\320\006\360\240\007s \007z0\007r\320\006\351`\007t\240\007v@\007m`\017q \007x\240\007v@\007z\020\007r\200\007m\020\016z\000\007z0\007r\320\006\3560\007r\320\006\263`\007t\240\021\302\344p\016\\\256\227\313\365r\271^\366\271\371\205\016\263_dy\332^\226\277\302\362\366\253\r\237\313^\303\346\224\270\374\016\233\267\027Y\236\266\227\345\256\361\020\tx\002\000\000\002\000\b\000\001\000\000\000\b$6\b\024U\023\000\000\310\002\001\000\000\007\000\000\0002\036\230\f\031\021L\220\214\t&G\306\004Cb\021\224A\t\024\302\b\000\000\000\000\000\261\030\000\000w\000\000\0003\b\200\034\304\341\034f\024\001=\210C8\204\303\214B\200\007yx\007s\230q\f\346\000\017\355\020\016\364\200\0163\fB\036\302\301\035\316\241\034f0\005=\210C8\204\203\033\314\003=\310C=\214\003=\314x\214tp\007{\b\007yH\207pp\007zp\003vx\207p \207\031\314\021\016\354\220\016\3410\017n0\017\343\360\016\360P\0163\020\304\035\336!\034\330!\035\302a\036f0\211;\274\203;\320C9\264\003<\274\203<\204\003;\314\360\024v`\007{h\0077h\207rh\0077\200\207p\220\207p`\007v(\007v\370\005vx\207w\200\207_\b\207q\030\207r\230\207y\230\201,\356\360\016\356\340\016\365\300\016\3540\003b\310\241\034\344\241\034\314\241\034\344\241\034\334a\034\312!\034\304\201\035\312a\006\326\220C9\310C9\230C9\310C9\270\3038\224C8\210\003;\224\303/\274\203<\374\202;\324\003;\260\303\f\307i\207pX\207rp\203th\007x`\207t\030\207t\240\207\031\316S\017\356\000\017\362P\016\344\220\016\343@\017\341 \016\354P\0163 (\035\334\301\036\302A\036\322!\034\334\201\036\334\340\034\344\341\035\352\001\036f\030Q8\260C:\234\203;\314P$v`\007{h\0077`\207wx\007x\230QL\364\220\017\360P\0163\036j\036\312a\034\350!\035\336\301\035~\001\036\344\241\034\314!\035\360a\006T\205\2038\314\303;\260C=\320C9\374\302<\344C;\210\303;\260\303\214\305\n\207y\230\207w\030\207t\b\007z(\007r\230\201\\\343\020\016\354\300\016\345P\016\3630#\301\322A\036\344\341\027\330\341\035\336\001\036f\034\331<\310\3038\260\303;\214\003\000\000\000\000y \000\000u\000\000\000b\036H C\210\f\0319\031$\220\221@\306\310\310h\"P\b\0242\236\030\031!G\310\220QL\0307\001\000s\320\013x\320HJ#I\000\000\000../../../vsf/hal/driver/arm/mps2/CMSDK_CM7\\driver.cC:\\Users\\test\\Desktop\\GitHub\\Thread_and_Pt_test\\Thread_and_Pt_test\\source\\example\\project\\mdkComponent: ARM Compiler 6.10.1 Tool: armclang [5d143200]Dwarf VersionDebug Info Versionwchar_sizestatic_rwdataenumsize_buildattrarmlib_unavailable\000\000#\bD0\202@\b#\b\3040\202@\020#\bD1\324\0240\320\020\000\000\020D\000\000\000\000\020\000\300@\005\020\b\0000\0030\303\240\020\313\f\203R,3\f\214\321\31400\0073\303\300 \312\f\003\22383\004\203\214\004&(\02766\2736\0272\2613\227\261\272Q\002'#66\2736\227\2667\262:\2662\0273\266\260\263\271Q\214H\232\250\312J\205\215\315\256\315%\215\254\314\215n\224\340\002\251\030\000\000\023\000\000\000\013\nr(\207w\200\007zXp\230C=\270\3038\260C9\320\303\202\346\034\306\241\r\350A\036\302\301\035\346!\035\350!\035\336\301\035\026(\342P\016\346\360\016\362P\016\351\340\016\363@\017\013\222p0\007z(\007yH\007w\230\007z\000\321\020\000\000\006\000\000\000\007\314<\244\203;\234\003;\224\003=\240\203<\224C8\220\303\001\000\000\000a \000\000-\000\000\000\023\004A,\020\000\000\000\001\000\000\000\204\032\000\000\3610\000\000!\000\000\000\"G\310\220Q\016\304*\000\000\000\000s\360\024\000../../../vsf/hal/driver/arm/mps2/CMSDK_CM7/driver.cvsf_driver_init_Bool\000\253\252\241\323\200n\f\300\000\b\310\000\000\000\020\t\036\000\210\000`P\001d\002\000\3541\0002\330\020@\330\020x\233\b\001\370\000\000\000\000\031\314\030\020fPp@@\f\000\000\001\000\000\000[\004`\003\000\000\000\000q \000\000\003\000\000\0002\016\020\"\204\000\273\004\000\000\000\000\000\000\000\000e\f\000\000\035\000\000\000\022\003\224\350\000\000\000\000\001\000\000\000\017\000\000\000\b\000\000\000D\000\000\000\001\000\000\000P\000\000\000\000\000\000\000P\000\000\000\001\000\000\000h\000\000\000\000\000\000\000\027\000\000\000\027\000\000\000.\000\000\0003\000\000\000a\000\000\000\000\000\000\000\000\000\000\000\001\000\000\000\000\000\000\000\000\000\000\000\017\000\000\000\000\000\000\000\017\000\000\000\377\377\377\377\001$\000\000\000\000\000\000]\f\000\000\034\000\000\000\022\003\224\341\000\000\000\000vsf_driver_init7.0.0svnthumbv7em-arm-none-eabi../../../vsf/hal/driver/arm/mps2/CMSDK_CM7/driver.c\000\000\000\000\000\000"
	.size	.Lllvm.embedded.module, 2740


	.ident	"Component: ARM Compiler 6.10.1 Tool: armclang [5d143200]"
	.section	".note.GNU-stack","",%progbits
	.ARM_attribute	16, 1	@ Tag_AV_eba
