	.text
	.syntax unified
	.eabi_attribute	67, "2.09"	@ Tag_conformance
	.cpu	cortex-m7
	.eabi_attribute	6, 13	@ Tag_CPU_arch
	.eabi_attribute	7, 77	@ Tag_CPU_arch_profile
	.eabi_attribute	8, 0	@ Tag_ARM_ISA_use
	.eabi_attribute	9, 2	@ Tag_THUMB_ISA_use
	.eabi_attribute	34, 1	@ Tag_CPU_unaligned_access
	.eabi_attribute	17, 1	@ Tag_ABI_PCS_GOT_use
	.eabi_attribute	20, 2	@ Tag_ABI_FP_denormal
	.eabi_attribute	21, 0	@ Tag_ABI_FP_exceptions
	.eabi_attribute	23, 1	@ Tag_ABI_FP_number_model
	.eabi_attribute	24, 1	@ Tag_ABI_align_needed
	.eabi_attribute	25, 1	@ Tag_ABI_align_preserved
	.eabi_attribute	38, 1	@ Tag_ABI_FP_16bit_format
	.eabi_attribute	18, 4	@ Tag_ABI_PCS_wchar_t
	.eabi_attribute	26, 2	@ Tag_ABI_enum_size
	.eabi_attribute	14, 0	@ Tag_ABI_PCS_R9_use
	.file	"startup_ARMCM7.c"
	.file	1 "../../../vsf/hal/driver/arm/mps2/CMSDK_CM7" "startup_ARMCM7.c"
	.file	2 "C:\\Keil_v5\\ARM\\ARMCLANG\\Bin\\..\\include" "stdint.h"
	.file	3 "../../../vsf/utilities/compiler/arm/CMSIS/Core/Include" "core_CM7.h"
	.type	.Lllvm.embedded.module,%object @ @llvm.embedded.module
	.section	.llvmbc,"a",%progbits
	.p2align	4
.Lllvm.embedded.module:
	.asciz	"BC\300\3365\024\000\000\005\000\000\000b\f0$LY\276\346\356\323>-U\215\020\005\310\024\000\000!\f\000\000\202\b\000\000\013\002!\000\002\000\000\000\023\000\000\000\007\201#\221A\310\004I\006\02029\222\001\204\f%\005\b\031\036\004\213b\200\020E\002B\222\013B\204\0202\0248\b\030K\n2B\210H\220\024 CF\210\245\000\0312B\344H\016\220\021\"\304PAQ\201\214\341\203\345\212\004!F\006Q\030\000\000\t\003\000\000\033\302(\370\377\377\377\377\0010\0008\000\"@\002&\200\"\306\341\035\344A\036\312a\034\350\201\035\362\241\r\344\341\035\352\301\035\310\241\034\310\241\r\310!\035\354!\035\310\241\034\332`\036\342A\036\350\241\r\314\001\036\332\240\035\302\201\036\320\0010\207p`\207y(\007\200 \207rp\207w\220\207v\b\007vh\003s\200\2076h\207p\240\007t\000\340A\036\312a\036\312A\036\354\241\034\332`\036\322\341\034\334\001 \310!\035\346!\034\304\201\035\312\241\r\350!\034\322\201\035\332`\034\302\201\035\330a\036\000s\b\007v\230\207r\000\bv(\207y\230\2076\200\007y(\207qH\207y(\20760\007xh\207p \007\300\034\302\201\035\346\241\034\000\302\035\336\241\r\314A\036\302\241\035\312\241\r\340\341\035\322\301\035\350\241\034\344\241\r\312\201\035\322\241\035\000s\b\007v\230\207r\000\bwx\2076H\007w0\207yh\003s\200\2076h\207p\240\007t\000\350A\036\352\241\034\000\302\035\336\241\r\324\241\036\332\001\036\332\200\036\302A\034\330\241\034\346\0010\207p`\207y(\007\200p\207wh\003w\b\007w\230\20760\007xh\203v\b\007z@\007\200\036\344\241\036\312\001 \334\341\035\332`\036\322\341\034\334\241\034\310\241\r\364\241\034\344\341\035\346\241\r\314\001\036\332\240\035\302\201\036\320\001\240\007y\250\207r\000\bwx\2076\240\007y\b\007x\200\207tp\207sh\203v\b\007z@\007\200\036\344\241\036\312\001 \346\201\036\302a\034\326\241\r\340A\036\336\201\036\312a\034\350\341\035\344\241\r\304\241\036\314\301\034\312A\036\332`\036\322A\037\312\001\300\003\200\240\207p\220\207s(\007zh\203q\200\207z\000\306\341\035\344\201\036\312\001\037\332\240\035\356\000 \350!\034\344\341\034\312\201\036\332\300\034\312!\034\350\241\036\344\241\034\346\001X\003r\230\007x`\2035@\207{ \207t\260\0076X\203yx\007s\240\20760\007vx\207p\240\0076X\003z@\207zh\007qh\203vx\007r(\0076h\203q\220\207q`\2036\030\007y\310\007x\240\207w`\2036 \2078\260\0036h\003rx\007z\200\007yx\007r`\20360\007xh\203p\220\207v\260\007<`\20360\007xh\203wp\007v\310\2076\230\007x`\20360\007x\210\003;`\20360\207z`\007v0\007x\210\003;`\2036@\207{ \207t\260\2076\b\007yh\0076h\003w(\207wp\0076h\003y\b\207y`\2036\260\007s\200\0079`\2036\260\007s\200\2079`\2036\260\007s\200\007:\000\210zp\207y\b\007s(\20760\007xh\203v\b\007z@\007\300\034\302\201\035\346\241\034\000\242\036\346\241\034\332`\036\336\301\034\350\241\r\314\201\035\336!\034\350\001\240\007y\250\207r\0006\364\220\360\377\377\377\377\003`\000\021 \001\0231\016\357 \017\362P\016\343@\017\354\220\017m \017\357P\017\356@\016\345@\016m@\016\351`\017\351@\016\345\320\006\363\020\017\362@\017m`\016\360\320\006\355\020\016\364\200\016\2009\204\003;\314C9\000\0049\224\203;\274\203<\264C8\260C\033\230\003<\264A;\204\003=\240\003\000\017\362P\016\363P\016\362`\017\345\320\006\363\220\016\347\340\016\000A\016\3510\017\341 \016\354P\016m@\017\341\220\016\354\320\006\343\020\016\354\300\016\363\000\230C8\260\303<\224\003@\260C9\314\303<\264\001<\310C9\214C:\314C9\264\2019\300C;\204\0039\000\346\020\016\3540\017\345\000\020\356\360\016m`\016\362\020\016\355P\016m\000\017\357\220\016\356@\017\345 \017mP\016\354\220\016\355\000\230C8\260\303<\224\003@\270\303;\264A:\270\2039\314C\033\230\003<\264A;\204\003=\240\003@\017\362P\017\345\000\020\356\360\016m\240\016\365\320\016\360\320\006\364\020\016\342\300\016\3450\017\2009\204\003;\314C9\000\204;\274C\033\270C8\270\303<\264\2019\300C\033\264C8\320\003:\000\364 \017\365P\016\000\341\016\357\320\006\363\220\016\347\340\016\345@\016m\240\017\345 \017\3570\017m`\016\360\320\006\355\020\016\364\200\016\000=\310C=\224\003@\270\303;\264\001=\310C8\300\003<\244\203;\234C\033\264C8\320\003:\000\364 \017\365P\016\0001\017\364\020\016\343\260\016m\000\017\362\360\016\364P\016\343@\017\357 \017m \016\365`\016\346P\016\362\320\006\363\220\016\372P\016\000\036\000\004=\204\203<\234C9\320C\033\214\003<\324\0030\016\357 \017\364P\016\370\320\006\355p\007\000A\017\341 \017\347P\016\364\320\006\346P\016\341@\017\365 \017\3450\017\300\032\220\303<\300\003\033\254\001:\334\0039\244\203=\260\301\032\314\303;\230\003=\264\2019\260\303;\204\003=\260\301\032\320\003:\324C;\210C\033\264\303;\220C9\260A\033\214\203<\214\003\033\264\3018\310C>\300\003=\274\003\033\264\0019\304\201\035\260A\033\220\303;\320\003<\310\303;\220\003\033\264\2019\300C\033\204\203<\264\203=\340\001\033\264\2019\300C\033\274\203;\260C>\264\301<\300\003\033\264\2019\300C\034\330\001\033\264\2019\324\003;\260\2039\300C\034\330\001\033\264\001:\334\0039\244\203=\264A8\310C;\260A\033\270C9\274\203;\260A\033\310C8\314\003\033\264\201=\230\003<\310\001\033\264\201=\230\003<\314\001\033\264\201=\230\003<\320\001@\324\203;\314C8\230C9\264\2019\300C\033\264C8\320\003:\000\346\020\016\3540\017\345\000\020\3650\017\345\320\006\363\360\016\346@\017m`\016\354\360\016\341@\017\000=\310C=\224\003\260\241\207\206\377\377\377\377\037\000\003\200\003@\002&b\034\336A\036\344\241\034\306\201\036\330!\037\332@\036\336\241\036\334\201\034\312\201\034\332\200\034\322\301\036\322\201\034\312\241\r\346!\036\344\201\036\332\300\034\340\241\r\332!\034\350\001\035\000s\b\007v\230\207r\000\br(\007wx\007yh\207p`\20760\007xh\203v\b\007z@\007\000\036\344\241\034\346\241\034\344\301\036\312\241\r\346!\035\316\301\035\000\202\034\322a\036\302A\034\330\241\034\332\200\036\302!\035\330\241\r\306!\034\330\201\035\346\0010\207p`\207y(\007\200`\207r\230\207yh\003x\220\207r\030\207t\230\207rh\003s\200\207v\b\007r\000\314!\034\330a\036\312\001 \334\341\035\332\300\034\344!\034\332\241\034\332\000\036\336!\035\334\201\036\312A\036\332\240\034\330!\035\332\0010\207p`\207y(\007\200p\207wh\203tp\007s\230\20760\007xh\203v\b\007z@\007\200\036\344\241\036\312\001 \334\341\035\332@\035\352\241\035\340\241\r\350!\034\304\201\035\312a\036\000s\b\007v\230\207r\000\bwx\2076p\207pp\207yh\003s\200\2076h\207p\240\007t\000\350A\036\352\241\034\000\302\035\336\241\r\346!\035\316\301\035\312\201\034\332@\037\312A\036\336a\036\332\300\034\340\241\r\332!\034\350\001\035\000z\220\207z(\007\200p\207wh\003z\220\207p\200\007xH\007w8\2076h\207p\240\007t\000\350A\036\352\241\034\000b\036\350!\034\306a\035\332\000\036\344\341\035\350\241\034\306\201\036\336A\036\332@\034\352\301\034\314\241\034\344\241\r\346!\035\364\241\034\000<\000\bz\b\007y8\207r\240\2076\030\007x\250\007`\034\336A\036\350\241\034\360\241\r\332\341\016\000\202\036\302A\036\316\241\034\350\241\r\314\241\034\302\201\036\352A\036\312a\036\2005 \207y\200\0076X\003t\270\007rH\007{`\2035\230\207w0\007zh\003s`\207w\b\007z`\2035\240\007t\250\207v\020\2076h\207w \207r`\2036\030\007y\030\0076h\203q\220\207|\200\007zx\0076h\003r\210\003;`\2036 \207w\240\007x\220\207w \0076h\003s\200\2076\b\007yh\007{\300\0036h\003s\200\2076x\007w`\207|h\203y\200\0076h\003s\200\2078\260\0036h\003s\250\007v`\007s\200\2078\260\0036h\003t\270\007rH\007{h\203p\220\207v`\2036p\207rx\007w`\2036\220\207p\230\0076h\003{0\007x\220\0036h\003{0\007x\230\0036h\003{0\007x\240\003\200\250\007w\230\207p0\207rh\003s\200\2076h\207p\240\007t\000\314!\034\330a\036\312\001 \352a\036\312\241\r\346\341\035\314\201\036\332\300\034\330\341\035\302\201\036\000z\220\207z(\007`C\t\021\377\377\377\377?\000\006\020\001\0231\016\357 \017\362P\016\343@\017\354\220\017m \017\357P\017\356@\016\345@\016m@\016\351`\017\351@\016\345\320\006\363\020\017\362@\017m`\016\360\320\006\355\020\016\364\200\016\2009\204\003;\314C9\000\0049\224\203;\274\203<\264C8\260C\033\230\003<\264A;\204\003=\240\003\000\017\362P\016\363P\016\362`\017\345\320\006\363\220\016\347\340\016\000A\016\3510\017\341 \016\354P\016m@\017\341\220\016\354\320\006\343\020\016\354\300\016\363\000\230C8\260\303<\224\003@\260C9\314\303<\264\001<\310C9\214C:\314C9\264\2019\300C;\204\0039\000\346\020\016\3540\017\345\000\020\356\360\016m`\016\362\020\016\355P\016m\000\017\357\220\016\356@\017\345 \017mP\016\354\220\016\355\000\230C8\260\303<\224\003@\270\303;\264A:\270\2039\314C\033\230\003<\264A;\204\003=\240\003@\017\362P\017\345\000\020\356\360\016m\340\016\341\340\016\363\320\006\346\000\017m\320\016\341@\017\350\000\320\203<\324C9\000\204;\274C\033\314C:\234\203;\224\0039\264\201>\224\203<\274\303<\264\2019\300C\033\264C8\320\003:\000\364 \017\365P\016\000\341\016\357\320\006\364 \017\341\000\017\360\220\016\356p\016m\320\016\341@\017\350\000\320\203<\324C9\000\304<\320C8\214\303:\264\001<\310\303;\320C9\214\003=\274\203<\264\2018\324\2039\230C9\310C\033\314C:\350C9\000x\000\020\364\020\016\362p\016\345@\017m0\016\360P\017\3008\274\203<\320C9\340C\033\264\303\035\000\004=\204\203<\234C9\320C\033\230C9\204\003=\324\203<\224\303<\000k@\016\363\000\017l\260\006\350p\017\344\220\016\366\300\006k0\017\357`\016\364\320\006\346\300\016\357\020\016\364\300\006k@\017\350P\017\355 \016m\320\016\357@\016\345\300\006m0\016\3620\016l\320\006\343 \017\371\000\017\364\360\016l\320\006\344\020\007v\300\006m@\016\357@\017\360 \017\357@\016l\320\006\346\000\017m\020\016\362\320\016\366\200\007l\320\006\346\000\017m\360\016\356\300\016\371\320\006\363\000\017l\320\006\346\000\017q`\007l\320\006\346P\017\354\300\016\346\000\017q`\007l\320\006\350p\017\344\220\016\366\320\006\341 \017\355\300\006m\340\016\345\360\016\356\300\006m \017\3410\017l\320\006\366`\016\360 \007l\320\006\366`\016\3600\007l\320\006\366`\016\360@\007\000Q\017\3560\017\341`\016\345\320\006\346\000\017m\320\016\341@\017\350\000\230C8\260\303<\224\003@\324\303<\224C\033\314\303;\230\003=\264\2019\260\303;\204\003=\000\364 \017\365P\016\300\006\243\370\377\377\377\377\0010\200i\203b\374\377\377\377\377\000\030@\004H\300\004\000I\030\000\000\005\000\000\000\023\202`B L\b\206\t\0011!(&\004\006\000\000\000\000\211 \000\000\017\000\000\0002\"\b\t d\205\004\023\"\244\204\004\023\"\343\204\241\220\024\022L\210\214\013\204\204L\0208s\004`@0\002P\002\241I\370\000\242\232#@\3502\000)\007\002\346\b@a\n\000\000\000\023.z@\207zh\007q\260\207;(\207vh\203p\220\207vh\003wx\007w(\2076(\207p\020\207t\330\360\006\345\320\006\355\240\007\345\320\006\360\240\007s \007z0\007r\320\006\351`\007t\240\007v@\007m`\017q \007x\240\007v@\007z\020\007r\200\007m\020\016z\000\007z0\007r\320\006\3560\007r\320\006\263`\007t\260\242\220\205R\230\205R\240\205\025\r;\260\203=\264\203\033\264C9\320C8\220C8\320C8(= DH\b\0312RD\210\320\bar\272\007.\327\313\345z\271\\/\373\334\374B\207\331/\262<m/\313_ay\373\325\206\317e\257asJ\\~\207\315\333kN\017\313\351u\3707(m\016\2337\327\230\000\037 \000`v@_R\f\372\000\fA\000\000\000\000\000\001Q\022R\340\007\201C\2448x\006\000\000\002\000\b\000\000\000\000\000\b\206H\240\320\f\000\000\b\000\020\000\000\000\000\000\020\f\221Z\001\033\000\000\032\000 \000\004\000\000\000 \030\"\225\2031\000\001@\000\000\000\b\000\000\000\0000gY\207e\000\006(\000\000 \230\263\330C4\000\003\024\000\000\020\314YN\"\032\200\001\n\000\000\b\346,8\001\r\300\000\005\000\000\004s\026\264\220\006`\200\002\000\000\2029\213^,\0030@\001\000\000\301\234\2454\240\001\030\240\000\000\200`\316R\033\316\000\fP\000\000@0g\031\217g\000\006(\000\000 \230\263\310\2074\000\003\024\000\000\020\314YHD\032\200\001\n\000\000\b\346,6\"\r\300\000\005\000\000\004s\0264\221\006`\200\002\000\000\2029\213\236H\0030@\001\000\000\301\234\205U\244\001\030\240\000\000\200`\316\342+\322\000\fP\000\000@0g\201\027i\000\006(\000\000 \230\263\210\2144\000\003\024\000\000\020\314YhF\032\200\001\n\000\000\b\346,f\363\f\300\000\005\000\000\004s\226\272y\006`\200\002\000\000\2029\013\351<\0030@\001\000\000\301\234ev\236\001\030\240\000\000\200`\316\">\317\000\fP\000\000@0g\211\237g\000\006(\000\000 \230\263\200\0204\000\003\024\000\000\020\314Y`\b\032\200\001\n\000\000\b\346,`\344\f\300\000\005\000\000\004s\0267r\006`\200\002\000\000\2029\013\037E\0030@\001\000\000\301\234\245\225\236\001\030\240\000\000\200`\316\302K\326\000\fP\000\000@0g\221'h\000\006(\000\000 \230\263\210\3242\000\003\024\000\000\020\314YZj\032\200\001\n\000\000\b\346,`\325\f\300\000\005\000\000\004s\226\266j\006`\200\002\000\000\2029\213^=\0030@\001\000\000\301\234%\265\236\001\030\240\000\000\200`\316\202[\317\000\fP\000\000@0g9\257g\000\006(\000\000 \230\263\330W3\000\003\024\000\000\020\314YF\354\031\200\001\n\000\000\b\346,2\366\f\300\000\005\000\000\004s\2260{\006`\200\002\000\000\2029\013\234=\0030@\001\000\000\301\234\345\317\236\001\030\240\000\000\200`\316\342j\317\000\fP\000\000@0g\351\265g\000\006(\000\000 \230\263\260\3333\000\003\024\000\000\020Hl\020(\\\210\000\000\220\005\002\000\000^\000\000\0002\036\230\034\031\021L\220\214\t&G\306\004C\202\"(\203\022(\204\021\000\342\302(\202B(\205\022(\335\200\362(\206\002\037\030\001(\210\002)\224\202)\244\202*\254\002+\264\202+\274\002\f(\310\200\302\f(\320\200\002\016(\364\200\202\017(\374\200\002\024(D\201\202\024(L\201\002D(D\204\002L(\304\204\202L(\314\204\002M(\324\204\202M(\334\204\002N(\344\204\202N(\354\204\002O(\364\204\202O(P\205BU(X\205\302U(`\205BV(h\005\242\021\000\333\000\240B\370\300\023\016\210\204bq\277\337\357\214\306\335\361\320l8\035\317\007\024\022\215H%\323\t\225R\255X-\327\013\026\223\315h5\333\rw\277\337\357\367\373\375~\277\337\357\367\373\375~\277\337\357\367\373\375~\277\337\357\367\373\375~\277\337\357\367\373\375~\277\337\357\367\373\375~\277\337\357\367\373\375~\277\337\357\367\373\375~\277\337\357\367\373\375~\277\337\357\367\373\375~\277\337\357\367\373\375~\277\337\357\367\373\375~\277\337\357\367\373\375~\277\337\357\367\373\375~\277\337\357\367\373\375~\277\337\357\367\373\375~\277\337\357\367\373\375~\277\337\357\367\373\375~\277\337\357\367\373\375~\277\337\357\367\373\375~\277\337\357\367\373\375~\277\337\357\367\373\375~\277\337\357\367\373\375~\277\337\357\367\373\375~'\264\265\000J\f\364\000\000\261\030\000\000w\000\000\0003\b\200\034\304\341\034f\024\001=\210C8\204\303\214B\200\007yx\007s\230q\f\346\000\017\355\020\016\364\200\0163\fB\036\302\301\035\316\241\034f0\005=\210C8\204\203\033\314\003=\310C=\214\003=\314x\214tp\007{\b\007yH\207pp\007zp\003vx\207p \207\031\314\021\016\354\220\016\3410\017n0\017\343\360\016\360P\0163\020\304\035\336!\034\330!\035\302a\036f0\211;\274\203;\320C9\264\003<\274\203<\204\003;\314\360\024v`\007{h\0077h\207rh\0077\200\207p\220\207p`\007v(\007v\370\005vx\207w\200\207_\b\207q\030\207r\230\207y\230\201,\356\360\016\356\340\016\365\300\016\3540\003b\310\241\034\344\241\034\314\241\034\344\241\034\334a\034\312!\034\304\201\035\312a\006\326\220C9\310C9\230C9\310C9\270\3038\224C8\210\003;\224\303/\274\203<\374\202;\324\003;\260\303\f\307i\207pX\207rp\203th\007x`\207t\030\207t\240\207\031\316S\017\356\000\017\362P\016\344\220\016\343@\017\341 \016\354P\0163 (\035\334\301\036\302A\036\322!\034\334\201\036\334\340\034\344\341\035\352\001\036f\030Q8\260C:\234\203;\314P$v`\007{h\0077`\207wx\007x\230QL\364\220\017\360P\0163\036j\036\312a\034\350!\035\336\301\035~\001\036\344\241\034\314!\035\360a\006T\205\2038\314\303;\260C=\320C9\374\302<\344C;\210\303;\260\303\214\305\n\207y\230\207w\030\207t\b\007z(\007r\230\201\\\343\020\016\354\300\016\345P\016\3630#\301\322A\036\344\341\027\330\341\035\336\001\036f\034\331<\310\3038\260\303;\214\003\000\000\000\000y \000\000\240\002\000\000b\036H C\210\f\0319\031$\220\221@\306\310\310h\"P\b\0242\236\030\031!G\310\220Q,\005>x7{\320\013x\020\nH\361\006\bC\020\3050\020GS\020\004Q\020\204a\030\306\221\024\203a\024\t\221\024E\221\034\311q\024\307Q Fb\030\006a$E\262\007E#)\215$\001\000\000\000../../../vsf/hal/driver/arm/mps2/CMSDK_CM7\\startup_ARMCM7.cC:\\Users\\test\\Desktop\\GitHub\\Thread_and_Pt_test\\Thread_and_Pt_test\\source\\example\\project\\mdkComponent: ARM Compiler 6.10.1 Tool: armclang [5d143200]../../../vsf/utilities/compiler/arm/CMSIS/Core/Include\\core_CM7.hSCB_TypeCPUIDC:\\Keil_v5\\ARM\\ARMCLANG\\Bin\\..\\include\\stdint.huint32_tunsigned intICSRVTORAIRCRSCRCCRSHPRuint8_tunsigned charSHCSRCFSRHFSRDFSRMMFARBFARAFSRID_PFRID_DFRID_AFRID_MFRID_ISARRESERVED0CLIDRCTRCCSIDRCSSELRCPACRRESERVED3STIRRESERVED4MVFR0MVFR1MVFR2RESERVED5ICIALLURESERVED6ICIMVAUDCIMVACDCISWDCCMVAUDCCMVACDCCSWDCCIMVACDCCISWRESERVED7ITCMCRDTCMCRAHBPCRCACRAHBSCRRESERVED8ABFSR__Vectors../../../vsf/hal/driver/arm/mps2/CMSDK_CM7/startup_ARMCM7.cpFuncDwarf VersionDebug Info Versionwchar_sizestatic_rwdataenumsize_buildattrarmlib_unavailable\000\306\363\002\000\000\000\000\0000\202\300\370\301\b\002\363\007#\b\f(\214 0\2410\202\300\210\302\b\0023\n#\b\f)\214 0\2450\202\300\230\302\b\002\220\007#\b\200\036\214 \000{0\202\000\360\301\b\002\320\007#A\303\004\344\302\351\000\000\270\026\000\000\274\005\000\000\300l\314`\013}\000\314\305=\354\005\020\000\0000\324\0240\2670\004\000\000\004\270\300\013\200\\\000\000\020\000\300@\005\020\b\0000\0030P\001\020\002\000L\324\000V\221\013\373\003\320\002\000\000\000\000L\324\000\017\000\000\200.\200\001\000\000\0000C\260\013\003\025\300!\000\300<\006@\006\t\030\000\307D\r`!\275\000\n\200/\000\000\000\000\300D\rP\007\000\000\000\277\000\000\000\000\000\0235\200\031\000\000\000\200\003\000\000\000\000L\324\000\215\221\013\251C\013\341\000\006\000\000\000\300D\r\320(\271\240:\264\000\016`\000\200\001\000\000\0235@\263\344\302\352\320\0028\200\001\000\n\000\000L\324\000\r\223\013\254C\013\340\000\006\0008\000\0000Q\0034M.\264\016-\200\003\030\000 \001\000\300D\r\3208\271\340:\264\000\016`\000\200\005\000\000\363\030\000\031D\b\200L\324\000\026\324\013~\000\240\003\000\000\000\000L\324\000u\000\000\000\220\016\000\000\000\0000\315 \230\0020C\260\016#AB\000\000\000\240\016\340\000\000\000;\000\000\000L\324\000\315\223\013\257C\013\355\000\016\000h\000\0000Q\0034R.\300\016-\200\003\030\000`\002\000\300D\r\320L\271\020;\264\000\016`\000\200\n\000\000\0235@C\345\202\354\320\0028\200\001\000.\000\000L\324\000M\225\013\263C\013\340\000\006\000\310\000\0000Q\0034V.\320\016-\200\003\030\000`\003\000\300D\r\320\\\271P;\264\000\016`\000\200\016\000\000\0235@\203\345\202\355\320\0028\200\001\000>\000\000L3\b\247\000\314\020\330\303H\220\020\000\000\000\204\003(\000\000p\017\000\000\000\0235@\223\345\302\355\320\002>\200\002\000B\000\000L\324\000\215\226\013\270C\013\341\000\006\000(\001\0000Q\0034[.\344\016-\204\003\030\000\340\004\000\3004\203\200\n\300\f\001?\214\004\t\001\000\000@8\200\004\000\000\375\000\000\0000Q\0034\\.\350\016-\370\003H\000 \005\000\3004\203\220\n\300\f\001H\214\004\t\001\000\000@8\200\005\000\000!\001\000\0000Q\0034].\354\016-\210\004X\000 \006\000\3004\203\240\n\300\f\001I\214\004\t\001\000\000\300/\200\001\000\000%\001\000\0000Q\0034^.\360\016-\230\004\030\000`\007\000\300D\r\320|\271\320;\264\020\016`\000\200\036\000\000\0235@\003\006\271\340;\264\020\016`\000\200\037\000\000\0235@\023\006\271\360;\264\020\016`\000\200`\000\000\300D\r\320\210A.\200\017-\200\003\030\000`\030\000\0000Q\0034c\220\013\341C\013\340\000\006\000(\006\000\000L3\b\253\000\314\020\264\304H\220\020\000\000\000\374\002\330\013\000\000\270\004\000\000\300D\r\320\220A.\210\017-\274\004\330\013\0008\006\000\000L\324\000M\031\344\302\370\320\0028\200\001\000\202\004\000\000\323\f\002+\0003\00421\022$\004\000\000\000\277\000>\000\000\314\004\000\000\300D\r\320\230A.\220\017-\320\004\370\000`H\000\0000Q\0034g\220\013\345C\013\341\000\006\000\b\023\000\000L\324\000\r\032\344\202\371\320B8\200\001\000\306\004\000\000\0235@\223\006\271p>\264\020\016`\000\2002\001\000\300D\r\320\250A.\240\017-\230\004\030\000\340L\000\0000Q\0034k\220\013\351C\013\340\000\006\000H\023\000\000L\324\000\r\033\344\202\372\320\202I\200\001\000\326\004\000\000\0235@\323\006\271\260>\264\000\016`\000\2006\001\000\300D\r\320\270A.\260\017-\200\003\030\000\340M\000\0000Q\0034o\220\013\355C\013\340\000\006\000\210\023\000\000L\324\000\r\034\344\202\373\320\0028\200\001\000\346\004\000\000\0235@\023\007\271\360>\264\000\016`\000\200:\001\000\300D\r\320\310A.\300\017-\200\003\030\000\340N\000\0000Q\0034s\220\013\361C\013\340\000\006\000\310\023\000\000L\324\000\r\035\344\202\374\320\0028\200\001\000\366\004\000\000\323\fB+\0003\004d1\022$\004\000\000\000\277\000\032\000\000\224\005\000\000\300D\r\320\324A.\314\017-\230\005h\000\240O\000\0000Q\0034v\220\013\364C\013\340\000\006\000H\026\000\000L\324\000\315\035\344B\375\320\0028\200\001\000\226\005\000\000\0235@\203\007\271`?\264\000\016`\000\200f\001\000\300D\r\320\344A.\334\017-\200\003\030\000\340Y\000\0000Q\0034z\220\013\370C\013\340\000\006\000\210\026\000\000L\324\000\315\036\344B\376\320\202I\200\001\000\246\005\000\000\0235@\303\007\271\240?\264\000\016`\000\200j\001\000\300\fr \016\343@\016\345`\016\347\340\016\357\000\017\361 \017\363@\017\365\220\017\372\260\017\3770\022'\201\022)\241\022+\301\0220\021\0235a\0237\201\0239\241\023;\301\023=\341\023?\001\026a!\026cq\026h\221\026j\261\026l\321\026n1]`L\031\f@-\300\305\fA\\\fT\000~ \000\300\f\0010\023!\000t\001L\324\000\017\000\000@]\200\001\000\000\0000Q\003X\1770\027\036`\027\000\000\000\0000Q\003\230\001\000\000\300]\000\000\000\000\3004\203\340\n\300\fA^\214\004\t\001\000\000\000^\200\360\001\000\200^\000\000\000\3140\274\002(\300\302\f\303+\204\002,\3140\304\202(\310\302\fC,\214B,\3140\304\002)\274\302\fC,\224\302,\314\020\f\327\017\200\030\210\201\030\210\201\030\210\201\030\210\201\030\210\201\030\210\201\030\210\201K\330\203N\270\001\344\006\360\240\016\234\033\200\002<\250\203:\360\203H\210\204H\210\204H\350\001<\250\003\032p\"!\022\"!\022\"!\022\"!\022\"\201\006\234H\210\204H\210\004\032p\"!\022h\300\211\204H\240\001'\022\"!\022(\341\022.\341\022h\300\241\004M\270\004\032p\"\341\022.\341\022.\341\022.\341\022.\341\022.\341\022.\341\022.\341\022h\300\211\204K\270\204K\270\204K\270\204K\270\204;Yt\300\321\201\345\006\352\000\017\352\200\006\034J\320\001\035\320\001\035\320\001\035\310H`\202rac\263ks!\023;s\031\253\033%\250\205\214\330\330\354\332\\\332\336\310\352\330\312\\\314\330\302\316\346F1\366\202/\372\302/\376\0024Rac\263ksI#+s\243\033%\b\215!\203!\000\340\002\000\000\000\000\251\030\000\000\023\000\000\000\013\nr(\207w\200\007zXp\230C=\270\3038\260C9\320\303\202\346\034\306\241\r\350A\036\302\301\035\346!\035\350!\035\336\301\035\026(\342P\016\346\360\016\362P\016\351\340\016\363@\017\013\222p0\007z(\007yH\007w\230\007z\000\321\020\000\000\006\000\000\000\007\314<\244\203;\234\003;\224\003=\240\203<\224C8\220\303\001\000\000\000a \000\000!\000\000\000\023\004B<\f\000\000\000\024\000\000\000\"G\310\220Q\006\304\004\017\000\000\000Default_Handler\000\253\252a.F\003\230\013\323\250\013 8\r\000\000@\024\004\203\300\026\000\000\027\000`\305P\032\246q\0322\017$\220!D\206L\241\306\300h\000\205\032\013\243\001\000\263\004\301\214\001\201\032\003i\000\263\004\301\204\001\020\020\003\000\000\003\000\000\000[\004`4\266\f\201D\032\000\000\000\000\000\000\000a \000\000\224\000\000\000\023\004A,\020\000\000\000\004\000\000\000\004\025\237\214\377?P\200\200\200\017\024\246\300\007\000\3610\000\000u\000\000\000\"G\310\220Q\026\004\035\000\000\000\000\r0<\021Reset_Handlerintomnipotent charSimple C/C++ TBAA\023\004\346\024&\b\f*L\020\230T\230 0\2520A`Va\202\300\260\302\004\201i\205\t\002\343\n\023\004\346\025&\b\f,L\020\230X\230 0\2620A`fa\202\300\320\302\004\201\251\205\t\002c\013\023\004\346\026&\b\f.L\020\230\\\230 0\2720A`va\202\300\360\302\004\201\351\205\t\002\343\013\023\004\346\027&\b\f8L\020\230p\230 0\3420A`\306a\202\300\220\303\004\201)\207\t\002c\016\023\004\346\034&\b\f:L\020\230t\230 0\3520A`\326a\202\300\260\303\004\201i\207\t\002\343\016\023\004\346\035&\b\f<L\020\230x\230 0\3620A`\346a\202\300\320\303\004\201\251\207\t\002c\017\253\252a.F\003\230\013\273\250\013 \270\013\000\000@\024\004\203\300\026\000\000\027\000`Cp\032\033\006\323\310\017\324\3300\224\206~\240\306\206r \215\375@\215\375@\205\375H\215\3750\205\375P\215\375X\r\375`\215\375h\215\375p\215\375x\215\375\200\215\375\210\215\375\220\215\375\230\r\375\240\215\375\250\215\375\260\r\375\270\r\375\300\r\375\310\215\375\320\215\375\330\215\375\340\215\375\350\215\375\360\r\375\370\215\375\000\017\375\b\217\375\020\217\375\030\217\375 \017\375(\217\3750\017\3758\217\375@\217\375H\217\375P\217\375X\217\375`\217\375h\217\375p\217\375x\017\375\200\217\375\210\217\375\220\217\375\230\217\375\240\217\375\250\017\375\260\217\375\270\217\r\003\177\354\207o\000\000\000#\006D\021\202`0\350\303\214\001\201\027\003~\000\024\000\2351 \362\302\301\017\240\202a'\f\200a\003b\b\210`\302\000\0301 \214\020\004\203a\037f\f\b\320\030\360\003\320\t\003  \006\000\000\000\004\000\000\000[\004\340>\266\fA\300\037[\206!\340\017\000\000\000\000\000\000a \000\000\032\000\000\000\023\004A<\f\000\000\000\020\000\000\000\"G\310\220Q\006\004\007\030\000\000\000vsf_hal_pre_startup_init\253\252a.F\003\230\013\270\250\013 \210\013\000\000@$\260\005\000\300\005\000\000\000\000\0008c@\304\205@\032@@\f\000\000\002\000\000\000[\004`4\000\000\000\000\000\000\000\000q \000\000\004\000\000\0002\016\020\"\204\003\260\017H0\375\200\005\351\020\000\000\000\000\000e\f\000\000y\001\000\000\022\003\224\270\033\000\000\000\001\000\000\000{\003\000\000\b\000\000\000D\000\000\000\001\000\000\000P\000\000\000\000\000\000\000P\000\000\0009\000\000\000\250\005\000\000\002\000\000\000\203\003\000\000\027\000\000\000\232\003\000\000;\000\000\000\325\003\000\000\000\000\000\000\000\000\000\0009\000\000\000\000\000\000\0001\000\000\000\017\000\000\0001\000\000\000\017\000\000\000\377\377\377\377\001$\000\000@\000\000\000\r\000\000\000@\000\000\000\r\000\000\000\377\377\377\377\001$\000\000M\000\000\000\030\000\000\000M\000\000\000\030\000\000\000\377\377\377\377\021$\000\000e\000\000\000\006\000\000\000e\000\000\000\006\000\000\000\377\377\377\377\b$\000\000\000\000\000\000\037\000\000\000\000\000\000\000\037\000\000\000\377\377\377\377\b\004\000\000\037\000\000\000\t\000\000\000\037\000\000\000\t\000\000\000\377\377\377\377\205\004\000\000(\000\000\000\t\000\000\000(\000\000\000\t\000\000\000\377\377\377\377\004\f\000\000k\000\000\000\013\000\000\000k\000\000\000\013\000\000\000\377\377\377\377Q$\000\000v\000\000\000\021\000\000\000v\000\000\000\021\000\000\000\377\377\377\377Q$\000\000\207\000\000\000\021\000\000\000\207\000\000\000\021\000\000\000\377\377\377\377Q$\000\000\230\000\000\000\020\000\000\000\230\000\000\000\020\000\000\000\377\377\377\377Q$\000\000\250\000\000\000\022\000\000\000\250\000\000\000\022\000\000\000\377\377\377\377Q$\000\000\272\000\000\000\013\000\000\000\272\000\000\000\013\000\000\000\377\377\377\377Q$\000\000\305\000\000\000\020\000\000\000\305\000\000\000\020\000\000\000\377\377\377\377Q$\000\000\325\000\000\000\016\000\000\000\325\000\000\000\016\000\000\000\377\377\377\377Q$\000\000\343\000\000\000\017\000\000\000\343\000\000\000\017\000\000\000\377\377\377\377Q$\000\000\362\000\000\000\022\000\000\000\362\000\000\000\022\000\000\000\377\377\377\377Q$\000\000\004\001\000\000\022\000\000\000\004\001\000\000\022\000\000\000\377\377\377\377Q$\000\000\026\001\000\000\022\000\000\000\026\001\000\000\022\000\000\000\377\377\377\377Q$\000\000(\001\000\000\022\000\000\000(\001\000\000\022\000\000\000\377\377\377\377Q$\000\000:\001\000\000\022\000\000\000:\001\000\000\022\000\000\000\377\377\377\377Q$\000\000L\001\000\000\022\000\000\000L\001\000\000\022\000\000\000\377\377\377\377Q$\000\000^\001\000\000\022\000\000\000^\001\000\000\022\000\000\000\377\377\377\377Q$\000\000p\001\000\000\022\000\000\000p\001\000\000\022\000\000\000\377\377\377\377Q$\000\000\202\001\000\000\022\000\000\000\202\001\000\000\022\000\000\000\377\377\377\377Q$\000\000\224\001\000\000\022\000\000\000\224\001\000\000\022\000\000\000\377\377\377\377Q$\000\000\246\001\000\000\017\000\000\000\246\001\000\000\017\000\000\000\377\377\377\377Q$\000\000\265\001\000\000\017\000\000\000\265\001\000\000\017\000\000\000\377\377\377\377Q$\000\000\304\001\000\000\017\000\000\000\304\001\000\000\017\000\000\000\377\377\377\377Q$\000\000\323\001\000\000\017\000\000\000\323\001\000\000\017\000\000\000\377\377\377\377Q$\000\000\342\001\000\000\017\000\000\000\342\001\000\000\017\000\000\000\377\377\377\377Q$\000\000\361\001\000\000\017\000\000\000\361\001\000\000\017\000\000\000\377\377\377\377Q$\000\000\000\002\000\000\020\000\000\000\000\002\000\000\020\000\000\000\377\377\377\377Q$\000\000\020\002\000\000\020\000\000\000\020\002\000\000\020\000\000\000\377\377\377\377Q$\000\000 \002\000\000\016\000\000\000 \002\000\000\016\000\000\000\377\377\377\377Q$\000\000.\002\000\000\016\000\000\000.\002\000\000\016\000\000\000\377\377\377\377Q$\000\000<\002\000\000\021\000\000\000<\002\000\000\021\000\000\000\377\377\377\377Q$\000\000M\002\000\000\017\000\000\000M\002\000\000\017\000\000\000\377\377\377\377Q$\000\000\\\002\000\000\026\000\000\000\\\002\000\000\026\000\000\000\377\377\377\377Q$\000\000r\002\000\000\020\000\000\000r\002\000\000\020\000\000\000\377\377\377\377Q$\000\000\202\002\000\000\013\000\000\000\202\002\000\000\013\000\000\000\377\377\377\377Q$\000\000\215\002\000\000\023\000\000\000\215\002\000\000\023\000\000\000\377\377\377\377Q$\000\000\240\002\000\000\r\000\000\000\240\002\000\000\r\000\000\000\377\377\377\377Q$\000\000\255\002\000\000\r\000\000\000\255\002\000\000\r\000\000\000\377\377\377\377Q$\000\000\272\002\000\000\017\000\000\000\272\002\000\000\017\000\000\000\377\377\377\377Q$\000\000\311\002\000\000\017\000\000\000\311\002\000\000\017\000\000\000\377\377\377\377Q$\000\000\330\002\000\000\017\000\000\000\330\002\000\000\017\000\000\000\377\377\377\377Q$\000\000\347\002\000\000\017\000\000\000\347\002\000\000\017\000\000\000\377\377\377\377Q$\000\000\366\002\000\000\r\000\000\000\366\002\000\000\r\000\000\000\377\377\377\377Q$\000\000\003\003\000\000\017\000\000\000\003\003\000\000\017\000\000\000\377\377\377\377Q$\000\000\022\003\000\000\017\000\000\000\022\003\000\000\017\000\000\000\377\377\377\377Q$\000\000!\003\000\000\017\000\000\000!\003\000\000\017\000\000\000\377\377\377\377Q$\000\0000\003\000\000\017\000\000\0000\003\000\000\017\000\000\000\377\377\377\377Q$\000\000?\003\000\000\017\000\000\000?\003\000\000\017\000\000\000\377\377\377\377Q$\000\000N\003\000\000\017\000\000\000N\003\000\000\017\000\000\000\377\377\377\377Q$\000\000]\003\000\000\017\000\000\000]\003\000\000\017\000\000\000\377\377\377\377Q$\000\000l\003\000\000\017\000\000\000l\003\000\000\017\000\000\000\377\377\377\377Q$\000\000\000\000\000\000\000\000\000\000\325\003\000\000\000\000\000\000\325\003\000\000\005\000\000\000\000\000\000\000\000\000\000\000\325\003\000\000\000\000\000\000\332\003\000\000\r\000\000\000\000\000\000\000]\f\000\000\375\000\000\000\022\003\224\347\007\000\000\000Image$$ARM_LIB_STACK$$ZI$$Limit__Vectorsllvm.usedDefault_HandlerReset_Handlervsf_hal_pre_startup_init__mainNMI_HandlerHardFault_HandlerMemManage_HandlerBusFault_HandlerUsageFault_HandlerSVC_HandlerDebugMon_HandlerPendSV_HandlerSysTick_HandlerInterrupt0_HandlerInterrupt1_HandlerInterrupt2_HandlerInterrupt3_HandlerInterrupt4_HandlerInterrupt5_HandlerInterrupt6_HandlerInterrupt7_HandlerInterrupt8_HandlerInterrupt9_HandlerUART0RX_HandlerUART0TX_HandlerUART1RX_HandlerUART1TX_HandlerUART2RX_HandlerUART2TX_HandlerGPIO0ALL_HandlerGPIO1ALL_HandlerTIMER0_HandlerTIMER1_HandlerDUALTIMER_HandlerSPI_0_1_HandlerUART_0_1_2_OVF_HandlerETHERNET_HandlerI2S_HandlerTOUCHSCREEN_HandlerGPIO2_HandlerGPIO3_HandlerUART3RX_HandlerUART3TX_HandlerUART4RX_HandlerUART4TX_HandlerSPI_2_HandlerSPI_3_4_HandlerSWI0_IRQHandlerSWI1_IRQHandlerSWI2_IRQHandlerSWI3_IRQHandlerSWI4_IRQHandlerSWI5_IRQHandlerSWI6_IRQHandler7.0.0svnthumbv7em-arm-none-eabi../../../vsf/hal/driver/arm/mps2/CMSDK_CM7/startup_ARMCM7.cRESETllvm.metadata\000\000\000\000"
	.size	.Lllvm.embedded.module, 11288

	.section	.debug_str,"MS",%progbits,1
.Linfo_string0:
	.asciz	"Component: ARM Compiler 6.10.1 Tool: armclang [5d143200]" @ string offset=0
.Linfo_string1:
	.asciz	"../../../vsf/hal/driver/arm/mps2/CMSDK_CM7\\startup_ARMCM7.c" @ string offset=57
.Linfo_string2:
	.asciz	"C:\\Users\\test\\Desktop\\GitHub\\Thread_and_Pt_test\\Thread_and_Pt_test\\source\\example\\project\\mdk" @ string offset=117
.Linfo_string3:
	.asciz	"__Vectors"             @ string offset=211
.Linfo_string4:
	.asciz	"pFunc"                 @ string offset=221
.Linfo_string5:
	.asciz	"sizetype"              @ string offset=227
.Linfo_string6:
	.asciz	"CPUID"                 @ string offset=236
.Linfo_string7:
	.asciz	"unsigned int"          @ string offset=242
.Linfo_string8:
	.asciz	"uint32_t"              @ string offset=255
.Linfo_string9:
	.asciz	"ICSR"                  @ string offset=264
.Linfo_string10:
	.asciz	"VTOR"                  @ string offset=269
.Linfo_string11:
	.asciz	"AIRCR"                 @ string offset=274
.Linfo_string12:
	.asciz	"SCR"                   @ string offset=280
.Linfo_string13:
	.asciz	"CCR"                   @ string offset=284
.Linfo_string14:
	.asciz	"SHPR"                  @ string offset=288
.Linfo_string15:
	.asciz	"unsigned char"         @ string offset=293
.Linfo_string16:
	.asciz	"uint8_t"               @ string offset=307
.Linfo_string17:
	.asciz	"SHCSR"                 @ string offset=315
.Linfo_string18:
	.asciz	"CFSR"                  @ string offset=321
.Linfo_string19:
	.asciz	"HFSR"                  @ string offset=326
.Linfo_string20:
	.asciz	"DFSR"                  @ string offset=331
.Linfo_string21:
	.asciz	"MMFAR"                 @ string offset=336
.Linfo_string22:
	.asciz	"BFAR"                  @ string offset=342
.Linfo_string23:
	.asciz	"AFSR"                  @ string offset=347
.Linfo_string24:
	.asciz	"ID_PFR"                @ string offset=352
.Linfo_string25:
	.asciz	"ID_DFR"                @ string offset=359
.Linfo_string26:
	.asciz	"ID_AFR"                @ string offset=366
.Linfo_string27:
	.asciz	"ID_MFR"                @ string offset=373
.Linfo_string28:
	.asciz	"ID_ISAR"               @ string offset=380
.Linfo_string29:
	.asciz	"RESERVED0"             @ string offset=388
.Linfo_string30:
	.asciz	"CLIDR"                 @ string offset=398
.Linfo_string31:
	.asciz	"CTR"                   @ string offset=404
.Linfo_string32:
	.asciz	"CCSIDR"                @ string offset=408
.Linfo_string33:
	.asciz	"CSSELR"                @ string offset=415
.Linfo_string34:
	.asciz	"CPACR"                 @ string offset=422
.Linfo_string35:
	.asciz	"RESERVED3"             @ string offset=428
.Linfo_string36:
	.asciz	"STIR"                  @ string offset=438
.Linfo_string37:
	.asciz	"RESERVED4"             @ string offset=443
.Linfo_string38:
	.asciz	"MVFR0"                 @ string offset=453
.Linfo_string39:
	.asciz	"MVFR1"                 @ string offset=459
.Linfo_string40:
	.asciz	"MVFR2"                 @ string offset=465
.Linfo_string41:
	.asciz	"RESERVED5"             @ string offset=471
.Linfo_string42:
	.asciz	"ICIALLU"               @ string offset=481
.Linfo_string43:
	.asciz	"RESERVED6"             @ string offset=489
.Linfo_string44:
	.asciz	"ICIMVAU"               @ string offset=499
.Linfo_string45:
	.asciz	"DCIMVAC"               @ string offset=507
.Linfo_string46:
	.asciz	"DCISW"                 @ string offset=515
.Linfo_string47:
	.asciz	"DCCMVAU"               @ string offset=521
.Linfo_string48:
	.asciz	"DCCMVAC"               @ string offset=529
.Linfo_string49:
	.asciz	"DCCSW"                 @ string offset=537
.Linfo_string50:
	.asciz	"DCCIMVAC"              @ string offset=543
.Linfo_string51:
	.asciz	"DCCISW"                @ string offset=552
.Linfo_string52:
	.asciz	"RESERVED7"             @ string offset=559
.Linfo_string53:
	.asciz	"ITCMCR"                @ string offset=569
.Linfo_string54:
	.asciz	"DTCMCR"                @ string offset=576
.Linfo_string55:
	.asciz	"AHBPCR"                @ string offset=583
.Linfo_string56:
	.asciz	"CACR"                  @ string offset=590
.Linfo_string57:
	.asciz	"AHBSCR"                @ string offset=595
.Linfo_string58:
	.asciz	"RESERVED8"             @ string offset=602
.Linfo_string59:
	.asciz	"ABFSR"                 @ string offset=612
.Linfo_string60:
	.asciz	"SCB_Type"              @ string offset=618
	.section	.debug_abbrev,"",%progbits
	.byte	1                       @ Abbreviation Code
	.byte	17                      @ DW_TAG_compile_unit
	.byte	1                       @ DW_CHILDREN_yes
	.byte	37                      @ DW_AT_producer
	.byte	14                      @ DW_FORM_strp
	.byte	19                      @ DW_AT_language
	.byte	5                       @ DW_FORM_data2
	.byte	3                       @ DW_AT_name
	.byte	14                      @ DW_FORM_strp
	.byte	16                      @ DW_AT_stmt_list
	.byte	6                       @ DW_FORM_data4
	.byte	27                      @ DW_AT_comp_dir
	.byte	14                      @ DW_FORM_strp
	.ascii	"\264B"                 @ DW_AT_GNU_pubnames
	.byte	12                      @ DW_FORM_flag
	.byte	0                       @ EOM(1)
	.byte	0                       @ EOM(2)
	.byte	2                       @ Abbreviation Code
	.byte	52                      @ DW_TAG_variable
	.byte	0                       @ DW_CHILDREN_no
	.byte	3                       @ DW_AT_name
	.byte	14                      @ DW_FORM_strp
	.byte	73                      @ DW_AT_type
	.byte	19                      @ DW_FORM_ref4
	.byte	63                      @ DW_AT_external
	.byte	12                      @ DW_FORM_flag
	.byte	58                      @ DW_AT_decl_file
	.byte	11                      @ DW_FORM_data1
	.byte	59                      @ DW_AT_decl_line
	.byte	11                      @ DW_FORM_data1
	.byte	0                       @ EOM(1)
	.byte	0                       @ EOM(2)
	.byte	3                       @ Abbreviation Code
	.byte	1                       @ DW_TAG_array_type
	.byte	1                       @ DW_CHILDREN_yes
	.byte	73                      @ DW_AT_type
	.byte	19                      @ DW_FORM_ref4
	.byte	0                       @ EOM(1)
	.byte	0                       @ EOM(2)
	.byte	4                       @ Abbreviation Code
	.byte	33                      @ DW_TAG_subrange_type
	.byte	0                       @ DW_CHILDREN_no
	.byte	73                      @ DW_AT_type
	.byte	19                      @ DW_FORM_ref4
	.byte	55                      @ DW_AT_count
	.byte	11                      @ DW_FORM_data1
	.byte	0                       @ EOM(1)
	.byte	0                       @ EOM(2)
	.byte	5                       @ Abbreviation Code
	.byte	38                      @ DW_TAG_const_type
	.byte	0                       @ DW_CHILDREN_no
	.byte	73                      @ DW_AT_type
	.byte	19                      @ DW_FORM_ref4
	.byte	0                       @ EOM(1)
	.byte	0                       @ EOM(2)
	.byte	6                       @ Abbreviation Code
	.byte	22                      @ DW_TAG_typedef
	.byte	0                       @ DW_CHILDREN_no
	.byte	73                      @ DW_AT_type
	.byte	19                      @ DW_FORM_ref4
	.byte	3                       @ DW_AT_name
	.byte	14                      @ DW_FORM_strp
	.byte	58                      @ DW_AT_decl_file
	.byte	11                      @ DW_FORM_data1
	.byte	59                      @ DW_AT_decl_line
	.byte	11                      @ DW_FORM_data1
	.byte	0                       @ EOM(1)
	.byte	0                       @ EOM(2)
	.byte	7                       @ Abbreviation Code
	.byte	15                      @ DW_TAG_pointer_type
	.byte	0                       @ DW_CHILDREN_no
	.byte	73                      @ DW_AT_type
	.byte	19                      @ DW_FORM_ref4
	.byte	0                       @ EOM(1)
	.byte	0                       @ EOM(2)
	.byte	8                       @ Abbreviation Code
	.byte	21                      @ DW_TAG_subroutine_type
	.byte	0                       @ DW_CHILDREN_no
	.byte	39                      @ DW_AT_prototyped
	.byte	12                      @ DW_FORM_flag
	.byte	0                       @ EOM(1)
	.byte	0                       @ EOM(2)
	.byte	9                       @ Abbreviation Code
	.byte	36                      @ DW_TAG_base_type
	.byte	0                       @ DW_CHILDREN_no
	.byte	3                       @ DW_AT_name
	.byte	14                      @ DW_FORM_strp
	.byte	11                      @ DW_AT_byte_size
	.byte	11                      @ DW_FORM_data1
	.byte	62                      @ DW_AT_encoding
	.byte	11                      @ DW_FORM_data1
	.byte	0                       @ EOM(1)
	.byte	0                       @ EOM(2)
	.byte	10                      @ Abbreviation Code
	.byte	22                      @ DW_TAG_typedef
	.byte	0                       @ DW_CHILDREN_no
	.byte	73                      @ DW_AT_type
	.byte	19                      @ DW_FORM_ref4
	.byte	3                       @ DW_AT_name
	.byte	14                      @ DW_FORM_strp
	.byte	58                      @ DW_AT_decl_file
	.byte	11                      @ DW_FORM_data1
	.byte	59                      @ DW_AT_decl_line
	.byte	5                       @ DW_FORM_data2
	.byte	0                       @ EOM(1)
	.byte	0                       @ EOM(2)
	.byte	11                      @ Abbreviation Code
	.byte	19                      @ DW_TAG_structure_type
	.byte	1                       @ DW_CHILDREN_yes
	.byte	11                      @ DW_AT_byte_size
	.byte	5                       @ DW_FORM_data2
	.byte	58                      @ DW_AT_decl_file
	.byte	11                      @ DW_FORM_data1
	.byte	59                      @ DW_AT_decl_line
	.byte	5                       @ DW_FORM_data2
	.byte	0                       @ EOM(1)
	.byte	0                       @ EOM(2)
	.byte	12                      @ Abbreviation Code
	.byte	13                      @ DW_TAG_member
	.byte	0                       @ DW_CHILDREN_no
	.byte	3                       @ DW_AT_name
	.byte	14                      @ DW_FORM_strp
	.byte	73                      @ DW_AT_type
	.byte	19                      @ DW_FORM_ref4
	.byte	58                      @ DW_AT_decl_file
	.byte	11                      @ DW_FORM_data1
	.byte	59                      @ DW_AT_decl_line
	.byte	5                       @ DW_FORM_data2
	.byte	56                      @ DW_AT_data_member_location
	.byte	11                      @ DW_FORM_data1
	.byte	0                       @ EOM(1)
	.byte	0                       @ EOM(2)
	.byte	13                      @ Abbreviation Code
	.byte	13                      @ DW_TAG_member
	.byte	0                       @ DW_CHILDREN_no
	.byte	3                       @ DW_AT_name
	.byte	14                      @ DW_FORM_strp
	.byte	73                      @ DW_AT_type
	.byte	19                      @ DW_FORM_ref4
	.byte	58                      @ DW_AT_decl_file
	.byte	11                      @ DW_FORM_data1
	.byte	59                      @ DW_AT_decl_line
	.byte	5                       @ DW_FORM_data2
	.byte	56                      @ DW_AT_data_member_location
	.byte	5                       @ DW_FORM_data2
	.byte	0                       @ EOM(1)
	.byte	0                       @ EOM(2)
	.byte	14                      @ Abbreviation Code
	.byte	53                      @ DW_TAG_volatile_type
	.byte	0                       @ DW_CHILDREN_no
	.byte	73                      @ DW_AT_type
	.byte	19                      @ DW_FORM_ref4
	.byte	0                       @ EOM(1)
	.byte	0                       @ EOM(2)
	.byte	15                      @ Abbreviation Code
	.byte	36                      @ DW_TAG_base_type
	.byte	0                       @ DW_CHILDREN_no
	.byte	3                       @ DW_AT_name
	.byte	14                      @ DW_FORM_strp
	.byte	62                      @ DW_AT_encoding
	.byte	11                      @ DW_FORM_data1
	.byte	11                      @ DW_AT_byte_size
	.byte	11                      @ DW_FORM_data1
	.byte	0                       @ EOM(1)
	.byte	0                       @ EOM(2)
	.byte	0                       @ EOM(3)
	.section	.debug_info,"",%progbits
.Lcu_begin0:
	.long	927                     @ Length of Unit
	.short	3                       @ DWARF version number
	.long	.debug_abbrev           @ Offset Into Abbrev. Section
	.byte	4                       @ Address Size (in bytes)
	.byte	1                       @ Abbrev [1] 0xb:0x398 DW_TAG_compile_unit
	.long	.Linfo_string0          @ DW_AT_producer
	.short	12                      @ DW_AT_language
	.long	.Linfo_string1          @ DW_AT_name
	.long	.Lline_table_start0     @ DW_AT_stmt_list
	.long	.Linfo_string2          @ DW_AT_comp_dir
	.byte	1                       @ DW_AT_GNU_pubnames
	.byte	2                       @ Abbrev [2] 0x1f:0xc DW_TAG_variable
	.long	.Linfo_string3          @ DW_AT_name
	.long	43                      @ DW_AT_type
	.byte	1                       @ DW_AT_external
	.byte	1                       @ DW_AT_decl_file
	.byte	119                     @ DW_AT_decl_line
	.byte	3                       @ Abbrev [3] 0x2b:0xc DW_TAG_array_type
	.long	55                      @ DW_AT_type
	.byte	4                       @ Abbrev [4] 0x30:0x6 DW_TAG_subrange_type
	.long	78                      @ DW_AT_type
	.byte	240                     @ DW_AT_count
	.byte	0                       @ End Of Children Mark
	.byte	5                       @ Abbrev [5] 0x37:0x5 DW_TAG_const_type
	.long	60                      @ DW_AT_type
	.byte	6                       @ Abbrev [6] 0x3c:0xb DW_TAG_typedef
	.long	71                      @ DW_AT_type
	.long	.Linfo_string4          @ DW_AT_name
	.byte	1                       @ DW_AT_decl_file
	.byte	30                      @ DW_AT_decl_line
	.byte	7                       @ Abbrev [7] 0x47:0x5 DW_TAG_pointer_type
	.long	76                      @ DW_AT_type
	.byte	8                       @ Abbrev [8] 0x4c:0x2 DW_TAG_subroutine_type
	.byte	1                       @ DW_AT_prototyped
	.byte	9                       @ Abbrev [9] 0x4e:0x7 DW_TAG_base_type
	.long	.Linfo_string5          @ DW_AT_name
	.byte	8                       @ DW_AT_byte_size
	.byte	7                       @ DW_AT_encoding
	.byte	7                       @ Abbrev [7] 0x55:0x5 DW_TAG_pointer_type
	.long	90                      @ DW_AT_type
	.byte	10                      @ Abbrev [10] 0x5a:0xc DW_TAG_typedef
	.long	102                     @ DW_AT_type
	.long	.Linfo_string60         @ DW_AT_name
	.byte	3                       @ DW_AT_decl_file
	.short	507                     @ DW_AT_decl_line
	.byte	11                      @ Abbrev [11] 0x66:0x2a9 DW_TAG_structure_type
	.short	684                     @ DW_AT_byte_size
	.byte	3                       @ DW_AT_decl_file
	.short	455                     @ DW_AT_decl_line
	.byte	12                      @ Abbrev [12] 0x6c:0xd DW_TAG_member
	.long	.Linfo_string6          @ DW_AT_name
	.long	783                     @ DW_AT_type
	.byte	3                       @ DW_AT_decl_file
	.short	457                     @ DW_AT_decl_line
	.byte	0                       @ DW_AT_data_member_location
	.byte	12                      @ Abbrev [12] 0x79:0xd DW_TAG_member
	.long	.Linfo_string9          @ DW_AT_name
	.long	788                     @ DW_AT_type
	.byte	3                       @ DW_AT_decl_file
	.short	458                     @ DW_AT_decl_line
	.byte	4                       @ DW_AT_data_member_location
	.byte	12                      @ Abbrev [12] 0x86:0xd DW_TAG_member
	.long	.Linfo_string10         @ DW_AT_name
	.long	788                     @ DW_AT_type
	.byte	3                       @ DW_AT_decl_file
	.short	459                     @ DW_AT_decl_line
	.byte	8                       @ DW_AT_data_member_location
	.byte	12                      @ Abbrev [12] 0x93:0xd DW_TAG_member
	.long	.Linfo_string11         @ DW_AT_name
	.long	788                     @ DW_AT_type
	.byte	3                       @ DW_AT_decl_file
	.short	460                     @ DW_AT_decl_line
	.byte	12                      @ DW_AT_data_member_location
	.byte	12                      @ Abbrev [12] 0xa0:0xd DW_TAG_member
	.long	.Linfo_string12         @ DW_AT_name
	.long	788                     @ DW_AT_type
	.byte	3                       @ DW_AT_decl_file
	.short	461                     @ DW_AT_decl_line
	.byte	16                      @ DW_AT_data_member_location
	.byte	12                      @ Abbrev [12] 0xad:0xd DW_TAG_member
	.long	.Linfo_string13         @ DW_AT_name
	.long	788                     @ DW_AT_type
	.byte	3                       @ DW_AT_decl_file
	.short	462                     @ DW_AT_decl_line
	.byte	20                      @ DW_AT_data_member_location
	.byte	12                      @ Abbrev [12] 0xba:0xd DW_TAG_member
	.long	.Linfo_string14         @ DW_AT_name
	.long	811                     @ DW_AT_type
	.byte	3                       @ DW_AT_decl_file
	.short	463                     @ DW_AT_decl_line
	.byte	24                      @ DW_AT_data_member_location
	.byte	12                      @ Abbrev [12] 0xc7:0xd DW_TAG_member
	.long	.Linfo_string17         @ DW_AT_name
	.long	788                     @ DW_AT_type
	.byte	3                       @ DW_AT_decl_file
	.short	464                     @ DW_AT_decl_line
	.byte	36                      @ DW_AT_data_member_location
	.byte	12                      @ Abbrev [12] 0xd4:0xd DW_TAG_member
	.long	.Linfo_string18         @ DW_AT_name
	.long	788                     @ DW_AT_type
	.byte	3                       @ DW_AT_decl_file
	.short	465                     @ DW_AT_decl_line
	.byte	40                      @ DW_AT_data_member_location
	.byte	12                      @ Abbrev [12] 0xe1:0xd DW_TAG_member
	.long	.Linfo_string19         @ DW_AT_name
	.long	788                     @ DW_AT_type
	.byte	3                       @ DW_AT_decl_file
	.short	466                     @ DW_AT_decl_line
	.byte	44                      @ DW_AT_data_member_location
	.byte	12                      @ Abbrev [12] 0xee:0xd DW_TAG_member
	.long	.Linfo_string20         @ DW_AT_name
	.long	788                     @ DW_AT_type
	.byte	3                       @ DW_AT_decl_file
	.short	467                     @ DW_AT_decl_line
	.byte	48                      @ DW_AT_data_member_location
	.byte	12                      @ Abbrev [12] 0xfb:0xd DW_TAG_member
	.long	.Linfo_string21         @ DW_AT_name
	.long	788                     @ DW_AT_type
	.byte	3                       @ DW_AT_decl_file
	.short	468                     @ DW_AT_decl_line
	.byte	52                      @ DW_AT_data_member_location
	.byte	12                      @ Abbrev [12] 0x108:0xd DW_TAG_member
	.long	.Linfo_string22         @ DW_AT_name
	.long	788                     @ DW_AT_type
	.byte	3                       @ DW_AT_decl_file
	.short	469                     @ DW_AT_decl_line
	.byte	56                      @ DW_AT_data_member_location
	.byte	12                      @ Abbrev [12] 0x115:0xd DW_TAG_member
	.long	.Linfo_string23         @ DW_AT_name
	.long	788                     @ DW_AT_type
	.byte	3                       @ DW_AT_decl_file
	.short	470                     @ DW_AT_decl_line
	.byte	60                      @ DW_AT_data_member_location
	.byte	12                      @ Abbrev [12] 0x122:0xd DW_TAG_member
	.long	.Linfo_string24         @ DW_AT_name
	.long	846                     @ DW_AT_type
	.byte	3                       @ DW_AT_decl_file
	.short	471                     @ DW_AT_decl_line
	.byte	64                      @ DW_AT_data_member_location
	.byte	12                      @ Abbrev [12] 0x12f:0xd DW_TAG_member
	.long	.Linfo_string25         @ DW_AT_name
	.long	783                     @ DW_AT_type
	.byte	3                       @ DW_AT_decl_file
	.short	472                     @ DW_AT_decl_line
	.byte	72                      @ DW_AT_data_member_location
	.byte	12                      @ Abbrev [12] 0x13c:0xd DW_TAG_member
	.long	.Linfo_string26         @ DW_AT_name
	.long	783                     @ DW_AT_type
	.byte	3                       @ DW_AT_decl_file
	.short	473                     @ DW_AT_decl_line
	.byte	76                      @ DW_AT_data_member_location
	.byte	12                      @ Abbrev [12] 0x149:0xd DW_TAG_member
	.long	.Linfo_string27         @ DW_AT_name
	.long	858                     @ DW_AT_type
	.byte	3                       @ DW_AT_decl_file
	.short	474                     @ DW_AT_decl_line
	.byte	80                      @ DW_AT_data_member_location
	.byte	12                      @ Abbrev [12] 0x156:0xd DW_TAG_member
	.long	.Linfo_string28         @ DW_AT_name
	.long	870                     @ DW_AT_type
	.byte	3                       @ DW_AT_decl_file
	.short	475                     @ DW_AT_decl_line
	.byte	96                      @ DW_AT_data_member_location
	.byte	12                      @ Abbrev [12] 0x163:0xd DW_TAG_member
	.long	.Linfo_string29         @ DW_AT_name
	.long	882                     @ DW_AT_type
	.byte	3                       @ DW_AT_decl_file
	.short	476                     @ DW_AT_decl_line
	.byte	116                     @ DW_AT_data_member_location
	.byte	12                      @ Abbrev [12] 0x170:0xd DW_TAG_member
	.long	.Linfo_string30         @ DW_AT_name
	.long	783                     @ DW_AT_type
	.byte	3                       @ DW_AT_decl_file
	.short	477                     @ DW_AT_decl_line
	.byte	120                     @ DW_AT_data_member_location
	.byte	12                      @ Abbrev [12] 0x17d:0xd DW_TAG_member
	.long	.Linfo_string31         @ DW_AT_name
	.long	783                     @ DW_AT_type
	.byte	3                       @ DW_AT_decl_file
	.short	478                     @ DW_AT_decl_line
	.byte	124                     @ DW_AT_data_member_location
	.byte	12                      @ Abbrev [12] 0x18a:0xd DW_TAG_member
	.long	.Linfo_string32         @ DW_AT_name
	.long	783                     @ DW_AT_type
	.byte	3                       @ DW_AT_decl_file
	.short	479                     @ DW_AT_decl_line
	.byte	128                     @ DW_AT_data_member_location
	.byte	12                      @ Abbrev [12] 0x197:0xd DW_TAG_member
	.long	.Linfo_string33         @ DW_AT_name
	.long	788                     @ DW_AT_type
	.byte	3                       @ DW_AT_decl_file
	.short	480                     @ DW_AT_decl_line
	.byte	132                     @ DW_AT_data_member_location
	.byte	12                      @ Abbrev [12] 0x1a4:0xd DW_TAG_member
	.long	.Linfo_string34         @ DW_AT_name
	.long	788                     @ DW_AT_type
	.byte	3                       @ DW_AT_decl_file
	.short	481                     @ DW_AT_decl_line
	.byte	136                     @ DW_AT_data_member_location
	.byte	12                      @ Abbrev [12] 0x1b1:0xd DW_TAG_member
	.long	.Linfo_string35         @ DW_AT_name
	.long	894                     @ DW_AT_type
	.byte	3                       @ DW_AT_decl_file
	.short	482                     @ DW_AT_decl_line
	.byte	140                     @ DW_AT_data_member_location
	.byte	13                      @ Abbrev [13] 0x1be:0xe DW_TAG_member
	.long	.Linfo_string36         @ DW_AT_name
	.long	788                     @ DW_AT_type
	.byte	3                       @ DW_AT_decl_file
	.short	483                     @ DW_AT_decl_line
	.short	512                     @ DW_AT_data_member_location
	.byte	13                      @ Abbrev [13] 0x1cc:0xe DW_TAG_member
	.long	.Linfo_string37         @ DW_AT_name
	.long	906                     @ DW_AT_type
	.byte	3                       @ DW_AT_decl_file
	.short	484                     @ DW_AT_decl_line
	.short	516                     @ DW_AT_data_member_location
	.byte	13                      @ Abbrev [13] 0x1da:0xe DW_TAG_member
	.long	.Linfo_string38         @ DW_AT_name
	.long	783                     @ DW_AT_type
	.byte	3                       @ DW_AT_decl_file
	.short	485                     @ DW_AT_decl_line
	.short	576                     @ DW_AT_data_member_location
	.byte	13                      @ Abbrev [13] 0x1e8:0xe DW_TAG_member
	.long	.Linfo_string39         @ DW_AT_name
	.long	783                     @ DW_AT_type
	.byte	3                       @ DW_AT_decl_file
	.short	486                     @ DW_AT_decl_line
	.short	580                     @ DW_AT_data_member_location
	.byte	13                      @ Abbrev [13] 0x1f6:0xe DW_TAG_member
	.long	.Linfo_string40         @ DW_AT_name
	.long	783                     @ DW_AT_type
	.byte	3                       @ DW_AT_decl_file
	.short	487                     @ DW_AT_decl_line
	.short	584                     @ DW_AT_data_member_location
	.byte	13                      @ Abbrev [13] 0x204:0xe DW_TAG_member
	.long	.Linfo_string41         @ DW_AT_name
	.long	882                     @ DW_AT_type
	.byte	3                       @ DW_AT_decl_file
	.short	488                     @ DW_AT_decl_line
	.short	588                     @ DW_AT_data_member_location
	.byte	13                      @ Abbrev [13] 0x212:0xe DW_TAG_member
	.long	.Linfo_string42         @ DW_AT_name
	.long	788                     @ DW_AT_type
	.byte	3                       @ DW_AT_decl_file
	.short	489                     @ DW_AT_decl_line
	.short	592                     @ DW_AT_data_member_location
	.byte	13                      @ Abbrev [13] 0x220:0xe DW_TAG_member
	.long	.Linfo_string43         @ DW_AT_name
	.long	882                     @ DW_AT_type
	.byte	3                       @ DW_AT_decl_file
	.short	490                     @ DW_AT_decl_line
	.short	596                     @ DW_AT_data_member_location
	.byte	13                      @ Abbrev [13] 0x22e:0xe DW_TAG_member
	.long	.Linfo_string44         @ DW_AT_name
	.long	788                     @ DW_AT_type
	.byte	3                       @ DW_AT_decl_file
	.short	491                     @ DW_AT_decl_line
	.short	600                     @ DW_AT_data_member_location
	.byte	13                      @ Abbrev [13] 0x23c:0xe DW_TAG_member
	.long	.Linfo_string45         @ DW_AT_name
	.long	788                     @ DW_AT_type
	.byte	3                       @ DW_AT_decl_file
	.short	492                     @ DW_AT_decl_line
	.short	604                     @ DW_AT_data_member_location
	.byte	13                      @ Abbrev [13] 0x24a:0xe DW_TAG_member
	.long	.Linfo_string46         @ DW_AT_name
	.long	788                     @ DW_AT_type
	.byte	3                       @ DW_AT_decl_file
	.short	493                     @ DW_AT_decl_line
	.short	608                     @ DW_AT_data_member_location
	.byte	13                      @ Abbrev [13] 0x258:0xe DW_TAG_member
	.long	.Linfo_string47         @ DW_AT_name
	.long	788                     @ DW_AT_type
	.byte	3                       @ DW_AT_decl_file
	.short	494                     @ DW_AT_decl_line
	.short	612                     @ DW_AT_data_member_location
	.byte	13                      @ Abbrev [13] 0x266:0xe DW_TAG_member
	.long	.Linfo_string48         @ DW_AT_name
	.long	788                     @ DW_AT_type
	.byte	3                       @ DW_AT_decl_file
	.short	495                     @ DW_AT_decl_line
	.short	616                     @ DW_AT_data_member_location
	.byte	13                      @ Abbrev [13] 0x274:0xe DW_TAG_member
	.long	.Linfo_string49         @ DW_AT_name
	.long	788                     @ DW_AT_type
	.byte	3                       @ DW_AT_decl_file
	.short	496                     @ DW_AT_decl_line
	.short	620                     @ DW_AT_data_member_location
	.byte	13                      @ Abbrev [13] 0x282:0xe DW_TAG_member
	.long	.Linfo_string50         @ DW_AT_name
	.long	788                     @ DW_AT_type
	.byte	3                       @ DW_AT_decl_file
	.short	497                     @ DW_AT_decl_line
	.short	624                     @ DW_AT_data_member_location
	.byte	13                      @ Abbrev [13] 0x290:0xe DW_TAG_member
	.long	.Linfo_string51         @ DW_AT_name
	.long	788                     @ DW_AT_type
	.byte	3                       @ DW_AT_decl_file
	.short	498                     @ DW_AT_decl_line
	.short	628                     @ DW_AT_data_member_location
	.byte	13                      @ Abbrev [13] 0x29e:0xe DW_TAG_member
	.long	.Linfo_string52         @ DW_AT_name
	.long	918                     @ DW_AT_type
	.byte	3                       @ DW_AT_decl_file
	.short	499                     @ DW_AT_decl_line
	.short	632                     @ DW_AT_data_member_location
	.byte	13                      @ Abbrev [13] 0x2ac:0xe DW_TAG_member
	.long	.Linfo_string53         @ DW_AT_name
	.long	788                     @ DW_AT_type
	.byte	3                       @ DW_AT_decl_file
	.short	500                     @ DW_AT_decl_line
	.short	656                     @ DW_AT_data_member_location
	.byte	13                      @ Abbrev [13] 0x2ba:0xe DW_TAG_member
	.long	.Linfo_string54         @ DW_AT_name
	.long	788                     @ DW_AT_type
	.byte	3                       @ DW_AT_decl_file
	.short	501                     @ DW_AT_decl_line
	.short	660                     @ DW_AT_data_member_location
	.byte	13                      @ Abbrev [13] 0x2c8:0xe DW_TAG_member
	.long	.Linfo_string55         @ DW_AT_name
	.long	788                     @ DW_AT_type
	.byte	3                       @ DW_AT_decl_file
	.short	502                     @ DW_AT_decl_line
	.short	664                     @ DW_AT_data_member_location
	.byte	13                      @ Abbrev [13] 0x2d6:0xe DW_TAG_member
	.long	.Linfo_string56         @ DW_AT_name
	.long	788                     @ DW_AT_type
	.byte	3                       @ DW_AT_decl_file
	.short	503                     @ DW_AT_decl_line
	.short	668                     @ DW_AT_data_member_location
	.byte	13                      @ Abbrev [13] 0x2e4:0xe DW_TAG_member
	.long	.Linfo_string57         @ DW_AT_name
	.long	788                     @ DW_AT_type
	.byte	3                       @ DW_AT_decl_file
	.short	504                     @ DW_AT_decl_line
	.short	672                     @ DW_AT_data_member_location
	.byte	13                      @ Abbrev [13] 0x2f2:0xe DW_TAG_member
	.long	.Linfo_string58         @ DW_AT_name
	.long	882                     @ DW_AT_type
	.byte	3                       @ DW_AT_decl_file
	.short	505                     @ DW_AT_decl_line
	.short	676                     @ DW_AT_data_member_location
	.byte	13                      @ Abbrev [13] 0x300:0xe DW_TAG_member
	.long	.Linfo_string59         @ DW_AT_name
	.long	788                     @ DW_AT_type
	.byte	3                       @ DW_AT_decl_file
	.short	506                     @ DW_AT_decl_line
	.short	680                     @ DW_AT_data_member_location
	.byte	0                       @ End Of Children Mark
	.byte	5                       @ Abbrev [5] 0x30f:0x5 DW_TAG_const_type
	.long	788                     @ DW_AT_type
	.byte	14                      @ Abbrev [14] 0x314:0x5 DW_TAG_volatile_type
	.long	793                     @ DW_AT_type
	.byte	6                       @ Abbrev [6] 0x319:0xb DW_TAG_typedef
	.long	804                     @ DW_AT_type
	.long	.Linfo_string8          @ DW_AT_name
	.byte	2                       @ DW_AT_decl_file
	.byte	64                      @ DW_AT_decl_line
	.byte	15                      @ Abbrev [15] 0x324:0x7 DW_TAG_base_type
	.long	.Linfo_string7          @ DW_AT_name
	.byte	7                       @ DW_AT_encoding
	.byte	4                       @ DW_AT_byte_size
	.byte	3                       @ Abbrev [3] 0x32b:0xc DW_TAG_array_type
	.long	823                     @ DW_AT_type
	.byte	4                       @ Abbrev [4] 0x330:0x6 DW_TAG_subrange_type
	.long	78                      @ DW_AT_type
	.byte	12                      @ DW_AT_count
	.byte	0                       @ End Of Children Mark
	.byte	14                      @ Abbrev [14] 0x337:0x5 DW_TAG_volatile_type
	.long	828                     @ DW_AT_type
	.byte	6                       @ Abbrev [6] 0x33c:0xb DW_TAG_typedef
	.long	839                     @ DW_AT_type
	.long	.Linfo_string16         @ DW_AT_name
	.byte	2                       @ DW_AT_decl_file
	.byte	62                      @ DW_AT_decl_line
	.byte	15                      @ Abbrev [15] 0x347:0x7 DW_TAG_base_type
	.long	.Linfo_string15         @ DW_AT_name
	.byte	8                       @ DW_AT_encoding
	.byte	1                       @ DW_AT_byte_size
	.byte	3                       @ Abbrev [3] 0x34e:0xc DW_TAG_array_type
	.long	783                     @ DW_AT_type
	.byte	4                       @ Abbrev [4] 0x353:0x6 DW_TAG_subrange_type
	.long	78                      @ DW_AT_type
	.byte	2                       @ DW_AT_count
	.byte	0                       @ End Of Children Mark
	.byte	3                       @ Abbrev [3] 0x35a:0xc DW_TAG_array_type
	.long	783                     @ DW_AT_type
	.byte	4                       @ Abbrev [4] 0x35f:0x6 DW_TAG_subrange_type
	.long	78                      @ DW_AT_type
	.byte	4                       @ DW_AT_count
	.byte	0                       @ End Of Children Mark
	.byte	3                       @ Abbrev [3] 0x366:0xc DW_TAG_array_type
	.long	783                     @ DW_AT_type
	.byte	4                       @ Abbrev [4] 0x36b:0x6 DW_TAG_subrange_type
	.long	78                      @ DW_AT_type
	.byte	5                       @ DW_AT_count
	.byte	0                       @ End Of Children Mark
	.byte	3                       @ Abbrev [3] 0x372:0xc DW_TAG_array_type
	.long	793                     @ DW_AT_type
	.byte	4                       @ Abbrev [4] 0x377:0x6 DW_TAG_subrange_type
	.long	78                      @ DW_AT_type
	.byte	1                       @ DW_AT_count
	.byte	0                       @ End Of Children Mark
	.byte	3                       @ Abbrev [3] 0x37e:0xc DW_TAG_array_type
	.long	793                     @ DW_AT_type
	.byte	4                       @ Abbrev [4] 0x383:0x6 DW_TAG_subrange_type
	.long	78                      @ DW_AT_type
	.byte	93                      @ DW_AT_count
	.byte	0                       @ End Of Children Mark
	.byte	3                       @ Abbrev [3] 0x38a:0xc DW_TAG_array_type
	.long	793                     @ DW_AT_type
	.byte	4                       @ Abbrev [4] 0x38f:0x6 DW_TAG_subrange_type
	.long	78                      @ DW_AT_type
	.byte	15                      @ DW_AT_count
	.byte	0                       @ End Of Children Mark
	.byte	3                       @ Abbrev [3] 0x396:0xc DW_TAG_array_type
	.long	793                     @ DW_AT_type
	.byte	4                       @ Abbrev [4] 0x39b:0x6 DW_TAG_subrange_type
	.long	78                      @ DW_AT_type
	.byte	6                       @ DW_AT_count
	.byte	0                       @ End Of Children Mark
	.byte	0                       @ End Of Children Mark
	.section	.debug_ranges,"",%progbits
	.section	.debug_macinfo,"",%progbits
.Lcu_macro_begin0:
	.byte	0                       @ End Of Macro List Mark
	.section	.debug_pubnames,"",%progbits
	.long	.LpubNames_end0-.LpubNames_begin0 @ Length of Public Names Info
.LpubNames_begin0:
	.short	2                       @ DWARF Version
	.long	.Lcu_begin0             @ Offset of Compilation Unit Info
	.long	931                     @ Compilation Unit Length
	.long	31                      @ DIE offset
	.asciz	"__Vectors"             @ External Name
	.long	0                       @ End Mark
.LpubNames_end0:
	.section	.debug_pubtypes,"",%progbits
	.long	.LpubTypes_end0-.LpubTypes_begin0 @ Length of Public Types Info
.LpubTypes_begin0:
	.short	2                       @ DWARF Version
	.long	.Lcu_begin0             @ Offset of Compilation Unit Info
	.long	931                     @ Compilation Unit Length
	.long	839                     @ DIE offset
	.asciz	"unsigned char"         @ External Name
	.long	793                     @ DIE offset
	.asciz	"uint32_t"              @ External Name
	.long	90                      @ DIE offset
	.asciz	"SCB_Type"              @ External Name
	.long	804                     @ DIE offset
	.asciz	"unsigned int"          @ External Name
	.long	60                      @ DIE offset
	.asciz	"pFunc"                 @ External Name
	.long	828                     @ DIE offset
	.asciz	"uint8_t"               @ External Name
	.long	0                       @ End Mark
.LpubTypes_end0:

	.ident	"Component: ARM Compiler 6.10.1 Tool: armclang [5d143200]"
	.section	".note.GNU-stack","",%progbits
	.ARM_attribute	16, 1	@ Tag_AV_eba
	.section	.debug_line,"",%progbits
.Lline_table_start0:
