	.text
	.syntax unified
	.eabi_attribute	67, "2.09"	@ Tag_conformance
	.cpu	cortex-m7
	.eabi_attribute	6, 13	@ Tag_CPU_arch
	.eabi_attribute	7, 77	@ Tag_CPU_arch_profile
	.eabi_attribute	8, 0	@ Tag_ARM_ISA_use
	.eabi_attribute	9, 2	@ Tag_THUMB_ISA_use
	.eabi_attribute	34, 1	@ Tag_CPU_unaligned_access
	.eabi_attribute	17, 1	@ Tag_ABI_PCS_GOT_use
	.eabi_attribute	20, 2	@ Tag_ABI_FP_denormal
	.eabi_attribute	21, 0	@ Tag_ABI_FP_exceptions
	.eabi_attribute	23, 1	@ Tag_ABI_FP_number_model
	.eabi_attribute	24, 1	@ Tag_ABI_align_needed
	.eabi_attribute	25, 1	@ Tag_ABI_align_preserved
	.eabi_attribute	38, 1	@ Tag_ABI_FP_16bit_format
	.eabi_attribute	18, 4	@ Tag_ABI_PCS_wchar_t
	.eabi_attribute	26, 2	@ Tag_ABI_enum_size
	.eabi_attribute	14, 0	@ Tag_ABI_PCS_R9_use
	.file	"systick.c"
	.file	1 "C:\\Keil_v5\\ARM\\ARMCLANG\\Bin\\..\\include" "stdint.h"
	.file	2 "../../../vsf/hal/arch/arm/cortex-m/SysTick/." "systick_internal.h"
	.file	3 "../../../vsf/hal/arch/arm/cortex-m/SysTick" "systick.c"
	.file	4 "../../../vsf/utilities/./3rd-party/PLOOC" "plooc.h"
	.file	5 "../../../vsf/utilities/." "type.h"
	.file	6 "../../../vsf/hal/arch/arm/cortex-m/SysTick/." "i_io_systick.h"
	.type	.Lllvm.embedded.module,%object @ @llvm.embedded.module
	.section	.llvmbc,"a",%progbits
	.p2align	4
.Lllvm.embedded.module:
	.asciz	"BC\300\3365\024\000\000\005\000\000\000b\f0$LY\276\346\356\323>-U\215\020\005\310\024\000\000!\f\000\000o\004\000\000\013\002!\000\002\000\000\000\023\000\000\000\007\201#\221A\310\004I\006\02029\222\001\204\f%\005\b\031\036\004\213b\200\024E\002B\222\013B\244\0202\0248\b\030K\n2R\210H\220\024 CF\210\245\000\0312B\344H\016\220\221\"\304PAQ\201\214\341\203\345\212\004)F\006Q\030\000\000\274\000\000\000\033F(\370\377\377\377\377\0010\200\211\030\207w\220\007y(\207q\240\007v\310\2076\220\207w\250\007w \207r \2076 \207t\260\207t \207rh\203y\210\007y\240\20760\007xh\203v\b\007z@\007\300\034\302\201\035\346\241\034\000\202\034\312\301\035\336A\036\332!\034\330\241\r\314\001\036\332\240\035\302\201\036\320\001\200\007y(\207y(\007y\260\207rh\203yH\207sp\007\200 \207t\230\207p\020\007v(\2076\240\207pH\007vh\203q\b\007v`\207y\000\314!\034\330a\036\312\001 \330\241\034\346a\036\332\000\036\344\241\034\306!\035\346\241\034\332\300\034\340\241\035\302\201\034\000s\b\007v\230\207r\000\bwx\20760\007y\b\207v(\2076\200\207wH\007w\240\207r\220\2076(\007vH\207v\000\314!\034\330a\036\312\001 \334\341\035\332 \035\334\301\034\346\241\r\314\001\036\332\240\035\302\201\036\320\001\240\007y\250\207r\000\bwx\2076p\207pp\207yh\003s\200\2076h\207p\240\007t\000\350A\036\352\241\034\000\302\035\336\241\r\346!\035\316\301\035\312\201\034\332@\037\312A\036\336a\036\332\300\034\340\241\r\332!\034\350\001\035\000z\220\207z(\007\200p\207wh\003z\220\207p\200\007xH\007w8\2076h\207p\240\007t\000\350A\036\352\241\034\000b\036\350!\034\306a\035\332\000\036\344\341\035\350\241\034\306\201\036\336A\036\332@\034\352\301\034\314\241\034\344\241\r\346!\035\364\241\034\000<\000\bz\b\007y8\207r\240\2076\030\007x\250\007`\034\336A\036\350\241\034\360\241\r\332\341\016\000\202\036\302A\036\316\241\034\350\241\r\314\241\034\302\201\036\352A\036\312a\036\2005 \207y\200\0076X\003t\270\007rH\007{`\2035\230\207w0\007zh\003s`\207w\b\007z`\2035\240\007t\250\207v\020\2076h\207w \207r`\2036\030\007y\030\0076h\203q\220\207|\200\007zx\0076h\003r\210\003;`\2036 \207w\240\007x\220\207w \0076h\003s\200\2076\b\007yh\007{\300\0036h\003s\200\2076x\007w`\207|h\203y\200\0076h\003s\200\2078\260\0036h\003s\250\007v`\007s\200\2078\260\0036h\003t\270\007rH\007{h\203p\220\207v`\2036p\207rx\007w`\2036\220\207p\230\0076h\003{0\007x\220\0036h\003{0\007x\230\0036h\003{0\007x\240\003\200\250\007w\230\207p0\207rh\003s\200\2076h\207p\240\007t\000\314!\034\330a\036\312\001 \352a\036\312\241\r\346\341\035\314\201\036\332\300\034\330\341\035\302\201\036\000z\220\207z(\007`\003!\000\200\030\000\000\000I\030\000\000\002\000\000\000\023\204@\230\020\004\000\000\211 \000\000=\000\000\0002\"H\t d\205\004\223\"\244\204\004\223\"\343\204\241\220\024\022L\212\214\013\204\244L\020|s\004\301\034\0012G\000\006GISD\t\223/a\322\204\b\312/\024\306?!!\b\032E\000\204\312\b@\t\016\241\022\000RE\000\202X\t\004\271\253\244)\242\204\311\247n\373\177\"\347!\242\t\373'$\264w\2134E\2240\371@\3434(\020\247P\r\3424>\3208\r\n\3425\322\024Q\302\344\003\215\323\3705\n\3041T\2038\215\0174N\343\323(\230\327HSD\t\223\0174N\343\337(\020\307P\r\3424>\3208\215o\243\240^#M\021%L>\3208\215\237\243@\034C5\210\323\370@\3434>\216\202{\2244E\2240\371\022&M\210\240\374\021a\374\023\"$\265\230\362A\322\024Q\302\344K\2304!\202\362O\3500i-\2304\355\201\2009\002P\000\000\023.z@\207zh\007q\260\207;(\207vh\203p\220\207vh\003wx\007w(\2076(\207p\020\207t\330\360\006\345\320\006\355\240\007\345\320\006\360\240\007s \007z0\007r\320\006\351`\007t\240\007v@\007m`\017q \007x\240\007v@\007z\020\007r\200\007m\020\016z\000\007z0\007r\320\006\3560\007r\320\006\263`\007t\240\364\200\020!)d\310H\021\021@#\204\311)\035\270\\/\227\353\345r\275\354s\363\013\035f\277\302\3621\372\025\226\267_\343\267\234^\306\267\332\257i~NM\217\327\257y~NO\217\327\256\361\016\b8\266A\002\006 \000\004\000\000\200`\210t@\005\020\000\001\000\000\000\000\000\000\000\000C\244KB\200\000\020\000\000\000\000\000\000\000\000\030\"\245\301\244\000\001\020\000\000\000\000\000\000\000\0000D\342\003J\001\002 \000\000\000\000\000\000\000\000`\210\004\013\026\003\004@\000\000\000\000\000\000\000\000\300\020\311\034*\007\b\000\001\000\000\000\000\000\000\000\200!\322>\\\b\020\000\002\000\000\000\000\000\000\000\000\022\033\004\n\323\021\000\000d\201\000\f\000\000\0002\036\230\024\031\021L\220\214\t&G\306\004C\022\025\376\217\377?P\004eP\002\2050\002@~\004\200 \n\305\2206\025\b\264\361\bb\220w \000\261\030\000\000t\000\000\0003\b\200\034\304\341\034f\024\001=\210C8\204\303\214B\200\007yx\007s\230q\f\346\000\017\355\020\016\364\200\0163\fB\036\302\301\035\316\241\034f0\005=\210C8\204\203\033\314\003=\310C=\214\003=\314x\214tp\007{\b\007yH\207pp\007zp\003vx\207p \207\031\314\021\016\354\220\016\3410\017n0\017\343\360\016\360P\0163\020\304\035\336!\034\330!\035\302a\036f0\211;\274\203;\320C9\264\003<\274\203<\204\003;\314\360\024v`\007{h\0077h\207rh\0077\200\207p\220\207p`\007v(\007v\370\005vx\207w\200\207_\b\207q\030\207r\230\207y\230\201,\356\360\016\356\340\016\365\300\016\3540\003b\310\241\034\344\241\034\314\241\034\344\241\034\334a\034\312!\034\304\201\035\312a\006\326\220C9\310C9\230C9\310C9\270\3038\224C8\210\003;\224\303/\274\203<\374\202;\324\003;\260\303\f\307i\207pX\207rp\203th\007x`\207t\030\207t\240\207\031\316S\017\356\000\017\362P\016\344\220\016\343@\017\341 \016\354P\0163 (\035\334\301\036\302A\036\322!\034\334\201\036\334\340\034\344\341\035\352\001\036f\030Q8\260C:\234\203;\314P$v`\007{h\0077`\207wx\007x\230QL\364\220\017\360P\0163\036j\036\312a\034\350!\035\336\301\035~\001\036\344\241\034\314!\035\360a\006T\205\2038\314\303;\260C=\320C9\374\302<\344C;\210\303;\260\303\214\305\n\207y\230\207w\030\207t\b\007z(\007r\230\201\\\343\020\016\354\300\016\345P\016\3630#\301\322A\036\344\341\027\330\341\035\336\001\036\000\000\000\000y \000\000d\002\000\000b\036H C\210\f\0319\031$\220\221@\306\310\310h\"P\b\0242\236\030\031!G\310\220Q\234\0038H9t\320\013xp\320AB\024\177\320\030\307q\300\201S\034{\320 \b\242\024\337\301\024Dq\030\302\221$\303\033 \003q4L#)\215$\001\000\000\000../../../vsf/hal/arch/arm/cortex-m/SysTick\\systick.cC:\\Users\\test\\Desktop\\GitHub\\Thread_and_Pt_test\\Thread_and_Pt_test\\source\\example\\project\\mdkComponent: ARM Compiler 6.10.1 Tool: armclang [5d143200]SYSTICK../../../vsf/hal/arch/arm/cortex-m/SysTick/systick.csystick_tInit_Bool../../../vsf/hal/arch/arm/cortex-m/SysTick/./systick_internal.hsystick_cfg_tEnableDisableIsMatchCounter../../../vsf/utilities/./3rd-party/PLOOC/plooc.hu32_property_tResetRegPage../../../vsf/hal/arch/arm/cortex-m/SysTick/./i_io_systick.hsystick_reg_tSYST_CSRSYST_RVRSYST_CVRSYST_CALIBValue../../../vsf/utilities/./type.hreg32_tunsigned intTENMSSKEWNOREFCURRENTRELOADENTICKINTCLKSOURCECOUNTFLAGSetC:\\Keil_v5\\ARM\\ARMCLANG\\Bin\\..\\include\\stdint.huint32_tGetmodeuint8_tunsigned charreload_valueDwarf VersionDebug Info Versionwchar_sizestatic_rwdataenumsize_buildattrarmlib_unavailable\000\000\000\306w\002\000\000\000\000\0000\202\3409#\bB2\202 (#\b\3022\202 0#\bB3\0224L@9\234\304\036\000`\000\000\200>\000\000\000\214\004\r\027P\016'!\n\000\030\000\000`\017\000\000\000#A\303\004\224CH\364\001\000\006\000\000\374\003\000\000\300H\320p\001\345\020\022\242\000\200\001\000\000\375\000\000\0000\0224L@9\354\303\037\000`\000\000\000I\000\000\000\214\004\r\027P\016\373 \n\000\030\000\000 \022\000\000\000#A\303\004\224C<\204\002\000\006\000\000\260\004\000\000\300H\320p\001\345\020\017\242\000\200\001\000\000'\001\000\0000\0224L@9\274\003\000\200\004\000\000\357\000\000\0000\0224LP8\304\005\000\200\002\000\0007\001\000\0000\0224L@,\340\001\000\200\002\000\000<\001\000\0000\0224LF+l\000\000\"\000\000\250\003\000\000\300l\314p\n\004\320\nh\360\n@\000\000\300PS\300\240\302\020\000\000\020\244\002\000\260\002\000\000\001\000\fT\000\201\000\0003\000\323\005\306\224\301\000\230\202*\314\020\254\302@\005P\b\0000Q\003XF+l@)\000\000\000\000\300D\r`\006\000\000\000\256\000\000\000\000\000\363\030\000\031 \b \fT\000\211\000\000\0235\200\245\304\302\036\000\244\000\000\000\000\000\0235\300\003\000\000 \013`\000\000\000\000\314 \300\302,\314D\b\000-\000\0235\300\003\000\000P\013`\000\000\000\000L\324\000\315\321\n\\)\330\002\030\000\000\000\0003\004\300L\204\000\340\0020Q\003<\000\000\000\271\000\006\000\000\000\300D\r\320,\255\320\225\202.\200\001\000\006\000\000\314\020\300\302L\204\000\360\0020Q\003<\000\000\000\275\000\006\000\000\000\300D\r\3200\255\340\225\202/\200\001\000\n\000\000L\324\000M\323\n_)\370\002\030\000\340\000\000\300@\005\360\b\0000Q\003XP8\304\0050\n\000\000\000\0000Q\0034N+\200A)\210\003(\000 \001\000\300D\r\320D\255\020\006\245\240\013`\000\200\006\000\000\003\025\300$\000\300D\r`Q\345\320\022\200(\000\000\000\000\300D\r\360\000\000\000\230\003\030\000\000\000\000\0235\200\031\000\000\000\234\003\000\000\000\000L\324\000\215\324\nbP\n\350\000\006\000x\000\0000\303q\013\273\360\013\3400\016\344\220\016\0235@S\225\003>\210B(\200\001\000\000\0000Q\0034V9\370\203(\374\001\030\000`\000\000\300D\r\320\\\345@\022\242\320\007`\000\200\002\000\000\0235@\203\225\003K\210\302\036\200\001\000\016\000\000\314@\254\003;\264\203;L\324\000\rP\016'\261\007z\000\006\000\000\000\300@\005\240\t\0000\217\001\220\001\007\006\3001Q\003\324\001\000\000\200<\000\000\000\000\300D\r`m\361@\023\300<\000\000\000\000\300D\r\320d\345\300\022{@\017`\000\000\000\000\314 \300C=L\324\000MW\016(\241\007\364\200\001\000\b\202\020\035\000\0235@\343\225\203J\350\001=\004\200\007\202 D\007\300D\r\320|\345\260\022z@\017\001\360\201 \b\321\0010\303p\017\370\220\017\0235@\003\224CH\364\001\037\200\001\000\000\0000Q\0034Y9\220D\037\320\003\030\000\000\000\0003\b\373\300\017\0235@\003\006\345 \022|@\017\030\000\200 \b\321\0010C\340\017\0235@\003\224\303>\374\201\037\200\001\000\000\0000Q\0034Y9\370\303\037\320\003\030\000\000\000\0003\b \021\022\0235@\023\006\345\300\017~@\017\030\000\200 \b\321\0010C0\022\0235@\003\224C<\204\002(\200\001\000\000\0000Q\0034Y9\340C(\320\003\030\000\000\000\0003\b%a\022\0235@#\006\345 \017\240@\017\001\000\200 \b\321\0010Q\0034cP\016\363\000\n\364\020\000\001\b\202\020\035\000\0235@C\006\345@\017\240@\017\001 \200 \b\321\0010Q\0034eP\016\366\000\n\364\020\000\020\b\202\020\035\0003\020(\221\022*\261\022\003\025\300\031\b\0000Q\003Xh\320\022\240\000\310\003\000\000\000\000\314 \300\202K\314D\b\300K\000\0235\300\003\000\000\000\023`\000\000\000\000L\324\000\215\031\204\203\\\214BL\200\001\000\000\0000C\340\0223\021\0020\023\300D\r\360\000\000\000\320\004\030\000\000\000\000\0235@\223\006\3410\027\243P\023`\000\200\001\000\0003\b2a\023\363\030\000\031\260\001\002 \0235\200\265\006-\341\007\000N\000\000\000\000\300D\r\320\250A,\344\001)\344\004\002\000\000\000L\324\000M\033\304\202\036\220\202K\200\001\000\006\000\000\314 \350\304N\3140\324\201\033\330\301\fC\035\274\201\035\3140\334\001\034\340\301\f\303\035\304\301\035\3140\334\201\034\324\301\f\303\035\314A\036\314\020\f\007\017\000\307q\034\307\271\204K\270\204K\270\204K\270\204K\240\004J\240\204H\300\003M\270\001d\321\001\347\006\352\240\016z\340\006\360\240\016h\340\006\352`\017\226\033\250\003?pn\240\016\374\300\017n\000\017\"!\022n\000\017\352\240\016\"A\016\374 \022\"!\022\240\300\017n\000\n\352\000\017\374\200\006.\341\022.A\007\374\300\017h@\023\034?\360\003\032\320\004\307\017\374\200\0064A\0234A\023\240@\007\366\200\006n\240\016\"\301\271\201:\240\004\032\200\202=\360\003J\240\001\035\320\001\035\320\001\035\320\201\214\004&(\02766\2736\0272\2613\227\261\272Q\002S\310\210\215\315\256\315\245\355\215\254\216\255\314\305\214-\354ln\024\203'z\302'~\002,\302\"\02566\2736\2274\26227\272Q\002\261\0302\030\000@\025\000\000\000\000\251\030\000\000\023\000\000\000\013\nr(\207w\200\007zXp\230C=\270\3038\260C9\320\303\202\346\034\306\241\r\350A\036\302\301\035\346!\035\350!\035\336\301\035\026(\342P\016\346\360\016\362P\016\351\340\016\363@\017\013\222p0\007z(\007yH\007w\230\007z\000\321\020\000\000\006\000\000\000\007\314<\244\203;\234\003;\224\003=\240\203<\224C8\220\303\001\000\000\000q \000\000\002\000\000\0002\016\020\"\004\000\000\000\000\000\000\000e\f\000\000G\000\000\000\022\003\2240\002\000\000\000\001\000\000\000\222\000\000\000\b\000\000\000D\000\000\000\001\000\000\000P\000\000\000\000\000\000\000P\000\000\000\b\000\000\000\020\001\000\000\000\000\000\000\232\000\000\000\027\000\000\000\261\000\000\0004\000\000\000\345\000\000\000\000\000\000\000\000\000\000\000\b\000\000\000\000\000\000\000\007\000\000\000\020\000\000\000\007\000\000\000\020\000\000\000\377\377\377\377\b$\000\000\027\000\000\000\022\000\000\000\027\000\000\000\022\000\000\000\377\377\377\377\b$\000\000)\000\000\000\023\000\000\000)\000\000\000\023\000\000\000\377\377\377\377\b$\000\000<\000\000\000\024\000\000\000<\000\000\000\024\000\000\000\377\377\377\377\b$\000\000P\000\000\000\026\000\000\000P\000\000\000\026\000\000\000\377\377\377\377\b$\000\000f\000\000\000\025\000\000\000f\000\000\000\025\000\000\000\377\377\377\377\b$\000\000{\000\000\000\027\000\000\000{\000\000\000\027\000\000\000\377\377\377\377\b$\000\000\000\000\000\000\007\000\000\000\000\000\000\000\007\000\000\000\377\377\377\377\001\004\000\000\000\000\000\000]\f\000\000=\000\000\000\022\003\224\345\001\000\000\000SYSTICKvsf_systick_initvsf_systick_enablevsf_systick_disablevsf_systick_is_matchvsf_systick_set_reloadvsf_systick_get_countvsf_systick_clear_count7.0.0svnthumbv7em-arm-none-eabi../../../vsf/hal/arch/arm/cortex-m/SysTick/systick.c\000\000\000\000\000\000"
	.size	.Lllvm.embedded.module, 5124

	.section	.debug_str,"MS",%progbits,1
.Linfo_string0:
	.asciz	"Component: ARM Compiler 6.10.1 Tool: armclang [5d143200]" @ string offset=0
.Linfo_string1:
	.asciz	"../../../vsf/hal/arch/arm/cortex-m/SysTick\\systick.c" @ string offset=57
.Linfo_string2:
	.asciz	"C:\\Users\\test\\Desktop\\GitHub\\Thread_and_Pt_test\\Thread_and_Pt_test\\source\\example\\project\\mdk" @ string offset=110
.Linfo_string3:
	.asciz	"SYSTICK"               @ string offset=204
.Linfo_string4:
	.asciz	"Init"                  @ string offset=212
.Linfo_string5:
	.asciz	"_Bool"                 @ string offset=217
.Linfo_string6:
	.asciz	"mode"                  @ string offset=223
.Linfo_string7:
	.asciz	"unsigned char"         @ string offset=228
.Linfo_string8:
	.asciz	"uint8_t"               @ string offset=242
.Linfo_string9:
	.asciz	"reload_value"          @ string offset=250
.Linfo_string10:
	.asciz	"unsigned int"          @ string offset=263
.Linfo_string11:
	.asciz	"uint32_t"              @ string offset=276
.Linfo_string12:
	.asciz	"systick_cfg_t"         @ string offset=285
.Linfo_string13:
	.asciz	"Enable"                @ string offset=299
.Linfo_string14:
	.asciz	"Disable"               @ string offset=306
.Linfo_string15:
	.asciz	"IsMatch"               @ string offset=314
.Linfo_string16:
	.asciz	"Counter"               @ string offset=322
.Linfo_string17:
	.asciz	"Set"                   @ string offset=330
.Linfo_string18:
	.asciz	"Get"                   @ string offset=334
.Linfo_string19:
	.asciz	"u32_property_t"        @ string offset=338
.Linfo_string20:
	.asciz	"Reset"                 @ string offset=353
.Linfo_string21:
	.asciz	"RegPage"               @ string offset=359
.Linfo_string22:
	.asciz	"SYST_CSR"              @ string offset=367
.Linfo_string23:
	.asciz	"EN"                    @ string offset=376
.Linfo_string24:
	.asciz	"reg32_t"               @ string offset=379
.Linfo_string25:
	.asciz	"TICKINT"               @ string offset=387
.Linfo_string26:
	.asciz	"CLKSOURCE"             @ string offset=395
.Linfo_string27:
	.asciz	"COUNTFLAG"             @ string offset=405
.Linfo_string28:
	.asciz	"Value"                 @ string offset=415
.Linfo_string29:
	.asciz	"SYST_RVR"              @ string offset=421
.Linfo_string30:
	.asciz	"RELOAD"                @ string offset=430
.Linfo_string31:
	.asciz	"SYST_CVR"              @ string offset=437
.Linfo_string32:
	.asciz	"CURRENT"               @ string offset=446
.Linfo_string33:
	.asciz	"SYST_CALIB"            @ string offset=454
.Linfo_string34:
	.asciz	"TENMS"                 @ string offset=465
.Linfo_string35:
	.asciz	"SKEW"                  @ string offset=471
.Linfo_string36:
	.asciz	"NOREF"                 @ string offset=476
.Linfo_string37:
	.asciz	"systick_reg_t"         @ string offset=482
.Linfo_string38:
	.asciz	"systick_t"             @ string offset=496
	.section	.debug_abbrev,"",%progbits
	.byte	1                       @ Abbreviation Code
	.byte	17                      @ DW_TAG_compile_unit
	.byte	1                       @ DW_CHILDREN_yes
	.byte	37                      @ DW_AT_producer
	.byte	14                      @ DW_FORM_strp
	.byte	19                      @ DW_AT_language
	.byte	5                       @ DW_FORM_data2
	.byte	3                       @ DW_AT_name
	.byte	14                      @ DW_FORM_strp
	.byte	16                      @ DW_AT_stmt_list
	.byte	6                       @ DW_FORM_data4
	.byte	27                      @ DW_AT_comp_dir
	.byte	14                      @ DW_FORM_strp
	.ascii	"\264B"                 @ DW_AT_GNU_pubnames
	.byte	12                      @ DW_FORM_flag
	.byte	0                       @ EOM(1)
	.byte	0                       @ EOM(2)
	.byte	2                       @ Abbreviation Code
	.byte	52                      @ DW_TAG_variable
	.byte	0                       @ DW_CHILDREN_no
	.byte	3                       @ DW_AT_name
	.byte	14                      @ DW_FORM_strp
	.byte	73                      @ DW_AT_type
	.byte	19                      @ DW_FORM_ref4
	.byte	63                      @ DW_AT_external
	.byte	12                      @ DW_FORM_flag
	.byte	58                      @ DW_AT_decl_file
	.byte	11                      @ DW_FORM_data1
	.byte	59                      @ DW_AT_decl_line
	.byte	11                      @ DW_FORM_data1
	.byte	0                       @ EOM(1)
	.byte	0                       @ EOM(2)
	.byte	3                       @ Abbreviation Code
	.byte	38                      @ DW_TAG_const_type
	.byte	0                       @ DW_CHILDREN_no
	.byte	73                      @ DW_AT_type
	.byte	19                      @ DW_FORM_ref4
	.byte	0                       @ EOM(1)
	.byte	0                       @ EOM(2)
	.byte	4                       @ Abbreviation Code
	.byte	22                      @ DW_TAG_typedef
	.byte	0                       @ DW_CHILDREN_no
	.byte	73                      @ DW_AT_type
	.byte	19                      @ DW_FORM_ref4
	.byte	3                       @ DW_AT_name
	.byte	14                      @ DW_FORM_strp
	.byte	58                      @ DW_AT_decl_file
	.byte	11                      @ DW_FORM_data1
	.byte	59                      @ DW_AT_decl_line
	.byte	11                      @ DW_FORM_data1
	.byte	0                       @ EOM(1)
	.byte	0                       @ EOM(2)
	.byte	5                       @ Abbreviation Code
	.byte	19                      @ DW_TAG_structure_type
	.byte	1                       @ DW_CHILDREN_yes
	.byte	3                       @ DW_AT_name
	.byte	14                      @ DW_FORM_strp
	.byte	11                      @ DW_AT_byte_size
	.byte	11                      @ DW_FORM_data1
	.byte	58                      @ DW_AT_decl_file
	.byte	11                      @ DW_FORM_data1
	.byte	59                      @ DW_AT_decl_line
	.byte	11                      @ DW_FORM_data1
	.byte	0                       @ EOM(1)
	.byte	0                       @ EOM(2)
	.byte	6                       @ Abbreviation Code
	.byte	13                      @ DW_TAG_member
	.byte	0                       @ DW_CHILDREN_no
	.byte	3                       @ DW_AT_name
	.byte	14                      @ DW_FORM_strp
	.byte	73                      @ DW_AT_type
	.byte	19                      @ DW_FORM_ref4
	.byte	58                      @ DW_AT_decl_file
	.byte	11                      @ DW_FORM_data1
	.byte	59                      @ DW_AT_decl_line
	.byte	11                      @ DW_FORM_data1
	.byte	56                      @ DW_AT_data_member_location
	.byte	11                      @ DW_FORM_data1
	.byte	0                       @ EOM(1)
	.byte	0                       @ EOM(2)
	.byte	7                       @ Abbreviation Code
	.byte	15                      @ DW_TAG_pointer_type
	.byte	0                       @ DW_CHILDREN_no
	.byte	73                      @ DW_AT_type
	.byte	19                      @ DW_FORM_ref4
	.byte	0                       @ EOM(1)
	.byte	0                       @ EOM(2)
	.byte	8                       @ Abbreviation Code
	.byte	21                      @ DW_TAG_subroutine_type
	.byte	1                       @ DW_CHILDREN_yes
	.byte	73                      @ DW_AT_type
	.byte	19                      @ DW_FORM_ref4
	.byte	39                      @ DW_AT_prototyped
	.byte	12                      @ DW_FORM_flag
	.byte	0                       @ EOM(1)
	.byte	0                       @ EOM(2)
	.byte	9                       @ Abbreviation Code
	.byte	5                       @ DW_TAG_formal_parameter
	.byte	0                       @ DW_CHILDREN_no
	.byte	73                      @ DW_AT_type
	.byte	19                      @ DW_FORM_ref4
	.byte	0                       @ EOM(1)
	.byte	0                       @ EOM(2)
	.byte	10                      @ Abbreviation Code
	.byte	36                      @ DW_TAG_base_type
	.byte	0                       @ DW_CHILDREN_no
	.byte	3                       @ DW_AT_name
	.byte	14                      @ DW_FORM_strp
	.byte	62                      @ DW_AT_encoding
	.byte	11                      @ DW_FORM_data1
	.byte	11                      @ DW_AT_byte_size
	.byte	11                      @ DW_FORM_data1
	.byte	0                       @ EOM(1)
	.byte	0                       @ EOM(2)
	.byte	11                      @ Abbreviation Code
	.byte	19                      @ DW_TAG_structure_type
	.byte	1                       @ DW_CHILDREN_yes
	.byte	11                      @ DW_AT_byte_size
	.byte	11                      @ DW_FORM_data1
	.byte	58                      @ DW_AT_decl_file
	.byte	11                      @ DW_FORM_data1
	.byte	59                      @ DW_AT_decl_line
	.byte	11                      @ DW_FORM_data1
	.byte	0                       @ EOM(1)
	.byte	0                       @ EOM(2)
	.byte	12                      @ Abbreviation Code
	.byte	21                      @ DW_TAG_subroutine_type
	.byte	0                       @ DW_CHILDREN_no
	.byte	39                      @ DW_AT_prototyped
	.byte	12                      @ DW_FORM_flag
	.byte	0                       @ EOM(1)
	.byte	0                       @ EOM(2)
	.byte	13                      @ Abbreviation Code
	.byte	21                      @ DW_TAG_subroutine_type
	.byte	0                       @ DW_CHILDREN_no
	.byte	73                      @ DW_AT_type
	.byte	19                      @ DW_FORM_ref4
	.byte	39                      @ DW_AT_prototyped
	.byte	12                      @ DW_FORM_flag
	.byte	0                       @ EOM(1)
	.byte	0                       @ EOM(2)
	.byte	14                      @ Abbreviation Code
	.byte	23                      @ DW_TAG_union_type
	.byte	1                       @ DW_CHILDREN_yes
	.byte	11                      @ DW_AT_byte_size
	.byte	11                      @ DW_FORM_data1
	.byte	58                      @ DW_AT_decl_file
	.byte	11                      @ DW_FORM_data1
	.byte	59                      @ DW_AT_decl_line
	.byte	11                      @ DW_FORM_data1
	.byte	0                       @ EOM(1)
	.byte	0                       @ EOM(2)
	.byte	15                      @ Abbreviation Code
	.byte	13                      @ DW_TAG_member
	.byte	0                       @ DW_CHILDREN_no
	.byte	73                      @ DW_AT_type
	.byte	19                      @ DW_FORM_ref4
	.byte	58                      @ DW_AT_decl_file
	.byte	11                      @ DW_FORM_data1
	.byte	59                      @ DW_AT_decl_line
	.byte	11                      @ DW_FORM_data1
	.byte	56                      @ DW_AT_data_member_location
	.byte	11                      @ DW_FORM_data1
	.byte	0                       @ EOM(1)
	.byte	0                       @ EOM(2)
	.byte	16                      @ Abbreviation Code
	.byte	13                      @ DW_TAG_member
	.byte	0                       @ DW_CHILDREN_no
	.byte	3                       @ DW_AT_name
	.byte	14                      @ DW_FORM_strp
	.byte	73                      @ DW_AT_type
	.byte	19                      @ DW_FORM_ref4
	.byte	58                      @ DW_AT_decl_file
	.byte	11                      @ DW_FORM_data1
	.byte	59                      @ DW_AT_decl_line
	.byte	11                      @ DW_FORM_data1
	.byte	11                      @ DW_AT_byte_size
	.byte	11                      @ DW_FORM_data1
	.byte	13                      @ DW_AT_bit_size
	.byte	11                      @ DW_FORM_data1
	.byte	12                      @ DW_AT_bit_offset
	.byte	11                      @ DW_FORM_data1
	.byte	56                      @ DW_AT_data_member_location
	.byte	11                      @ DW_FORM_data1
	.byte	0                       @ EOM(1)
	.byte	0                       @ EOM(2)
	.byte	17                      @ Abbreviation Code
	.byte	53                      @ DW_TAG_volatile_type
	.byte	0                       @ DW_CHILDREN_no
	.byte	73                      @ DW_AT_type
	.byte	19                      @ DW_FORM_ref4
	.byte	0                       @ EOM(1)
	.byte	0                       @ EOM(2)
	.byte	0                       @ EOM(3)
	.section	.debug_info,"",%progbits
.Lcu_begin0:
	.long	689                     @ Length of Unit
	.short	3                       @ DWARF version number
	.long	.debug_abbrev           @ Offset Into Abbrev. Section
	.byte	4                       @ Address Size (in bytes)
	.byte	1                       @ Abbrev [1] 0xb:0x2aa DW_TAG_compile_unit
	.long	.Linfo_string0          @ DW_AT_producer
	.short	12                      @ DW_AT_language
	.long	.Linfo_string1          @ DW_AT_name
	.long	.Lline_table_start0     @ DW_AT_stmt_list
	.long	.Linfo_string2          @ DW_AT_comp_dir
	.byte	1                       @ DW_AT_GNU_pubnames
	.byte	2                       @ Abbrev [2] 0x1f:0xc DW_TAG_variable
	.long	.Linfo_string3          @ DW_AT_name
	.long	43                      @ DW_AT_type
	.byte	1                       @ DW_AT_external
	.byte	3                       @ DW_AT_decl_file
	.byte	40                      @ DW_AT_decl_line
	.byte	3                       @ Abbrev [3] 0x2b:0x5 DW_TAG_const_type
	.long	48                      @ DW_AT_type
	.byte	4                       @ Abbrev [4] 0x30:0xb DW_TAG_typedef
	.long	59                      @ DW_AT_type
	.long	.Linfo_string38         @ DW_AT_name
	.byte	3                       @ DW_AT_decl_file
	.byte	27                      @ DW_AT_decl_line
	.byte	5                       @ Abbrev [5] 0x3b:0x5d DW_TAG_structure_type
	.long	.Linfo_string38         @ DW_AT_name
	.byte	32                      @ DW_AT_byte_size
	.byte	3                       @ DW_AT_decl_file
	.byte	27                      @ DW_AT_decl_line
	.byte	6                       @ Abbrev [6] 0x43:0xc DW_TAG_member
	.long	.Linfo_string4          @ DW_AT_name
	.long	152                     @ DW_AT_type
	.byte	3                       @ DW_AT_decl_file
	.byte	28                      @ DW_AT_decl_line
	.byte	0                       @ DW_AT_data_member_location
	.byte	6                       @ Abbrev [6] 0x4f:0xc DW_TAG_member
	.long	.Linfo_string13         @ DW_AT_name
	.long	257                     @ DW_AT_type
	.byte	3                       @ DW_AT_decl_file
	.byte	29                      @ DW_AT_decl_line
	.byte	4                       @ DW_AT_data_member_location
	.byte	6                       @ Abbrev [6] 0x5b:0xc DW_TAG_member
	.long	.Linfo_string14         @ DW_AT_name
	.long	264                     @ DW_AT_type
	.byte	3                       @ DW_AT_decl_file
	.byte	30                      @ DW_AT_decl_line
	.byte	8                       @ DW_AT_data_member_location
	.byte	6                       @ Abbrev [6] 0x67:0xc DW_TAG_member
	.long	.Linfo_string15         @ DW_AT_name
	.long	264                     @ DW_AT_type
	.byte	3                       @ DW_AT_decl_file
	.byte	31                      @ DW_AT_decl_line
	.byte	12                      @ DW_AT_data_member_location
	.byte	6                       @ Abbrev [6] 0x73:0xc DW_TAG_member
	.long	.Linfo_string16         @ DW_AT_name
	.long	275                     @ DW_AT_type
	.byte	3                       @ DW_AT_decl_file
	.byte	32                      @ DW_AT_decl_line
	.byte	16                      @ DW_AT_data_member_location
	.byte	6                       @ Abbrev [6] 0x7f:0xc DW_TAG_member
	.long	.Linfo_string20         @ DW_AT_name
	.long	257                     @ DW_AT_type
	.byte	3                       @ DW_AT_decl_file
	.byte	33                      @ DW_AT_decl_line
	.byte	24                      @ DW_AT_data_member_location
	.byte	6                       @ Abbrev [6] 0x8b:0xc DW_TAG_member
	.long	.Linfo_string21         @ DW_AT_name
	.long	347                     @ DW_AT_type
	.byte	3                       @ DW_AT_decl_file
	.byte	34                      @ DW_AT_decl_line
	.byte	28                      @ DW_AT_data_member_location
	.byte	0                       @ End Of Children Mark
	.byte	7                       @ Abbrev [7] 0x98:0x5 DW_TAG_pointer_type
	.long	157                     @ DW_AT_type
	.byte	8                       @ Abbrev [8] 0x9d:0xc DW_TAG_subroutine_type
	.long	169                     @ DW_AT_type
	.byte	1                       @ DW_AT_prototyped
	.byte	9                       @ Abbrev [9] 0xa3:0x5 DW_TAG_formal_parameter
	.long	176                     @ DW_AT_type
	.byte	0                       @ End Of Children Mark
	.byte	10                      @ Abbrev [10] 0xa9:0x7 DW_TAG_base_type
	.long	.Linfo_string5          @ DW_AT_name
	.byte	2                       @ DW_AT_encoding
	.byte	1                       @ DW_AT_byte_size
	.byte	7                       @ Abbrev [7] 0xb0:0x5 DW_TAG_pointer_type
	.long	181                     @ DW_AT_type
	.byte	4                       @ Abbrev [4] 0xb5:0xb DW_TAG_typedef
	.long	192                     @ DW_AT_type
	.long	.Linfo_string12         @ DW_AT_name
	.byte	2                       @ DW_AT_decl_file
	.byte	59                      @ DW_AT_decl_line
	.byte	11                      @ Abbrev [11] 0xc0:0x1d DW_TAG_structure_type
	.byte	8                       @ DW_AT_byte_size
	.byte	2                       @ DW_AT_decl_file
	.byte	56                      @ DW_AT_decl_line
	.byte	6                       @ Abbrev [6] 0xc4:0xc DW_TAG_member
	.long	.Linfo_string6          @ DW_AT_name
	.long	221                     @ DW_AT_type
	.byte	2                       @ DW_AT_decl_file
	.byte	57                      @ DW_AT_decl_line
	.byte	0                       @ DW_AT_data_member_location
	.byte	6                       @ Abbrev [6] 0xd0:0xc DW_TAG_member
	.long	.Linfo_string9          @ DW_AT_name
	.long	239                     @ DW_AT_type
	.byte	2                       @ DW_AT_decl_file
	.byte	58                      @ DW_AT_decl_line
	.byte	4                       @ DW_AT_data_member_location
	.byte	0                       @ End Of Children Mark
	.byte	4                       @ Abbrev [4] 0xdd:0xb DW_TAG_typedef
	.long	232                     @ DW_AT_type
	.long	.Linfo_string8          @ DW_AT_name
	.byte	1                       @ DW_AT_decl_file
	.byte	62                      @ DW_AT_decl_line
	.byte	10                      @ Abbrev [10] 0xe8:0x7 DW_TAG_base_type
	.long	.Linfo_string7          @ DW_AT_name
	.byte	8                       @ DW_AT_encoding
	.byte	1                       @ DW_AT_byte_size
	.byte	4                       @ Abbrev [4] 0xef:0xb DW_TAG_typedef
	.long	250                     @ DW_AT_type
	.long	.Linfo_string11         @ DW_AT_name
	.byte	1                       @ DW_AT_decl_file
	.byte	64                      @ DW_AT_decl_line
	.byte	10                      @ Abbrev [10] 0xfa:0x7 DW_TAG_base_type
	.long	.Linfo_string10         @ DW_AT_name
	.byte	7                       @ DW_AT_encoding
	.byte	4                       @ DW_AT_byte_size
	.byte	7                       @ Abbrev [7] 0x101:0x5 DW_TAG_pointer_type
	.long	262                     @ DW_AT_type
	.byte	12                      @ Abbrev [12] 0x106:0x2 DW_TAG_subroutine_type
	.byte	1                       @ DW_AT_prototyped
	.byte	7                       @ Abbrev [7] 0x108:0x5 DW_TAG_pointer_type
	.long	269                     @ DW_AT_type
	.byte	13                      @ Abbrev [13] 0x10d:0x6 DW_TAG_subroutine_type
	.long	169                     @ DW_AT_type
	.byte	1                       @ DW_AT_prototyped
	.byte	4                       @ Abbrev [4] 0x113:0xb DW_TAG_typedef
	.long	286                     @ DW_AT_type
	.long	.Linfo_string19         @ DW_AT_name
	.byte	4                       @ DW_AT_decl_file
	.byte	177                     @ DW_AT_decl_line
	.byte	5                       @ Abbrev [5] 0x11e:0x21 DW_TAG_structure_type
	.long	.Linfo_string19         @ DW_AT_name
	.byte	8                       @ DW_AT_byte_size
	.byte	4                       @ DW_AT_decl_file
	.byte	177                     @ DW_AT_decl_line
	.byte	6                       @ Abbrev [6] 0x126:0xc DW_TAG_member
	.long	.Linfo_string17         @ DW_AT_name
	.long	319                     @ DW_AT_type
	.byte	4                       @ DW_AT_decl_file
	.byte	178                     @ DW_AT_decl_line
	.byte	0                       @ DW_AT_data_member_location
	.byte	6                       @ Abbrev [6] 0x132:0xc DW_TAG_member
	.long	.Linfo_string18         @ DW_AT_name
	.long	336                     @ DW_AT_type
	.byte	4                       @ DW_AT_decl_file
	.byte	179                     @ DW_AT_decl_line
	.byte	4                       @ DW_AT_data_member_location
	.byte	0                       @ End Of Children Mark
	.byte	7                       @ Abbrev [7] 0x13f:0x5 DW_TAG_pointer_type
	.long	324                     @ DW_AT_type
	.byte	8                       @ Abbrev [8] 0x144:0xc DW_TAG_subroutine_type
	.long	169                     @ DW_AT_type
	.byte	1                       @ DW_AT_prototyped
	.byte	9                       @ Abbrev [9] 0x14a:0x5 DW_TAG_formal_parameter
	.long	239                     @ DW_AT_type
	.byte	0                       @ End Of Children Mark
	.byte	7                       @ Abbrev [7] 0x150:0x5 DW_TAG_pointer_type
	.long	341                     @ DW_AT_type
	.byte	13                      @ Abbrev [13] 0x155:0x6 DW_TAG_subroutine_type
	.long	239                     @ DW_AT_type
	.byte	1                       @ DW_AT_prototyped
	.byte	3                       @ Abbrev [3] 0x15b:0x5 DW_TAG_const_type
	.long	352                     @ DW_AT_type
	.byte	7                       @ Abbrev [7] 0x160:0x5 DW_TAG_pointer_type
	.long	357                     @ DW_AT_type
	.byte	4                       @ Abbrev [4] 0x165:0xb DW_TAG_typedef
	.long	368                     @ DW_AT_type
	.long	.Linfo_string37         @ DW_AT_name
	.byte	6                       @ DW_AT_decl_file
	.byte	141                     @ DW_AT_decl_line
	.byte	11                      @ Abbrev [11] 0x170:0x134 DW_TAG_structure_type
	.byte	16                      @ DW_AT_byte_size
	.byte	6                       @ DW_AT_decl_file
	.byte	111                     @ DW_AT_decl_line
	.byte	6                       @ Abbrev [6] 0x174:0xc DW_TAG_member
	.long	.Linfo_string22         @ DW_AT_name
	.long	384                     @ DW_AT_type
	.byte	6                       @ DW_AT_decl_file
	.byte	120                     @ DW_AT_decl_line
	.byte	0                       @ DW_AT_data_member_location
	.byte	14                      @ Abbrev [14] 0x180:0x5a DW_TAG_union_type
	.byte	4                       @ DW_AT_byte_size
	.byte	6                       @ DW_AT_decl_file
	.byte	113                     @ DW_AT_decl_line
	.byte	15                      @ Abbrev [15] 0x184:0x8 DW_TAG_member
	.long	396                     @ DW_AT_type
	.byte	6                       @ DW_AT_decl_file
	.byte	113                     @ DW_AT_decl_line
	.byte	0                       @ DW_AT_data_member_location
	.byte	11                      @ Abbrev [11] 0x18c:0x41 DW_TAG_structure_type
	.byte	4                       @ DW_AT_byte_size
	.byte	6                       @ DW_AT_decl_file
	.byte	113                     @ DW_AT_decl_line
	.byte	16                      @ Abbrev [16] 0x190:0xf DW_TAG_member
	.long	.Linfo_string23         @ DW_AT_name
	.long	676                     @ DW_AT_type
	.byte	6                       @ DW_AT_decl_file
	.byte	114                     @ DW_AT_decl_line
	.byte	4                       @ DW_AT_byte_size
	.byte	1                       @ DW_AT_bit_size
	.byte	31                      @ DW_AT_bit_offset
	.byte	0                       @ DW_AT_data_member_location
	.byte	16                      @ Abbrev [16] 0x19f:0xf DW_TAG_member
	.long	.Linfo_string25         @ DW_AT_name
	.long	676                     @ DW_AT_type
	.byte	6                       @ DW_AT_decl_file
	.byte	115                     @ DW_AT_decl_line
	.byte	4                       @ DW_AT_byte_size
	.byte	1                       @ DW_AT_bit_size
	.byte	30                      @ DW_AT_bit_offset
	.byte	0                       @ DW_AT_data_member_location
	.byte	16                      @ Abbrev [16] 0x1ae:0xf DW_TAG_member
	.long	.Linfo_string26         @ DW_AT_name
	.long	676                     @ DW_AT_type
	.byte	6                       @ DW_AT_decl_file
	.byte	116                     @ DW_AT_decl_line
	.byte	4                       @ DW_AT_byte_size
	.byte	1                       @ DW_AT_bit_size
	.byte	29                      @ DW_AT_bit_offset
	.byte	0                       @ DW_AT_data_member_location
	.byte	16                      @ Abbrev [16] 0x1bd:0xf DW_TAG_member
	.long	.Linfo_string27         @ DW_AT_name
	.long	676                     @ DW_AT_type
	.byte	6                       @ DW_AT_decl_file
	.byte	118                     @ DW_AT_decl_line
	.byte	4                       @ DW_AT_byte_size
	.byte	1                       @ DW_AT_bit_size
	.byte	15                      @ DW_AT_bit_offset
	.byte	0                       @ DW_AT_data_member_location
	.byte	0                       @ End Of Children Mark
	.byte	6                       @ Abbrev [6] 0x1cd:0xc DW_TAG_member
	.long	.Linfo_string28         @ DW_AT_name
	.long	676                     @ DW_AT_type
	.byte	6                       @ DW_AT_decl_file
	.byte	120                     @ DW_AT_decl_line
	.byte	0                       @ DW_AT_data_member_location
	.byte	0                       @ End Of Children Mark
	.byte	6                       @ Abbrev [6] 0x1da:0xc DW_TAG_member
	.long	.Linfo_string29         @ DW_AT_name
	.long	486                     @ DW_AT_type
	.byte	6                       @ DW_AT_decl_file
	.byte	126                     @ DW_AT_decl_line
	.byte	4                       @ DW_AT_data_member_location
	.byte	14                      @ Abbrev [14] 0x1e6:0x2d DW_TAG_union_type
	.byte	4                       @ DW_AT_byte_size
	.byte	6                       @ DW_AT_decl_file
	.byte	123                     @ DW_AT_decl_line
	.byte	15                      @ Abbrev [15] 0x1ea:0x8 DW_TAG_member
	.long	498                     @ DW_AT_type
	.byte	6                       @ DW_AT_decl_file
	.byte	123                     @ DW_AT_decl_line
	.byte	0                       @ DW_AT_data_member_location
	.byte	11                      @ Abbrev [11] 0x1f2:0x14 DW_TAG_structure_type
	.byte	4                       @ DW_AT_byte_size
	.byte	6                       @ DW_AT_decl_file
	.byte	123                     @ DW_AT_decl_line
	.byte	16                      @ Abbrev [16] 0x1f6:0xf DW_TAG_member
	.long	.Linfo_string30         @ DW_AT_name
	.long	676                     @ DW_AT_type
	.byte	6                       @ DW_AT_decl_file
	.byte	124                     @ DW_AT_decl_line
	.byte	4                       @ DW_AT_byte_size
	.byte	24                      @ DW_AT_bit_size
	.byte	8                       @ DW_AT_bit_offset
	.byte	0                       @ DW_AT_data_member_location
	.byte	0                       @ End Of Children Mark
	.byte	6                       @ Abbrev [6] 0x206:0xc DW_TAG_member
	.long	.Linfo_string28         @ DW_AT_name
	.long	676                     @ DW_AT_type
	.byte	6                       @ DW_AT_decl_file
	.byte	126                     @ DW_AT_decl_line
	.byte	0                       @ DW_AT_data_member_location
	.byte	0                       @ End Of Children Mark
	.byte	6                       @ Abbrev [6] 0x213:0xc DW_TAG_member
	.long	.Linfo_string31         @ DW_AT_name
	.long	543                     @ DW_AT_type
	.byte	6                       @ DW_AT_decl_file
	.byte	132                     @ DW_AT_decl_line
	.byte	8                       @ DW_AT_data_member_location
	.byte	14                      @ Abbrev [14] 0x21f:0x2d DW_TAG_union_type
	.byte	4                       @ DW_AT_byte_size
	.byte	6                       @ DW_AT_decl_file
	.byte	129                     @ DW_AT_decl_line
	.byte	15                      @ Abbrev [15] 0x223:0x8 DW_TAG_member
	.long	555                     @ DW_AT_type
	.byte	6                       @ DW_AT_decl_file
	.byte	129                     @ DW_AT_decl_line
	.byte	0                       @ DW_AT_data_member_location
	.byte	11                      @ Abbrev [11] 0x22b:0x14 DW_TAG_structure_type
	.byte	4                       @ DW_AT_byte_size
	.byte	6                       @ DW_AT_decl_file
	.byte	129                     @ DW_AT_decl_line
	.byte	16                      @ Abbrev [16] 0x22f:0xf DW_TAG_member
	.long	.Linfo_string32         @ DW_AT_name
	.long	676                     @ DW_AT_type
	.byte	6                       @ DW_AT_decl_file
	.byte	130                     @ DW_AT_decl_line
	.byte	4                       @ DW_AT_byte_size
	.byte	24                      @ DW_AT_bit_size
	.byte	8                       @ DW_AT_bit_offset
	.byte	0                       @ DW_AT_data_member_location
	.byte	0                       @ End Of Children Mark
	.byte	6                       @ Abbrev [6] 0x23f:0xc DW_TAG_member
	.long	.Linfo_string28         @ DW_AT_name
	.long	676                     @ DW_AT_type
	.byte	6                       @ DW_AT_decl_file
	.byte	132                     @ DW_AT_decl_line
	.byte	0                       @ DW_AT_data_member_location
	.byte	0                       @ End Of Children Mark
	.byte	6                       @ Abbrev [6] 0x24c:0xc DW_TAG_member
	.long	.Linfo_string33         @ DW_AT_name
	.long	600                     @ DW_AT_type
	.byte	6                       @ DW_AT_decl_file
	.byte	140                     @ DW_AT_decl_line
	.byte	12                      @ DW_AT_data_member_location
	.byte	14                      @ Abbrev [14] 0x258:0x4b DW_TAG_union_type
	.byte	4                       @ DW_AT_byte_size
	.byte	6                       @ DW_AT_decl_file
	.byte	135                     @ DW_AT_decl_line
	.byte	15                      @ Abbrev [15] 0x25c:0x8 DW_TAG_member
	.long	612                     @ DW_AT_type
	.byte	6                       @ DW_AT_decl_file
	.byte	135                     @ DW_AT_decl_line
	.byte	0                       @ DW_AT_data_member_location
	.byte	11                      @ Abbrev [11] 0x264:0x32 DW_TAG_structure_type
	.byte	4                       @ DW_AT_byte_size
	.byte	6                       @ DW_AT_decl_file
	.byte	135                     @ DW_AT_decl_line
	.byte	16                      @ Abbrev [16] 0x268:0xf DW_TAG_member
	.long	.Linfo_string34         @ DW_AT_name
	.long	676                     @ DW_AT_type
	.byte	6                       @ DW_AT_decl_file
	.byte	136                     @ DW_AT_decl_line
	.byte	4                       @ DW_AT_byte_size
	.byte	24                      @ DW_AT_bit_size
	.byte	8                       @ DW_AT_bit_offset
	.byte	0                       @ DW_AT_data_member_location
	.byte	16                      @ Abbrev [16] 0x277:0xf DW_TAG_member
	.long	.Linfo_string35         @ DW_AT_name
	.long	676                     @ DW_AT_type
	.byte	6                       @ DW_AT_decl_file
	.byte	138                     @ DW_AT_decl_line
	.byte	4                       @ DW_AT_byte_size
	.byte	1                       @ DW_AT_bit_size
	.byte	1                       @ DW_AT_bit_offset
	.byte	0                       @ DW_AT_data_member_location
	.byte	16                      @ Abbrev [16] 0x286:0xf DW_TAG_member
	.long	.Linfo_string36         @ DW_AT_name
	.long	676                     @ DW_AT_type
	.byte	6                       @ DW_AT_decl_file
	.byte	139                     @ DW_AT_decl_line
	.byte	4                       @ DW_AT_byte_size
	.byte	1                       @ DW_AT_bit_size
	.byte	0                       @ DW_AT_bit_offset
	.byte	0                       @ DW_AT_data_member_location
	.byte	0                       @ End Of Children Mark
	.byte	6                       @ Abbrev [6] 0x296:0xc DW_TAG_member
	.long	.Linfo_string28         @ DW_AT_name
	.long	676                     @ DW_AT_type
	.byte	6                       @ DW_AT_decl_file
	.byte	140                     @ DW_AT_decl_line
	.byte	0                       @ DW_AT_data_member_location
	.byte	0                       @ End Of Children Mark
	.byte	0                       @ End Of Children Mark
	.byte	4                       @ Abbrev [4] 0x2a4:0xb DW_TAG_typedef
	.long	687                     @ DW_AT_type
	.long	.Linfo_string24         @ DW_AT_name
	.byte	5                       @ DW_AT_decl_file
	.byte	148                     @ DW_AT_decl_line
	.byte	17                      @ Abbrev [17] 0x2af:0x5 DW_TAG_volatile_type
	.long	250                     @ DW_AT_type
	.byte	0                       @ End Of Children Mark
	.section	.debug_ranges,"",%progbits
	.section	.debug_macinfo,"",%progbits
.Lcu_macro_begin0:
	.byte	0                       @ End Of Macro List Mark
	.section	.debug_pubnames,"",%progbits
	.long	.LpubNames_end0-.LpubNames_begin0 @ Length of Public Names Info
.LpubNames_begin0:
	.short	2                       @ DWARF Version
	.long	.Lcu_begin0             @ Offset of Compilation Unit Info
	.long	693                     @ Compilation Unit Length
	.long	31                      @ DIE offset
	.asciz	"SYSTICK"               @ External Name
	.long	0                       @ End Mark
.LpubNames_end0:
	.section	.debug_pubtypes,"",%progbits
	.long	.LpubTypes_end0-.LpubTypes_begin0 @ Length of Public Types Info
.LpubTypes_begin0:
	.short	2                       @ DWARF Version
	.long	.Lcu_begin0             @ Offset of Compilation Unit Info
	.long	693                     @ Compilation Unit Length
	.long	232                     @ DIE offset
	.asciz	"unsigned char"         @ External Name
	.long	286                     @ DIE offset
	.asciz	"u32_property_t"        @ External Name
	.long	676                     @ DIE offset
	.asciz	"reg32_t"               @ External Name
	.long	239                     @ DIE offset
	.asciz	"uint32_t"              @ External Name
	.long	250                     @ DIE offset
	.asciz	"unsigned int"          @ External Name
	.long	357                     @ DIE offset
	.asciz	"systick_reg_t"         @ External Name
	.long	169                     @ DIE offset
	.asciz	"_Bool"                 @ External Name
	.long	181                     @ DIE offset
	.asciz	"systick_cfg_t"         @ External Name
	.long	59                      @ DIE offset
	.asciz	"systick_t"             @ External Name
	.long	221                     @ DIE offset
	.asciz	"uint8_t"               @ External Name
	.long	0                       @ End Mark
.LpubTypes_end0:

	.ident	"Component: ARM Compiler 6.10.1 Tool: armclang [5d143200]"
	.section	".note.GNU-stack","",%progbits
	.ARM_attribute	16, 1	@ Tag_AV_eba
	.section	.debug_line,"",%progbits
.Lline_table_start0:
