	.text
	.syntax unified
	.eabi_attribute	67, "2.09"	@ Tag_conformance
	.cpu	cortex-m7
	.eabi_attribute	6, 13	@ Tag_CPU_arch
	.eabi_attribute	7, 77	@ Tag_CPU_arch_profile
	.eabi_attribute	8, 0	@ Tag_ARM_ISA_use
	.eabi_attribute	9, 2	@ Tag_THUMB_ISA_use
	.eabi_attribute	34, 1	@ Tag_CPU_unaligned_access
	.eabi_attribute	17, 1	@ Tag_ABI_PCS_GOT_use
	.eabi_attribute	20, 2	@ Tag_ABI_FP_denormal
	.eabi_attribute	21, 0	@ Tag_ABI_FP_exceptions
	.eabi_attribute	23, 1	@ Tag_ABI_FP_number_model
	.eabi_attribute	24, 1	@ Tag_ABI_align_needed
	.eabi_attribute	25, 1	@ Tag_ABI_align_preserved
	.eabi_attribute	38, 1	@ Tag_ABI_FP_16bit_format
	.eabi_attribute	18, 4	@ Tag_ABI_PCS_wchar_t
	.eabi_attribute	26, 2	@ Tag_ABI_enum_size
	.eabi_attribute	14, 0	@ Tag_ABI_PCS_R9_use
	.file	"systick_internal.c"
	.file	1 "C:\\Keil_v5\\ARM\\ARMCLANG\\Bin\\..\\include" "stdint.h"
	.file	2 "../../../vsf/hal/arch/arm/cortex-m/SysTick" "systick_internal.c"
	.file	3 "../../../vsf/utilities/." "type.h"
	.file	4 "../../../vsf/hal/arch/arm/cortex-m/SysTick/." "i_io_systick.h"
	.type	.Lllvm.embedded.module,%object @ @llvm.embedded.module
	.section	.llvmbc,"a",%progbits
	.p2align	4
.Lllvm.embedded.module:
	.asciz	"BC\300\3365\024\000\000\005\000\000\000b\f0$LY\276\346\356\323>-U\215\020\005\310\024\000\000!\f\000\000I\b\000\000\013\002!\000\002\000\000\000\023\000\000\000\007\201#\221A\310\004I\006\02029\222\001\204\f%\005\b\031\036\004\213b\200\024E\002B\222\013B\244\0202\0248\b\030K\n2R\210H\220\024 CF\210\245\000\0312B\344H\016\220\221\"\304PAQ\201\214\341\203\345\212\004)F\006Q\030\000\000\215\001\000\000\033v(\370\377\377\377\377\0010\000\t\230\210qx\007y\220\207r\030\007z`\207|h\003yx\207zp\007r(\007rh\003rH\007{H\007r(\2076\230\207x\220\007zh\003s\200\2076h\207p\240\007t\000\314!\034\330a\036\312\001 \310\241\034\334\341\035\344\241\035\302\201\035\332\300\034\340\241\r\332!\034\350\001\035\000x\220\207r\230\207r\220\007{(\2076\230\207t8\007w\000\brH\207y\b\007q`\207rh\003z\b\207t`\2076\030\207p`\007v\230\007\300\034\302\201\035\346\241\034\000\202\035\312a\036\346\241\r\340A\036\312a\034\322a\036\312\241\r\314\001\036\332!\034\310\0010\207p`\207y(\007\200p\207wh\003s\220\207ph\207rh\003xx\207tp\007z(\007yh\203r`\207th\007\300\034\302\201\035\346\241\034\000\302\035\336\241\r\322\301\035\314a\036\332\300\034\340\241\r\332!\034\350\001\035\000z\220\207z(\007\200p\207wh\003u\250\207v\200\2076\240\207p\020\007v(\207y\000\314!\034\330a\036\312\001 \334\341\035\332\300\035\302\301\035\346\241\r\314\001\036\332\240\035\302\201\036\320\001\240\007y\250\207r\000\bwx\2076\230\207t8\007w(\007rh\003}(\007yx\207yh\003s\200\2076h\207p\240\007t\000\350A\036\352\241\034\000\302\035\336\241\r\350A\036\302\001\036\340!\035\334\341\034\332\240\035\302\201\036\320\001\240\007y\250\207r\000\210y\240\207p\030\207uh\003x\220\207w\240\207r\030\007zx\007yh\003q\250\007s0\207r\220\2076\230\207t\320\207r\000\360\000 \350!\034\344\341\034\312\201\036\332`\034\340\241\036\200qx\007y\240\207r\300\2076h\207;\000\bz\b\007y8\207r\240\20760\207r\b\007z\250\007y(\207y\000\326\200\034\346\001\036\330`\r\320\341\036\310!\035\354\201\r\326`\036\336\301\034\350\241\r\314\201\035\336!\034\350\201\r\326\200\036\320\241\036\332A\034\332\240\035\336\201\034\312\201\r\332`\034\344a\034\330\240\r\306A\036\362\001\036\350\341\035\330\240\r\310!\016\354\200\r\332\200\034\336\201\036\340A\036\336\201\034\330\240\r\314\001\036\332 \034\344\241\035\354\001\017\330\240\r\314\001\036\332\340\035\334\201\035\362\241\r\346\001\036\330\240\r\314\001\036\342\300\016\330\240\r\314\241\036\330\201\035\314\001\036\342\300\016\330\240\r\320\341\036\310!\035\354\241\r\302A\036\332\201\r\332\300\035\312\341\035\334\201\r\332@\036\302a\036\330\240\r\354\301\034\340A\016\330\240\r\354\301\034\340a\016\330\240\r\354\301\034\340\201\016\000\242\036\334a\036\302\301\034\312\241\r\314\001\036\332\240\035\302\201\036\320\0010\207p`\207y(\007\200\250\207y(\2076\230\207w0\007zh\003s`\207w\b\007z\000\350A\036\352\241\034\200\r\204\000\000b\260\201\030\002\240\332\320C\304\377\377\377\377\017\200\001\300\001 \001\0231\016\357 \017\362P\016\343@\017\354\220\017m \017\357P\017\356@\016\345@\016m@\016\351`\017\351@\016\345\320\006\363\020\017\362@\017m`\016\360\320\006\355\020\016\364\200\016\2009\204\003;\314C9\000\0049\224\203;\274\203<\264C8\260C\033\230\003<\264A;\204\003=\240\003\000\017\362P\016\363P\016\362`\017\345\320\006\363\220\016\347\340\016\000A\016\3510\017\341 \016\354P\016m@\017\341\220\016\354\320\006\343\020\016\354\300\016\363\000\230C8\260\303<\224\003@\260C9\314\303<\264\001<\310C9\214C:\314C9\264\2019\300C;\204\0039\000\346\020\016\3540\017\345\000\020\356\360\016m`\016\362\020\016\355P\016m\000\017\357\220\016\356@\017\345 \017mP\016\354\220\016\355\000\230C8\260\303<\224\003@\270\303;\264A:\270\2039\314C\033\230\003<\264A;\204\003=\240\003@\017\362P\017\345\000\020\356\360\016m\240\016\365\320\016\360\320\006\364\020\016\342\300\016\3450\017\2009\204\003;\314C9\000\204;\274C\033\270C8\270\303<\264\2019\300C\033\264C8\320\003:\000\364 \017\365P\016\000\341\016\357\320\006\363\220\016\347\340\016\345@\016m\240\017\345 \017\3570\017m`\016\360\320\006\355\020\016\364\200\016\000=\310C=\224\003@\270\303;\264\001=\310C8\300\003<\244\203;\234C\033\264C8\320\003:\000\364 \017\365P\016\0001\017\364\020\016\343\260\016m\000\017\362\360\016\364P\016\343@\017\357 \017m \016\365`\016\346P\016\362\320\006\363\220\016\372P\016\000\036\000\004=\204\203<\234C9\320C\033\214\003<\324\0030\016\357 \017\364P\016\370\320\006\355p\007\000A\017\341 \017\347P\016\364\320\006\346P\016\341@\017\365 \017\3450\017\300\032\220\303<\300\003\033\254\001:\334\0039\244\203=\260\301\032\314\303;\230\003=\264\2019\260\303;\204\003=\260\301\032\320\003:\324C;\210C\033\264\303;\220C9\260A\033\214\203<\214\003\033\264\3018\310C>\300\003=\274\003\033\264\0019\304\201\035\260A\033\220\303;\320\003<\310\303;\220\003\033\264\2019\300C\033\204\203<\264\203=\340\001\033\264\2019\300C\033\274\203;\260C>\264\301<\300\003\033\264\2019\300C\034\330\001\033\264\2019\324\003;\260\2039\300C\034\330\001\033\264\001:\334\0039\244\203=\264A8\310C;\260A\033\270C9\274\203;\260A\033\310C8\314\003\033\264\201=\230\003<\310\001\033\264\201=\230\003<\314\001\033\264\201=\230\003<\320\001@\324\203;\314C8\230C9\264\2019\300C\033\264C8\320\003:\000\346\020\016\3540\017\345\000\020\3650\017\345\320\006\363\360\016\346@\017m`\016\354\360\016\341@\017\000=\310C=\224\003\260\001)\376\377\377\377\177\000$\200\002\352`\003a\374\377\377\377\377\000H\000I\030\000\000\006\000\000\000\023\206@\030&\b\2010! &\004\301\004\201\020&\004\305\204\300\000\000\000\211 \000\000\031\000\000\0002\"H\t d\205\004\223\"\244\204\004\223\"\343\204\241\220\024\022L\212\214\013\204\244L\020ds\004`@`\216 \230#@\216\222\246\210\022&_\302\244\t\021\224_(\214\177B\302\000D\212 \n\231\"\b@h\004\240\004\212V\t\004\265\022\000z\003\001\205P1F\222s\004\2400\005@\243\b\n\320\005\000\000\000\023.z@\207zh\007q\260\207;(\207vh\203p\220\207vh\003wx\007w(\2076(\207p\020\207t\330\360\006\345\320\006\355\240\007\345\320\006\360\240\007s \007z0\007r\320\006\351`\007t\240\007v@\007m`\017q \007x\240\007v@\007z\020\007r\200\007m\020\016z\000\007z0\007r\320\006\3560\007r\320\006\263`\007t\240\364\200\020!\001d\310H\021\021@#\204\311i\037\270\\/\227\353\345r\275\354s\363\013\035f\277\302\3621\372\025\226\267_\343\267\234^\306\267\332\257i~NM\217\327\257y~NO\217\327\337\264\233^\226\273\303l\327x\007\0040\200\300\f\003\000\000\000\000\000@0Db \003\000\200\000\000\002@\000\000\000\000\202!\022g!\000\000\b\000\020\000\002\000\000\000\020\f\221\344\340Z\000\000\030\000 \000\004\000\000\000 \030\"\245\202\264\000\000@\000@\000\b\000\000\000@0D\332\205\251\001\000@\000\200\000\020\000\000\000\200`\210\344\016\326\002\000\000\001\000\001 \000\000\000\000\301\020\211$\256\005\000\000\002\000\002@\000\000\000\000\202!\322NP\r\000\000\005\000\004\200\000\000\000\000\004C\244\267\250\036\000\000\006\000\b\000\001\000\000\000\b\206H\244\341H@\000\030\000\000\000\000\000\000\000\000Hl\020(l\204\000\000\220\005\002\n\000\000\0002\036\230\024\031\021L\220\214\t&G\306\004C\002#\000EP\006%P\b%9\372Q\366\243\037\305\335\255At\004\240\020\000\261\030\000\000w\000\000\0003\b\200\034\304\341\034f\024\001=\210C8\204\303\214B\200\007yx\007s\230q\f\346\000\017\355\020\016\364\200\0163\fB\036\302\301\035\316\241\034f0\005=\210C8\204\203\033\314\003=\310C=\214\003=\314x\214tp\007{\b\007yH\207pp\007zp\003vx\207p \207\031\314\021\016\354\220\016\3410\017n0\017\343\360\016\360P\0163\020\304\035\336!\034\330!\035\302a\036f0\211;\274\203;\320C9\264\003<\274\203<\204\003;\314\360\024v`\007{h\0077h\207rh\0077\200\207p\220\207p`\007v(\007v\370\005vx\207w\200\207_\b\207q\030\207r\230\207y\230\201,\356\360\016\356\340\016\365\300\016\3540\003b\310\241\034\344\241\034\314\241\034\344\241\034\334a\034\312!\034\304\201\035\312a\006\326\220C9\310C9\230C9\310C9\270\3038\224C8\210\003;\224\303/\274\203<\374\202;\324\003;\260\303\f\307i\207pX\207rp\203th\007x`\207t\030\207t\240\207\031\316S\017\356\000\017\362P\016\344\220\016\343@\017\341 \016\354P\0163 (\035\334\301\036\302A\036\322!\034\334\201\036\334\340\034\344\341\035\352\001\036f\030Q8\260C:\234\203;\314P$v`\007{h\0077`\207wx\007x\230QL\364\220\017\360P\0163\036j\036\312a\034\350!\035\336\301\035~\001\036\344\241\034\314!\035\360a\006T\205\2038\314\303;\260C=\320C9\374\302<\344C;\210\303;\260\303\214\305\n\207y\230\207w\030\207t\b\007z(\007r\230\201\\\343\020\016\354\300\016\345P\016\3630#\301\322A\036\344\341\027\330\341\035\336\001\036f\034\331<\310\3038\260\303;\214\003\000\000\000\000y \000\000^\002\000\000b\036H C\210\f\0319\031$\220\221@\306\310\310h\"P\b\0242\236\030\031!G\310\220Q\234\0038`\303\000\000\000\000}\320\013x\320\007\314\343d\330U\355A\203 \210R|GA\024\207!\034I\302\274\001\322HJ#I\205A\007\320\360D\205u\035\247\320\000\000\000\000../../../vsf/hal/arch/arm/cortex-m/SysTick\\systick_internal.cC:\\Users\\test\\Desktop\\GitHub\\Thread_and_Pt_test\\Thread_and_Pt_test\\source\\example\\project\\mdkComponent: ARM Compiler 6.10.1 Tool: armclang [5d143200]../../../vsf/hal/arch/arm/cortex-m/SysTick/systick_internal.cunsigned intDISABLE_SYSTICKENABLE_SYSTICKDISABLE_SYSTICK_INTERRUPTENABLE_SYSTICK_INTERRUPTSYSTICK_SOURCE_REFERCLKSYSTICK_SOURCE_SYSCLK../../../vsf/hal/arch/arm/cortex-m/SysTick/./i_io_systick.hsystick_reg_tSYST_CSRSYST_RVRSYST_CVRSYST_CALIBValue../../../vsf/utilities/./type.hreg32_tTENMSSKEWNOREFCURRENTRELOADENTICKINTCLKSOURCECOUNTFLAGs_wCSRBufferC:\\Keil_v5\\ARM\\ARMCLANG\\Bin\\..\\include\\stdint.huint32_tDwarf VersionDebug Info Versionwchar_sizestatic_rwdataenumsize_buildattrarmlib_unavailable_BooltState../../../vsf/utilities/./compiler/arm/arm_compiler.hvsf_gint_state_tintomnipotent charSimple C/C++ TBAAvaluevsf_systick_set_reloadvsf_systick_clear_countpriMask../../../vsf/utilities/compiler/arm/CMSIS/Core/Include/cmsis_armclang.h__set_PRIMASKf\036\002\000\000\000\000\0000\202@M#\b\0003\202\0004#\b\2003\202\000<#\b\3002\202\000@#\b@4\202\000H#A\303\004\334\302I\370\001\000\006\000\000\244\003\000\000\300H\320p\001\267p\022\245\000\200\001\000\000\345\000\000\0000\0224L\300-\204\004(\000`\000\000\200;\000\000\000\214\004\r\027p\013!Q\n\000\030\000\000\300\016\000\000\000#A\303\004\334\302>\210\002\000\006\000\000\314\003\000\000\300H\320p\001\267\260\017\245\000\200\001\000\000\361\000\000\0000\0224L\300-\304\003)\000`\000\000\300>\000\000\000\214\004\r\027p\013\361P\n\000\030\000\000`\017\000\000\000#A\303\004\334\302;\000\000H\000\000\360\013\000\000\000\2631\303)x\000+\314CH\004\001\000\000CM\001\263\nC\000\000@`\013\272\000\370\003\000\000\001\000LU\r\254\360\006\000+\324\206L\000\201m\000\000\000\"\301)\000\300L\000\300T\325\300\np\000\260\302o\330\004\020\200\007\000\000 \022\234\002\000\334\004\000LU\r:1\007\200N\254MO\004\001\333\000\000\000\"\301)\000\200O\000\300@\005\020\b\0000P\001\020\002\000\314c\000dP\200\001p\2143\b\2001\316 \b\3078\203\000 \343\f\002\221\2143\b\2002\316  \313\f\206+\274\002,\304\202,\314\302H\220@\000\254\260\006@+\200\001\000\000\264\000\000\0000CP\013\003\025\000#\000\300D\r`5\267\320\022@)\000\000\000\000\300D\r\360\000\000\000\340\002\030\000\000\000\0003\004\2710Q\0034\316-\340C)\220\002\030\000\000\000\000\0235@\363\334\202?\224\202(\200\001\000\006\000\000L\324\000\rt\013$Q\n\240\000\006\000(\000\0000Q\0034\321-\260D)\370\001\030\000\340\000\000\300\f\304.\360B/\370\302D\r\320\000\267p\022~\320\007`\000\000\000\000\fT\000\223\000\000\0235@\035\000\000\000\264\002\000\000\000\000L\324\000\026\025\0164\001\210\003\000\000\000\000L\324\000\215t\013,\341\007\343\000\006\000\000\000\300\f\0028\220\303D\r\320T\267\200\022}0\016\030\000\200 \b\321\0010Q\0034\326-\250D\037\214C\000x \bBt\000L\324\000\315u\013+\321\007\343\020\000\037\b\202\020\035\0003\f\346p\016\3500Q\0034\300-\204\004(\374\001\030\000\000\000\000\0235@#\335\002I\200\3028\200\001\000\000\0000\203\240\016\3530Q\0034\330-\210\304\037\214\003\006\000 \bBt\000\314\020\264\303D\r\320\000\267\260\017\242\020\n`\000\000\000\000L\324\000\215t\013\376 \n\343\000\006\000\000\000\300\f\302;\300\303D\r\320d\267\300\017\2410\016\030\000\200 \b\321\0010C \017\0235@\003\334B<\220\302(\200\001\000\000\0000Q\0034\322-\340\003)\214\003\030\000\000\000\0003\b\364P\017\0235@\243\335\202<\214\3028\004\000\000\202 D\007\300D\r\320l\2670\017\2430\016\001\020\200 \b\321\0010Q\0034\334-\320\303(\214C\000\b \bBt\000L\324\000Mw\013\3660\n\343\020\000\020\b\202\020\035\0003\020\367\200\017\371\240\017\323\005\306\224\301\000\230\002?\314\020\364\303@\005\360\t\0000Q\003X`\360\017\240\000\264\002\000\000\000\000L\324\000u\000\000\000\000\022\000\000\000\0000\303P\007a`\0073\fu \006v0\303p\007c\200\0073\fw@\006w0\303p\007eP\0073\fw`\006y0C0\314c\000dp\006\b \fT\000i \000\300<\006@\006k\000\006@1Q\003Xj\240\022\276\002\254\004\000\000\000\000\314\020\264\301\f\003\033\264\004\035\3140\254\201K\320\301p\211\200\nn\300\n\265\001\022\001\000\314 \244\004H\314D\b@L\0003\00401\303\340\022.A\0073\004\300L\204\000\324\0040\0030\203\240\007{0\303\360\022/A\007\003\025\200\034\b\0000\\\"\250B\034\350\304\332\200D\000\0003\b\000H\314D\b\000O\0003\004;1C\300\0073\004)1\023!\000`\001\234;\000\034\307q\034\307q\234K\270\204K\270\204K\270\204K\270\004J\300\203N\220\006i\220\206\033\270\001(\210\201\030\210\201\030\210\201\030\340\202Kpn\000\017\352\300\361\203H\210\204H\200\002?\270\201:\300\003?\240\201K\270\204K\320\001?\360\003\032\270\004\307\017\374\200\006.\301\361\003?\240\201K\270\204K\270\004(Xt\300\271\201=\250\003\035\320\001\035\320\001\035\320\201\005\nt`\n\366\300\321\001\035\220\003\032\270\001G\007\226\033@h@\007t@\016b\340\006\034\307\311H`\202rac\263ks!\023;s\031\253\033%0\205\214\330\330\354\332\\\332\336\310\352\330\312\\\314\330\302\316\346F1BB$F\202$J\302$Rac\263ksI#+s\243\033%8\211!\203\001\000\370\001\000\000\000\000\251\030\000\000\023\000\000\000\013\nr(\207w\200\007zXp\230C=\270\3038\260C9\320\303\202\346\034\306\241\r\350A\036\302\301\035\346!\035\350!\035\336\301\035\026(\342P\016\346\360\016\362P\016\351\340\016\363@\017\013\222p0\007z(\007yH\007w\230\007z\000\321\020\000\000\006\000\000\000\007\314<\244\203;\234\003;\224\003=\240\203<\224C8\220\303\001\000\000\000a \000\000\326\000\000\000\023\004D,\020\000\000\000\037\000\000\000\004*\373\037\377\177\240\242\377\361\377\007*\374\037\377\177\200D\rP0\005\026\246\340\302\024`P\031\001 8W\027`\355 \017\363\000\006d\000\007l\000\006\360 \017\351\320\016\3410\017\353\240\214\003<\314C:\220\003\030\244\203\"\364\201<\020\236\253\013\236V\230\005Y\000\003x\220\207th\207p\230\207u`\0030 \0038X\344\201\r\374a\037\332\241\034\332\341\035\344!\037\372\001\000\000\000\000\3610\000\000Z\000\000\000\"G\310\220Q\"\b,\000\000\000\000PC\034\rs\000\000\000vsf_systick_initsystick_cfg_tmodeuint8_tunsigned charreload_valuecfg_ptr\023\004\212\232\004\r\023\300\n\177\000\000\240\000\000\000_\000\000\000\314*\202\266`\005\221(VU\003+\210\005\300\n\372p\027@\260\017\000\000\200Hp\n\000\360\027\0000\253\b\332\202\025\372\241\230U\004n\301\n\375P\254\030\340\0024@C\346\201\0042\204\310\220\351\177(`\013\240A\242\200-\200\026\211\202\265\000\0265\2005\026\254 \n\300Z\000\000\000\000\300\242\006x\000\000\000\350\002\f\000\000\000\200\rBJ\324\305&B\000\354\002\330c\000d`\026\b\200,j\000\253,\376\301\017\000\274\000\000\000\000\200E\r\320\220\005+\200\302Z\344\005\002\000\000\000,j\200\346,X!\024\326\002$\300\000\000\003\000\0006\bz\261\027\343\022\241-\320\202\025\364\241.\002\000\030\227\bl\201\006\254 \022,\001\000\300\006\241/\374\242\372\241\300-\200\rEZ\270\004\035\274\204Zl\030B\343%\324b\303\020\032.A\007\023\204\242\232 \000b0A\000\310\000\000\000\000#\006\007\000\202` Y\275\376\377\377?\220\373\377\377\377P\366\377\377\377\303\214\001\241\017f\320\026\300p\3032\200\301\214\001\321\017\205[\000\263\f\301\020\314\030\020\375P\264\0050K \314\030\020\375P\274\0050K L\030\000\233\f\2145\315\030\020\377P\006m\001P\000\306\204\0010bp\000 \b\006R\366\353\377\377\377\003\315\377\377\377\017h\377\377\377?\314\030\020\265a\006\250\020\027\303\006D\022\f\301\214\001q\033\021*\304\305\260\001\201`D0c@\204G\224\nr1b@\034!\b\006O1c@\210D\301\026@\005\226N\030\000#\006\007\000\202` m\340\376\377\377?\240\373\377\377\377\240\366\377\377\377\303\204\001\260\311\000i\332\204\001@\301\030\023\006\300\005 &\f\200a\003\002\r\202!\2300\000\206\r\b&(\202\t\003`\304\3408@\020\f$o\334\377\377\377\007\227\377\377\377\037\332\376\377\377\177\2301 \326F\016Ta.F\f\212#\004\301\340J\210\031\003\242m\006U\230\213|f\f\210\223(\332\002\b\210\001\000\r\000\000\000[\004\200-\266\f\204\364\026[\006#\b\215-\003\022\314\304\226!\tfb\313\240d7\261ep\002\321\3302@\001Nl\031\242`&\266\fS\346\023\000\000\000\000\000\000\000\000a \000\000\035\000\000\000\023\004A,\020\000\000\000\004\000\000\000\004*\373\037\377\177\200D\rP0\005\026\000\000\000\3610\000\000\001\000\000\000\023\004\240\002#\006\007\000\202` =\370\376\377\377?\250\374\377\377\377\340\363\377\377\377\303\214\001Q\033f\200\n\300\260\001\021\020C0c@\334F\204\n@\n3\006\004n\024\250\000\004\304\000\003\000\000\000[\004\340\024\266\fA0\023\000\000\000\000\000\000\000a \000\000\021\000\000\000\023\004A,\020\000\000\000\003\000\000\000\004*\372\037\377\177\200\202)\250\000\000\303\006D\300\020\301\214\001\021\036Q*\0008c@\210G\220\n@@\f\000\003\000\000\000[\004\000\025\266\f@0\023\000\000\000\000\000\000\000a \000\000e\000\000\000\023\004A,\020\000\000\000\031\000\000\000\004*\374\037\377\177\200\202)\250 8W\027`\355 \017\363\000\006d\000\007l\000\006\360 \017\351\320\016\3410\017\353\240\214\003<\314C:\220\003\030\244\203\"\364\201<\020\236\253\013\236V\230\005Y\000\003x\220\207th\207p\230\207u`\0030 \0038X\344\201\r\374a\037\332\241\034\332\341\035\344!\037\372\001\000\000\3610\000\000\031\000\000\000\"G\310\220Q\006\204\005\022\000\000\000vsf_systick_enable\000\000\263\212\200,X\001&\212U\325\300\nb\001\260\202K\330\004\020\274\004\000\000 \022\234\002\000\234\005\000\310<\220@\206\020\0312\r\023\005b\001\214K\204\261@\003V\200\t\226\000\000`C`\026\023\004@\003\000\000\000#\006\304\021\202`\360\b3\006\004L\024c\001T\300\350\204\0010bp\000 \b\006RD\357\377\377\377\203\275\377\377\377\017`\377\377\377?L\030\000\264\2019a\000T\340\354\204\0010l@t\301\020L\030\000\324\2019a\000\f\033\020HP\004\023\006\300\210\301q\200 \030H\324\275\377\377\377\017$\377\377\377?\214\375\377\377\3770c@\254\215\034\250BY\214\030\024G\b\202\301e\0203\006D\333\f\252P\0268c@\320D@\026@@\f\000\t\000\000\000[\004`,\266\f@v\023[\206!\300\211-C\021\340\304\226\301\bpb\313p\0043\261eH2\237\000\000\000\000\000\000\000a \000\000\204\000\000\000\023\004A,\020\000\000\000\032\000\000\000\004\252\240\302\377\361\377\007\n\020\020\201\202)\260 8W\027`\355 \017\363\000\006d\000\007l\000\006\360 \017\351\320\016\3410\017\353\240\214\003<\314C:\220\003\030\244\203\"\364\201<\020\236\253\013\236V\230\005Y\000\003x\220\207th\207p\230\207u`\0030 \0038X\344\201\r\374a\037\332\241\034\332\341\035\344!\037\372\001\000\3610\000\000'\000\000\000\"G\310\220Q\016D\032\000\000\000\000S\321\000\000vsf_systick_disablewTempuint_fast32_t\000\000\000\263\212\300,X\201'\212U\325\300\nb\001\260BN\204\005\020\350\004\000\000 \022\234\002\000\254\005\000\310<\220@\206\020\0312\315\023\005d\001,j\000\213,\376\241\027\200V\000\000\000\000\200q\211`\026c\301\n;\201\026\000\000\214K\204\262@\003V\340\t\226\000\000`\203\220\026j1A\000\270\t\002\000\006\000\000\000#\006\304\021\202`\360\b3\006\004O\024e\001T\340\350\204\0010bp\000 \b\006\322$\357\377\377\377\003\275\377\377\377\017b\377\377\377?L\030\000\324\2019a\000T\220\350\204\0010l@|\301\020L\030\000\364\2019a\000\f\033\020HP\004\023\006\000!\240N\030\000#\006\007\000\202` ]\365\376\377\377?\344\373\377\377\377`\366\377\377\377\303\214\001\261\023\223Y\000#\006\307\001\202` ]\366\376\377\377?\234\374\377\377\377`\366\377\377\377\303\214\001\2616r\240\ng1bP\034!\b\006\327Q\314\030\020m3\250\302YT\240\350\214\001\021\026\222Y\000\303\r\301\025\0063\006DX0f\001d0c@\204Ea\026@@\f\000\000\n\000\000\000[\004\240,\266\f@v\023[\206!\300\211-C\021\340\304\226\301\bpb\313p\0043\261e@\202\231\3302,\231O\000\000\000\000\000\000a \000\000f\000\000\000\023\004A,\020\000\000\000\031\000\000\000\004*\374\037\377\177\200\202)\250 8W\027`\355 \017\363\000\006d\000\007l\000\006\360 \017\351\320\016\3410\017\353\240\214\003<\314C:\220\003\030\244\203\"\364\201<\020\236\253\013\236V\230\005Y\000\003x\220\207th\207p\230\207u`\0030 \0038X\344\201\r\374a\037\332\241\034\332\341\035\344!\037\372\001\000\000\3610\000\000\032\000\000\000\"G\310\220Q\006\204\006\026\000\000\000vsf_systick_int_enable\000\000\263\212\200,X\201-\212U\325\300\nb\001\260\202Z\330\004\020\254\005\000\000 \022\234\002\000\234\005\000\310<\220@\206\020\0312\315\026\005b\001\214K\204\261@\003V`\013\226\000\000`C`\026\023\004@\003\000\000\000#\006\304\021\202`\360\b3\006\004[\024c\001T\300\350\204\0010bp\000 \b\006RD\357\377\377\377\203\275\377\377\377\017`\377\377\377?L\030\000\264\2019a\000T\000\355\204\0010l@t\301\020L\030\000\324\2019a\000\f\033\020HP\004\023\006\300\210\301q\200 \030H\324\275\377\377\377\017$\377\377\377?\214\375\377\377\3770c@\254\215\034\250BY\214\030\024G\b\202\301e\0203\006D\333\f\252P\0268c@\300E@\026@@\f\000\t\000\000\000[\004`,\266\f@v\023[\206!\300\211-C\021\340\304\226\301\bpb\313p\0043\261eH2\237\000\000\000\000\000\000\000a \000\000f\000\000\000\023\004A,\020\000\000\000\031\000\000\000\004\352\240\302\377\361\377\007(\230\002\013\202su\001\326\016\3620\017`@\006p\300\006`\000\017\362\220\016\355\020\016\363\260\016\3128\300\303<\244\0039\200A:(B\037\310\003\341\271\272\340i\205Y\220\0050\200\007yH\207v\b\207yX\0076\000\0032\200\203E\036\330\300\037\366\241\035\312\241\035\336A\036\362\241\037\000\3610\000\000\032\000\000\000\"G\310\220Q\006\304\006\027\000\000\000vsf_systick_int_disable\000\263\212\200,X\341.\212U\325\300\nb\001\260B]\330\004\020\330\005\000\000 \022\234\002\000\234\005\000\310<\220@\206\020\0312}\027\005b\001\214K\204\261@\003V\270\013\226\000\000`C`\026\023\004`\003\000\000\000#\006\304\021\202`\360\b3\006\304]\024c\001T\320\350\204\0010bp\000 \b\006\222T\357\377\377\377\303\275\377\377\377\017a\377\377\377?L\030\000\304\2019a\000T\200\350\204\0010l@x\301\020L\030\000\344\2019a\000\f\033\020HP\004\023\006\300\210\301q\200 \030H\025\276\377\377\377\017%\377\377\377?\220\375\377\377\3770c@\254\215\034\250BY\214\030\024G\b\202\301e\0203\006D\333\f\252P\0268c@\354E@\026@@\f\000\t\000\000\000[\004`,\266\f@v\023[\206!\300\211-C\021\340\304\226\301\bpb\313p\0043\261eH2\237\000\000\000\000\000\000\000a \000\000(\000\000\000\023\004A,\020\000\000\000\004\000\000\000\004*\374\037\377\177\240\000\001\021(\230\202\n\000\000\3610\000\000\017\000\000\000\"G\310\220Q\006\004\006\024\000\000\000vsf_systick_is_match\253\252\201\025\304\002`\005\321\b\013 \030\r\000\000@$8\005\000\270\t\000\000\000\000\000\024\200:c@\220\0063\026@\005\203\316\030\020\244\201\215\0050\334\020<a0c@\220\0063\026@\0063\006\004i\024c\001\004\304\000\000\003\000\000\000[\004@,\266\f@0\023\000\000\000\000\000\000\000a \000\000%\000\000\000\023\004A,\020\000\000\000\003\000\000\000\004*\372\037\377\177\200\202)\250\000\000\3610\000\000\022\000\000\000\"G\310\220Q\006D\006\025\000\000\000vsf_systick_get_count\000\000\000\253\252\201\025\304\002`\005\326(\013 h\r\000\000@$8\005\000\270\t\000\330\020\200\304&B\000\310\002\000\000\000\024\000:c@\270\0063\026@\0063\006\204k\024c\001\004\304\000\000\000\000\003\000\000\000[\004@,\266\f@0\023\000\000\000\000\000\000\000q \000\000\n\000\000\0002\016\020\"\204\001\256\n(`\310\200\003\245\fH\200\313\200\005\237\rhP\352\200\007\215\017\210P\377\200\t\237\020\000\000\000\000\000\000\000\000e\f\000\000Y\000\000\000\022\003\224\270\002\000\000\000\001\000\000\000\322\000\000\000\b\000\000\000D\000\000\000\001\000\000\000P\000\000\000\000\000\000\000P\000\000\000\013\000\000\000X\001\000\000\000\000\000\000\332\000\000\000\027\000\000\000\361\000\000\000=\000\000\000.\001\000\000\000\000\000\000\000\000\000\000\013\000\000\000\000\000\000\000\f\000\000\000\020\000\000\000\f\000\000\000\020\000\000\000\377\377\377\377\001$\000\000\034\000\000\000\026\000\000\000\034\000\000\000\026\000\000\000\377\377\377\377\001$\000\0002\000\000\000\027\000\000\0002\000\000\000\027\000\000\000\377\377\377\377\001$\000\000I\000\000\000\022\000\000\000I\000\000\000\022\000\000\000\377\377\377\377\001$\000\000[\000\000\000\023\000\000\000[\000\000\000\023\000\000\000\377\377\377\377\001$\000\000n\000\000\000\026\000\000\000n\000\000\000\026\000\000\000\377\377\377\377\001$\000\000\204\000\000\000\027\000\000\000\204\000\000\000\027\000\000\000\377\377\377\377\001$\000\000\233\000\000\000\024\000\000\000\233\000\000\000\024\000\000\000\377\377\377\377\001$\000\000\257\000\000\000\025\000\000\000\257\000\000\000\025\000\000\000\377\377\377\377\001$\000\000\304\000\000\000\016\000\000\000\304\000\000\000\016\000\000\000\377\377\377\377\b,\000\000\000\000\000\000\f\000\000\000\000\000\000\000\f\000\000\000\377\377\377\377\000\000\000\000\000\000\000\000]\f\000\000O\000\000\000\022\003\224n\002\000\000\000s_wCSRBuffervsf_systick_initvsf_systick_set_reloadvsf_systick_clear_countvsf_systick_enablevsf_systick_disablevsf_systick_int_enablevsf_systick_int_disablevsf_systick_is_matchvsf_systick_get_countllvm.dbg.value7.0.0svnthumbv7em-arm-none-eabi../../../vsf/hal/arch/arm/cortex-m/SysTick/systick_internal.c\000\000\000\000\000"
	.size	.Lllvm.embedded.module, 9212

	.section	.debug_str,"MS",%progbits,1
.Linfo_string0:
	.asciz	"Component: ARM Compiler 6.10.1 Tool: armclang [5d143200]" @ string offset=0
.Linfo_string1:
	.asciz	"../../../vsf/hal/arch/arm/cortex-m/SysTick\\systick_internal.c" @ string offset=57
.Linfo_string2:
	.asciz	"C:\\Users\\test\\Desktop\\GitHub\\Thread_and_Pt_test\\Thread_and_Pt_test\\source\\example\\project\\mdk" @ string offset=119
.Linfo_string3:
	.asciz	"s_wCSRBuffer"          @ string offset=213
.Linfo_string4:
	.asciz	"unsigned int"          @ string offset=226
.Linfo_string5:
	.asciz	"uint32_t"              @ string offset=239
.Linfo_string6:
	.asciz	"DISABLE_SYSTICK"       @ string offset=248
.Linfo_string7:
	.asciz	"ENABLE_SYSTICK"        @ string offset=264
.Linfo_string8:
	.asciz	"DISABLE_SYSTICK_INTERRUPT" @ string offset=279
.Linfo_string9:
	.asciz	"ENABLE_SYSTICK_INTERRUPT" @ string offset=305
.Linfo_string10:
	.asciz	"SYSTICK_SOURCE_REFERCLK" @ string offset=330
.Linfo_string11:
	.asciz	"SYSTICK_SOURCE_SYSCLK" @ string offset=354
.Linfo_string12:
	.asciz	"SYST_CSR"              @ string offset=376
.Linfo_string13:
	.asciz	"EN"                    @ string offset=385
.Linfo_string14:
	.asciz	"reg32_t"               @ string offset=388
.Linfo_string15:
	.asciz	"TICKINT"               @ string offset=396
.Linfo_string16:
	.asciz	"CLKSOURCE"             @ string offset=404
.Linfo_string17:
	.asciz	"COUNTFLAG"             @ string offset=414
.Linfo_string18:
	.asciz	"Value"                 @ string offset=424
.Linfo_string19:
	.asciz	"SYST_RVR"              @ string offset=430
.Linfo_string20:
	.asciz	"RELOAD"                @ string offset=439
.Linfo_string21:
	.asciz	"SYST_CVR"              @ string offset=446
.Linfo_string22:
	.asciz	"CURRENT"               @ string offset=455
.Linfo_string23:
	.asciz	"SYST_CALIB"            @ string offset=463
.Linfo_string24:
	.asciz	"TENMS"                 @ string offset=474
.Linfo_string25:
	.asciz	"SKEW"                  @ string offset=480
.Linfo_string26:
	.asciz	"NOREF"                 @ string offset=485
.Linfo_string27:
	.asciz	"systick_reg_t"         @ string offset=491
	.section	.debug_abbrev,"",%progbits
	.byte	1                       @ Abbreviation Code
	.byte	17                      @ DW_TAG_compile_unit
	.byte	1                       @ DW_CHILDREN_yes
	.byte	37                      @ DW_AT_producer
	.byte	14                      @ DW_FORM_strp
	.byte	19                      @ DW_AT_language
	.byte	5                       @ DW_FORM_data2
	.byte	3                       @ DW_AT_name
	.byte	14                      @ DW_FORM_strp
	.byte	16                      @ DW_AT_stmt_list
	.byte	6                       @ DW_FORM_data4
	.byte	27                      @ DW_AT_comp_dir
	.byte	14                      @ DW_FORM_strp
	.ascii	"\264B"                 @ DW_AT_GNU_pubnames
	.byte	12                      @ DW_FORM_flag
	.byte	0                       @ EOM(1)
	.byte	0                       @ EOM(2)
	.byte	2                       @ Abbreviation Code
	.byte	52                      @ DW_TAG_variable
	.byte	0                       @ DW_CHILDREN_no
	.byte	3                       @ DW_AT_name
	.byte	14                      @ DW_FORM_strp
	.byte	73                      @ DW_AT_type
	.byte	19                      @ DW_FORM_ref4
	.byte	58                      @ DW_AT_decl_file
	.byte	11                      @ DW_FORM_data1
	.byte	59                      @ DW_AT_decl_line
	.byte	11                      @ DW_FORM_data1
	.byte	0                       @ EOM(1)
	.byte	0                       @ EOM(2)
	.byte	3                       @ Abbreviation Code
	.byte	53                      @ DW_TAG_volatile_type
	.byte	0                       @ DW_CHILDREN_no
	.byte	73                      @ DW_AT_type
	.byte	19                      @ DW_FORM_ref4
	.byte	0                       @ EOM(1)
	.byte	0                       @ EOM(2)
	.byte	4                       @ Abbreviation Code
	.byte	22                      @ DW_TAG_typedef
	.byte	0                       @ DW_CHILDREN_no
	.byte	73                      @ DW_AT_type
	.byte	19                      @ DW_FORM_ref4
	.byte	3                       @ DW_AT_name
	.byte	14                      @ DW_FORM_strp
	.byte	58                      @ DW_AT_decl_file
	.byte	11                      @ DW_FORM_data1
	.byte	59                      @ DW_AT_decl_line
	.byte	11                      @ DW_FORM_data1
	.byte	0                       @ EOM(1)
	.byte	0                       @ EOM(2)
	.byte	5                       @ Abbreviation Code
	.byte	36                      @ DW_TAG_base_type
	.byte	0                       @ DW_CHILDREN_no
	.byte	3                       @ DW_AT_name
	.byte	14                      @ DW_FORM_strp
	.byte	62                      @ DW_AT_encoding
	.byte	11                      @ DW_FORM_data1
	.byte	11                      @ DW_AT_byte_size
	.byte	11                      @ DW_FORM_data1
	.byte	0                       @ EOM(1)
	.byte	0                       @ EOM(2)
	.byte	6                       @ Abbreviation Code
	.byte	4                       @ DW_TAG_enumeration_type
	.byte	1                       @ DW_CHILDREN_yes
	.byte	73                      @ DW_AT_type
	.byte	19                      @ DW_FORM_ref4
	.byte	11                      @ DW_AT_byte_size
	.byte	11                      @ DW_FORM_data1
	.byte	58                      @ DW_AT_decl_file
	.byte	11                      @ DW_FORM_data1
	.byte	59                      @ DW_AT_decl_line
	.byte	11                      @ DW_FORM_data1
	.byte	0                       @ EOM(1)
	.byte	0                       @ EOM(2)
	.byte	7                       @ Abbreviation Code
	.byte	40                      @ DW_TAG_enumerator
	.byte	0                       @ DW_CHILDREN_no
	.byte	3                       @ DW_AT_name
	.byte	14                      @ DW_FORM_strp
	.byte	28                      @ DW_AT_const_value
	.byte	15                      @ DW_FORM_udata
	.byte	0                       @ EOM(1)
	.byte	0                       @ EOM(2)
	.byte	8                       @ Abbreviation Code
	.byte	15                      @ DW_TAG_pointer_type
	.byte	0                       @ DW_CHILDREN_no
	.byte	73                      @ DW_AT_type
	.byte	19                      @ DW_FORM_ref4
	.byte	0                       @ EOM(1)
	.byte	0                       @ EOM(2)
	.byte	9                       @ Abbreviation Code
	.byte	19                      @ DW_TAG_structure_type
	.byte	1                       @ DW_CHILDREN_yes
	.byte	11                      @ DW_AT_byte_size
	.byte	11                      @ DW_FORM_data1
	.byte	58                      @ DW_AT_decl_file
	.byte	11                      @ DW_FORM_data1
	.byte	59                      @ DW_AT_decl_line
	.byte	11                      @ DW_FORM_data1
	.byte	0                       @ EOM(1)
	.byte	0                       @ EOM(2)
	.byte	10                      @ Abbreviation Code
	.byte	13                      @ DW_TAG_member
	.byte	0                       @ DW_CHILDREN_no
	.byte	3                       @ DW_AT_name
	.byte	14                      @ DW_FORM_strp
	.byte	73                      @ DW_AT_type
	.byte	19                      @ DW_FORM_ref4
	.byte	58                      @ DW_AT_decl_file
	.byte	11                      @ DW_FORM_data1
	.byte	59                      @ DW_AT_decl_line
	.byte	11                      @ DW_FORM_data1
	.byte	56                      @ DW_AT_data_member_location
	.byte	11                      @ DW_FORM_data1
	.byte	0                       @ EOM(1)
	.byte	0                       @ EOM(2)
	.byte	11                      @ Abbreviation Code
	.byte	23                      @ DW_TAG_union_type
	.byte	1                       @ DW_CHILDREN_yes
	.byte	11                      @ DW_AT_byte_size
	.byte	11                      @ DW_FORM_data1
	.byte	58                      @ DW_AT_decl_file
	.byte	11                      @ DW_FORM_data1
	.byte	59                      @ DW_AT_decl_line
	.byte	11                      @ DW_FORM_data1
	.byte	0                       @ EOM(1)
	.byte	0                       @ EOM(2)
	.byte	12                      @ Abbreviation Code
	.byte	13                      @ DW_TAG_member
	.byte	0                       @ DW_CHILDREN_no
	.byte	73                      @ DW_AT_type
	.byte	19                      @ DW_FORM_ref4
	.byte	58                      @ DW_AT_decl_file
	.byte	11                      @ DW_FORM_data1
	.byte	59                      @ DW_AT_decl_line
	.byte	11                      @ DW_FORM_data1
	.byte	56                      @ DW_AT_data_member_location
	.byte	11                      @ DW_FORM_data1
	.byte	0                       @ EOM(1)
	.byte	0                       @ EOM(2)
	.byte	13                      @ Abbreviation Code
	.byte	13                      @ DW_TAG_member
	.byte	0                       @ DW_CHILDREN_no
	.byte	3                       @ DW_AT_name
	.byte	14                      @ DW_FORM_strp
	.byte	73                      @ DW_AT_type
	.byte	19                      @ DW_FORM_ref4
	.byte	58                      @ DW_AT_decl_file
	.byte	11                      @ DW_FORM_data1
	.byte	59                      @ DW_AT_decl_line
	.byte	11                      @ DW_FORM_data1
	.byte	11                      @ DW_AT_byte_size
	.byte	11                      @ DW_FORM_data1
	.byte	13                      @ DW_AT_bit_size
	.byte	11                      @ DW_FORM_data1
	.byte	12                      @ DW_AT_bit_offset
	.byte	11                      @ DW_FORM_data1
	.byte	56                      @ DW_AT_data_member_location
	.byte	11                      @ DW_FORM_data1
	.byte	0                       @ EOM(1)
	.byte	0                       @ EOM(2)
	.byte	0                       @ EOM(3)
	.section	.debug_info,"",%progbits
.Lcu_begin0:
	.long	447                     @ Length of Unit
	.short	3                       @ DWARF version number
	.long	.debug_abbrev           @ Offset Into Abbrev. Section
	.byte	4                       @ Address Size (in bytes)
	.byte	1                       @ Abbrev [1] 0xb:0x1b8 DW_TAG_compile_unit
	.long	.Linfo_string0          @ DW_AT_producer
	.short	12                      @ DW_AT_language
	.long	.Linfo_string1          @ DW_AT_name
	.long	.Lline_table_start0     @ DW_AT_stmt_list
	.long	.Linfo_string2          @ DW_AT_comp_dir
	.byte	1                       @ DW_AT_GNU_pubnames
	.byte	2                       @ Abbrev [2] 0x1f:0xb DW_TAG_variable
	.long	.Linfo_string3          @ DW_AT_name
	.long	42                      @ DW_AT_type
	.byte	2                       @ DW_AT_decl_file
	.byte	115                     @ DW_AT_decl_line
	.byte	3                       @ Abbrev [3] 0x2a:0x5 DW_TAG_volatile_type
	.long	47                      @ DW_AT_type
	.byte	4                       @ Abbrev [4] 0x2f:0xb DW_TAG_typedef
	.long	58                      @ DW_AT_type
	.long	.Linfo_string5          @ DW_AT_name
	.byte	1                       @ DW_AT_decl_file
	.byte	64                      @ DW_AT_decl_line
	.byte	5                       @ Abbrev [5] 0x3a:0x7 DW_TAG_base_type
	.long	.Linfo_string4          @ DW_AT_name
	.byte	7                       @ DW_AT_encoding
	.byte	4                       @ DW_AT_byte_size
	.byte	6                       @ Abbrev [6] 0x41:0x2d DW_TAG_enumeration_type
	.long	58                      @ DW_AT_type
	.byte	4                       @ DW_AT_byte_size
	.byte	2                       @ DW_AT_decl_file
	.byte	43                      @ DW_AT_decl_line
	.byte	7                       @ Abbrev [7] 0x49:0x6 DW_TAG_enumerator
	.long	.Linfo_string6          @ DW_AT_name
	.byte	0                       @ DW_AT_const_value
	.byte	7                       @ Abbrev [7] 0x4f:0x6 DW_TAG_enumerator
	.long	.Linfo_string7          @ DW_AT_name
	.byte	1                       @ DW_AT_const_value
	.byte	7                       @ Abbrev [7] 0x55:0x6 DW_TAG_enumerator
	.long	.Linfo_string8          @ DW_AT_name
	.byte	0                       @ DW_AT_const_value
	.byte	7                       @ Abbrev [7] 0x5b:0x6 DW_TAG_enumerator
	.long	.Linfo_string9          @ DW_AT_name
	.byte	2                       @ DW_AT_const_value
	.byte	7                       @ Abbrev [7] 0x61:0x6 DW_TAG_enumerator
	.long	.Linfo_string10         @ DW_AT_name
	.byte	0                       @ DW_AT_const_value
	.byte	7                       @ Abbrev [7] 0x67:0x6 DW_TAG_enumerator
	.long	.Linfo_string11         @ DW_AT_name
	.byte	4                       @ DW_AT_const_value
	.byte	0                       @ End Of Children Mark
	.byte	8                       @ Abbrev [8] 0x6e:0x5 DW_TAG_pointer_type
	.long	115                     @ DW_AT_type
	.byte	4                       @ Abbrev [4] 0x73:0xb DW_TAG_typedef
	.long	126                     @ DW_AT_type
	.long	.Linfo_string27         @ DW_AT_name
	.byte	4                       @ DW_AT_decl_file
	.byte	141                     @ DW_AT_decl_line
	.byte	9                       @ Abbrev [9] 0x7e:0x134 DW_TAG_structure_type
	.byte	16                      @ DW_AT_byte_size
	.byte	4                       @ DW_AT_decl_file
	.byte	111                     @ DW_AT_decl_line
	.byte	10                      @ Abbrev [10] 0x82:0xc DW_TAG_member
	.long	.Linfo_string12         @ DW_AT_name
	.long	142                     @ DW_AT_type
	.byte	4                       @ DW_AT_decl_file
	.byte	120                     @ DW_AT_decl_line
	.byte	0                       @ DW_AT_data_member_location
	.byte	11                      @ Abbrev [11] 0x8e:0x5a DW_TAG_union_type
	.byte	4                       @ DW_AT_byte_size
	.byte	4                       @ DW_AT_decl_file
	.byte	113                     @ DW_AT_decl_line
	.byte	12                      @ Abbrev [12] 0x92:0x8 DW_TAG_member
	.long	154                     @ DW_AT_type
	.byte	4                       @ DW_AT_decl_file
	.byte	113                     @ DW_AT_decl_line
	.byte	0                       @ DW_AT_data_member_location
	.byte	9                       @ Abbrev [9] 0x9a:0x41 DW_TAG_structure_type
	.byte	4                       @ DW_AT_byte_size
	.byte	4                       @ DW_AT_decl_file
	.byte	113                     @ DW_AT_decl_line
	.byte	13                      @ Abbrev [13] 0x9e:0xf DW_TAG_member
	.long	.Linfo_string13         @ DW_AT_name
	.long	434                     @ DW_AT_type
	.byte	4                       @ DW_AT_decl_file
	.byte	114                     @ DW_AT_decl_line
	.byte	4                       @ DW_AT_byte_size
	.byte	1                       @ DW_AT_bit_size
	.byte	31                      @ DW_AT_bit_offset
	.byte	0                       @ DW_AT_data_member_location
	.byte	13                      @ Abbrev [13] 0xad:0xf DW_TAG_member
	.long	.Linfo_string15         @ DW_AT_name
	.long	434                     @ DW_AT_type
	.byte	4                       @ DW_AT_decl_file
	.byte	115                     @ DW_AT_decl_line
	.byte	4                       @ DW_AT_byte_size
	.byte	1                       @ DW_AT_bit_size
	.byte	30                      @ DW_AT_bit_offset
	.byte	0                       @ DW_AT_data_member_location
	.byte	13                      @ Abbrev [13] 0xbc:0xf DW_TAG_member
	.long	.Linfo_string16         @ DW_AT_name
	.long	434                     @ DW_AT_type
	.byte	4                       @ DW_AT_decl_file
	.byte	116                     @ DW_AT_decl_line
	.byte	4                       @ DW_AT_byte_size
	.byte	1                       @ DW_AT_bit_size
	.byte	29                      @ DW_AT_bit_offset
	.byte	0                       @ DW_AT_data_member_location
	.byte	13                      @ Abbrev [13] 0xcb:0xf DW_TAG_member
	.long	.Linfo_string17         @ DW_AT_name
	.long	434                     @ DW_AT_type
	.byte	4                       @ DW_AT_decl_file
	.byte	118                     @ DW_AT_decl_line
	.byte	4                       @ DW_AT_byte_size
	.byte	1                       @ DW_AT_bit_size
	.byte	15                      @ DW_AT_bit_offset
	.byte	0                       @ DW_AT_data_member_location
	.byte	0                       @ End Of Children Mark
	.byte	10                      @ Abbrev [10] 0xdb:0xc DW_TAG_member
	.long	.Linfo_string18         @ DW_AT_name
	.long	434                     @ DW_AT_type
	.byte	4                       @ DW_AT_decl_file
	.byte	120                     @ DW_AT_decl_line
	.byte	0                       @ DW_AT_data_member_location
	.byte	0                       @ End Of Children Mark
	.byte	10                      @ Abbrev [10] 0xe8:0xc DW_TAG_member
	.long	.Linfo_string19         @ DW_AT_name
	.long	244                     @ DW_AT_type
	.byte	4                       @ DW_AT_decl_file
	.byte	126                     @ DW_AT_decl_line
	.byte	4                       @ DW_AT_data_member_location
	.byte	11                      @ Abbrev [11] 0xf4:0x2d DW_TAG_union_type
	.byte	4                       @ DW_AT_byte_size
	.byte	4                       @ DW_AT_decl_file
	.byte	123                     @ DW_AT_decl_line
	.byte	12                      @ Abbrev [12] 0xf8:0x8 DW_TAG_member
	.long	256                     @ DW_AT_type
	.byte	4                       @ DW_AT_decl_file
	.byte	123                     @ DW_AT_decl_line
	.byte	0                       @ DW_AT_data_member_location
	.byte	9                       @ Abbrev [9] 0x100:0x14 DW_TAG_structure_type
	.byte	4                       @ DW_AT_byte_size
	.byte	4                       @ DW_AT_decl_file
	.byte	123                     @ DW_AT_decl_line
	.byte	13                      @ Abbrev [13] 0x104:0xf DW_TAG_member
	.long	.Linfo_string20         @ DW_AT_name
	.long	434                     @ DW_AT_type
	.byte	4                       @ DW_AT_decl_file
	.byte	124                     @ DW_AT_decl_line
	.byte	4                       @ DW_AT_byte_size
	.byte	24                      @ DW_AT_bit_size
	.byte	8                       @ DW_AT_bit_offset
	.byte	0                       @ DW_AT_data_member_location
	.byte	0                       @ End Of Children Mark
	.byte	10                      @ Abbrev [10] 0x114:0xc DW_TAG_member
	.long	.Linfo_string18         @ DW_AT_name
	.long	434                     @ DW_AT_type
	.byte	4                       @ DW_AT_decl_file
	.byte	126                     @ DW_AT_decl_line
	.byte	0                       @ DW_AT_data_member_location
	.byte	0                       @ End Of Children Mark
	.byte	10                      @ Abbrev [10] 0x121:0xc DW_TAG_member
	.long	.Linfo_string21         @ DW_AT_name
	.long	301                     @ DW_AT_type
	.byte	4                       @ DW_AT_decl_file
	.byte	132                     @ DW_AT_decl_line
	.byte	8                       @ DW_AT_data_member_location
	.byte	11                      @ Abbrev [11] 0x12d:0x2d DW_TAG_union_type
	.byte	4                       @ DW_AT_byte_size
	.byte	4                       @ DW_AT_decl_file
	.byte	129                     @ DW_AT_decl_line
	.byte	12                      @ Abbrev [12] 0x131:0x8 DW_TAG_member
	.long	313                     @ DW_AT_type
	.byte	4                       @ DW_AT_decl_file
	.byte	129                     @ DW_AT_decl_line
	.byte	0                       @ DW_AT_data_member_location
	.byte	9                       @ Abbrev [9] 0x139:0x14 DW_TAG_structure_type
	.byte	4                       @ DW_AT_byte_size
	.byte	4                       @ DW_AT_decl_file
	.byte	129                     @ DW_AT_decl_line
	.byte	13                      @ Abbrev [13] 0x13d:0xf DW_TAG_member
	.long	.Linfo_string22         @ DW_AT_name
	.long	434                     @ DW_AT_type
	.byte	4                       @ DW_AT_decl_file
	.byte	130                     @ DW_AT_decl_line
	.byte	4                       @ DW_AT_byte_size
	.byte	24                      @ DW_AT_bit_size
	.byte	8                       @ DW_AT_bit_offset
	.byte	0                       @ DW_AT_data_member_location
	.byte	0                       @ End Of Children Mark
	.byte	10                      @ Abbrev [10] 0x14d:0xc DW_TAG_member
	.long	.Linfo_string18         @ DW_AT_name
	.long	434                     @ DW_AT_type
	.byte	4                       @ DW_AT_decl_file
	.byte	132                     @ DW_AT_decl_line
	.byte	0                       @ DW_AT_data_member_location
	.byte	0                       @ End Of Children Mark
	.byte	10                      @ Abbrev [10] 0x15a:0xc DW_TAG_member
	.long	.Linfo_string23         @ DW_AT_name
	.long	358                     @ DW_AT_type
	.byte	4                       @ DW_AT_decl_file
	.byte	140                     @ DW_AT_decl_line
	.byte	12                      @ DW_AT_data_member_location
	.byte	11                      @ Abbrev [11] 0x166:0x4b DW_TAG_union_type
	.byte	4                       @ DW_AT_byte_size
	.byte	4                       @ DW_AT_decl_file
	.byte	135                     @ DW_AT_decl_line
	.byte	12                      @ Abbrev [12] 0x16a:0x8 DW_TAG_member
	.long	370                     @ DW_AT_type
	.byte	4                       @ DW_AT_decl_file
	.byte	135                     @ DW_AT_decl_line
	.byte	0                       @ DW_AT_data_member_location
	.byte	9                       @ Abbrev [9] 0x172:0x32 DW_TAG_structure_type
	.byte	4                       @ DW_AT_byte_size
	.byte	4                       @ DW_AT_decl_file
	.byte	135                     @ DW_AT_decl_line
	.byte	13                      @ Abbrev [13] 0x176:0xf DW_TAG_member
	.long	.Linfo_string24         @ DW_AT_name
	.long	434                     @ DW_AT_type
	.byte	4                       @ DW_AT_decl_file
	.byte	136                     @ DW_AT_decl_line
	.byte	4                       @ DW_AT_byte_size
	.byte	24                      @ DW_AT_bit_size
	.byte	8                       @ DW_AT_bit_offset
	.byte	0                       @ DW_AT_data_member_location
	.byte	13                      @ Abbrev [13] 0x185:0xf DW_TAG_member
	.long	.Linfo_string25         @ DW_AT_name
	.long	434                     @ DW_AT_type
	.byte	4                       @ DW_AT_decl_file
	.byte	138                     @ DW_AT_decl_line
	.byte	4                       @ DW_AT_byte_size
	.byte	1                       @ DW_AT_bit_size
	.byte	1                       @ DW_AT_bit_offset
	.byte	0                       @ DW_AT_data_member_location
	.byte	13                      @ Abbrev [13] 0x194:0xf DW_TAG_member
	.long	.Linfo_string26         @ DW_AT_name
	.long	434                     @ DW_AT_type
	.byte	4                       @ DW_AT_decl_file
	.byte	139                     @ DW_AT_decl_line
	.byte	4                       @ DW_AT_byte_size
	.byte	1                       @ DW_AT_bit_size
	.byte	0                       @ DW_AT_bit_offset
	.byte	0                       @ DW_AT_data_member_location
	.byte	0                       @ End Of Children Mark
	.byte	10                      @ Abbrev [10] 0x1a4:0xc DW_TAG_member
	.long	.Linfo_string18         @ DW_AT_name
	.long	434                     @ DW_AT_type
	.byte	4                       @ DW_AT_decl_file
	.byte	140                     @ DW_AT_decl_line
	.byte	0                       @ DW_AT_data_member_location
	.byte	0                       @ End Of Children Mark
	.byte	0                       @ End Of Children Mark
	.byte	4                       @ Abbrev [4] 0x1b2:0xb DW_TAG_typedef
	.long	445                     @ DW_AT_type
	.long	.Linfo_string14         @ DW_AT_name
	.byte	3                       @ DW_AT_decl_file
	.byte	148                     @ DW_AT_decl_line
	.byte	3                       @ Abbrev [3] 0x1bd:0x5 DW_TAG_volatile_type
	.long	58                      @ DW_AT_type
	.byte	0                       @ End Of Children Mark
	.section	.debug_ranges,"",%progbits
	.section	.debug_macinfo,"",%progbits
.Lcu_macro_begin0:
	.byte	0                       @ End Of Macro List Mark
	.section	.debug_pubnames,"",%progbits
	.long	.LpubNames_end0-.LpubNames_begin0 @ Length of Public Names Info
.LpubNames_begin0:
	.short	2                       @ DWARF Version
	.long	.Lcu_begin0             @ Offset of Compilation Unit Info
	.long	451                     @ Compilation Unit Length
	.long	31                      @ DIE offset
	.asciz	"s_wCSRBuffer"          @ External Name
	.long	0                       @ End Mark
.LpubNames_end0:
	.section	.debug_pubtypes,"",%progbits
	.long	.LpubTypes_end0-.LpubTypes_begin0 @ Length of Public Types Info
.LpubTypes_begin0:
	.short	2                       @ DWARF Version
	.long	.Lcu_begin0             @ Offset of Compilation Unit Info
	.long	451                     @ Compilation Unit Length
	.long	434                     @ DIE offset
	.asciz	"reg32_t"               @ External Name
	.long	47                      @ DIE offset
	.asciz	"uint32_t"              @ External Name
	.long	58                      @ DIE offset
	.asciz	"unsigned int"          @ External Name
	.long	115                     @ DIE offset
	.asciz	"systick_reg_t"         @ External Name
	.long	0                       @ End Mark
.LpubTypes_end0:

	.ident	"Component: ARM Compiler 6.10.1 Tool: armclang [5d143200]"
	.section	".note.GNU-stack","",%progbits
	.ARM_attribute	16, 1	@ Tag_AV_eba
	.section	.debug_line,"",%progbits
.Lline_table_start0:
