	.text
	.syntax unified
	.eabi_attribute	67, "2.09"	@ Tag_conformance
	.cpu	cortex-m7
	.eabi_attribute	6, 13	@ Tag_CPU_arch
	.eabi_attribute	7, 77	@ Tag_CPU_arch_profile
	.eabi_attribute	8, 0	@ Tag_ARM_ISA_use
	.eabi_attribute	9, 2	@ Tag_THUMB_ISA_use
	.eabi_attribute	34, 1	@ Tag_CPU_unaligned_access
	.eabi_attribute	17, 1	@ Tag_ABI_PCS_GOT_use
	.eabi_attribute	20, 2	@ Tag_ABI_FP_denormal
	.eabi_attribute	21, 0	@ Tag_ABI_FP_exceptions
	.eabi_attribute	23, 1	@ Tag_ABI_FP_number_model
	.eabi_attribute	24, 1	@ Tag_ABI_align_needed
	.eabi_attribute	25, 1	@ Tag_ABI_align_preserved
	.eabi_attribute	38, 1	@ Tag_ABI_FP_16bit_format
	.eabi_attribute	18, 4	@ Tag_ABI_PCS_wchar_t
	.eabi_attribute	26, 2	@ Tag_ABI_enum_size
	.eabi_attribute	14, 0	@ Tag_ABI_PCS_R9_use
	.file	"user_retarget.c"
	.file	1 "C:\\Keil_v5\\ARM\\ARMCLANG\\Bin\\..\\include" "stdint.h"
	.file	2 "C:/Keil_v5/ARM/PACK/Keil/V2M-MPS2_CMx_BSP/1.7.0/Device/CMSDK_CM7/Include" "CMSDK_CM7.h"
	.type	.Lllvm.embedded.module,%object @ @llvm.embedded.module
	.section	.llvmbc,"a",%progbits
	.p2align	4
.Lllvm.embedded.module:
	.asciz	"BC\300\3365\024\000\000\005\000\000\000b\f0$LY\276\346\356\323>-U\215\020\005\310\024\000\000!\f\000\000\307\005\000\000\013\002!\000\002\000\000\000\023\000\000\000\007\201#\221A\310\004I\006\02029\222\001\204\f%\005\b\031\036\004\213b\200\024E\002B\222\013B\244\0202\0248\b\030K\n2R\210H\220\024 CF\210\245\000\0312B\344H\016\220\221\"\304PAQ\201\214\341\203\345\212\004)F\006Q\030\000\000N\002\000\000\033z(\370\377\377\377\377\0010\0008\000$`\"\306\341\035\344A\036\312a\034\350\201\035\362\241\r\344\341\035\352\301\035\310\241\034\310\241\r\310!\035\354!\035\310\241\034\332`\036\342A\036\350\241\r\314\001\036\332\240\035\302\201\036\320\0010\207p`\207y(\007\200 \207rp\207w\220\207v\b\007vh\003s\200\2076h\207p\240\007t\000\340A\036\312a\036\312A\036\354\241\034\332`\036\322\341\034\334\001 \310!\035\346!\034\304\201\035\312\241\r\350!\034\322\201\035\332`\034\302\201\035\330a\036\000s\b\007v\230\207r\000\bv(\207y\230\2076\200\007y(\207qH\207y(\20760\007xh\207p \007\300\034\302\201\035\346\241\034\000\302\035\336\241\r\314A\036\302\241\035\312\241\r\340\341\035\322\301\035\350\241\034\344\241\r\312\201\035\322\241\035\000s\b\007v\230\207r\000\bwx\2076H\007w0\207yh\003s\200\2076h\207p\240\007t\000\350A\036\352\241\034\000\302\035\336\241\r\324\241\036\332\001\036\332\200\036\302A\034\330\241\034\346\0010\207p`\207y(\007\200p\207wh\003w\b\007w\230\20760\007xh\203v\b\007z@\007\200\036\344\241\036\312\001 \334\341\035\332`\036\322\341\034\334\241\034\310\241\r\364\241\034\344\341\035\346\241\r\314\001\036\332\240\035\302\201\036\320\001\240\007y\250\207r\000\bwx\2076\240\007y\b\007x\200\207tp\207sh\203v\b\007z@\007\200\036\344\241\036\312\001 \346\201\036\302a\034\326\241\r\340A\036\336\201\036\312a\034\350\341\035\344\241\r\304\241\036\314\301\034\312A\036\332`\036\322A\037\312\001\300\003\200\240\207p\220\207s(\007zh\203q\200\207z\000\306\341\035\344\201\036\312\001\037\332\240\035\356\000 \350!\034\344\341\034\312\201\036\332\300\034\312!\034\350\241\036\344\241\034\346\001X\003r\230\007x`\2035@\207{ \207t\260\0076X\203yx\007s\240\20760\007vx\207p\240\0076X\003z@\207zh\007qh\203vx\007r(\0076h\203q\220\207q`\2036\030\007y\310\007x\240\207w`\2036 \2078\260\0036h\003rx\007z\200\007yx\007r`\20360\007xh\203p\220\207v\260\007<`\20360\007xh\203wp\007v\310\2076\230\007x`\20360\007x\210\003;`\20360\207z`\007v0\007x\210\003;`\2036@\207{ \207t\260\2076\b\007yh\0076h\003w(\207wp\0076h\003y\b\207y`\2036\260\007s\200\0079`\2036\260\007s\200\2079`\2036\260\007s\200\007:\000\210zp\207y\b\007s(\20760\007xh\203v\b\007z@\007\300\034\302\201\035\346\241\034\000\242\036\346\241\034\332`\036\336\301\034\350\241\r\314\201\035\336!\034\350\001\240\007y\250\207r\0006\374\220\360\377\377\377\377\003`\000p\000H\300\004P\3048\274\203<\310C9\214\003=\260C>\264\201<\274C=\270\0039\224\0039\264\0019\244\203=\244\0039\224C\033\314C<\310\003=\264\2019\300C\033\264C8\320\003:\000\346\020\016\3540\017\345\000\020\344P\016\356\360\016\362\320\016\341\300\016m`\016\360\320\006\355\020\016\364\200\016\000<\310C9\314C9\310\203=\224C\033\314C:\234\203;\000\0049\244\303<\204\2038\260C9\264\001=\204C:\260C\033\214C8\260\003;\314\003`\016\341\300\016\363P\016\000\301\016\3450\017\363\320\006\360 \017\3450\016\3510\017\345\320\006\346\000\017\355\020\016\344\000\230C8\260\303<\224\003@\270\303;\264\2019\310C8\264C9\264\001<\274C:\270\003=\224\203<\264A9\260C:\264\003`\016\341\300\016\363P\016\000\341\016\357\320\006\351\340\016\3460\017m`\016\360\320\006\355\020\016\364\200\016\000=\310C=\224\003@\270\303;\264\201:\324C;\300C\033\320C8\210\003;\224\303<\000\346\020\016\3540\017\345\000\020\356\360\016m\340\016\341\340\016\363\320\006\346\000\017m\320\016\341@\017\350\000\320\203<\324C9\000\204;\274C\033\314C:\234\203;\224\0039\264\201>\224\203<\274\303<\264\2019\300C\033\264C8\320\003:\000\364 \017\365P\016\000\341\016\357\320\006\364 \017\341\000\017\360\220\016\356p\016m\320\016\341@\017\350\000\320\203<\324C9\000\304<\320C8\214\303:\264\001<\310\303;\320C9\214\003=\274\203<\264\2018\324\2039\230C9\310C\033\314C:\350C9\000x\000\020\364\020\016\362p\016\345@\017m0\016\360P\017\3008\274\203<\320C9\340C\033\264\303\035\000\004=\204\203<\234C9\320C\033\230C9\204\003=\324\203<\224\303<\000k@\016\363\000\017l\260\006\350p\017\344\220\016\366\300\006k0\017\357`\016\364\320\006\346\300\016\357\020\016\364\300\006k@\017\350P\017\355 \016m\320\016\357@\016\345\300\006m0\016\3620\016l\320\006\343 \017\371\000\017\364\360\016l\320\006\344\020\007v\300\006m@\016\357@\017\360 \017\357@\016l\320\006\346\000\017m\020\016\362\320\016\366\200\007l\320\006\346\000\017m\360\016\356\300\016\371\320\006\363\000\017l\320\006\346\000\017q`\007l\320\006\346P\017\354\300\016\346\000\017q`\007l\320\006\350p\017\344\220\016\366\320\006\341 \017\355\300\006m\340\016\345\360\016\356\300\006m \017\3410\017l\320\006\366`\016\360 \007l\320\006\366`\016\3600\007l\320\006\366`\016\360@\007\000Q\017\3560\017\341`\016\345\320\006\346\000\017m\320\016\341@\017\350\000\230C8\260\303<\224\003@\324\303<\224C\033\314\303;\230\003=\264\2019\260\303;\204\003=\000\364 \017\365P\016\300\006b\000\0001\330\260C\304\377\377\377\377\017\200\001H\300D\214\303;\310\203<\224\3038\320\003;\344C\033\310\303;\324\203;\220C9\220C\033\220C:\330C:\220C9\264\301<\304\203<\320C\033\230\003<\264A;\204\003=\240\003`\016\341\300\016\363P\016\000A\016\345\340\016\357 \017\355\020\016\354\320\006\346\000\017m\320\016\341@\017\350\000\300\203<\224\303<\224\203<\330C9\264\301<\244\3039\270\003@\220C:\314C8\210\003;\224C\033\320C8\244\003;\264\3018\204\003;\260\303<\000\346\020\016\3540\017\345\000\020\354P\016\3630\017m\000\017\362P\016\343\220\016\363P\016m`\016\360\320\016\341@\016\2009\204\003;\314C9\000\204;\274C\033\230\203<\204C;\224C\033\300\303;\244\203;\320C9\310C\033\224\003;\244C;\000\346\020\016\3540\017\345\000\020\356\360\016m\220\016\356`\016\363\320\006\346\000\017m\320\016\341@\017\350\000\320\203<\324C9\000\204;\274C\033\250C=\264\003<\264\001=\204\2038\260C9\314\003`\016\341\300\016\363P\016\000\341\016\357\320\006\356\020\016\3560\017m`\016\360\320\006\355\020\016\364\200\016\000=\310C=\224\003@\270\303;\264\301<\244\3039\270C9\220C\033\350C9\310\303;\314C\033\230\003<\264A;\204\003=\240\003@\017\362P\017\345\000\020\356\360\016m@\017\362\020\016\360\000\017\351\340\016\347\320\006\355\020\016\364\200\016\000=\310C=\224\003@\314\003=\204\3038\254C\033\300\203<\274\003=\224\3038\320\303;\310C\033\210C=\230\2039\224\203<\264\301<\244\203>\224\003\200\007\000A\017\341 \017\347P\016\364\320\006\343\000\017\365\000\214\303;\310\003=\224\003>\264A;\334\001@\320C8\310\3039\224\003=\264\2019\224C8\320C=\310C9\314\003\260\006\3440\017\360\300\006k\200\016\367@\016\351`\017l\260\006\363\360\016\346@\017m`\016\354\360\016\341@\017l\260\006\364\200\016\365\320\016\342\320\006\355\360\016\344P\016l\320\006\343 \017\343\300\006m0\016\362\220\017\360@\017\357\300\006m@\016q`\007l\320\006\344\360\016\364\000\017\362\360\016\344\300\006m`\016\360\320\006\341 \017\355`\017x\300\006m`\016\360\320\006\357\340\016\354\220\017m0\017\360\300\006m`\016\360\020\007v\300\006m`\016\365\300\016\354`\016\360\020\007v\300\006m\200\016\367@\016\351`\017m\020\016\362\320\016l\320\006\356P\016\357\340\016l\320\006\362\020\016\363\300\006m`\017\346\000\017r\300\006m`\017\346\000\017s\300\006m`\017\346\000\017t\000\020\365\340\016\363\020\016\346P\016m`\016\360\320\006\355\020\016\364\200\016\2009\204\003;\314C9\000D=\314C9\264\301<\274\2039\320C\033\230\003;\274C8\320\003@\017\362P\017\345\000l \212\000\020\203\r\210\361\377\377\377\377\003 \001\024P\007\000\000I\030\000\000\004\000\000\000\023\202`B L\020\202a\202@\024\023\002\003\000\211 \000\000\021\000\000\0002\"H\t d\205\004\223\"\244\204\004\223\"\343\204\241\220\024\022L\212\214\013\204\244L\020@#\000%\000\024\346\b\220\022\f\"s\004`P\0043\350\f\004\024\002\244\224H\221\231#\000\205)\2009\202\000\000\000\000\023.z@\207zh\007q\260\207;(\207vh\203p\220\207vh\003wx\007w(\2076(\207p\020\207t\330\360\006\345\320\006\355\240\007\345\320\006\360\240\007s \007z0\007r\320\006\351`\007t\240\007v@\007m`\017q \007x\240\007v@\007z\020\007r\200\007m\020\016z\000\007z0\007r\320\006\3560\007r\320\006\263`\007t\240\021\302\344\260\f\\\256\227\313\365\252\317\345a8\374E/\267\341\3540\275\374\252\317\313\362\257\274L\017\313\317e\272k<D\002\226\000\000\200\000\000\002@\000\000\000\000\202!\322\362\004\000\000\004\000\020\000\002\000\000\000\020\f\2214'\000\000@\000\200\000\020\000\000\000\200`\210\204\006\021\001\000\300\000\000\001 \000\000\000\000\301\020)\017\244\003\000\000\002\000\002@\000\000\000\000\202!\322*8\n\020\000\005\000\000\000\000\000\000\000\000\022\033\004\212\"\027\000\000d\201\000\000\000\000\t\000\000\0002\036\230\024\031\021L\220\214\t&G\306\004C2EP\006%P\b#\000\324F\000\n\241 \n\243@\000\000\000\261\030\000\000w\000\000\0003\b\200\034\304\341\034f\024\001=\210C8\204\303\214B\200\007yx\007s\230q\f\346\000\017\355\020\016\364\200\0163\fB\036\302\301\035\316\241\034f0\005=\210C8\204\203\033\314\003=\310C=\214\003=\314x\214tp\007{\b\007yH\207pp\007zp\003vx\207p \207\031\314\021\016\354\220\016\3410\017n0\017\343\360\016\360P\0163\020\304\035\336!\034\330!\035\302a\036f0\211;\274\203;\320C9\264\003<\274\203<\204\003;\314\360\024v`\007{h\0077h\207rh\0077\200\207p\220\207p`\007v(\007v\370\005vx\207w\200\207_\b\207q\030\207r\230\207y\230\201,\356\360\016\356\340\016\365\300\016\3540\003b\310\241\034\344\241\034\314\241\034\344\241\034\334a\034\312!\034\304\201\035\312a\006\326\220C9\310C9\230C9\310C9\270\3038\224C8\210\003;\224\303/\274\203<\374\202;\324\003;\260\303\f\307i\207pX\207rp\203th\007x`\207t\030\207t\240\207\031\316S\017\356\000\017\362P\016\344\220\016\343@\017\341 \016\354P\0163 (\035\334\301\036\302A\036\322!\034\334\201\036\334\340\034\344\341\035\352\001\036f\030Q8\260C:\234\203;\314P$v`\007{h\0077`\207wx\007x\230QL\364\220\017\360P\0163\036j\036\312a\034\350!\035\336\301\035~\001\036\344\241\034\314!\035\360a\006T\205\2038\314\303;\260C=\320C9\374\302<\344C;\210\303;\260\303\214\305\n\207y\230\207w\030\207t\b\007z(\007r\230\201\\\343\020\016\354\300\016\345P\016\3630#\301\322A\036\344\341\027\330\341\035\336\001\036f\034\331<\310\3038\260\303;\214\003\000\000\000\000y \000\000:\001\000\000b\036H C\210\f\0319\031$\220\221@\306\310\310h\"P\b\0242\236\030\031!G\310\220Q\334\270Z\002\000e\320\013x@\013\022\361\006\b3\020\005q$H#)\215$\225\301\002<\021\000\000\000../../usrapp/template\\user_retarget.cC:\\Users\\test\\Desktop\\GitHub\\Thread_and_Pt_test\\Thread_and_Pt_test\\source\\example\\project\\mdkComponent: ARM Compiler 6.10.1 Tool: armclang [5d143200]C:/Keil_v5/ARM/PACK/Keil/V2M-MPS2_CMx_BSP/1.7.0/Device/CMSDK_CM7/Include\\CMSDK_CM7.hCMSDK_UART_TypeDefcharC:\\Keil_v5\\ARM\\ARMCLANG\\Bin\\..\\include\\stdint.huint32_tunsigned intintDATASTATECTRLBAUDDIVINTSTATUSINTCLEARDwarf VersionDebug Info Versionwchar_sizestatic_rwdataenumsize_buildattrarmlib_unavailable../../usrapp/template/user_retarget.cuart_configomnipotent charSimple C/C++ TBAA\000\000\000f\353\000\000\000\000\000\0000\202`\030#\b\3061\202` #\bF2\202`(#\b\3152\202\3200#\bM3\202\3208#\b\3153\0224\\\000\033\310\304\031\000`\000\000\000(\000\000\000\214\004\r\023\300\006-\001\000`\001\000\000\037\000\000\000\f5\005\214\032\f\001\000\000\301\032\330\001\000\000\000\020\000\300T\325\200\n\030\200\n\224*\000A\005\000\000\210\004h\000\000k\000\000\003\025@ \000\300\f\300@\005@\b\0000Q\003X\005\033\340\004p\006\000\000\000\0000Q\003<\000\000\000m\000\006\000\000\000\300<\006@\006\006\002 \003\025\300!\000\300<\006@\006\t\030\000\307D\r`!p\000\n@\034\000\000\000\000\300D\rP\007\000\000\000r\000\000\000\000\000\0235\300\003\000\0000\007`\000\000\000\000\314c\000d\240\200\001P\314P\270\301\033\310\001\035\324\301D\r\320,l\360\022g0\007`\000\000\000\000L\324\000\r\303\0060q\006s\000\006\000\030\000\0000Q\0034\r\033\304\304\031\314\001\030\000\240\000\000\300D\r\320\000l \023g`\006`\000\200\003\000\000\0235@\343\260\201M\234\301\034\200\001\000\022\000\000\314P\334\001\036\344\201\036\354\301D\r`\006\000\000\000s\000\000\000\000\000\0235@\363\260\301L\230A\037\200\001\000\000\0000Q\0034\020\033\320\204\031\314\001\030\000\000\000\0003\b~\360\0073\f\\\324\3150pR7\303\340M\337\f\203Gy3\f^\305\3150x\026\030\314\020\f\003\025\300%\000\300\f\0010\023!\000\251\000\314\020l3\f\332*\204\301\f\203\302\na0\303\222\265B\030\264\202\030\264\302\030\260\002\031\264B\031\3140\270B+\214\301\f\203+\264B\031\3140\270B+\210\301\f\203+\264B\030\334\035\000\034\307q\034\307q\034\347\022(A\023r\341\006\220\033\300\203:\350\201\033\200\002<\250\203:\200\002+\360\203H\210\204H\210\004+\250\003?\360\003\032\210\201\030\210\201\030\210\001\032Xn`\271\201\345\006n\340\022t@\007t #\201\t\312\205\215\315\256\315\205L\354\314e\254n\224\340\f2bc\263ksi{#\253c+s1c\013;\233\033\305\000\205P\020\205Q \205RH\205\215\315\256\315%\215\254\314\215n\224\300\024\000\000\000\000\251\030\000\000\023\000\000\000\013\nr(\207w\200\007zXp\230C=\270\3038\260C9\320\303\202\346\034\306\241\r\350A\036\302\301\035\346!\035\350!\035\336\301\035\026(\342P\016\346\360\016\362P\016\351\340\016\363@\017\013\222p0\007z(\007yH\007w\230\007z\000\321\020\000\000\006\000\000\000\007\314<\244\203;\234\003;\224\003=\240\203<\224C8\220\303\001\000\000\000a \000\000\034\000\000\000\023\004A,\020\000\000\000\006\000\000\000d\n\022P\020\020\241,\025\n\024P\020\020\201\230\251\20105\022\000\000\000\303\006\204\260\020\301\214\001\321]i\000\f\033\020\001Q\0043\006\204\247\245\0010l@\b\016\021\314\030\020\337\225\006\000\316\030\020d\020\244\001\020\020\003\000\005\000\000\000[\004\000\r\266\f@\340\n[\206 x\205-\203\020\270\002\000\000\000\000\000a \000\0000\000\000\000\023\004A,\020\000\000\000\006\000\000\000d\n\022P\020\020\241,\025\n\024P\020\020\201\230\251\20105\022\000\000\000\3610\000\000\021\000\000\000\"G\310\220Q\006\304\004\017\000\000\000vsf_stdout_init\000\253\252\001\025f\001@\2056P\005 p\003\000\000@$@\003\000X\003\000\220y \201\f!2d\372\r\nf\001\000\000\000\303\006\204\260\020\301\214\001\321]iP\013\303\006D@\024\301\214\001\341iiP\013\303\006\204\340\020\301\214\001\361]iP\0138c@\300A@\013@@\f\000\000\000\005\000\000\000[\004`\026\266\f@\340\n[\206 x\205-\203\020\270\002\000\000\000\000\000a \000\000\030\000\000\000\023\004A<\f\000\000\000\016\000\000\000\"G\310\220Q\006\204\004\016\000\000\000vsf_stdin_init\000\000\253\252\001\025f\001@\0059P\005 \230\003\000\000@$@\003\000X\003\000\000\000\000\0008c@\324A@\013@@\f\000\000\002\000\000\000[\004`\026\000\000\000\000\000\000\000\000a \000\000>\000\000\000\023\004C,\020\000\000\000\005\000\000\000d\n\021P\020\020\241\000\001\005\001\021\210\231\032\bS\023\001\000\3610\000\000\027\000\000\000\"G\310\220Q\006D\005\021\000\000\000vsf_stdin_getchar\000\000\000\253\252\001\025f\001@\205;\270\005 \300\003\000\000@$@\003\000X\003\000X1\324\002.\344\302\206\340\r6\021\002`\013\200\314\003\td\b\221!S}P0\013@\365A\317,\000\000\000\263\004\301\214\001\321\007\005-\000$\2309c@\364\201F\013@\005\217\316\030\020}\000\006\264\000\f7\004\f\030\314\030\020}\260\320\0020\313\020\b\301\214\001\321\007\005-\000D\230\2173\006\204\037\200\001-\000\027\f\2301 \374\200\241\005 \203\031\003\302\017\nZ\000\002b\000\000\000\005\000\000\000[\004`\026\266\fA\000\013[\006B\242\205-C\021\304\002\000\000\000\000\000a \000\000w\000\000\000\023\004G,\020\000\000\000\b\000\000\0004\212\202Li\024\"\240  B\001\002\n\002\"\024   $\0021S3aj(LM\005\000\3610\000\000#\000\000\000\"G\310\220Q\n\004\007\222\001\000\000vsf_stdout_putchartxchar\253\252\001\025f\001@\005R\320\005 (\005\000\000@$@\003\000\340\005\000\230U\004\265\200\n\246\220\310<\220@\206\020\0312m\n\027\265\000\254\030p\301\027~a\203P\007o\260\211\020\200\\\000\306%B-\320\002*\220\302\033\004\000\260!\330\205u\201Q\255P@\013@\265\202\016-\000\033\206Vh\2050\230 \f\020\000\000\000#\006\007\000\202`\240Py\377\377\377?\374\375\377\377\377\320\367\377\377\377\303\214\001A\n]-\000\227\230\2301 L!\261\005`\270AI\300`\306\2000\005\310\026\200Y\206\200\bf\f\bSHj\001\230%\020f\f\210V\300j\341\026\2500s\302\000\250\200\322\031\003\242\025\274Z\270\205\341\206`\002\203\031\003\242\025\212Z\270\205Y\206A\b&\f\200a\003\342`\236`\306\200p\205\253\026na\330\2000\230,\2301 `\001\rj\341\026f\t\210\031\003\302\024.[\000f\t\212\031\003\242\025\260Z\000\b1s\302\000\250\340\322\031\003\242\025\274Z\000\206\033\002\013\ff\f\210V(j\001\230e0\212`\302\000\0306 \024\344\tf\f\bW\270j\001\0306 \022$\013f\f\bX@\203Z\000\022\2311 d\241\250\005  \006\000\013\000\000\000[\004\200\026\266\fE\000\013[\006D\272\205-C\022\304\302\226A\t~a\313\320\004\260\260e\200\244[\3302DA,l\031\244\340\027\000\000\000\000\000q \000\000\006\000\000\0002\016\020\"\204\000\245\t\0300\234\200\002\365\t8\360\250\200\004\317\n\000\000\000\000\000\000e\f\000\000;\000\000\000\022\003\224\340\001\000\000\000\001\000\000\000Y\000\000\000\b\000\000\000D\000\000\000\001\000\000\000P\000\000\000\000\000\000\000P\000\000\000\006\000\000\000\340\000\000\000\000\000\000\000a\000\000\000\027\000\000\000x\000\000\000%\000\000\000\235\000\000\000\000\000\000\000\000\000\000\000\006\000\000\000\000\000\000\000\000\000\000\000\013\000\000\000\000\000\000\000\013\000\000\000\377\377\377\377\001$\000\000\013\000\000\000\017\000\000\000\013\000\000\000\017\000\000\000\377\377\377\377\001$\000\000\032\000\000\000\016\000\000\000\032\000\000\000\016\000\000\000\377\377\377\377\001$\000\000(\000\000\000\021\000\000\000(\000\000\000\021\000\000\000\377\377\377\377\001$\000\0009\000\000\000\022\000\000\0009\000\000\000\022\000\000\000\377\377\377\377\001$\000\000K\000\000\000\016\000\000\000K\000\000\000\016\000\000\000\377\377\377\377\b,\000\000\000\000\000\000]\f\000\000+\000\000\000\022\003\224=\001\000\000\000uart_configvsf_stdout_initvsf_stdin_initvsf_stdin_getcharvsf_stdout_putcharllvm.dbg.value7.0.0svnthumbv7em-arm-none-eabi../../usrapp/template/user_retarget.c\000\000\000\000\000\000"
	.size	.Lllvm.embedded.module, 6380

	.section	.debug_str,"MS",%progbits,1
.Linfo_string0:
	.asciz	"Component: ARM Compiler 6.10.1 Tool: armclang [5d143200]" @ string offset=0
.Linfo_string1:
	.asciz	"../../usrapp/template\\user_retarget.c" @ string offset=57
.Linfo_string2:
	.asciz	"C:\\Users\\test\\Desktop\\GitHub\\Thread_and_Pt_test\\Thread_and_Pt_test\\source\\example\\project\\mdk" @ string offset=95
.Linfo_string3:
	.asciz	"DATA"                  @ string offset=189
.Linfo_string4:
	.asciz	"unsigned int"          @ string offset=194
.Linfo_string5:
	.asciz	"uint32_t"              @ string offset=207
.Linfo_string6:
	.asciz	"STATE"                 @ string offset=216
.Linfo_string7:
	.asciz	"CTRL"                  @ string offset=222
.Linfo_string8:
	.asciz	"INTSTATUS"             @ string offset=227
.Linfo_string9:
	.asciz	"INTCLEAR"              @ string offset=237
.Linfo_string10:
	.asciz	"BAUDDIV"               @ string offset=246
.Linfo_string11:
	.asciz	"CMSDK_UART_TypeDef"    @ string offset=254
.Linfo_string12:
	.asciz	"char"                  @ string offset=273
.Linfo_string13:
	.asciz	"int"                   @ string offset=278
	.section	.debug_abbrev,"",%progbits
	.byte	1                       @ Abbreviation Code
	.byte	17                      @ DW_TAG_compile_unit
	.byte	1                       @ DW_CHILDREN_yes
	.byte	37                      @ DW_AT_producer
	.byte	14                      @ DW_FORM_strp
	.byte	19                      @ DW_AT_language
	.byte	5                       @ DW_FORM_data2
	.byte	3                       @ DW_AT_name
	.byte	14                      @ DW_FORM_strp
	.byte	16                      @ DW_AT_stmt_list
	.byte	6                       @ DW_FORM_data4
	.byte	27                      @ DW_AT_comp_dir
	.byte	14                      @ DW_FORM_strp
	.ascii	"\264B"                 @ DW_AT_GNU_pubnames
	.byte	12                      @ DW_FORM_flag
	.byte	0                       @ EOM(1)
	.byte	0                       @ EOM(2)
	.byte	2                       @ Abbreviation Code
	.byte	15                      @ DW_TAG_pointer_type
	.byte	0                       @ DW_CHILDREN_no
	.byte	73                      @ DW_AT_type
	.byte	19                      @ DW_FORM_ref4
	.byte	0                       @ EOM(1)
	.byte	0                       @ EOM(2)
	.byte	3                       @ Abbreviation Code
	.byte	22                      @ DW_TAG_typedef
	.byte	0                       @ DW_CHILDREN_no
	.byte	73                      @ DW_AT_type
	.byte	19                      @ DW_FORM_ref4
	.byte	3                       @ DW_AT_name
	.byte	14                      @ DW_FORM_strp
	.byte	58                      @ DW_AT_decl_file
	.byte	11                      @ DW_FORM_data1
	.byte	59                      @ DW_AT_decl_line
	.byte	11                      @ DW_FORM_data1
	.byte	0                       @ EOM(1)
	.byte	0                       @ EOM(2)
	.byte	4                       @ Abbreviation Code
	.byte	19                      @ DW_TAG_structure_type
	.byte	1                       @ DW_CHILDREN_yes
	.byte	11                      @ DW_AT_byte_size
	.byte	11                      @ DW_FORM_data1
	.byte	58                      @ DW_AT_decl_file
	.byte	11                      @ DW_FORM_data1
	.byte	59                      @ DW_AT_decl_line
	.byte	11                      @ DW_FORM_data1
	.byte	0                       @ EOM(1)
	.byte	0                       @ EOM(2)
	.byte	5                       @ Abbreviation Code
	.byte	13                      @ DW_TAG_member
	.byte	0                       @ DW_CHILDREN_no
	.byte	3                       @ DW_AT_name
	.byte	14                      @ DW_FORM_strp
	.byte	73                      @ DW_AT_type
	.byte	19                      @ DW_FORM_ref4
	.byte	58                      @ DW_AT_decl_file
	.byte	11                      @ DW_FORM_data1
	.byte	59                      @ DW_AT_decl_line
	.byte	11                      @ DW_FORM_data1
	.byte	56                      @ DW_AT_data_member_location
	.byte	11                      @ DW_FORM_data1
	.byte	0                       @ EOM(1)
	.byte	0                       @ EOM(2)
	.byte	6                       @ Abbreviation Code
	.byte	13                      @ DW_TAG_member
	.byte	0                       @ DW_CHILDREN_no
	.byte	73                      @ DW_AT_type
	.byte	19                      @ DW_FORM_ref4
	.byte	58                      @ DW_AT_decl_file
	.byte	11                      @ DW_FORM_data1
	.byte	59                      @ DW_AT_decl_line
	.byte	11                      @ DW_FORM_data1
	.byte	56                      @ DW_AT_data_member_location
	.byte	11                      @ DW_FORM_data1
	.byte	0                       @ EOM(1)
	.byte	0                       @ EOM(2)
	.byte	7                       @ Abbreviation Code
	.byte	23                      @ DW_TAG_union_type
	.byte	1                       @ DW_CHILDREN_yes
	.byte	11                      @ DW_AT_byte_size
	.byte	11                      @ DW_FORM_data1
	.byte	58                      @ DW_AT_decl_file
	.byte	11                      @ DW_FORM_data1
	.byte	59                      @ DW_AT_decl_line
	.byte	11                      @ DW_FORM_data1
	.byte	0                       @ EOM(1)
	.byte	0                       @ EOM(2)
	.byte	8                       @ Abbreviation Code
	.byte	53                      @ DW_TAG_volatile_type
	.byte	0                       @ DW_CHILDREN_no
	.byte	73                      @ DW_AT_type
	.byte	19                      @ DW_FORM_ref4
	.byte	0                       @ EOM(1)
	.byte	0                       @ EOM(2)
	.byte	9                       @ Abbreviation Code
	.byte	36                      @ DW_TAG_base_type
	.byte	0                       @ DW_CHILDREN_no
	.byte	3                       @ DW_AT_name
	.byte	14                      @ DW_FORM_strp
	.byte	62                      @ DW_AT_encoding
	.byte	11                      @ DW_FORM_data1
	.byte	11                      @ DW_AT_byte_size
	.byte	11                      @ DW_FORM_data1
	.byte	0                       @ EOM(1)
	.byte	0                       @ EOM(2)
	.byte	10                      @ Abbreviation Code
	.byte	38                      @ DW_TAG_const_type
	.byte	0                       @ DW_CHILDREN_no
	.byte	73                      @ DW_AT_type
	.byte	19                      @ DW_FORM_ref4
	.byte	0                       @ EOM(1)
	.byte	0                       @ EOM(2)
	.byte	0                       @ EOM(3)
	.section	.debug_info,"",%progbits
.Lcu_begin0:
	.long	181                     @ Length of Unit
	.short	3                       @ DWARF version number
	.long	.debug_abbrev           @ Offset Into Abbrev. Section
	.byte	4                       @ Address Size (in bytes)
	.byte	1                       @ Abbrev [1] 0xb:0xae DW_TAG_compile_unit
	.long	.Linfo_string0          @ DW_AT_producer
	.short	12                      @ DW_AT_language
	.long	.Linfo_string1          @ DW_AT_name
	.long	.Lline_table_start0     @ DW_AT_stmt_list
	.long	.Linfo_string2          @ DW_AT_comp_dir
	.byte	1                       @ DW_AT_GNU_pubnames
	.byte	2                       @ Abbrev [2] 0x1f:0x5 DW_TAG_pointer_type
	.long	36                      @ DW_AT_type
	.byte	3                       @ Abbrev [3] 0x24:0xb DW_TAG_typedef
	.long	47                      @ DW_AT_type
	.long	.Linfo_string11         @ DW_AT_name
	.byte	2                       @ DW_AT_decl_file
	.byte	152                     @ DW_AT_decl_line
	.byte	4                       @ Abbrev [4] 0x2f:0x5a DW_TAG_structure_type
	.byte	20                      @ DW_AT_byte_size
	.byte	2                       @ DW_AT_decl_file
	.byte	141                     @ DW_AT_decl_line
	.byte	5                       @ Abbrev [5] 0x33:0xc DW_TAG_member
	.long	.Linfo_string3          @ DW_AT_name
	.long	137                     @ DW_AT_type
	.byte	2                       @ DW_AT_decl_file
	.byte	143                     @ DW_AT_decl_line
	.byte	0                       @ DW_AT_data_member_location
	.byte	5                       @ Abbrev [5] 0x3f:0xc DW_TAG_member
	.long	.Linfo_string6          @ DW_AT_name
	.long	137                     @ DW_AT_type
	.byte	2                       @ DW_AT_decl_file
	.byte	144                     @ DW_AT_decl_line
	.byte	4                       @ DW_AT_data_member_location
	.byte	5                       @ Abbrev [5] 0x4b:0xc DW_TAG_member
	.long	.Linfo_string7          @ DW_AT_name
	.long	137                     @ DW_AT_type
	.byte	2                       @ DW_AT_decl_file
	.byte	145                     @ DW_AT_decl_line
	.byte	8                       @ DW_AT_data_member_location
	.byte	6                       @ Abbrev [6] 0x57:0x8 DW_TAG_member
	.long	95                      @ DW_AT_type
	.byte	2                       @ DW_AT_decl_file
	.byte	146                     @ DW_AT_decl_line
	.byte	12                      @ DW_AT_data_member_location
	.byte	7                       @ Abbrev [7] 0x5f:0x1d DW_TAG_union_type
	.byte	4                       @ DW_AT_byte_size
	.byte	2                       @ DW_AT_decl_file
	.byte	146                     @ DW_AT_decl_line
	.byte	5                       @ Abbrev [5] 0x63:0xc DW_TAG_member
	.long	.Linfo_string8          @ DW_AT_name
	.long	160                     @ DW_AT_type
	.byte	2                       @ DW_AT_decl_file
	.byte	147                     @ DW_AT_decl_line
	.byte	0                       @ DW_AT_data_member_location
	.byte	5                       @ Abbrev [5] 0x6f:0xc DW_TAG_member
	.long	.Linfo_string9          @ DW_AT_name
	.long	137                     @ DW_AT_type
	.byte	2                       @ DW_AT_decl_file
	.byte	148                     @ DW_AT_decl_line
	.byte	0                       @ DW_AT_data_member_location
	.byte	0                       @ End Of Children Mark
	.byte	5                       @ Abbrev [5] 0x7c:0xc DW_TAG_member
	.long	.Linfo_string10         @ DW_AT_name
	.long	137                     @ DW_AT_type
	.byte	2                       @ DW_AT_decl_file
	.byte	150                     @ DW_AT_decl_line
	.byte	16                      @ DW_AT_data_member_location
	.byte	0                       @ End Of Children Mark
	.byte	8                       @ Abbrev [8] 0x89:0x5 DW_TAG_volatile_type
	.long	142                     @ DW_AT_type
	.byte	3                       @ Abbrev [3] 0x8e:0xb DW_TAG_typedef
	.long	153                     @ DW_AT_type
	.long	.Linfo_string5          @ DW_AT_name
	.byte	1                       @ DW_AT_decl_file
	.byte	64                      @ DW_AT_decl_line
	.byte	9                       @ Abbrev [9] 0x99:0x7 DW_TAG_base_type
	.long	.Linfo_string4          @ DW_AT_name
	.byte	7                       @ DW_AT_encoding
	.byte	4                       @ DW_AT_byte_size
	.byte	10                      @ Abbrev [10] 0xa0:0x5 DW_TAG_const_type
	.long	137                     @ DW_AT_type
	.byte	9                       @ Abbrev [9] 0xa5:0x7 DW_TAG_base_type
	.long	.Linfo_string12         @ DW_AT_name
	.byte	8                       @ DW_AT_encoding
	.byte	1                       @ DW_AT_byte_size
	.byte	2                       @ Abbrev [2] 0xac:0x5 DW_TAG_pointer_type
	.long	137                     @ DW_AT_type
	.byte	9                       @ Abbrev [9] 0xb1:0x7 DW_TAG_base_type
	.long	.Linfo_string13         @ DW_AT_name
	.byte	5                       @ DW_AT_encoding
	.byte	4                       @ DW_AT_byte_size
	.byte	0                       @ End Of Children Mark
	.section	.debug_ranges,"",%progbits
	.section	.debug_macinfo,"",%progbits
.Lcu_macro_begin0:
	.byte	0                       @ End Of Macro List Mark
	.section	.debug_pubnames,"",%progbits
	.long	.LpubNames_end0-.LpubNames_begin0 @ Length of Public Names Info
.LpubNames_begin0:
	.short	2                       @ DWARF Version
	.long	.Lcu_begin0             @ Offset of Compilation Unit Info
	.long	185                     @ Compilation Unit Length
	.long	0                       @ End Mark
.LpubNames_end0:
	.section	.debug_pubtypes,"",%progbits
	.long	.LpubTypes_end0-.LpubTypes_begin0 @ Length of Public Types Info
.LpubTypes_begin0:
	.short	2                       @ DWARF Version
	.long	.Lcu_begin0             @ Offset of Compilation Unit Info
	.long	185                     @ Compilation Unit Length
	.long	142                     @ DIE offset
	.asciz	"uint32_t"              @ External Name
	.long	153                     @ DIE offset
	.asciz	"unsigned int"          @ External Name
	.long	177                     @ DIE offset
	.asciz	"int"                   @ External Name
	.long	36                      @ DIE offset
	.asciz	"CMSDK_UART_TypeDef"    @ External Name
	.long	165                     @ DIE offset
	.asciz	"char"                  @ External Name
	.long	0                       @ End Mark
.LpubTypes_end0:

	.ident	"Component: ARM Compiler 6.10.1 Tool: armclang [5d143200]"
	.section	".note.GNU-stack","",%progbits
	.ARM_attribute	16, 1	@ Tag_AV_eba
	.section	.debug_line,"",%progbits
.Lline_table_start0:
