	.text
	.syntax unified
	.eabi_attribute	67, "2.09"	@ Tag_conformance
	.cpu	cortex-m7
	.eabi_attribute	6, 13	@ Tag_CPU_arch
	.eabi_attribute	7, 77	@ Tag_CPU_arch_profile
	.eabi_attribute	8, 0	@ Tag_ARM_ISA_use
	.eabi_attribute	9, 2	@ Tag_THUMB_ISA_use
	.eabi_attribute	34, 1	@ Tag_CPU_unaligned_access
	.eabi_attribute	17, 1	@ Tag_ABI_PCS_GOT_use
	.eabi_attribute	20, 2	@ Tag_ABI_FP_denormal
	.eabi_attribute	21, 0	@ Tag_ABI_FP_exceptions
	.eabi_attribute	23, 1	@ Tag_ABI_FP_number_model
	.eabi_attribute	24, 1	@ Tag_ABI_align_needed
	.eabi_attribute	25, 1	@ Tag_ABI_align_preserved
	.eabi_attribute	38, 1	@ Tag_ABI_FP_16bit_format
	.eabi_attribute	18, 4	@ Tag_ABI_PCS_wchar_t
	.eabi_attribute	26, 2	@ Tag_ABI_enum_size
	.eabi_attribute	14, 0	@ Tag_ABI_PCS_R9_use
	.file	"vsf_simple_bmevt.c"
	.file	1 "../../../vsf/kernel/shell/simple/../../task/.." "vsf_eda.h"
	.file	2 "../../../vsf/utilities/." "type.h"
	.file	3 "../../../vsf/kernel/shell/simple" "vsf_simple_bmevt.c"
	.file	4 "C:\\Keil_v5\\ARM\\ARMCLANG\\Bin\\..\\include" "stdint.h"
	.type	.Lllvm.embedded.module,%object @ @llvm.embedded.module
	.section	.llvmbc,"a",%progbits
	.p2align	4
.Lllvm.embedded.module:
	.asciz	"BC\300\3365\024\000\000\005\000\000\000b\f0$LY\276\346\356\323>-U\215\020\005\310\024\000\000!\f\000\000%\t\000\000\013\002!\000\002\000\000\000\023\000\000\000\007\201#\221A\310\004I\006\02029\222\001\204\f%\005\b\031\036\004\213b\200\030E\002B\222\013B\304\0202\0248\b\030K\n2b\210H\220\024 CF\210\245\000\0312B\344H\016\220\021#\304PAQ\201\214\341\203\345\212\0041F\006Q\030\000\000\215\001\000\000\033v(\370\377\377\377\377\0010\000\t\230\210qx\007y\220\207r\030\007z`\207|h\003yx\207zp\007r(\007rh\003rH\007{H\007r(\2076\230\207x\220\007zh\003s\200\2076h\207p\240\007t\000\314!\034\330a\036\312\001 \310\241\034\334\341\035\344\241\035\302\201\035\332\300\034\340\241\r\332!\034\350\001\035\000x\220\207r\230\207r\220\007{(\2076\230\207t8\007w\000\brH\207y\b\007q`\207rh\003z\b\207t`\2076\030\207p`\007v\230\007\300\034\302\201\035\346\241\034\000\202\035\312a\036\346\241\r\340A\036\312a\034\322a\036\312\241\r\314\001\036\332!\034\310\0010\207p`\207y(\007\200p\207wh\003s\220\207ph\207rh\003xx\207tp\007z(\007yh\203r`\207th\007\300\034\302\201\035\346\241\034\000\302\035\336\241\r\322\301\035\314a\036\332\300\034\340\241\r\332!\034\350\001\035\000z\220\207z(\007\200p\207wh\003u\250\207v\200\2076\240\207p\020\007v(\207y\000\314!\034\330a\036\312\001 \334\341\035\332\300\035\302\301\035\346\241\r\314\001\036\332\240\035\302\201\036\320\001\240\007y\250\207r\000\bwx\2076\230\207t8\007w(\007rh\003}(\007yx\207yh\003s\200\2076h\207p\240\007t\000\350A\036\352\241\034\000\302\035\336\241\r\350A\036\302\001\036\340!\035\334\341\034\332\240\035\302\201\036\320\001\240\007y\250\207r\000\210y\240\207p\030\207uh\003x\220\207w\240\207r\030\007zx\007yh\003q\250\007s0\207r\220\2076\230\207t\320\207r\000\360\000 \350!\034\344\341\034\312\201\036\332`\034\340\241\036\200qx\007y\240\207r\300\2076h\207;\000\bz\b\007y8\207r\240\20760\207r\b\007z\250\007y(\207y\000\326\200\034\346\001\036\330`\r\320\341\036\310!\035\354\201\r\326`\036\336\301\034\350\241\r\314\201\035\336!\034\350\201\r\326\200\036\320\241\036\332A\034\332\240\035\336\201\034\312\201\r\332`\034\344a\034\330\240\r\306A\036\362\001\036\350\341\035\330\240\r\310!\016\354\200\r\332\200\034\336\201\036\340A\036\336\201\034\330\240\r\314\001\036\332 \034\344\241\035\354\001\017\330\240\r\314\001\036\332\340\035\334\201\035\362\241\r\346\001\036\330\240\r\314\001\036\342\300\016\330\240\r\314\241\036\330\201\035\314\001\036\342\300\016\330\240\r\320\341\036\310!\035\354\241\r\302A\036\332\201\r\332\300\035\312\341\035\334\201\r\332@\036\302a\036\330\240\r\354\301\034\340A\016\330\240\r\354\301\034\340a\016\330\240\r\354\301\034\340\201\016\000\242\036\334a\036\302\301\034\312\241\r\314\001\036\332\240\035\302\201\036\320\0010\207p`\207y(\007\200\250\207y(\2076\230\207w0\007zh\003s`\207w\b\007z\000\350A\036\352\241\034\200\r#$\374\377\377\377\377\000\030\300D\214\303;\310\203<\224\3038\320\003;\344C\033\310\303;\324\203;\220C9\220C\033\220C:\330C:\220C9\264\301<\304\203<\320C\033\230\003<\264A;\204\003=\240\003`\016\341\300\016\363P\016\000A\016\345\340\016\357 \017\355\020\016\354\320\006\346\000\017m\320\016\341@\017\350\000\300\203<\224\303<\224\203<\330C9\264\301<\244\3039\270\003@\220C:\314C8\210\003;\224C\033\320C8\244\003;\264\3018\204\003;\260\303<\000\346\020\016\3540\017\345\000\020\354P\016\3630\017m\000\017\362P\016\343\220\016\363P\016m`\016\360\320\016\341@\016\2009\204\003;\314C9\000\204;\274C\033\230\203<\204C;\224C\033\300\303;\244\203;\320C9\310C\033\224\003;\244C;\000\346\020\016\3540\017\345\000\020\356\360\016m\220\016\356`\016\363\320\006\346\000\017m\320\016\341@\017\350\000\320\203<\324C9\000\204;\274C\033\270C8\270\303<\264\2019\300C\033\264C8\320\003:\000\364 \017\365P\016\000\341\016\357\320\006\363\220\016\347\340\016\345@\016m\240\017\345 \017\3570\017m`\016\360\320\006\355\020\016\364\200\016\000=\310C=\224\003@\270\303;\264\001=\310C8\300\003<\244\203;\234C\033\264C8\320\003:\000\364 \017\365P\016\0001\017\364\020\016\343\260\016m\000\017\362\360\016\364P\016\343@\017\357 \017m \016\365`\016\346P\016\362\320\006\363\220\016\372P\016\000\036\000\004=\204\203<\234C9\320C\033\214\003<\324\0030\016\357 \017\364P\016\370\320\006\355p\007\000A\017\341 \017\347P\016\364\320\006\346P\016\341@\017\365 \017\3450\017\300\032\220\303<\300\003\033\254\001:\334\0039\244\203=\260\301\032\314\303;\230\003=\264\2019\260\303;\204\003=\260\301\032\320\003:\324C;\210C\033\264\303;\220C9\260A\033\214\203<\214\003\033\264\3018\310C>\300\003=\274\003\033\264\0019\304\201\035\260A\033\220\303;\320\003<\310\303;\220\003\033\264\2019\300C\033\204\203<\264\203=\340\001\033\264\2019\300C\033\274\203;\260C>\264\301<\300\003\033\264\2019\300C\034\330\001\033\264\2019\324\003;\260\2039\300C\034\330\001\033\264\001:\334\0039\244\203=\264A8\310C;\260A\033\270C9\274\203;\260A\033\310C8\314\003\033\264\201=\230\003<\310\001\033\264\201=\230\003<\314\001\033\264\201=\230\003<\320\001@\324\203;\314C8\230C9\264\2019\300C\033\264C8\320\003:\000\346\020\016\3540\017\345\000\020\3650\017\345\320\006\363\360\016\346@\017m`\016\354\360\016\341@\017\000=\310C=\224\003\260\201\030\000@\f6\020\004\000`\033\210b\000\260\r\204!\000b\260\0019\376\377\377\377\177\000$\200\002\352`\003\202\374\377\377\377\377\000\030\200\004L\033\210\344\377\377\377\377\007@\332@(\001p\006\033\210E\000\316\000\000I\030\000\000\016\000\000\000\023\202`B L\020\204a\202 \020\023\004\241\230 \b\306\204\340\230\020 \023\004d\230  \304\004\001)&\b\2101!H&\f\310\240L\030\020e\231  \n\000\000\000\000\211 \000\000H\000\000\0002\"\210\t d\205\004\023#\244\204\004\023#\343\204\241\220\024\022L\214\214\013\204\304L\020\314\301\034\001\030PR\004  \341<i\212(a\362+\251\370\003\346!\252\351\007\006\340\231\210\350w\236\177B\3020\020q\2154E\2240\371@\3434>\215\204\002\230#@\222\340\270M\232\"J\230\374J*\376\200y\210j\372\201\001x&\"\372'$\030\b\005\267HSD\t\223\0174N\203\004@I\210#\003\216\233\244)\242\204\311\257\244\342\017\230\207\250\246\177B\303\3024\344\\#M\021%L>\3208\215_#\0018N\223\246\210\022&\277\222\212?`\036\242\232\376\207h\006\"\372'$@\bE\205\000\036\t\240i\004\200\266\"T\026]\327HSD\t\223\0174N\343\333(\300\222\3448H\232\"J\230\374J*~b\000\376\t\r\031\242\225\300\"n\216 (\202g\3217G\000\225 $\261\020\300#\205D\226\241\262<2KQ=\n\000\020Z\006\340\001H\035\b(D\305\262,\265s\004\2400\005@\000)\000\023.z@\207zh\007q\260\207;(\207vh\203p\220\207vh\003wx\007w(\2076(\207p\020\207t\330\360\006\345\320\006\355\240\007\345\320\006\360\240\007s \007z0\007r\320\006\351`\007t\240\007v@\007m`\017q \007x\240\007v@\007z\020\007r\200\007m\020\016z\000\007z0\007r\320\006\3560\007r\320\006\263`\007t\260b\f\350\241\034\360\201\036\334\300\036\346\301\034\334`\035\312A\036\334\241\034\330\301\r\354a\036\314\341\027\304\241\035\340\241\034\354\201\036~\341\036\302!\035\350\341\027\314\341\035\344a\005\345\006\364P\016\370@\017n`\017\363`\016n\260\016\345 \017\356P\016\354\340\006\345@\016\341\260B\r\334\200\036\312\001\037\350\301\r\354a\036\314\301\r\326\241\034\344\301\035\312\201\035\334\300\036\346\301\034~\241\034\310!\034~\001\036\336\201\035\330!\035\334\341\034~a\036\350!\034\350\241\034~\341\034\312\201\036V\220\201\033\320C9\340\003=\270\201=\314\2039\270\301:\224\203<\270C9\260\203\033\330\303<\230\303/\224\0039\204\303/\234C9\320\303/\214C=\310\303/\224\203=\320\303\n2p\003z(\007|\240\0077\260\207y0\0077X\207r\220\007w(\007vp\003{\230\007s\370\205r \207p\370\005qh\007x(\007{\240\207_\200\207w`\007vX\241\006n@\017\345\200\017\364\340\006\3660\017\346\340\006\353P\016\362\340\016\345\300\016n`\017\363`\016\277P\016\344\020\016\277\000\017\357\300\016\354\220\016\356p\016\2770\017\364\020\016\364P\016\2770\017\345@\017+\316\300\r\350\241\034\360\201\036\334\300\036\346\301\034\334`\035\312A\036\334\241\034\330\301\r\354a\036\314\341\027\312\201\034\302\341\027\322a\036~a\036\350!\034\306a\035~\341\035\356\301\035\312A\036V\204\001=\224\003>\320\203\033\330\303<\230\203\033\254C9\310\203;\224\003;\270\3019\310\303;\324\003<\224\0039\374B9\330\003=\314\303/\244\203;\244\003=\254 \0037\240\207r\300\007zp\003{\230\007sp\203u(\007yp\207r`\0077\260\207y0\207_(\007r\b\207_\020\207v\200\207r\260\007z\370\205tp\207t\240\207\025f@\017\345\200\017\364\340\006\3660\017\346\340\006\353P\016\362\340\016\345\300\016n`\017\363`\016\277@\017\350 \017\345\020\016\344\360\013\342\320\016\360P\016\366@\017\277\000\017\345\340\016\344\260\202\f\334\200\036\312\001\037\350\301\r\354a\036\314\301\r\326\241\034\344\301\035\312\201\035\334\300\036\346\301\034~\241\034\310!\034~A\034\332\001\036\312\301\036\350\341\027\340\241\034\334\201\0344B\230\034\316\201\313\365r\271^.\327\313>7\277\326e\271\273\314~\315\321e6\3735O\267\341\354\362\313>7\177\347\3516\234]\376\212\333e;\3355\036\"\001\323\004\000@\000\004\001 \000\000\000\000\301\020iz8 \000\004@\000\000\001\000\000\000\000\206Hb\220}@\000\f\300\000\000\002\000\000\000\000\f\221\366`\022\003 \000\b\200\000\000\001\000\000\000\000\206H\2560\221\001\020\000\005P\000\200\000\000\000\000\000C\244p\310\314\000\b\000\0030\000@\000\000\000\000\200!\222>X\037\020\000\003p\000\200\000\000\000\000\000C$\230\210\320\000\000\200\000@\002@\000\000\000\000\202!RXLj\000\004\200\000$\000 \000\000\000\000\300\020\211.\254\t\b\000\001P\000@\000\000\000\000\200!\222jL\023\020\000\002\260\000\200\000\000\000\000\000C\244\336p\332\000\b\200\003\000\000\000\000\000\000\000\000\211\r\002ES\022\000\000\262@\n\000\000\0002\036\230\024\031\021L\220\214\t&G\306\004C\002\212\240\fJ\240\020F\000\350-\204\002*\220\022(\244\021\200\202(\030\000\000\261\030\000\000w\000\000\0003\b\200\034\304\341\034f\024\001=\210C8\204\303\214B\200\007yx\007s\230q\f\346\000\017\355\020\016\364\200\0163\fB\036\302\301\035\316\241\034f0\005=\210C8\204\203\033\314\003=\310C=\214\003=\314x\214tp\007{\b\007yH\207pp\007zp\003vx\207p \207\031\314\021\016\354\220\016\3410\017n0\017\343\360\016\360P\0163\020\304\035\336!\034\330!\035\302a\036f0\211;\274\203;\320C9\264\003<\274\203<\204\003;\314\360\024v`\007{h\0077h\207rh\0077\200\207p\220\207p`\007v(\007v\370\005vx\207w\200\207_\b\207q\030\207r\230\207y\230\201,\356\360\016\356\340\016\365\300\016\3540\003b\310\241\034\344\241\034\314\241\034\344\241\034\334a\034\312!\034\304\201\035\312a\006\326\220C9\310C9\230C9\310C9\270\3038\224C8\210\003;\224\303/\274\203<\374\202;\324\003;\260\303\f\307i\207pX\207rp\203th\007x`\207t\030\207t\240\207\031\316S\017\356\000\017\362P\016\344\220\016\343@\017\341 \016\354P\0163 (\035\334\301\036\302A\036\322!\034\334\201\036\334\340\034\344\341\035\352\001\036f\030Q8\260C:\234\203;\314P$v`\007{h\0077`\207wx\007x\230QL\364\220\017\360P\0163\036j\036\312a\034\350!\035\336\301\035~\001\036\344\241\034\314!\035\360a\006T\205\2038\314\303;\260C=\320C9\374\302<\344C;\210\303;\260\303\214\305\n\207y\230\207w\030\207t\b\007z(\007r\230\201\\\343\020\016\354\300\016\345P\016\3630#\301\322A\036\344\341\027\330\341\035\336\001\036f\034\331<\310\3038\260\303;\214\003\000\000\000\000y \000\000g\003\000\000b\036H C\210\f\0319\031$\220\221@\306\310\310h\"P\b\0242\236\030\031!G\310\220Q\274\005T \341\000\000\000\000s\320\013x\200\007\021\323@\020\363|C\304<SeqLVM\223\342-\317\3038\215\3230L\3034\314\024=\314\034H\322\304Lo\3004GC H\323(\b\325\b\027\221\024\307\201\030D\3020\214U4\222\322H\022\000\000../../../vsf/kernel/shell/simple\\vsf_simple_bmevt.cC:\\Users\\test\\Desktop\\GitHub\\Thread_and_Pt_test\\Thread_and_Pt_test\\source\\example\\project\\mdkComponent: ARM Compiler 6.10.1 Tool: armclang [5d143200]../../../vsf/kernel/shell/simple/../../task/../vsf_eda.hvsf_sync_reason_tunsigned intVSF_SYNC_FAILVSF_SYNC_TIMEOUTVSF_SYNC_PENDINGVSF_SYNC_GETVSF_SYNC_CANCEL../../../vsf/utilities/./type.hintVSF_ERR_NOT_READYVSF_ERR_NONEVSF_ERR_UNKNOWNVSF_ERR_NOT_SUPPORTVSF_ERR_NOT_AVAILABLEVSF_ERR_NOT_ACCESSABLEVSF_ERR_NOT_ENOUGH_RESOURCESVSF_ERR_FAILVSF_ERR_INVALID_PARAMETERVSF_ERR_INVALID_RANGEVSF_ERR_INVALID_PTRVSF_ERR_INVALID_KEYVSF_ERR_IOVSF_ERR_REQ_ALREADY_REGISTEREDVSF_ERR_BUGVSF_ERR_OVERRUNVSF_EVT_INVALIDVSF_EVT_NONEVSF_EVT_RETURNVSF_EVT_YIELDVSF_EVT_SYSTEMVSF_EVT_DUMMYVSF_EVT_INITVSF_EVT_FINIVSF_EVT_ENTERVSF_EVT_EXITVSF_EVT_TIMERVSF_EVT_SYNCVSF_EVT_SYNC_CANCELVSF_EVT_SYNC_POLLVSF_EVT_MESSAGEVSF_EVT_USER../../../vsf/kernel/shell/simple/vsf_simple_bmevt.cVSF_APP_STATE_PENDVSF_APP_STATE_POLLvsf_bmpevt_wait_forvsf_bmpevt_tvsf_bmpevt_pender_tC:\\Keil_v5\\ARM\\ARMCLANG\\Bin\\..\\include\\stdint.hint_fast32_t_45914_chMaskuint8_tunsigned charmaskuint32_toperator_47615_chMask_48816_chMaskauto_resetadaptersvsf_bmpevt_adapter_t_43212_chMaskopvsf_bmpevt_adapter_op_tinitvsf_err_tresetpbmpevtppendertime_outresultpedavsf_eda_t_2656_chMask_3377_chMaskon_terminatevsf_eda_on_terminate_t_BoolDwarf VersionDebug Info Versionwchar_sizestatic_rwdataenumsize_buildattrarmlib_unavailableF\033\003\000\000\000\000\0000\202\360\006\321\b\302\033H#\bo0\215 \274\0015\202\360\006\325\b\002\300\214 \000\315\b\002\340\214 \000\317\b\002\000\215\004\r\023\360\016\2443\016\000(\200\001\000\344\005\000\000\300H\3200\315\301;\210\016\000\200\003\000\000u\001\000\0000\0224L\243\360\016?\003\000\240\000\000\200n\000\000\000\214\004\r\023\360\016jc\016\000(\200\001\000\314\006\000\000\300H\3200\201\302;\240\r\000\200\003\000\000\254\001\000\0000\0224L\300;\314\016:\000\240\000\006\000\220\032\000\000\000#A\303$\007\357\020;\000\000\036\000\000\214\006\000\000\300H\3200\001\357\320\037\352\000\200\001\030\000\300{\000\000\000\214\004\r\023+\274\203~\000\000\270\000\000\220\036\000\000\000c\025\001;\370D/ SU\203O\304\001\340\023\263\320\026@`\013\000\000\200H\320\016\000 \036\0000\324\0240\3560\004\000\000\004c!\037\000\000\000@\000\000\003\025@ \000\300@\005@\b\0000\217\001\220\201\001\006\3001\316 \000\3078\203  \343\f\002\221\2143\b\2062\316  \313\fE<\310\303<\320C=\214\004\tD\361\016;\004\300\003\030\000\000`\017\000\000\000\003\025\000#\000\300<\006@\006\r\030\000\3058\003 8\343\f\000\360\2143\000\0014\316\000\f\3218\003pH\343\f@2\2153\000\0135\316\0004\3258\003\360X\343\f@t\2153\000\0236\316\000T\3318\003pi\343\f@\266\2153\000\0337\316\000t\335\f\220>\354\003?\364\203?\374\003H\204\204H\214\004I\224\204I\234\004J\244\304H\220@\000\370\220\016@>\200\001\000\000*\001\000\0000\316\000\004\3368\003\000|\343\f\000\000\006\343\f\200\020\006\343\f\000\b\211\3018\003\000Bc0\316\000\210\020\031\2143\000$T\006\343\f\200\t\231\3018\003\200Bg0\316\000\250\020\032\2143\000,\224\006\343\f\200\013\251\3018\003\000Ck0\316\000\310\020\033\2143\0004\324\0063@,\321\022.\361\0220\021\02321\0234Q\0236q\0238\221\023:\261\023#A\002\001\274\203>\000\371\000\006\000\000\360\004\000\000\300@\005\340\006\002\000\2143\b\300\033\2143\b\002\034\314 \374\004X\214\004\t\004\340\023\270\300\016\360\000\006\000\000\204\005\000\000\300\f\304=\254DO\210\305D\r`\025\357 F\300=\000\000\000\000\300D\r`\311\301;\354\004\200\016\000\000\000\0000Q\003<\000\000\000e\001\006\000\000\000\300D\r`\315\301;\360\0040\016\000\000\000\0000Q\003\230\001\000\000\300Y\000\000\000\000\300D\r\360\000\000\000\240\005\030\000\000\000\000\003\025\000\035\b\0000Q\003Xu\240\026\267\000\344\003\000\000\000\000\314@\220\205Y\244\305Z\314D\b\000[\000\0235@\003\274\003\351\214\2038\200\002\030\000\000\000\314c\000d\200\007\b\200L\324\000\326\035\250\205\037\000o\001\000\000\000\000\323\f\002.\0003\004q1\022$\004\000\000\000p\001\006\000\000\310\005\000\000\300D\r\320\330\301;\244\3168\314\005\030\200\001(\000\0000\203\340\026t1Q\003Xz\240\026\240\000\300\003\000\000\000\000L\324\000M\036\274\003\351\210\203]\200\001\000\000\0000Q\0034{\360\016\244#\016p\021\000`\000\202 \224\013\300\f\302]\340\305D\r\320\000\3570;\350p\016\240\000\006\000\000\000\323\f\202.\0003\004{1\022$\004\000\000\000p\001\022\000\000\360\005\000\000\300D\r\320\360\301;\340\016:\364\005H\200\001(\000\0000\315 \354\0020C\360\027#AB\000\000\000\000\027\b\000\000\240\001\000\0000Q\0034}\360\016\276\203\016\241\201 \240\001\000\300\f\203^\370\205hL\324\000\215\037\274\303\354\234\203]\200\001\000\000\0000Q\003X\240\360\016=\001\230\003\000\000\000\000L\324\000\017\000\000@i\200\001\000\000\0000Q\003<\000\000\000\246\001\006\000\000\000\300D\r\320\374\301;\314\3169\234\006\030\000`\000\000\300\f\002i\240\306D\r\320\000\357\2406\346P\016\240\000\006\000\000\000\0235@\023\n\357\3406\3460\027`\000\006\240\000\000\300\f\202j\254\306D\r`\215\302;\214\r@\016\000\000\000\0000Q\003\230\001\000\000@k\000\000\000\000\300D\r\360\000\000\000\270\006\030\000\000\000\000\0235@#\n\357\2406\345\360\032`\000\000\000\000L\324\000f\000\000\000`\027\000\000\000\0000Q\0034y\360\016jS\016\261\001\006\000\030\000\0000\203\000\033\2621Q\003X\245\200\017\372\000\254\004\000\000\000\000\314 \320\206i\314D\b@m\000\0235\300\003\000\000`\033`\000\000\000\000L\324\000\r)\274\003\330\220\303m\200\001\000\000\0000Q\0034\246\360\016aC\016\267\001\006\000\030\000\0000\203\200\033\2711\\\"\260\303)\370\304,\230E\000\000\303%\002;\240\202O\320BZ\b\0000\\\"\260C*\370D-\254\305\000\000\303%\002;\250\202O\334\002Y\000\0000Q\003X\254\360\0167\001\250\003\000\000\000\000L\324\000\017\000\000\300o\200\001\000\000\0000\\\"\254\303*\370\204/\200\007\000\0003\024\273\301\033\275\341\033\3411Q\0034\300;\364\207:\244\003\030\200\001\000\000\300D\r\320\264\302;\214\210:\314\005\030\200\001\030\000\0000\315 \360\0020CP\036#AB\000\000\000\000\027`\002\000\200y\000\000\000L\324\000\215+\274\003\214\250\303y\200\t\030\200\002\000\0003\f\343A\036\3501\203\000\200\307L\204\000\250\0070Q\003<\000\000\000\353\001\006\000\000\000\300D\r`\301\302;\224\005\300\036\000\000\000\0000Q\0034\257\360\016\375\221\016\355\001\006\000\000\000\300\f\201{L\324\000\017\000\000\300Y\200\001\000\000\0000\217\001\220A, \2000\203\000\037\3611\303\320\013\262\340\0133\f\2750\013\2760\303\360\013\264\000\0163\f\277P\013\2770\303\360\013\266\320\0133\f\277p\013\3410C0L\027\0307\026\200\030\210\201\030\210\201\030p\034\307q4\341\022.A\023.A\023.A\023.\001\n\244A\023n\340\006\240 \006b \006b \006\254\340\022n\000\nb \006b \006b \006b \006b \006b \006b \006b \006\260\341\022b \006h\200\006n\340\006n\340\006n\340\006n\340\006n\340\006n\340\006\260\341\022t\200\006h\200\0064\001\n\360`\017\352`\017\352\240\016t`\017\240\340\006\"\001\n\366\200\006\234H\270\004\032\330\203H\350\004\032\210\004\032p\"\341\022h\300\361\203H\320\201H\330\203:\250\003J\240\201H\270\004\032\330\203:\250\203H\250\003J\240\201=\240\201\033\250\203H\240\004\032\220\0039\220\0039\330\203:\220\003+\210\204K\240\001'\022.A\007b\340\006\352`\017\"\301\251\003(\240\001\035\320\001\035\320\001\035\320\201%#\201\t\312\205\215\315\256\315\205L\354\314e\254n\224\200\0352bc\263ksi{#\253c+s1c\013;\233\033\305\220\217\371\240\217\372\260\217\373H\205\215\315\256\315%\215\254\314\215n\224\000?\000\000\000\000\251\030\000\000\023\000\000\000\013\nr(\207w\200\007zXp\230C=\270\3038\260C9\320\303\202\346\034\306\241\r\350A\036\302\301\035\346!\035\350!\035\336\301\035\026(\342P\016\346\360\016\362P\016\351\340\016\363@\017\013\222p0\007z(\007yH\007w\230\007z\000\321\020\000\000\006\000\000\000\007\314<\244\203;\234\003;\224\003=\240\203<\224C8\220\303\001\000\000\000a \000\000b\001\000\000\023\004Q,\020\000\000\000\006\000\000\000\004\324\001y#\0005@aA\022\3203\002@\322\b\000Y#\000\000\000\000\3610\000\000W\000\000\000\"G\310\220Q\n\304\006\221\001\000\000__vsf_bmpevt_pendreason\000\263\212`\035|\342\027\232YE\320\037>\361\013n0\253\b\374\303'\302!\232U\004\377\341\023\341\360\315*\002\020\361\tq\250f\025\201\177\370D:D\263\212@D|\"\035\322`U5\370\304~\000>\001\0073\022\004s\000\000\000\210\004\355\000\0008\002\000\263\212\240?|\202\035 \231\007\022\310\020\"C\246\335\301\202D\200YE@\">a\007\305\254\"8\021\237\260\203b\305\220\"9\222#\263\212\200D|B\017\212YE\240\">\241\007\305\212\201EtDGf\025\001\211\370\004\037$\263\212\240E|\202\017\316`V\021\264\210O\204B1\253\bJ\304'\342\241\032\227\b$r\n>\001\007f\021\000\300\006\202,\314\002>\326b\023!\0002\002\214K\004\022A\005\237\210\003\370\020\000`\\\"\220H*\370\204\034\254\305\000\000\343\022\201D\370\303'\352\200,\000\000\030\227\b$\262\n>\221\007\340\001\000\300\206\"Fh\244Fl\344F\312\016\nN\004(=(P\021`\202\360d\023\004I\233 \000\333\004\301\032\203\t\002\200\006\023\004\253\r&\b\000\034L\020\000;\230 \000{\000\000\000\000#\006\007\000\202`\320\006X\212\377\377\377\017\251\376\377\377?\250\371\377\377\3770c@\314\302\035\260\0030bp\000 \b\006m\200\241\370\377\377\377\200\352\377\377\377\203\232\377\377\377\0173\006\004-\220\002;\000#\006\007\000\202`\320\006\330\211\377\377\377\017\247\376\377\377?\250\371\377\377\3770c@\324\202\035\260\0030bp\000 \b\006m\200\235\376\377\377\377`\352\377\377\377\203\232\377\377\377\0173\006\304-\\\354\000\214\030\020H\b\202\001'\0063\006\204/l\353\000\214\030\034\000\b\202A\033d'\376\377\377?\220\372\377\377\377\260\346\377\377\377\303\214\001\341\013\324:\000#\006E\022\202`\360\211A0c@\374B\323\037\300,CP\0043\006\304/4\353\000\f7(\025\032\314\030\020\341\240\375\0070\313 \f\301\214\001\021\016\221\177\000#\006\204\022\202` \006c0c@\210C\025\"\300pC\200\200\301\214\001!\016k\020\"\300,\303\000\0053\006\2048T \002\214\030\034K\b\202\001\031\220\301\343$3\006\2049X\376\001\214\030\034\000\b\202A\033x+\376\377\377?\260\372\377\377\377\000\347\377\377\377\303\214\001q\013\027;\000\303\r\001\007\0063\006D:x\"\002\3142\020P0c@\244C\344\037\300\210\201\301\204 \030\230A\031\034\315\214\001\241\016\321\210\000\263\004\320\214\001\261\016\315\210\000#\006G\003\202`\320\006\037\214\377\377\377\017:\376\377\377?\304\371\377\377\3770c@\300\001\037\220\210\211\214\030\034\r\b\202A\033|/\376\377\377?\334\370\377\377\377\020\347\377\377\377\303\214\001\021\007z@\"&2bp4 \b\006m\360\271\370\377\377\377`\343\377\377\377C\234\377\377\377\0173\006\204\034\310\001\211\230\310\210\301\321\200 \030\264\301\347\372\377\377\377C\215\377\377\377\017q\376\377\377?\314\030\020up\221\210\211\f7DJ\030\314\030\020vP\234\210\211\f7DJ\030L\030\000%\004:a\000\3142 F0a\000\314\022\0343\006\204\035\024(b\"\263\004\307\204\0010b@ !\b\006\034\033\314\030\020yp\221\210\211\214\030\034\r\b\202A\033\214\301\213\377\377\377\0178\376\377\377?\324\371\377\377\3770c@\344\001D\"&2\334\0200`0c@\350A\241\"&2\313\220,\301\214\001\241\007\005\211\230\310,\2012c@\350A\261\"&2K\240L\030\000#\006\205\023\202`\360\245\2010c@\360A\322\"&2\313\3004\301\214\001\301\007\t\211\230\310\210\301\361\204 \030LgpY\325\214\001\341\007\223\213\230\310\210\301\321\200 \030\264\201\031\304\370\377\377\377\300\343\377\377\377\003\236\377\377\377\0173\006D\035\\$b\"\263\004\316\214\001\361\007\205\213\230\310\210\301\361\204 \030Lg\200]\326\214\001!\n\320\213\230\310pC@\006`0c@\210B\362\"&2\335p\006d\020L\030\000\303\r\003\031\200\301\204\0010\335\200\006B0a\000\314\0228\023\006\300@\005\3000B3bp4 \b\006m\300\0066\376\377\377?\210\371\377\377\377\340\347\377\377\377\303\214\001Q\007\027\211\230\310\210\301\001\200 \030\264\001\033\330\370\377\377\377\240\353\377\377\377\203\237\377\377\377\0173\006\304-\\\354\000\214\030\024I\b\202\301\027\007\324\214\001\021\017\025\214\000%p0c@\310C\004#\300pC\320\006d0a\000\324\020\354\204\0010\313\000=\301\204\0010b`0!\b\006f`\007X7c@\330CS\"\300,\0014\320\002\370\202\2408\274@\230\301\240<#\006\007\000\202`\320\006q\240\343\377\377\377\303\257\377\377\377\017\243\376\377\377?\314\030\020\267p\261\003\220\301\214\001\261\017\005;\000\0011\000\000\000\004\000\000\000[\004`\035\266\f\234\204\"[\0061\220V\004\000\000\000\000\000a \000\000\272\000\000\000\023\004F,\020\000\000\000\002\000\000\000\244\214\000\3203\002\000\000\3610\000\000c\000\000\000\"G\310\220Q*\210>\000\000\000\000\021\323\030J\003<\321\002grouped_evts_inituint_fast8_tuint_fast32_tptThisppadaptersadapter_countomnipotent charSimple C/C++ TBAAany pointer\000\000\023\2047\260&\bopM\020\336\000[U\r>\261\037\200O\374C\214\000\301H\000\000\000\"A;\000\200\215\000\300\254\"@\021\237 \211bV\021\244\210O\220D\261bX\221\033\271\221YE\200\">q\022\311\254\"`\021\2378\tlQ\003X\374\241\026\273\000\300\003\000\000\000\000,j\000\253?\324\242\027\000x\000\000\000\000\200\r\005`\026\247\341\"/\262\211\020\000\030\001\306%\002\212\370\207O\374\203Y\004\0000.\021P\344?|\002$NC\000\200q\211\200\" \342\023!\341\"\003\000\214K\004\024\361\003\237\020\211\027!\000`\003!#3B#5\"\363@\002\031Bd\310\024I\024\244\b\260!\030\221\r\203\210\340H\211l\030\232\034)\221\r\003\211\344H\211l(BDGJdGpa\303!\007<R\"9b\"9r\"\033\206\036\321\221\022\3310\364\310\216\340\302\004\341\311&\b\2126A\000\266\t\002\300\001\000#\006\007\000\202`\320\006\024\210\377\377\377\017.\376\377\377?\230\371\377\377\3770c@\374\203\031\240\b0bp\000 \b\006m@\375\367\377\377\377\320\342\377\377\377\203\231\377\377\377\0173\006\004H\260\001\212\000#\006\007\000\202`\320\006\224\177\377\377\377\017,\376\377\377?\230\371\377\377\3770c@\204\204\030\240\b0bp\000 \b\006m@\365\367\377\377\377\260\342\377\377\377\203\231\377\377\377\0173\006\204H\214\001\212\000\303\rF\020\0063\006\004I\024)\002\f7\030C\030L\030\000%\004:a\000\3142\fA0a\000\314\022\b3\006\004I\024*\002\314\022\b\023\006\300v\210D\222\244\031\003\242$\024\024\001\206\r\210\340\030\200\031\003\242$*\024\001\206\033\220\t\ff\f\210\223HX\004\230e(\210`\306\2008\211\004E\200\355\020\013EY3\006\004J8-\002\f\033\020\3012\0003\006\004J\\-\002\314\022\0243\006DJ\024-\002\214\030\030P\b\202\201\032t\2142c@\250D\201\"\000\316\030\020+\021\240\b\020\020\003\000\000\005\000\000\000[\004\340D\266\f\211\244\"[\206%\350\221-\303\023\370\b\000\000\000\000\000q \000\000\003\000\000\0002\016\020\"\204\000\211\016x\320\016\001\000\000\000\000e\f\000\000\241\000\000\000\022\003\224\370\004\000\000\000\001\000\000\000\353\000\000\000\b\000\000\000D\000\000\000\001\000\000\000P\000\000\000\000\000\000\000P\000\000\000\f\000\000\000p\001\000\000\013\000\000\000\363\000\000\000\027\000\000\000\n\001\000\0003\000\000\000=\001\000\000\000\000\000\000\000\000\000\000\f\000\000\000\000\000\000\000\000\000\000\000\023\000\000\000\000\000\000\000\023\000\000\000\377\377\377\377\005$\000\000\023\000\000\000\017\000\000\000\023\000\000\000\017\000\000\000\377\377\377\377\f$\000\000\"\000\000\000\031\000\000\000\"\000\000\000\031\000\000\000\377\377\377\377\f$\000\000;\000\000\000\023\000\000\000;\000\000\000\023\000\000\000\377\377\377\377\f$\000\000N\000\000\000\023\000\000\000N\000\000\000\023\000\000\000\377\377\377\377\f$\000\000a\000\000\000\031\000\000\000a\000\000\000\031\000\000\000\377\377\377\377\f$\000\000z\000\000\000\026\000\000\000z\000\000\000\026\000\000\000\377\377\377\377\f$\000\000\220\000\000\000\021\000\000\000\220\000\000\000\021\000\000\000\377\377\377\377\005$\000\000\241\000\000\000\023\000\000\000\241\000\000\000\023\000\000\000\377\377\377\377\f$\000\000\264\000\000\000\026\000\000\000\264\000\000\000\026\000\000\000\377\377\377\377\f$\000\000\312\000\000\000\023\000\000\000\312\000\000\000\023\000\000\000\377\377\377\377\f$\000\000\335\000\000\000\016\000\000\000\335\000\000\000\016\000\000\000\377\377\377\377\b,\000\000\000\000\000\000\000\000\000\000=\001\000\000\000\000\000\000=\001\000\000#\000\000\000\000\000\000\000\000\000\000\000=\001\000\000\000\000\000\000`\001\000\000\024\000\000\000\000\000\000\000\000\000\000\000=\001\000\000\000\000\000\000t\001\000\000*\000\000\000\000\000\000\000\000\000\000\000=\001\000\000\000\000\000\000\236\001\000\000$\000\000\000\000\000\000\000\000\000\000\000=\001\000\000\000\000\000\000\302\001\000\000$\000\000\000\000\000\000\000\000\000\000\000=\001\000\000\000\000\000\000\346\001\000\000*\000\000\000\000\000\000\000\000\000\000\000=\001\000\000\000\000\000\000\020\002\000\000'\000\000\000\000\000\000\000\000\000\000\000=\001\000\000\000\000\000\0007\002\000\000!\000\000\000\000\000\000\000\000\000\000\000=\001\000\000\000\000\000\000X\002\000\000$\000\000\000\000\000\000\000\000\000\000\000=\001\000\000\000\000\000\000|\002\000\000&\000\000\000\000\000\000\000\000\000\000\000=\001\000\000\000\000\000\000\242\002\000\000$\000\000\000\000\000\000\000]\f\000\000\265\000\000\000\022\003\224\246\005\000\000\000vsf_bmpevt_wait_forvsf_eda_get_curvsf_eda_polling_state_getvsf_eda_get_cur_evtvsf_eda_bmpevt_pollvsf_eda_polling_state_setvsf_eda_is_stack_ownergrouped_evts_initvsf_eda_bmpevt_initvsf_thread_bmpevt_pendvsf_eda_bmpevt_pendllvm.dbg.value7.0.0svnthumbv7em-arm-none-eabi../../../vsf/kernel/shell/simple/vsf_simple_bmevt.ctext.vsf.kernel.vsf_bmpevt_wait_for.text.vsf.kernel.eda.text.vsf.kernel.vsf_eda_polling_state_get.text.vsf.kernel.vsf_eda_get_cur_evt.text.vsf.kernel.vsf_eda_bmpevt_poll.text.vsf.kernel.vsf_eda_polling_state_set.text.vsf.kernel.vsf_eda_is_stack_ownertext.vsf.kernel.grouped_evts_init.text.vsf.kernel.vsf_eda_bmpevt_inittext.vsf.kernel.vsf_thread_bmpevt_pend.text.vsf.kernel.vsf_eda_bmpevt_pend\000\000\000\000\000"
	.size	.Lllvm.embedded.module, 10788

	.section	.debug_str,"MS",%progbits,1
.Linfo_string0:
	.asciz	"Component: ARM Compiler 6.10.1 Tool: armclang [5d143200]" @ string offset=0
.Linfo_string1:
	.asciz	"../../../vsf/kernel/shell/simple\\vsf_simple_bmevt.c" @ string offset=57
.Linfo_string2:
	.asciz	"C:\\Users\\test\\Desktop\\GitHub\\Thread_and_Pt_test\\Thread_and_Pt_test\\source\\example\\project\\mdk" @ string offset=109
.Linfo_string3:
	.asciz	"unsigned int"          @ string offset=203
.Linfo_string4:
	.asciz	"VSF_SYNC_FAIL"         @ string offset=216
.Linfo_string5:
	.asciz	"VSF_SYNC_TIMEOUT"      @ string offset=230
.Linfo_string6:
	.asciz	"VSF_SYNC_PENDING"      @ string offset=247
.Linfo_string7:
	.asciz	"VSF_SYNC_GET"          @ string offset=264
.Linfo_string8:
	.asciz	"VSF_SYNC_CANCEL"       @ string offset=277
.Linfo_string9:
	.asciz	"vsf_sync_reason_t"     @ string offset=293
.Linfo_string10:
	.asciz	"int"                   @ string offset=311
.Linfo_string11:
	.asciz	"VSF_ERR_NOT_READY"     @ string offset=315
.Linfo_string12:
	.asciz	"VSF_ERR_NONE"          @ string offset=333
.Linfo_string13:
	.asciz	"VSF_ERR_UNKNOWN"       @ string offset=346
.Linfo_string14:
	.asciz	"VSF_ERR_NOT_SUPPORT"   @ string offset=362
.Linfo_string15:
	.asciz	"VSF_ERR_NOT_AVAILABLE" @ string offset=382
.Linfo_string16:
	.asciz	"VSF_ERR_NOT_ACCESSABLE" @ string offset=404
.Linfo_string17:
	.asciz	"VSF_ERR_NOT_ENOUGH_RESOURCES" @ string offset=427
.Linfo_string18:
	.asciz	"VSF_ERR_FAIL"          @ string offset=456
.Linfo_string19:
	.asciz	"VSF_ERR_INVALID_PARAMETER" @ string offset=469
.Linfo_string20:
	.asciz	"VSF_ERR_INVALID_RANGE" @ string offset=495
.Linfo_string21:
	.asciz	"VSF_ERR_INVALID_PTR"   @ string offset=517
.Linfo_string22:
	.asciz	"VSF_ERR_INVALID_KEY"   @ string offset=537
.Linfo_string23:
	.asciz	"VSF_ERR_IO"            @ string offset=557
.Linfo_string24:
	.asciz	"VSF_ERR_REQ_ALREADY_REGISTERED" @ string offset=568
.Linfo_string25:
	.asciz	"VSF_ERR_BUG"           @ string offset=599
.Linfo_string26:
	.asciz	"VSF_ERR_OVERRUN"       @ string offset=611
.Linfo_string27:
	.asciz	"VSF_EVT_INVALID"       @ string offset=627
.Linfo_string28:
	.asciz	"VSF_EVT_NONE"          @ string offset=643
.Linfo_string29:
	.asciz	"VSF_EVT_RETURN"        @ string offset=656
.Linfo_string30:
	.asciz	"VSF_EVT_YIELD"         @ string offset=671
.Linfo_string31:
	.asciz	"VSF_EVT_SYSTEM"        @ string offset=685
.Linfo_string32:
	.asciz	"VSF_EVT_DUMMY"         @ string offset=700
.Linfo_string33:
	.asciz	"VSF_EVT_INIT"          @ string offset=714
.Linfo_string34:
	.asciz	"VSF_EVT_FINI"          @ string offset=727
.Linfo_string35:
	.asciz	"VSF_EVT_ENTER"         @ string offset=740
.Linfo_string36:
	.asciz	"VSF_EVT_EXIT"          @ string offset=754
.Linfo_string37:
	.asciz	"VSF_EVT_TIMER"         @ string offset=767
.Linfo_string38:
	.asciz	"VSF_EVT_SYNC"          @ string offset=781
.Linfo_string39:
	.asciz	"VSF_EVT_SYNC_CANCEL"   @ string offset=794
.Linfo_string40:
	.asciz	"VSF_EVT_SYNC_POLL"     @ string offset=814
.Linfo_string41:
	.asciz	"VSF_EVT_MESSAGE"       @ string offset=832
.Linfo_string42:
	.asciz	"VSF_EVT_USER"          @ string offset=848
.Linfo_string43:
	.asciz	"VSF_APP_STATE_PEND"    @ string offset=861
.Linfo_string44:
	.asciz	"VSF_APP_STATE_POLL"    @ string offset=880
.Linfo_string45:
	.asciz	"mask"                  @ string offset=899
.Linfo_string46:
	.asciz	"uint32_t"              @ string offset=904
.Linfo_string47:
	.asciz	"operator"              @ string offset=913
.Linfo_string48:
	.asciz	"unsigned char"         @ string offset=922
.Linfo_string49:
	.asciz	"uint8_t"               @ string offset=936
.Linfo_string50:
	.asciz	"_45914_chMask"         @ string offset=944
.Linfo_string51:
	.asciz	"sizetype"              @ string offset=958
.Linfo_string52:
	.asciz	"vsf_bmpevt_pender_t"   @ string offset=967
.Linfo_string53:
	.asciz	"_Bool"                 @ string offset=987
	.section	.debug_abbrev,"",%progbits
	.byte	1                       @ Abbreviation Code
	.byte	17                      @ DW_TAG_compile_unit
	.byte	1                       @ DW_CHILDREN_yes
	.byte	37                      @ DW_AT_producer
	.byte	14                      @ DW_FORM_strp
	.byte	19                      @ DW_AT_language
	.byte	5                       @ DW_FORM_data2
	.byte	3                       @ DW_AT_name
	.byte	14                      @ DW_FORM_strp
	.byte	16                      @ DW_AT_stmt_list
	.byte	6                       @ DW_FORM_data4
	.byte	27                      @ DW_AT_comp_dir
	.byte	14                      @ DW_FORM_strp
	.ascii	"\264B"                 @ DW_AT_GNU_pubnames
	.byte	12                      @ DW_FORM_flag
	.byte	0                       @ EOM(1)
	.byte	0                       @ EOM(2)
	.byte	2                       @ Abbreviation Code
	.byte	4                       @ DW_TAG_enumeration_type
	.byte	1                       @ DW_CHILDREN_yes
	.byte	73                      @ DW_AT_type
	.byte	19                      @ DW_FORM_ref4
	.byte	3                       @ DW_AT_name
	.byte	14                      @ DW_FORM_strp
	.byte	11                      @ DW_AT_byte_size
	.byte	11                      @ DW_FORM_data1
	.byte	58                      @ DW_AT_decl_file
	.byte	11                      @ DW_FORM_data1
	.byte	59                      @ DW_AT_decl_line
	.byte	5                       @ DW_FORM_data2
	.byte	0                       @ EOM(1)
	.byte	0                       @ EOM(2)
	.byte	3                       @ Abbreviation Code
	.byte	40                      @ DW_TAG_enumerator
	.byte	0                       @ DW_CHILDREN_no
	.byte	3                       @ DW_AT_name
	.byte	14                      @ DW_FORM_strp
	.byte	28                      @ DW_AT_const_value
	.byte	15                      @ DW_FORM_udata
	.byte	0                       @ EOM(1)
	.byte	0                       @ EOM(2)
	.byte	4                       @ Abbreviation Code
	.byte	36                      @ DW_TAG_base_type
	.byte	0                       @ DW_CHILDREN_no
	.byte	3                       @ DW_AT_name
	.byte	14                      @ DW_FORM_strp
	.byte	62                      @ DW_AT_encoding
	.byte	11                      @ DW_FORM_data1
	.byte	11                      @ DW_AT_byte_size
	.byte	11                      @ DW_FORM_data1
	.byte	0                       @ EOM(1)
	.byte	0                       @ EOM(2)
	.byte	5                       @ Abbreviation Code
	.byte	4                       @ DW_TAG_enumeration_type
	.byte	1                       @ DW_CHILDREN_yes
	.byte	73                      @ DW_AT_type
	.byte	19                      @ DW_FORM_ref4
	.byte	11                      @ DW_AT_byte_size
	.byte	11                      @ DW_FORM_data1
	.byte	58                      @ DW_AT_decl_file
	.byte	11                      @ DW_FORM_data1
	.byte	59                      @ DW_AT_decl_line
	.byte	11                      @ DW_FORM_data1
	.byte	0                       @ EOM(1)
	.byte	0                       @ EOM(2)
	.byte	6                       @ Abbreviation Code
	.byte	40                      @ DW_TAG_enumerator
	.byte	0                       @ DW_CHILDREN_no
	.byte	3                       @ DW_AT_name
	.byte	14                      @ DW_FORM_strp
	.byte	28                      @ DW_AT_const_value
	.byte	13                      @ DW_FORM_sdata
	.byte	0                       @ EOM(1)
	.byte	0                       @ EOM(2)
	.byte	7                       @ Abbreviation Code
	.byte	46                      @ DW_TAG_subprogram
	.byte	1                       @ DW_CHILDREN_yes
	.byte	0                       @ EOM(1)
	.byte	0                       @ EOM(2)
	.byte	8                       @ Abbreviation Code
	.byte	15                      @ DW_TAG_pointer_type
	.byte	0                       @ DW_CHILDREN_no
	.byte	73                      @ DW_AT_type
	.byte	19                      @ DW_FORM_ref4
	.byte	0                       @ EOM(1)
	.byte	0                       @ EOM(2)
	.byte	9                       @ Abbreviation Code
	.byte	22                      @ DW_TAG_typedef
	.byte	0                       @ DW_CHILDREN_no
	.byte	73                      @ DW_AT_type
	.byte	19                      @ DW_FORM_ref4
	.byte	3                       @ DW_AT_name
	.byte	14                      @ DW_FORM_strp
	.byte	58                      @ DW_AT_decl_file
	.byte	11                      @ DW_FORM_data1
	.byte	59                      @ DW_AT_decl_line
	.byte	11                      @ DW_FORM_data1
	.byte	0                       @ EOM(1)
	.byte	0                       @ EOM(2)
	.byte	10                      @ Abbreviation Code
	.byte	19                      @ DW_TAG_structure_type
	.byte	1                       @ DW_CHILDREN_yes
	.byte	3                       @ DW_AT_name
	.byte	14                      @ DW_FORM_strp
	.byte	11                      @ DW_AT_byte_size
	.byte	11                      @ DW_FORM_data1
	.byte	58                      @ DW_AT_decl_file
	.byte	11                      @ DW_FORM_data1
	.byte	59                      @ DW_AT_decl_line
	.byte	5                       @ DW_FORM_data2
	.byte	0                       @ EOM(1)
	.byte	0                       @ EOM(2)
	.byte	11                      @ Abbreviation Code
	.byte	13                      @ DW_TAG_member
	.byte	0                       @ DW_CHILDREN_no
	.byte	73                      @ DW_AT_type
	.byte	19                      @ DW_FORM_ref4
	.byte	58                      @ DW_AT_decl_file
	.byte	11                      @ DW_FORM_data1
	.byte	59                      @ DW_AT_decl_line
	.byte	5                       @ DW_FORM_data2
	.ascii	"\210\001"              @ DW_AT_alignment
	.byte	15                      @ DW_FORM_udata
	.byte	56                      @ DW_AT_data_member_location
	.byte	11                      @ DW_FORM_data1
	.byte	0                       @ EOM(1)
	.byte	0                       @ EOM(2)
	.byte	12                      @ Abbreviation Code
	.byte	19                      @ DW_TAG_structure_type
	.byte	1                       @ DW_CHILDREN_yes
	.byte	11                      @ DW_AT_byte_size
	.byte	11                      @ DW_FORM_data1
	.byte	58                      @ DW_AT_decl_file
	.byte	11                      @ DW_FORM_data1
	.byte	59                      @ DW_AT_decl_line
	.byte	5                       @ DW_FORM_data2
	.ascii	"\210\001"              @ DW_AT_alignment
	.byte	15                      @ DW_FORM_udata
	.byte	0                       @ EOM(1)
	.byte	0                       @ EOM(2)
	.byte	13                      @ Abbreviation Code
	.byte	13                      @ DW_TAG_member
	.byte	0                       @ DW_CHILDREN_no
	.byte	3                       @ DW_AT_name
	.byte	14                      @ DW_FORM_strp
	.byte	73                      @ DW_AT_type
	.byte	19                      @ DW_FORM_ref4
	.byte	58                      @ DW_AT_decl_file
	.byte	11                      @ DW_FORM_data1
	.byte	59                      @ DW_AT_decl_line
	.byte	5                       @ DW_FORM_data2
	.byte	56                      @ DW_AT_data_member_location
	.byte	11                      @ DW_FORM_data1
	.byte	0                       @ EOM(1)
	.byte	0                       @ EOM(2)
	.byte	14                      @ Abbreviation Code
	.byte	13                      @ DW_TAG_member
	.byte	0                       @ DW_CHILDREN_no
	.byte	3                       @ DW_AT_name
	.byte	14                      @ DW_FORM_strp
	.byte	73                      @ DW_AT_type
	.byte	19                      @ DW_FORM_ref4
	.byte	58                      @ DW_AT_decl_file
	.byte	11                      @ DW_FORM_data1
	.byte	59                      @ DW_AT_decl_line
	.byte	5                       @ DW_FORM_data2
	.byte	11                      @ DW_AT_byte_size
	.byte	11                      @ DW_FORM_data1
	.byte	13                      @ DW_AT_bit_size
	.byte	11                      @ DW_FORM_data1
	.byte	12                      @ DW_AT_bit_offset
	.byte	11                      @ DW_FORM_data1
	.byte	56                      @ DW_AT_data_member_location
	.byte	11                      @ DW_FORM_data1
	.byte	0                       @ EOM(1)
	.byte	0                       @ EOM(2)
	.byte	15                      @ Abbreviation Code
	.byte	13                      @ DW_TAG_member
	.byte	0                       @ DW_CHILDREN_no
	.byte	3                       @ DW_AT_name
	.byte	14                      @ DW_FORM_strp
	.byte	73                      @ DW_AT_type
	.byte	19                      @ DW_FORM_ref4
	.byte	58                      @ DW_AT_decl_file
	.byte	11                      @ DW_FORM_data1
	.byte	59                      @ DW_AT_decl_line
	.byte	5                       @ DW_FORM_data2
	.ascii	"\210\001"              @ DW_AT_alignment
	.byte	15                      @ DW_FORM_udata
	.byte	56                      @ DW_AT_data_member_location
	.byte	11                      @ DW_FORM_data1
	.byte	0                       @ EOM(1)
	.byte	0                       @ EOM(2)
	.byte	16                      @ Abbreviation Code
	.byte	1                       @ DW_TAG_array_type
	.byte	1                       @ DW_CHILDREN_yes
	.byte	73                      @ DW_AT_type
	.byte	19                      @ DW_FORM_ref4
	.byte	0                       @ EOM(1)
	.byte	0                       @ EOM(2)
	.byte	17                      @ Abbreviation Code
	.byte	33                      @ DW_TAG_subrange_type
	.byte	0                       @ DW_CHILDREN_no
	.byte	73                      @ DW_AT_type
	.byte	19                      @ DW_FORM_ref4
	.byte	55                      @ DW_AT_count
	.byte	11                      @ DW_FORM_data1
	.byte	0                       @ EOM(1)
	.byte	0                       @ EOM(2)
	.byte	18                      @ Abbreviation Code
	.byte	36                      @ DW_TAG_base_type
	.byte	0                       @ DW_CHILDREN_no
	.byte	3                       @ DW_AT_name
	.byte	14                      @ DW_FORM_strp
	.byte	11                      @ DW_AT_byte_size
	.byte	11                      @ DW_FORM_data1
	.byte	62                      @ DW_AT_encoding
	.byte	11                      @ DW_FORM_data1
	.byte	0                       @ EOM(1)
	.byte	0                       @ EOM(2)
	.byte	0                       @ EOM(3)
	.section	.debug_info,"",%progbits
.Lcu_begin0:
	.long	472                     @ Length of Unit
	.short	3                       @ DWARF version number
	.long	.debug_abbrev           @ Offset Into Abbrev. Section
	.byte	4                       @ Address Size (in bytes)
	.byte	1                       @ Abbrev [1] 0xb:0x1d1 DW_TAG_compile_unit
	.long	.Linfo_string0          @ DW_AT_producer
	.short	12                      @ DW_AT_language
	.long	.Linfo_string1          @ DW_AT_name
	.long	.Lline_table_start0     @ DW_AT_stmt_list
	.long	.Linfo_string2          @ DW_AT_comp_dir
	.byte	1                       @ DW_AT_GNU_pubnames
	.byte	2                       @ Abbrev [2] 0x1f:0x2c DW_TAG_enumeration_type
	.long	75                      @ DW_AT_type
	.long	.Linfo_string9          @ DW_AT_name
	.byte	4                       @ DW_AT_byte_size
	.byte	1                       @ DW_AT_decl_file
	.short	539                     @ DW_AT_decl_line
	.byte	3                       @ Abbrev [3] 0x2c:0x6 DW_TAG_enumerator
	.long	.Linfo_string4          @ DW_AT_name
	.byte	0                       @ DW_AT_const_value
	.byte	3                       @ Abbrev [3] 0x32:0x6 DW_TAG_enumerator
	.long	.Linfo_string5          @ DW_AT_name
	.byte	1                       @ DW_AT_const_value
	.byte	3                       @ Abbrev [3] 0x38:0x6 DW_TAG_enumerator
	.long	.Linfo_string6          @ DW_AT_name
	.byte	2                       @ DW_AT_const_value
	.byte	3                       @ Abbrev [3] 0x3e:0x6 DW_TAG_enumerator
	.long	.Linfo_string7          @ DW_AT_name
	.byte	3                       @ DW_AT_const_value
	.byte	3                       @ Abbrev [3] 0x44:0x6 DW_TAG_enumerator
	.long	.Linfo_string8          @ DW_AT_name
	.byte	4                       @ DW_AT_const_value
	.byte	0                       @ End Of Children Mark
	.byte	4                       @ Abbrev [4] 0x4b:0x7 DW_TAG_base_type
	.long	.Linfo_string3          @ DW_AT_name
	.byte	7                       @ DW_AT_encoding
	.byte	4                       @ DW_AT_byte_size
	.byte	5                       @ Abbrev [5] 0x52:0x69 DW_TAG_enumeration_type
	.long	187                     @ DW_AT_type
	.byte	4                       @ DW_AT_byte_size
	.byte	2                       @ DW_AT_decl_file
	.byte	105                     @ DW_AT_decl_line
	.byte	6                       @ Abbrev [6] 0x5a:0x6 DW_TAG_enumerator
	.long	.Linfo_string11         @ DW_AT_name
	.byte	1                       @ DW_AT_const_value
	.byte	6                       @ Abbrev [6] 0x60:0x6 DW_TAG_enumerator
	.long	.Linfo_string12         @ DW_AT_name
	.byte	0                       @ DW_AT_const_value
	.byte	6                       @ Abbrev [6] 0x66:0x6 DW_TAG_enumerator
	.long	.Linfo_string13         @ DW_AT_name
	.byte	127                     @ DW_AT_const_value
	.byte	6                       @ Abbrev [6] 0x6c:0x6 DW_TAG_enumerator
	.long	.Linfo_string14         @ DW_AT_name
	.byte	126                     @ DW_AT_const_value
	.byte	6                       @ Abbrev [6] 0x72:0x6 DW_TAG_enumerator
	.long	.Linfo_string15         @ DW_AT_name
	.byte	124                     @ DW_AT_const_value
	.byte	6                       @ Abbrev [6] 0x78:0x6 DW_TAG_enumerator
	.long	.Linfo_string16         @ DW_AT_name
	.byte	123                     @ DW_AT_const_value
	.byte	6                       @ Abbrev [6] 0x7e:0x6 DW_TAG_enumerator
	.long	.Linfo_string17         @ DW_AT_name
	.byte	122                     @ DW_AT_const_value
	.byte	6                       @ Abbrev [6] 0x84:0x6 DW_TAG_enumerator
	.long	.Linfo_string18         @ DW_AT_name
	.byte	121                     @ DW_AT_const_value
	.byte	6                       @ Abbrev [6] 0x8a:0x6 DW_TAG_enumerator
	.long	.Linfo_string19         @ DW_AT_name
	.byte	120                     @ DW_AT_const_value
	.byte	6                       @ Abbrev [6] 0x90:0x6 DW_TAG_enumerator
	.long	.Linfo_string20         @ DW_AT_name
	.byte	119                     @ DW_AT_const_value
	.byte	6                       @ Abbrev [6] 0x96:0x6 DW_TAG_enumerator
	.long	.Linfo_string21         @ DW_AT_name
	.byte	118                     @ DW_AT_const_value
	.byte	6                       @ Abbrev [6] 0x9c:0x6 DW_TAG_enumerator
	.long	.Linfo_string22         @ DW_AT_name
	.byte	117                     @ DW_AT_const_value
	.byte	6                       @ Abbrev [6] 0xa2:0x6 DW_TAG_enumerator
	.long	.Linfo_string23         @ DW_AT_name
	.byte	116                     @ DW_AT_const_value
	.byte	6                       @ Abbrev [6] 0xa8:0x6 DW_TAG_enumerator
	.long	.Linfo_string24         @ DW_AT_name
	.byte	115                     @ DW_AT_const_value
	.byte	6                       @ Abbrev [6] 0xae:0x6 DW_TAG_enumerator
	.long	.Linfo_string25         @ DW_AT_name
	.byte	114                     @ DW_AT_const_value
	.byte	6                       @ Abbrev [6] 0xb4:0x6 DW_TAG_enumerator
	.long	.Linfo_string26         @ DW_AT_name
	.byte	113                     @ DW_AT_const_value
	.byte	0                       @ End Of Children Mark
	.byte	4                       @ Abbrev [4] 0xbb:0x7 DW_TAG_base_type
	.long	.Linfo_string10         @ DW_AT_name
	.byte	5                       @ DW_AT_encoding
	.byte	4                       @ DW_AT_byte_size
	.byte	5                       @ Abbrev [5] 0xc2:0x75 DW_TAG_enumeration_type
	.long	187                     @ DW_AT_type
	.byte	4                       @ DW_AT_byte_size
	.byte	1                       @ DW_AT_decl_file
	.byte	122                     @ DW_AT_decl_line
	.byte	6                       @ Abbrev [6] 0xca:0x6 DW_TAG_enumerator
	.long	.Linfo_string27         @ DW_AT_name
	.byte	127                     @ DW_AT_const_value
	.byte	6                       @ Abbrev [6] 0xd0:0x6 DW_TAG_enumerator
	.long	.Linfo_string28         @ DW_AT_name
	.byte	0                       @ DW_AT_const_value
	.byte	6                       @ Abbrev [6] 0xd6:0x6 DW_TAG_enumerator
	.long	.Linfo_string29         @ DW_AT_name
	.byte	0                       @ DW_AT_const_value
	.byte	6                       @ Abbrev [6] 0xdc:0x6 DW_TAG_enumerator
	.long	.Linfo_string30         @ DW_AT_name
	.byte	1                       @ DW_AT_const_value
	.byte	6                       @ Abbrev [6] 0xe2:0x7 DW_TAG_enumerator
	.long	.Linfo_string31         @ DW_AT_name
	.ascii	"\200\002"              @ DW_AT_const_value
	.byte	6                       @ Abbrev [6] 0xe9:0x7 DW_TAG_enumerator
	.long	.Linfo_string32         @ DW_AT_name
	.ascii	"\200\002"              @ DW_AT_const_value
	.byte	6                       @ Abbrev [6] 0xf0:0x7 DW_TAG_enumerator
	.long	.Linfo_string33         @ DW_AT_name
	.ascii	"\201\002"              @ DW_AT_const_value
	.byte	6                       @ Abbrev [6] 0xf7:0x7 DW_TAG_enumerator
	.long	.Linfo_string34         @ DW_AT_name
	.ascii	"\202\002"              @ DW_AT_const_value
	.byte	6                       @ Abbrev [6] 0xfe:0x7 DW_TAG_enumerator
	.long	.Linfo_string35         @ DW_AT_name
	.ascii	"\203\002"              @ DW_AT_const_value
	.byte	6                       @ Abbrev [6] 0x105:0x7 DW_TAG_enumerator
	.long	.Linfo_string36         @ DW_AT_name
	.ascii	"\204\002"              @ DW_AT_const_value
	.byte	6                       @ Abbrev [6] 0x10c:0x7 DW_TAG_enumerator
	.long	.Linfo_string37         @ DW_AT_name
	.ascii	"\205\002"              @ DW_AT_const_value
	.byte	6                       @ Abbrev [6] 0x113:0x7 DW_TAG_enumerator
	.long	.Linfo_string38         @ DW_AT_name
	.ascii	"\206\002"              @ DW_AT_const_value
	.byte	6                       @ Abbrev [6] 0x11a:0x7 DW_TAG_enumerator
	.long	.Linfo_string39         @ DW_AT_name
	.ascii	"\207\002"              @ DW_AT_const_value
	.byte	6                       @ Abbrev [6] 0x121:0x7 DW_TAG_enumerator
	.long	.Linfo_string40         @ DW_AT_name
	.ascii	"\210\002"              @ DW_AT_const_value
	.byte	6                       @ Abbrev [6] 0x128:0x7 DW_TAG_enumerator
	.long	.Linfo_string41         @ DW_AT_name
	.ascii	"\211\002"              @ DW_AT_const_value
	.byte	6                       @ Abbrev [6] 0x12f:0x7 DW_TAG_enumerator
	.long	.Linfo_string42         @ DW_AT_name
	.ascii	"\212\002"              @ DW_AT_const_value
	.byte	0                       @ End Of Children Mark
	.byte	7                       @ Abbrev [7] 0x137:0x17 DW_TAG_subprogram
	.byte	5                       @ Abbrev [5] 0x138:0x15 DW_TAG_enumeration_type
	.long	75                      @ DW_AT_type
	.byte	4                       @ DW_AT_byte_size
	.byte	3                       @ DW_AT_decl_file
	.byte	88                      @ DW_AT_decl_line
	.byte	3                       @ Abbrev [3] 0x140:0x6 DW_TAG_enumerator
	.long	.Linfo_string43         @ DW_AT_name
	.byte	0                       @ DW_AT_const_value
	.byte	3                       @ Abbrev [3] 0x146:0x6 DW_TAG_enumerator
	.long	.Linfo_string44         @ DW_AT_name
	.byte	1                       @ DW_AT_const_value
	.byte	0                       @ End Of Children Mark
	.byte	0                       @ End Of Children Mark
	.byte	8                       @ Abbrev [8] 0x14e:0x5 DW_TAG_pointer_type
	.long	339                     @ DW_AT_type
	.byte	9                       @ Abbrev [9] 0x153:0xb DW_TAG_typedef
	.long	350                     @ DW_AT_type
	.long	.Linfo_string52         @ DW_AT_name
	.byte	1                       @ DW_AT_decl_file
	.byte	156                     @ DW_AT_decl_line
	.byte	10                      @ Abbrev [10] 0x15e:0x46 DW_TAG_structure_type
	.long	.Linfo_string52         @ DW_AT_name
	.byte	12                      @ DW_AT_byte_size
	.byte	1                       @ DW_AT_decl_file
	.short	450                     @ DW_AT_decl_line
	.byte	11                      @ Abbrev [11] 0x167:0xa DW_TAG_member
	.long	369                     @ DW_AT_type
	.byte	1                       @ DW_AT_decl_file
	.short	452                     @ DW_AT_decl_line
	.byte	4                       @ DW_AT_alignment
	.byte	0                       @ DW_AT_data_member_location
	.byte	12                      @ Abbrev [12] 0x171:0x24 DW_TAG_structure_type
	.byte	8                       @ DW_AT_byte_size
	.byte	1                       @ DW_AT_decl_file
	.short	452                     @ DW_AT_decl_line
	.byte	4                       @ DW_AT_alignment
	.byte	13                      @ Abbrev [13] 0x177:0xd DW_TAG_member
	.long	.Linfo_string45         @ DW_AT_name
	.long	420                     @ DW_AT_type
	.byte	1                       @ DW_AT_decl_file
	.short	452                     @ DW_AT_decl_line
	.byte	0                       @ DW_AT_data_member_location
	.byte	14                      @ Abbrev [14] 0x184:0x10 DW_TAG_member
	.long	.Linfo_string47         @ DW_AT_name
	.long	431                     @ DW_AT_type
	.byte	1                       @ DW_AT_decl_file
	.short	452                     @ DW_AT_decl_line
	.byte	1                       @ DW_AT_byte_size
	.byte	1                       @ DW_AT_bit_size
	.byte	7                       @ DW_AT_bit_offset
	.byte	4                       @ DW_AT_data_member_location
	.byte	0                       @ End Of Children Mark
	.byte	15                      @ Abbrev [15] 0x195:0xe DW_TAG_member
	.long	.Linfo_string50         @ DW_AT_name
	.long	449                     @ DW_AT_type
	.byte	1                       @ DW_AT_decl_file
	.short	457                     @ DW_AT_decl_line
	.byte	4                       @ DW_AT_alignment
	.byte	8                       @ DW_AT_data_member_location
	.byte	0                       @ End Of Children Mark
	.byte	9                       @ Abbrev [9] 0x1a4:0xb DW_TAG_typedef
	.long	75                      @ DW_AT_type
	.long	.Linfo_string46         @ DW_AT_name
	.byte	4                       @ DW_AT_decl_file
	.byte	64                      @ DW_AT_decl_line
	.byte	9                       @ Abbrev [9] 0x1af:0xb DW_TAG_typedef
	.long	442                     @ DW_AT_type
	.long	.Linfo_string49         @ DW_AT_name
	.byte	4                       @ DW_AT_decl_file
	.byte	62                      @ DW_AT_decl_line
	.byte	4                       @ Abbrev [4] 0x1ba:0x7 DW_TAG_base_type
	.long	.Linfo_string48         @ DW_AT_name
	.byte	8                       @ DW_AT_encoding
	.byte	1                       @ DW_AT_byte_size
	.byte	16                      @ Abbrev [16] 0x1c1:0xc DW_TAG_array_type
	.long	431                     @ DW_AT_type
	.byte	17                      @ Abbrev [17] 0x1c6:0x6 DW_TAG_subrange_type
	.long	461                     @ DW_AT_type
	.byte	4                       @ DW_AT_count
	.byte	0                       @ End Of Children Mark
	.byte	18                      @ Abbrev [18] 0x1cd:0x7 DW_TAG_base_type
	.long	.Linfo_string51         @ DW_AT_name
	.byte	8                       @ DW_AT_byte_size
	.byte	7                       @ DW_AT_encoding
	.byte	4                       @ Abbrev [4] 0x1d4:0x7 DW_TAG_base_type
	.long	.Linfo_string53         @ DW_AT_name
	.byte	2                       @ DW_AT_encoding
	.byte	1                       @ DW_AT_byte_size
	.byte	0                       @ End Of Children Mark
	.section	.debug_ranges,"",%progbits
	.section	.debug_macinfo,"",%progbits
.Lcu_macro_begin0:
	.byte	0                       @ End Of Macro List Mark
	.section	.debug_pubnames,"",%progbits
	.long	.LpubNames_end0-.LpubNames_begin0 @ Length of Public Names Info
.LpubNames_begin0:
	.short	2                       @ DWARF Version
	.long	.Lcu_begin0             @ Offset of Compilation Unit Info
	.long	476                     @ Compilation Unit Length
	.long	0                       @ End Mark
.LpubNames_end0:
	.section	.debug_pubtypes,"",%progbits
	.long	.LpubTypes_end0-.LpubTypes_begin0 @ Length of Public Types Info
.LpubTypes_begin0:
	.short	2                       @ DWARF Version
	.long	.Lcu_begin0             @ Offset of Compilation Unit Info
	.long	476                     @ Compilation Unit Length
	.long	442                     @ DIE offset
	.asciz	"unsigned char"         @ External Name
	.long	31                      @ DIE offset
	.asciz	"vsf_sync_reason_t"     @ External Name
	.long	75                      @ DIE offset
	.asciz	"unsigned int"          @ External Name
	.long	420                     @ DIE offset
	.asciz	"uint32_t"              @ External Name
	.long	468                     @ DIE offset
	.asciz	"_Bool"                 @ External Name
	.long	187                     @ DIE offset
	.asciz	"int"                   @ External Name
	.long	350                     @ DIE offset
	.asciz	"vsf_bmpevt_pender_t"   @ External Name
	.long	431                     @ DIE offset
	.asciz	"uint8_t"               @ External Name
	.long	0                       @ End Mark
.LpubTypes_end0:

	.ident	"Component: ARM Compiler 6.10.1 Tool: armclang [5d143200]"
	.section	".note.GNU-stack","",%progbits
	.ARM_attribute	16, 1	@ Tag_AV_eba
	.section	.debug_line,"",%progbits
.Lline_table_start0:
