	.text
	.syntax unified
	.eabi_attribute	67, "2.09"	@ Tag_conformance
	.cpu	cortex-m7
	.eabi_attribute	6, 13	@ Tag_CPU_arch
	.eabi_attribute	7, 77	@ Tag_CPU_arch_profile
	.eabi_attribute	8, 0	@ Tag_ARM_ISA_use
	.eabi_attribute	9, 2	@ Tag_THUMB_ISA_use
	.eabi_attribute	34, 1	@ Tag_CPU_unaligned_access
	.eabi_attribute	17, 1	@ Tag_ABI_PCS_GOT_use
	.eabi_attribute	20, 2	@ Tag_ABI_FP_denormal
	.eabi_attribute	21, 0	@ Tag_ABI_FP_exceptions
	.eabi_attribute	23, 1	@ Tag_ABI_FP_number_model
	.eabi_attribute	24, 1	@ Tag_ABI_align_needed
	.eabi_attribute	25, 1	@ Tag_ABI_align_preserved
	.eabi_attribute	38, 1	@ Tag_ABI_FP_16bit_format
	.eabi_attribute	18, 4	@ Tag_ABI_PCS_wchar_t
	.eabi_attribute	26, 2	@ Tag_ABI_enum_size
	.eabi_attribute	14, 0	@ Tag_ABI_PCS_R9_use
	.file	"vsf_main.c"
	.file	1 "../../../vsf/kernel/./shell/./simple/../.." "vsf_eda.h"
	.file	2 "C:\\Keil_v5\\ARM\\ARMCLANG\\Bin\\..\\include" "stdint.h"
	.file	3 "../../../vsf/kernel/./task/." "vsf_thread.h"
	.file	4 "../../usrapp/template" "vsf_main.c"
	.file	5 "../../../vsf/kernel/." "vsf_kernel_common.h"
	.type	.Lllvm.embedded.module,%object @ @llvm.embedded.module
	.section	.llvmbc,"a",%progbits
	.p2align	4
.Lllvm.embedded.module:
	.asciz	"BC\300\3365\024\000\000\005\000\000\000b\f0$LY\276\346\356\323>-U\215\020\005\310\024\000\000!\f\000\000\021\t\000\000\013\002!\000\002\000\000\000\023\000\000\000\007\201#\221A\310\004I\006\02029\222\001\204\f%\005\b\031\036\004\213b\200\034E\002B\222\013B\344\0202\0248\b\030K\n2r\210H\220\024 CF\210\245\000\0312B\344H\016\220\221#\304PAQ\201\214\341\203\345\212\0049F\006Q\030\000\000Q\002\000\000\033v(\370\377\377\377\377\0010\000\t\230\210qx\007y\220\207r\030\007z`\207|h\003yx\207zp\007r(\007rh\003rH\007{H\007r(\2076\230\207x\220\007zh\003s\200\2076h\207p\240\007t\000\314!\034\330a\036\312\001 \310\241\034\334\341\035\344\241\035\302\201\035\332\300\034\340\241\r\332!\034\350\001\035\000x\220\207r\230\207r\220\007{(\2076\230\207t8\007w\000\brH\207y\b\007q`\207rh\003z\b\207t`\2076\030\207p`\007v\230\007\300\034\302\201\035\346\241\034\000\202\035\312a\036\346\241\r\340A\036\312a\034\322a\036\312\241\r\314\001\036\332!\034\310\0010\207p`\207y(\007\200p\207wh\003s\220\207ph\207rh\003xx\207tp\007z(\007yh\203r`\207th\007\300\034\302\201\035\346\241\034\000\302\035\336\241\r\322\301\035\314a\036\332\300\034\340\241\r\332!\034\350\001\035\000z\220\207z(\007\200p\207wh\003u\250\207v\200\2076\240\207p\020\007v(\207y\000\314!\034\330a\036\312\001 \334\341\035\332\300\035\302\301\035\346\241\r\314\001\036\332\240\035\302\201\036\320\001\240\007y\250\207r\000\bwx\2076\230\207t8\007w(\007rh\003}(\007yx\207yh\003s\200\2076h\207p\240\007t\000\350A\036\352\241\034\000\302\035\336\241\r\350A\036\302\001\036\340!\035\334\341\034\332\240\035\302\201\036\320\001\240\007y\250\207r\000\210y\240\207p\030\207uh\003x\220\207w\240\207r\030\007zx\007yh\003q\250\007s0\207r\220\2076\230\207t\320\207r\000\360\000 \350!\034\344\341\034\312\201\036\332`\034\340\241\036\200qx\007y\240\207r\300\2076h\207;\000\bz\b\007y8\207r\240\20760\207r\b\007z\250\007y(\207y\000\326\200\034\346\001\036\330`\r\320\341\036\310!\035\354\201\r\326`\036\336\301\034\350\241\r\314\201\035\336!\034\350\201\r\326\200\036\320\241\036\332A\034\332\240\035\336\201\034\312\201\r\332`\034\344a\034\330\240\r\306A\036\362\001\036\350\341\035\330\240\r\310!\016\354\200\r\332\200\034\336\201\036\340A\036\336\201\034\330\240\r\314\001\036\332 \034\344\241\035\354\001\017\330\240\r\314\001\036\332\340\035\334\201\035\362\241\r\346\001\036\330\240\r\314\001\036\342\300\016\330\240\r\314\241\036\330\201\035\314\001\036\342\300\016\330\240\r\320\341\036\310!\035\354\241\r\302A\036\332\201\r\332\300\035\312\341\035\334\201\r\332@\036\302a\036\330\240\r\354\301\034\340A\016\330\240\r\354\301\034\340a\016\330\240\r\354\301\034\340\201\016\000\242\036\334a\036\302\301\034\312\241\r\314\001\036\332\240\035\302\201\036\320\0010\207p`\207y(\007\200\250\207y(\2076\230\207w0\007zh\003s`\207w\b\007z\000\350A\036\352\241\034\200\r=$\374\377\377\377\377\000\030@\004H\300D\214\303;\310\203<\224\3038\320\003;\344C\033\310\303;\324\203;\220C9\220C\033\220C:\330C:\220C9\264\301<\304\203<\320C\033\230\003<\264A;\204\003=\240\003`\016\341\300\016\363P\016\000A\016\345\340\016\357 \017\355\020\016\354\320\006\346\000\017m\320\016\341@\017\350\000\300\203<\224\303<\224\203<\330C9\264\301<\244\3039\270\003@\220C:\314C8\210\003;\224C\033\320C8\244\003;\264\3018\204\003;\260\303<\000\346\020\016\3540\017\345\000\020\354P\016\3630\017m\000\017\362P\016\343\220\016\363P\016m`\016\360\320\016\341@\016\2009\204\003;\314C9\000\204;\274C\033\230\203<\204C;\224C\033\300\303;\244\203;\320C9\310C\033\224\003;\244C;\000\346\020\016\3540\017\345\000\020\356\360\016m\220\016\356`\016\363\320\006\346\000\017m\320\016\341@\017\350\000\320\203<\324C9\000\204;\274C\033\250C=\264\003<\264\001=\204\2038\260C9\314\003`\016\341\300\016\363P\016\000\341\016\357\320\006\356\020\016\3560\017m`\016\360\320\006\355\020\016\364\200\016\000=\310C=\224\003@\270\303;\264\301<\244\3039\270C9\220C\033\350C9\310\303;\314C\033\230\003<\264A;\204\003=\240\003@\017\362P\017\345\000\020\356\360\016m@\017\362\020\016\360\000\017\351\340\016\347\320\006\355\020\016\364\200\016\000=\310C=\224\003@\314\003=\204\3038\254C\033\300\203<\274\003=\224\3038\320\303;\310C\033\210C=\230\2039\224\203<\264\301<\244\203>\224\003\200\007\000A\017\341 \017\347P\016\364\320\006\343\000\017\365\000\214\303;\310\003=\224\003>\264A;\334\001@\320C8\310\3039\224\003=\264\2019\224C8\320C=\310C9\314\003\260\006\3440\017\360\300\006k\200\016\367@\016\351`\017l\260\006\363\360\016\346@\017m`\016\354\360\016\341@\017l\260\006\364\200\016\365\320\016\342\320\006\355\360\016\344P\016l\320\006\343 \017\343\300\006m0\016\362\220\017\360@\017\357\300\006m@\016q`\007l\320\006\344\360\016\364\000\017\362\360\016\344\300\006m`\016\360\320\006\341 \017\355`\017x\300\006m`\016\360\320\006\357\340\016\354\220\017m0\017\360\300\006m`\016\360\020\007v\300\006m`\016\365\300\016\354`\016\360\020\007v\300\006m\200\016\367@\016\351`\017m\020\016\362\320\016l\320\006\356P\016\357\340\016l\320\006\362\020\016\363\300\006m`\017\346\000\017r\300\006m`\017\346\000\017s\300\006m`\017\346\000\017t\000\020\365\340\016\363\020\016\346P\016m`\016\360\320\006\355\020\016\364\200\016\2009\204\003;\314C9\000D=\314C9\264\301<\274\2039\320C\033\230\003;\274C8\320\003@\017\362P\017\345\000l0\206\000X\000j\303\b\021\377\377\377\377?\000\0060\021\343\360\016\362 \017\3450\016\364\300\016\371\320\006\362\360\016\365\340\016\344P\016\344\320\006\344\220\016\366\220\016\344P\016m0\017\361 \017\364\320\006\346\000\017m\320\016\341@\017\350\000\230C8\260\303<\224\003@\220C9\270\303;\310C;\204\003;\264\2019\300C\033\264C8\320\003:\000\360 \017\3450\017\345 \017\366P\016m0\017\351p\016\356\000\020\344\220\016\363\020\016\342\300\016\345\320\006\364\020\016\351\300\016m0\016\341\300\016\3540\017\2009\204\003;\314C9\000\004;\224\303<\314C\033\300\203<\224\3038\244\303<\224C\033\230\003<\264C8\220\003`\016\341\300\016\363P\016\000\341\016\357\320\006\346 \017\341\320\016\345\320\006\360\360\016\351\340\016\364P\016\362\320\006\345\300\016\351\320\016\2009\204\003;\314C9\000\204;\274C\033\244\203;\230\303<\264\2019\300C\033\264C8\320\003:\000\364 \017\365P\016\000\341\016\357\320\006\356\020\016\3560\017m`\016\360\320\006\355\020\016\364\200\016\000=\310C=\224\003@\270\303;\264\301<\244\3039\270C9\220C\033\350C9\310\303;\314C\033\230\003<\264A;\204\003=\240\003@\017\362P\017\345\000\020\356\360\016m@\017\362\020\016\360\000\017\351\340\016\347\320\006\355\020\016\364\200\016\000=\310C=\224\003@\314\003=\204\3038\254C\033\300\203<\274\003=\224\3038\320\303;\310C\033\210C=\230\2039\224\203<\264\301<\244\203>\224\003\200\007\000A\017\341 \017\347P\016\364\320\006\343\000\017\365\000\214\303;\310\003=\224\003>\264A;\334\001@\320C8\310\3039\224\003=\264\2019\224C8\320C=\310C9\314\003\260\006\3440\017\360\300\006k\200\016\367@\016\351`\017l\260\006\363\360\016\346@\017m`\016\354\360\016\341@\017l\260\006\364\200\016\365\320\016\342\320\006\355\360\016\344P\016l\320\006\343 \017\343\300\006m0\016\362\220\017\360@\017\357\300\006m@\016q`\007l\320\006\344\360\016\364\000\017\362\360\016\344\300\006m`\016\360\320\006\341 \017\355`\017x\300\006m`\016\360\320\006\357\340\016\354\220\017m0\017\360\300\006m`\016\360\020\007v\300\006m`\016\365\300\016\354`\016\360\020\007v\300\006m\200\016\367@\016\351`\017m\020\016\362\320\016l\320\006\356P\016\357\340\016l\320\006\362\020\016\363\300\006m`\017\346\000\017r\300\006m`\017\346\000\017s\300\006m`\017\346\000\017t\000\020\365\340\016\363\020\016\346P\016m`\016\360\320\006\355\020\016\364\200\016\2009\204\003;\314C9\000D=\314C9\264\301<\274\2039\320C\033\230\003;\274C8\320\003@\017\362P\017\345\000l \n\000\3006 \306\377\377\377\377\017\200\004P@\035l \216\377\377\377\377\037\000i\203\201\004\300\002T\033\220\344\377\377\377\377\007\300\000$`\332@(\001p\006\033\210E\000\316`\203\301\374\377\377\377\377\000\030\300\004I\030\000\000\n\000\000\000\023\202`\202 \f\023\002b\202@\024\023\002aB`L\020\016d\302\220(\313\204 \231 $\305\004\201Q&\004\f\000\000\000\211 \000\000d\000\000\0002\"\310\t d\205\004\223#\244\204\004\223#\343\204\241\220\024\022L\216\214\013\204\344L\020\224\302\b\000!\212\000\b\220\340\032i\212(a\362\201\306i\374\033\005\2039\002$\t\nIR8H\232\"J\230\374J*~b\000\376\t\r\004\303\341\030\252A\234\306\007\032\247\361m\024 \256\221\246\210\022&\037h\234\306\257Q\220H\210\302E\322\024Q\302\344WR\361O\304\000\374\023\032\024\206\3051T\2038\215\0174N\343\323(`\334\"M\021%L>\3208\r\n\032\tP\270I\232\"J\230\374J*\376\351\210\b`\370'$8\036\247P\r\3424>\3208\r\n \244)\002@B\2239\002h\216\000\024\310r\2154E\2240\371@\3434\276\216\006J\345\222\b\205\263\244)\242\204\311\257\244\342\237\216\210\000\206_\b\376\t\t\230\3141T\2038\215\0174N\343\347(\320\034C5\210\323\370@\3434\376\216\2009\0020H \313\211\2014E\2240\371\323\021\021\300\360\013\301OID\364OGD\000\303\017\374\323?!b\303\351x\216\241\032\304i|\240q\032\037G\301\347,i\212(a\362)\211\210\376\351\210\b`\370\201\177BB\004D\241t(\320\210:T\310\000\023\235\312\000\020u(E\237\"\000V\304\"H!:.I\207^E\250t(V\004K\207f%\000P\255\004\035\272\225\240B\271\201\200B\000v\273\035\361\212\3201\221o\216 \230\002 \n]\250\002\000\023.z@\207zh\007q\260\207;(\207vh\203p\220\207vh\003wx\007w(\2076(\207p\020\207t\330\360\006\345\320\006\355\240\007\345\320\006\360\240\007s \007z0\007r\320\006\351`\007t\240\007v@\007m`\017q \007x\240\007v@\007z\020\007r\200\007m\020\016z\000\007z0\007r\320\006\3560\007r\320\006\263`\007t\260bq\003q\230\207yp\003wx\207tp\207t\240\207\025\220\033\204\202,\264\202\033\324\303<\224\303/\270\303;\374B8\310\3039\330\303\212\206\035\330\301\036\332\301\r\332\241\034\350!\034\310!\034\350!\034Vh\364P\016\370@\017n`\017\363`\016n\260\016\345 \017\356P\016\354\340\006\3660\017\346\360\013\364\200\016\362P\016\341@\016+6z(\007|\240\0077\260\207y0\0077X\207r\220\007w(\007vp\203_\370\005{\230\007s\370\005r(\007v\b\207|X\221\321C9\340\003=\270\201=\314\2039\270\301:\224\203<\270C9\260\203\033\330\303<\230\303/\344C:\224\003;\220\203\322\003B\204\304\220!#E\206\f\215\020&\247`\340r\275\\\256W}.\017\303\341/z\271\rg\207\351\345\227}n\376\266\303i\267k\274\003\002\2720\020\272\201\b\000\000\000\000\000\bv@\3350\006\203\227\000\000\000\004\000\000\000\001A\":\001\003\023c\022N\001\f\0046D\322\0030H\003\000\000\002\000\b\000\001\000\000\000\b\206H\272\000\006l\000\000\200\000\000\001\000\000\000\000\000\301\020I\037\2407\000\002`\000\b\000\020\000\000\000\000`\210\244\022K\034\000\001@\000\005\000\b\000\000\000\0000D\252\211k\016\200\000\030\000\000\000\004\000\000\000\000\030\"\261\305S\007\000\000\004\000\020\000\002\000\000\000\020\f\221\366\202\270\003\000\000\n\000\b\000\001\000\000\000\b\206H\177\341\324\001\020\000\003\000\000\200\000\000\000\000\000C\244\326X\362\000\b\000\0020\000@\000\000\000\000\200!\022n8|\000\004\200\001\000\000\000\000\000\000\000\300\020\311<\b?\000\002\340\000\000\000\020\000\000\000\000@b\203@\341\211\004\000\200,\020\000\000\021\000\000\0002\036\230\030\031\021L\220\214\t&G\306\004C\262\024D\001\006\214\000\024H!\024R\241\024\fuJ\240\b\312\240\020F\000(4\002@#m\220e6\373\r\272\276\345lr\250A&\333\222\000\2350\360\000\000\000\000\261\030\000\000w\000\000\0003\b\200\034\304\341\034f\024\001=\210C8\204\303\214B\200\007yx\007s\230q\f\346\000\017\355\020\016\364\200\0163\fB\036\302\301\035\316\241\034f0\005=\210C8\204\203\033\314\003=\310C=\214\003=\314x\214tp\007{\b\007yH\207pp\007zp\003vx\207p \207\031\314\021\016\354\220\016\3410\017n0\017\343\360\016\360P\0163\020\304\035\336!\034\330!\035\302a\036f0\211;\274\203;\320C9\264\003<\274\203<\204\003;\314\360\024v`\007{h\0077h\207rh\0077\200\207p\220\207p`\007v(\007v\370\005vx\207w\200\207_\b\207q\030\207r\230\207y\230\201,\356\360\016\356\340\016\365\300\016\3540\003b\310\241\034\344\241\034\314\241\034\344\241\034\334a\034\312!\034\304\201\035\312a\006\326\220C9\310C9\230C9\310C9\270\3038\224C8\210\003;\224\303/\274\203<\374\202;\324\003;\260\303\f\307i\207pX\207rp\203th\007x`\207t\030\207t\240\207\031\316S\017\356\000\017\362P\016\344\220\016\343@\017\341 \016\354P\0163 (\035\334\301\036\302A\036\322!\034\334\201\036\334\340\034\344\341\035\352\001\036f\030Q8\260C:\234\203;\314P$v`\007{h\0077`\207wx\007x\230QL\364\220\017\360P\0163\036j\036\312a\034\350!\035\336\301\035~\001\036\344\241\034\314!\035\360a\006T\205\2038\314\303;\260C=\320C9\374\302<\344C;\210\303;\260\303\214\305\n\207y\230\207w\030\207t\b\007z(\007r\230\201\\\343\020\016\354\300\016\345P\016\3630#\301\322A\036\344\341\027\330\341\035\336\001\036f\034\331<\310\3038\260\303;\214\003\000\000\000\000y \000\000\243\003\000\000b\036H C\210\f\0319\031$\220\221@\306\310\310h\"P\b\0242\236\030\031!G\310\220Q\234\005T\220\327\000\000\000\000`\320\013x\220\006\312\000)\212\242(\212\242@t\3600N\3434\f\3230\r3E\017\223\006\322\323\274\301\321\024\n\342\024\210\005\006\204\221\034\205!=\315Sl\006\302$\027\3054\222\302D\t\3030V#)\215$\001\000\000\000../../usrapp/template\\vsf_main.cC:\\Users\\test\\Desktop\\GitHub\\Thread_and_Pt_test\\Thread_and_Pt_test\\source\\example\\project\\mdkComponent: ARM Compiler 6.10.1 Tool: armclang [5d143200]../../../vsf/kernel/./vsf_kernel_common.hvsf_prio_tintvsf_prio_inheritvsf_prio_0vsf_prio_1vsf_prio_2vsf_prio_3vsf_prio_4vsf_prio_5vsf_prio_6vsf_prio_7vsf_prio_highest../../../vsf/kernel/./shell/./simple/../../vsf_eda.hVSF_EVT_INVALIDVSF_EVT_NONEVSF_EVT_RETURNVSF_EVT_YIELDVSF_EVT_SYSTEMVSF_EVT_DUMMYVSF_EVT_INITVSF_EVT_FINIVSF_EVT_ENTERVSF_EVT_EXITVSF_EVT_TIMERVSF_EVT_SYNCVSF_EVT_SYNC_CANCELVSF_EVT_SYNC_POLLVSF_EVT_MESSAGEVSF_EVT_USER../../../vsf/kernel/./task/./vsf_thread.hvsf_thread_entry_tvsf_thread_cb_t_31722_chMaskC:\\Keil_v5\\ARM\\ARMCLANG\\Bin\\..\\include\\stdint.huint8_tunsigned charentrystack_sizeuint16_tunsigned shortstackuint64_tlong long unsigned int../../usrapp/template/vsf_main.cmainresultvsf_evt_tint16_tshortptThis__local_cb__LINE__thread_a_set_up__user_task_auser_thread_a_tparamthread_cb_user_thread_a_t_tcanaryuint32_tunsigned intstack_arruse_as__vsf_thread_cb_tuse_as__vsf_thread_tvsf_thread_t_30020_chMaskuse_as__vsf_teda_tvsf_teda_t_3518_chMaskuse_as__vsf_eda_tvsf_eda_t_2656_chMask_3377_chMaskon_terminatevsf_eda_on_terminate_tDwarf VersionDebug Info Versionwchar_sizestatic_rwdataenumsize_buildattrarmlib_unavailable\000\000\006\313\003\000\000\000\000\0000\202`=#\b\0264\202`E#\b\2264\202`M#\b\0265\202\320a#\b]6\202\320]#\b\2356\202\320m#A\303\004\360\004\234\200\003\000\016`\000\000u\001\000\0000\0224Ld\300\023p\002\000`\001\000\000[\000\000\000\214U\004\343\260\027o\340\214U\004\341\260\027p\220LU\r{\021\007\300^\210A_\000\301\030\000\000\000\"\001>\000\200h\000\300H\320p\001{A\006\345\000\000\000\000\230\006\000\000\300H\3200\001{A\006\343\000\000\000\000\224\006\000\000\300l\3140\016v\000\354\005\031\214F\020\000\0000\0333\214\303\035\000{A\006\345\020\004\000\000LU\r{\201\007\300^d\250\001\004\032\000\000 \022\340\003\000\230\006\000\214\004\r\027\260\027\307:\000\000\000\000\246\001\000\0000\0224\\\300^\034\353\000\200\005\000\000\276\001\000\0000\0224L|\260\027\007\000\200&\001\000\200n\000\000\000\214\004\r\027\260\027\207=\000\240I\000\000\000\033\000\000\000#A\303\004\240D\177\270\003\000\006`\000\000+\002\000\0000\0224L\251\200\022\372\001\000\340\002\000\000\211\000\000\000\214\004\r\027\200\022\271\002\017\000\270\000\000\240\037\000\000\000#A\303\004\240D\256\304\003\000.\000\000\330\007\000\000\300H\3200\231\002J\340\n\000\200\020\000\000\364\001\000\0000\0224\\\000O\204\311<\000 \004\000\200{\000\000\000\214\004\r\023\300\023aB\017\000\b\001\000\240\036\000\000\000#A\3034\n<\021&\000\000B\000\000\240\007\000\000\300H\320p\001{q\330\003\000B\000\000\210\007\000\000\300H\3200\351\301^\034\000\000\332\004(\000\000k\000\000\000\314\306\f\350\220\007\300^t\251\021\004\000\000\f5\005L>\f\001\000\000\301N\214\005\240\027\000\000\004\0000P\001\004\002\000\fT\000\204\000\000\363\030\000\031\030`\000\024\343\f@p\2143\000\0002\316\000\b\3118\003@(\343\f\200\261\2143\000\b3\316\000(\3158\003\3008\343\f\200\363\2143\000\0164\203\302\017\375\340\017\377\000\022!!\022#A\022%1\022$\020\205>\224\001\260\017`\000\000\200I\000\000\000\fT\000\221\000\000\343\f@ \2153\000\3004\316\000\000\3248\003 T\343\f\000\bY\343\f\000\b]\343\f\200\ba\343\f\000\te\343\f\200\ti\343\f\000\nm\343\f\200\nq\343\f\000\013u\343\f\200\013y\343\f\000\f}\343\f\200\f\201\3018\003@Ca0\003\224\022*\261\022,\321\022.\361\0220\021\02321\0234Q\0236q\02381\022$\020\000J\350\003\260\017`\000\000@N\000\000\000\314 \234\204N\fT\000b \000\300D\r`\221\001O\364\b\000\016\000\000\000\0000Q\003<\000\000\000=\001\006\000\000\000\300\f\002\340\0233\021\002\360\023\300D\r`\215\001O\374\b\000\026\000\000\000\0000Q\003<\000\000\000a\001\006\000\000\000\300\f\201XL\324\000\r\300\023p\002\016\277\000\016`\000\000\0000P\001\230\201\000\000\363\030\000\031\240\001\002 \0235\200u\006e\341\007\200Y\000\000\000\000\3004\203@\013\300\f\001Z\214\004\t\001\000\000\300Y\200\002\000\000i\001\000\0000Q\0034e\300\023p\002\016j\001\n`\000\016\000\000\314 \220\305ZL\324\000M\032\360\004\234\374\202X\200\001\000\000\0000\217\001\220\001\033@\3001Q\003XkP\026\177\000\270\005\000\000\000\000L\324\000\215\032\360\004\234\374\302[@\000\030\000\0000\217\001\220\301\033\200\002pL\324\000\226\033\224E(\000q\001\000\000\000\000\0235\300\003\000\000 \027`\000\000\000\000L\324\000M\033\360\004\234\374\302\\\200\001\000\n\000\000\3140\264\005\\\320\305t\2011e0\000\367`\027S\006\003p\016v1e0\000\346`\0273\fw\201\027y1P\001\300\201\000\0003\004\3730\023!\000|\001\314c\000dP\007\020PL\324\000\026\035\224E\036\000~\001\000\000\000\000\0235\2005\007(!\026\300_\000\000\000\000\300p\211 \016r\260\027p\000\032\000\000\314\020\204\306D\r\360\000\000\000\224\003\030\000\000\000\000\0235@\003\354\005\031\224\0039\000\000\000\000\300\f\001i\314\000\314\020\0003\021\002p\032\300D\r`\351\301^\024\200=\000\000\000\000\300D\r\320\000{q\330C=\200\020\000\000\0000Q\0034\300^\034\366\300\016\240I\000 \004\000\300\f\202j\254\306D\r`\361\301^\024\300:\000\000\000\000\300D\r\320\354\301^\034\354\320\032\240I\000\000\000\000\0235@\003\354\305\301\016\353\000\232\004\000\000\0000\203\340\032\2571Q\0034\300^\034\353\240\016`\001\000\000\000L\324\000\r\260\027\307:\244\003\000\200\005\000\000\363\030\000\031\374\001\030\000\307D\r`\371AY\200\0020\033\000\000\000\0000Q\0034}\260\027\307:\320\006\030\000`\001\000\3004\203P\013\300\f\201m\214\004\t\001\000\000\200\\\200 \001\000\300m\000\000\000L\324\000\r(\354\305\261\016\270\001\202\004\000\032\000\000\314@\304\206l\324FnL\324\000\026\031\360\004\234\000\340\000\000\000\000\000\0235@\023\n{q\250\303n\200\005\000\000\0000Q\0034\300^\034\352\000\016`\001\000\000\000\314 \360FoL\324\000\326(\360D\230\000\364\000\000\000\000\000\0235@#\n{q\324\303o\200\020\000\000\0000Q\0034\300^\034\365@\017 \004\000\000\000\314 \200GxL\324\000\r\300\023aB\017\363\000B\000\000\000\3004\203`\013\300\f\001y\214\004\t\001\000\000\300Y\000\000\000\224\007\000\000\300D\r\320\220\002O\204\t=\230\007\200\200\020\000\0003\b\343q\036\0235@\003\360D\230\314\203<\200\020\000\000\0000C\220\036\0235\200e\n(\201\023@<\000\000\000\000\300D\r\320\224\002O\204\211<\254\007\b\001\000\000\000\0235@\003\360D\230\310C<\200\020\000\000\0000\203\300\036\3551Q\0034\000J\344J<\300\003\270\000\000\000\000\323\f\302-\0003\004\3601\022$\004\000\000\000g\001\022\000\000\304\007\000\000\300D\r\320\234\002J\360J<\310\007H\200\002\310\000\0000\203\360\036\3631Q\0034\000J\344\n<\274\003\270\000\000\000\0003\004\3651Q\003X\251\200\0227\001\270\003\000\000\000\000L\324\000\r*\240D\256\274\303}\200\013\000\000\0000Q\0034\000J\344\312;\270\003\270\000\000\000\0003\b\370\221\037\0235@\003\240D\177\270C;\200\001\030\000\000\000L3\b\270\000\314\020\360\307H\220\020\000\000\000\234\005\030\000\000\320\037\000\000\000\0235@\243\n(1\"\356\340\037`\000\006`\000\000\3004\203\220\013\300\f\001\210\214\004\t\001\000\000\300Y\200\t\000\000!\002\000\0000Q\0034\253\200\0220\342\016\"\002&`\000\n\000\000\3140\354\307\177\214\310D\r\360\000\000\000\334\007\030\000\000\000\0003\b@\211\314D\b\200\211\000\0235\300\003\000\000p\"`\000\000\000\000L\324\000V+\240DY\000(\002\000\000\000\000\0235@\303\n(\321\037\355\220\"`\000\000\000\000\314\020\250\310\f\203.\270\302.\3140\350\302+\354\302\f\003/\300B/\3140\360B,\360\302\f\003/\310\202.\3140\360\302,\370\302\f\301p\177\001p\034\307q\034\307q\034G\023.\001\n\240@\032(\201\022\366`\017x!\022(\341\022.A\023.\341\022.\341\022.\341\022.\201\0224\001\017:\341\006n\000\nb \006b \006b \006b \006b \006(\341\022n \006b \006b\200\006h\200\006h\200\006h\200\006h\200\006h\340\006n\000\033.\201\006t`\017\352 \006n`\017\352\300\211\004\035\200\202=\240\001'\022.\201\006\"\001\n\366 \022\246`\017\352\200\022t`\321\001\035\320\001\035\320\001\347\006\240`\017\366@\016\234:\330\003\007Yn\000\017\366 \022h\000\017\"\301\017h`\017\366`\n\366 \022h\300\241\004J\200\202=\360\203=\240\201=\360\203=\240\001?\240\001\307\017\"\201\006\374\300\331\203H\360\003\032\360\003\032p\"\341\022h\300\017\234=\210\004?\240\201H\240\001'\022.\201\006\234H\270\004\035\250\203\030\270\201:\330\203Hpt@\007t@\007t@\0072\022\230\240\\\330\330\354\332\\\310\304\316\\\306\352F\t\356!#66\2736\227\2667\262:\2662\0273\266\260\263\271Q\214\025a\221\026q\221\027\201\221T\330\330\354\332\\\322\310\312\334\350F\tbd\310`\000\000\273\000\251\030\000\000\023\000\000\000\013\nr(\207w\200\007zXp\230C=\270\3038\260C9\320\303\202\346\034\306\241\r\350A\036\302\301\035\346!\035\350!\035\336\301\035\026(\342P\016\346\360\016\362P\016\351\340\016\363@\017\013\222p0\007z(\007yH\007w\230\007z\000\321\020\000\000\006\000\000\000\007\314<\244\203;\234\003;\224\003=\240\203<\224C8\220\303\001\000\000\000a \000\000\244\000\000\000\023\004D,\020\000\000\000\005\000\000\000T)@\004\352\324(\241d%\001Ql[\005$\032\001\000\000\3610\000\000P\000\000\000\"G\310\220Q\032H.\000\000\000\000`@ \305\023\001\000\000vsf_thread_user_thread_a_t_starttaskprioritypthisomnipotent charSimple C/C++ TBAA\000\000\000\023\004\253\232 X\326\252j\330\213\031\001\366\002\022\023 \200\000\000\000\221\000\037\000\340L\000`V\021\354\310^@\301\254\"\340\221\275\200\202\025\203\217\240\t\232,j\200\007\000\000\300\036\300\000\000\000\000X\324\000V\241\017j\000\234\004\000\000\000\000l\030\200\037\001\223M\204\000\204\t0.\021v\204F\366\002\372\221\000\000\306%\302\216\324\310^@`\"\000\300\242\006x\000\000\000Z\003\f\000\000\000\200q\211\260#6\262\027P\231\000\000\260a\030\02321\023\231\007\022\310\020\"C\246\240\000\036\0016\0048\262a\270\2214\261\205\r\203\232\250\211-l\030\f5\261\205\r\t\037\250\211-\250I\216\260I\216\250\211\216l\030\332\204Mrd\202 \006`0A\350\302`\202\260\006g\000\000\000\000#\006\007\000\202`\300\007\031~\377\377\377\017$\376\377\377?\304\373\377\377\3770c@@\301\216\000#\006\007\000\202`\300\007\331}\377\377\377\017#\376\377\377?\304\373\377\377\3770a\000\f7\030\001\030\314\030\020P\300#\300,C0\0043\006\004\024\354\b0K \314\030\020P\320#\300,\2010a\000\354\020q0\0203c@@\301\216\000#\006\007\000\202`\300\007\033~\377\377\377\017#\376\377\377?\314\373\377\377\3770a\000\354\017\0214M3a\000\354\217!8\216\3438\023\006\300\260\001\021\030\0040a\000\354\220\241<\323\023=\023\006\300\016!\013DA\020\004M\023\006\300\260\001\021\b\0040a\000\354\020\302DU\024EQ5a\000\f\033\020\3012\000\023\006\300\016\025\215dI\325\204\0010l@\004\313\000L\030\000;D8\3234M\030\000#\006\007\022\202`\360\006i\020\034\316\204\001\200\023\006@@\f\000\000\b\000\000\000[\004@G\266\f\205\324#[\006%P\223-C\023\250\311\226\341\t\324d\313\020\005m\002\000\000\000\000\000\000\000a \000\000N\000\000\000\023\004B,\020\000\000\000\004\000\000\000\324)\350\0072\ru\214\001\031\004\335\326m\000\000\3610\000\000&\000\000\000\"G\310\220Q\006\004\031\000\000\000\000`\000\000\000vsf_thread_user_thread_a_t_entry\253\252a/f\004\330\013HG\200 \002\000\000D\002|\000\000\036\001\200YE@#{!9\263\212\240F\366\242JV\f7\322#>\262\250\001\036\000\000\200u\000\003\000\000\000`\203\000\340\310&B\000r\004\030\227\b4b\007{\001\341H\000\000\033\202\035\221y \201\f!2dJ*\230\021\240\254\202\031\001&\bk\000\006\000#\006\007\000\202`\300\007V\211\377\377\377\017)\376\377\377?\270\373\377\377\3770c@@\001\215\000\263\004\301\214\001!\0254\002\214\030\024@\b\202\201\037T\301\214\001A%5\002\214\030\024I\b\202\301\034p\303\214\001Q%6\002\\\320\201\t\003`\304\240PB\020\f\342\340\013&\f\200Y\202`\306\200\220\n\032\001\002b\000\000\000\003\000\000\000[\004`F\266\f\206d#\000\000\000\000\000\000\000a \000\000\020\000\000\000\023\004A<\f\000\000\000\002\000\000\000\263\212\000\035\366\202+\000#\006\306\022\202`\220\006\034\030\0243\006\204\227\314\b\2003\006\004\030\004\350\000\004\304\000\002\000\000\000[\004\340\034\000\000\000\000\000\000\000\000a \000\000E\000\000\000\023\004D,\020\000\000\000\001\000\000\000T\251\001\000\3610\000\000\r\000\000\000\263\212@\034\366\002\016\222YE0#{\001\007\311\212\241Fl\344Fd\036H C\210\f\031z\203\002q\000(\016\n\304\001\230 Ta0A\250\306\000\000\000\000#\006D\022\202`P\007\326\214\001\261\006\3058\000#\006\004\023\202`P\007\330\214\001\321\006\3058\000\263\004\301\214\001\361\006\3058\000\003\025\225\000\034\303\210\301\001\200 \030\360A\265\342\377\377\377\203\270\377\377\377\017\355\376\377\377?\314\030\020p\220\210\0030\334\020\b`0c@\300A2#\300,\2030\0043\006\004\034$\342\000\214\030\020J\b\202A\036\\3\006\004\034$4\002\214\030\034\000\b\202\001\037\\,\376\377\377?\220\373\377\377\377\360\356\377\377\377\303\214\001\001\007\2118\000\263\004\303\214\001\001\007\311\214\000\003\025\225  \301,A0c@\300A\"\016@@\f\000\003\000\000\000[\004@\034\266\f\213D#\000\000\000\000\000\000\000q \000\000\005\000\000\0002\016\020\"\204\004\304\017X\240\016\201\t\272\021\250\300\034\001\000\000\000\000\000e\f\000\000\225\000\000\000\022\003\224\250\004\000\000\000\001\000\000\000\352\000\000\000\b\000\000\000D\000\000\000\001\000\000\000P\000\000\000\000\000\000\000P\000\000\000\017\000\000\000\270\001\000\000\006\000\000\000\362\000\000\000\027\000\000\000\t\001\000\000 \000\000\000)\001\000\000\000\000\000\000\000\000\000\000\017\000\000\000\000\000\000\000:\000\000\000 \000\000\000:\000\000\000 \000\000\000\377\377\377\377\001$\000\000Z\000\000\000 \000\000\000Z\000\000\000 \000\000\000\377\377\377\377\001$\000\000z\000\000\000\020\000\000\000z\000\000\000\020\000\000\000\377\377\377\377\f$\000\000\212\000\000\000\013\000\000\000\212\000\000\000\013\000\000\000\377\377\377\377\f$\000\000\225\000\000\000\027\000\000\000\225\000\000\000\027\000\000\000\377\377\377\377\b$\000\000\254\000\000\000\017\000\000\000\254\000\000\000\017\000\000\000\377\377\377\377\001$\000\000\273\000\000\000\004\000\000\000\273\000\000\000\004\000\000\000\377\377\377\377\001$\000\000\277\000\000\000\016\000\000\000\277\000\000\000\016\000\000\000\377\377\377\377\b$\000\000\315\000\000\000\013\000\000\000\315\000\000\000\013\000\000\000\377\377\377\377\f$\000\000\330\000\000\000\016\000\000\000\330\000\000\000\016\000\000\000\377\377\377\377\b,\000\000\346\000\000\000\004\000\000\000\346\000\000\000\004\000\000\000\377\377\377\377\b$\000\000\000\000\000\000\035\000\000\000\000\000\000\000\035\000\000\000\377\377\377\377\004\000\000\000\202\001\000\000\005\000\000\000\035\000\000\000\003\000\000\000\377\377\377\377\000\030\000\000 \000\000\000\021\000\000\000 \000\000\000\021\000\000\000\377\377\377\377\204\004\000\0001\000\000\000\t\000\000\0001\000\000\000\t\000\000\000\377\377\377\377\004\f\000\000\000\000\000\000\000\000\000\000)\001\000\000\000\000\000\000)\001\000\000\032\000\000\000\000\000\000\000\000\000\000\000)\001\000\000\000\000\000\000C\001\000\000\033\000\000\000\000\000\000\000\000\000\000\000)\001\000\000\000\000\000\000^\001\000\000\031\000\000\000\000\000\000\000\000\000\000\000)\001\000\000\000\000\000\000w\001\000\000\013\000\000\000\000\000\000\000\000\000\000\000)\001\000\000\000\000\000\000\207\001\000\000\020\000\000\000\000\000\000\000\000\000\000\000)\001\000\000\000\000\000\000\227\001\000\000\r\000\000\000\000\000\000\000]\f\000\000l\000\000\000\022\003\224d\003\000\000\000thread_a_set_up.__user_task_astr__ARM_use_no_argvllvm.usedvsf_thread_user_thread_a_t_startvsf_thread_user_thread_a_t_entryvsf_thread_start__vsf_delayvsf_systimer_ms_to_tickthread_a_set_upmainvsf_stdio_init__vsf_yieldllvm.dbg.valueputs7.0.0svnthumbv7em-arm-none-eabi../../usrapp/template/vsf_main.ctext.vsf.kernel.vsf_threadtext.vsf.kernel.__vsf_delaytext.vsf.kernel.vsf_yield.bss.noinit.Lstr.ARM.use_no_argvllvm.metadata\000\000\000"
	.size	.Lllvm.embedded.module, 10368

	.section	.debug_str,"MS",%progbits,1
.Linfo_string0:
	.asciz	"Component: ARM Compiler 6.10.1 Tool: armclang [5d143200]" @ string offset=0
.Linfo_string1:
	.asciz	"../../usrapp/template\\vsf_main.c" @ string offset=57
.Linfo_string2:
	.asciz	"C:\\Users\\test\\Desktop\\GitHub\\Thread_and_Pt_test\\Thread_and_Pt_test\\source\\example\\project\\mdk" @ string offset=90
.Linfo_string3:
	.asciz	"__user_task_a"         @ string offset=184
.Linfo_string4:
	.asciz	"use_as__vsf_thread_t"  @ string offset=198
.Linfo_string5:
	.asciz	"use_as__vsf_teda_t"    @ string offset=219
.Linfo_string6:
	.asciz	"use_as__vsf_eda_t"     @ string offset=238
.Linfo_string7:
	.asciz	"on_terminate"          @ string offset=256
.Linfo_string8:
	.asciz	"vsf_eda_on_terminate_t" @ string offset=269
.Linfo_string9:
	.asciz	"_2656_chMask"          @ string offset=292
.Linfo_string10:
	.asciz	"unsigned char"         @ string offset=305
.Linfo_string11:
	.asciz	"uint8_t"               @ string offset=319
.Linfo_string12:
	.asciz	"sizetype"              @ string offset=327
.Linfo_string13:
	.asciz	"_3377_chMask"          @ string offset=336
.Linfo_string14:
	.asciz	"vsf_eda_t"             @ string offset=349
.Linfo_string15:
	.asciz	"_3518_chMask"          @ string offset=359
.Linfo_string16:
	.asciz	"vsf_teda_t"            @ string offset=372
.Linfo_string17:
	.asciz	"_30020_chMask"         @ string offset=383
.Linfo_string18:
	.asciz	"vsf_thread_t"          @ string offset=397
.Linfo_string19:
	.asciz	"param"                 @ string offset=410
.Linfo_string20:
	.asciz	"use_as__vsf_thread_cb_t" @ string offset=416
.Linfo_string21:
	.asciz	"entry"                 @ string offset=440
.Linfo_string22:
	.asciz	"vsf_thread_cb_t"       @ string offset=446
.Linfo_string23:
	.asciz	"vsf_thread_entry_t"    @ string offset=462
.Linfo_string24:
	.asciz	"stack_size"            @ string offset=481
.Linfo_string25:
	.asciz	"unsigned short"        @ string offset=492
.Linfo_string26:
	.asciz	"uint16_t"              @ string offset=507
.Linfo_string27:
	.asciz	"stack"                 @ string offset=516
.Linfo_string28:
	.asciz	"long long unsigned int" @ string offset=522
.Linfo_string29:
	.asciz	"uint64_t"              @ string offset=545
.Linfo_string30:
	.asciz	"_31722_chMask"         @ string offset=554
.Linfo_string31:
	.asciz	"canary"                @ string offset=568
.Linfo_string32:
	.asciz	"unsigned int"          @ string offset=575
.Linfo_string33:
	.asciz	"uint32_t"              @ string offset=588
.Linfo_string34:
	.asciz	"stack_arr"             @ string offset=597
.Linfo_string35:
	.asciz	"thread_cb_user_thread_a_t_t" @ string offset=607
.Linfo_string36:
	.asciz	"user_thread_a_t"       @ string offset=635
.Linfo_string37:
	.asciz	"__local_cb__LINE__"    @ string offset=651
.Linfo_string38:
	.asciz	"ptThis"                @ string offset=670
.Linfo_string39:
	.asciz	"int"                   @ string offset=677
.Linfo_string40:
	.asciz	"vsf_prio_inherit"      @ string offset=681
.Linfo_string41:
	.asciz	"vsf_prio_0"            @ string offset=698
.Linfo_string42:
	.asciz	"vsf_prio_1"            @ string offset=709
.Linfo_string43:
	.asciz	"vsf_prio_2"            @ string offset=720
.Linfo_string44:
	.asciz	"vsf_prio_3"            @ string offset=731
.Linfo_string45:
	.asciz	"vsf_prio_4"            @ string offset=742
.Linfo_string46:
	.asciz	"vsf_prio_5"            @ string offset=753
.Linfo_string47:
	.asciz	"vsf_prio_6"            @ string offset=764
.Linfo_string48:
	.asciz	"vsf_prio_7"            @ string offset=775
.Linfo_string49:
	.asciz	"vsf_prio_highest"      @ string offset=786
.Linfo_string50:
	.asciz	"vsf_prio_t"            @ string offset=803
.Linfo_string51:
	.asciz	"VSF_EVT_INVALID"       @ string offset=814
.Linfo_string52:
	.asciz	"VSF_EVT_NONE"          @ string offset=830
.Linfo_string53:
	.asciz	"VSF_EVT_RETURN"        @ string offset=843
.Linfo_string54:
	.asciz	"VSF_EVT_YIELD"         @ string offset=858
.Linfo_string55:
	.asciz	"VSF_EVT_SYSTEM"        @ string offset=872
.Linfo_string56:
	.asciz	"VSF_EVT_DUMMY"         @ string offset=887
.Linfo_string57:
	.asciz	"VSF_EVT_INIT"          @ string offset=901
.Linfo_string58:
	.asciz	"VSF_EVT_FINI"          @ string offset=914
.Linfo_string59:
	.asciz	"VSF_EVT_ENTER"         @ string offset=927
.Linfo_string60:
	.asciz	"VSF_EVT_EXIT"          @ string offset=941
.Linfo_string61:
	.asciz	"VSF_EVT_TIMER"         @ string offset=954
.Linfo_string62:
	.asciz	"VSF_EVT_SYNC"          @ string offset=968
.Linfo_string63:
	.asciz	"VSF_EVT_SYNC_CANCEL"   @ string offset=981
.Linfo_string64:
	.asciz	"VSF_EVT_SYNC_POLL"     @ string offset=1001
.Linfo_string65:
	.asciz	"VSF_EVT_MESSAGE"       @ string offset=1019
.Linfo_string66:
	.asciz	"VSF_EVT_USER"          @ string offset=1035
	.section	.debug_abbrev,"",%progbits
	.byte	1                       @ Abbreviation Code
	.byte	17                      @ DW_TAG_compile_unit
	.byte	1                       @ DW_CHILDREN_yes
	.byte	37                      @ DW_AT_producer
	.byte	14                      @ DW_FORM_strp
	.byte	19                      @ DW_AT_language
	.byte	5                       @ DW_FORM_data2
	.byte	3                       @ DW_AT_name
	.byte	14                      @ DW_FORM_strp
	.byte	16                      @ DW_AT_stmt_list
	.byte	6                       @ DW_FORM_data4
	.byte	27                      @ DW_AT_comp_dir
	.byte	14                      @ DW_FORM_strp
	.ascii	"\264B"                 @ DW_AT_GNU_pubnames
	.byte	12                      @ DW_FORM_flag
	.byte	0                       @ EOM(1)
	.byte	0                       @ EOM(2)
	.byte	2                       @ Abbreviation Code
	.byte	46                      @ DW_TAG_subprogram
	.byte	1                       @ DW_CHILDREN_yes
	.byte	0                       @ EOM(1)
	.byte	0                       @ EOM(2)
	.byte	3                       @ Abbreviation Code
	.byte	52                      @ DW_TAG_variable
	.byte	0                       @ DW_CHILDREN_no
	.byte	3                       @ DW_AT_name
	.byte	14                      @ DW_FORM_strp
	.byte	73                      @ DW_AT_type
	.byte	19                      @ DW_FORM_ref4
	.byte	58                      @ DW_AT_decl_file
	.byte	11                      @ DW_FORM_data1
	.byte	59                      @ DW_AT_decl_line
	.byte	11                      @ DW_FORM_data1
	.byte	0                       @ EOM(1)
	.byte	0                       @ EOM(2)
	.byte	4                       @ Abbreviation Code
	.byte	22                      @ DW_TAG_typedef
	.byte	0                       @ DW_CHILDREN_no
	.byte	73                      @ DW_AT_type
	.byte	19                      @ DW_FORM_ref4
	.byte	3                       @ DW_AT_name
	.byte	14                      @ DW_FORM_strp
	.byte	58                      @ DW_AT_decl_file
	.byte	11                      @ DW_FORM_data1
	.byte	59                      @ DW_AT_decl_line
	.byte	11                      @ DW_FORM_data1
	.byte	0                       @ EOM(1)
	.byte	0                       @ EOM(2)
	.byte	5                       @ Abbreviation Code
	.byte	19                      @ DW_TAG_structure_type
	.byte	1                       @ DW_CHILDREN_yes
	.byte	3                       @ DW_AT_name
	.byte	14                      @ DW_FORM_strp
	.byte	11                      @ DW_AT_byte_size
	.byte	5                       @ DW_FORM_data2
	.byte	58                      @ DW_AT_decl_file
	.byte	11                      @ DW_FORM_data1
	.byte	59                      @ DW_AT_decl_line
	.byte	11                      @ DW_FORM_data1
	.ascii	"\210\001"              @ DW_AT_alignment
	.byte	15                      @ DW_FORM_udata
	.byte	0                       @ EOM(1)
	.byte	0                       @ EOM(2)
	.byte	6                       @ Abbreviation Code
	.byte	13                      @ DW_TAG_member
	.byte	0                       @ DW_CHILDREN_no
	.byte	73                      @ DW_AT_type
	.byte	19                      @ DW_FORM_ref4
	.byte	58                      @ DW_AT_decl_file
	.byte	11                      @ DW_FORM_data1
	.byte	59                      @ DW_AT_decl_line
	.byte	11                      @ DW_FORM_data1
	.byte	56                      @ DW_AT_data_member_location
	.byte	11                      @ DW_FORM_data1
	.byte	0                       @ EOM(1)
	.byte	0                       @ EOM(2)
	.byte	7                       @ Abbreviation Code
	.byte	23                      @ DW_TAG_union_type
	.byte	1                       @ DW_CHILDREN_yes
	.byte	11                      @ DW_AT_byte_size
	.byte	11                      @ DW_FORM_data1
	.byte	58                      @ DW_AT_decl_file
	.byte	11                      @ DW_FORM_data1
	.byte	59                      @ DW_AT_decl_line
	.byte	11                      @ DW_FORM_data1
	.byte	0                       @ EOM(1)
	.byte	0                       @ EOM(2)
	.byte	8                       @ Abbreviation Code
	.byte	13                      @ DW_TAG_member
	.byte	0                       @ DW_CHILDREN_no
	.byte	3                       @ DW_AT_name
	.byte	14                      @ DW_FORM_strp
	.byte	73                      @ DW_AT_type
	.byte	19                      @ DW_FORM_ref4
	.byte	58                      @ DW_AT_decl_file
	.byte	11                      @ DW_FORM_data1
	.byte	59                      @ DW_AT_decl_line
	.byte	11                      @ DW_FORM_data1
	.byte	56                      @ DW_AT_data_member_location
	.byte	11                      @ DW_FORM_data1
	.byte	0                       @ EOM(1)
	.byte	0                       @ EOM(2)
	.byte	9                       @ Abbreviation Code
	.byte	23                      @ DW_TAG_union_type
	.byte	1                       @ DW_CHILDREN_yes
	.byte	11                      @ DW_AT_byte_size
	.byte	5                       @ DW_FORM_data2
	.byte	58                      @ DW_AT_decl_file
	.byte	11                      @ DW_FORM_data1
	.byte	59                      @ DW_AT_decl_line
	.byte	11                      @ DW_FORM_data1
	.byte	0                       @ EOM(1)
	.byte	0                       @ EOM(2)
	.byte	10                      @ Abbreviation Code
	.byte	22                      @ DW_TAG_typedef
	.byte	0                       @ DW_CHILDREN_no
	.byte	73                      @ DW_AT_type
	.byte	19                      @ DW_FORM_ref4
	.byte	3                       @ DW_AT_name
	.byte	14                      @ DW_FORM_strp
	.byte	58                      @ DW_AT_decl_file
	.byte	11                      @ DW_FORM_data1
	.byte	59                      @ DW_AT_decl_line
	.byte	5                       @ DW_FORM_data2
	.byte	0                       @ EOM(1)
	.byte	0                       @ EOM(2)
	.byte	11                      @ Abbreviation Code
	.byte	19                      @ DW_TAG_structure_type
	.byte	1                       @ DW_CHILDREN_yes
	.byte	3                       @ DW_AT_name
	.byte	14                      @ DW_FORM_strp
	.byte	11                      @ DW_AT_byte_size
	.byte	11                      @ DW_FORM_data1
	.byte	58                      @ DW_AT_decl_file
	.byte	11                      @ DW_FORM_data1
	.byte	59                      @ DW_AT_decl_line
	.byte	5                       @ DW_FORM_data2
	.byte	0                       @ EOM(1)
	.byte	0                       @ EOM(2)
	.byte	12                      @ Abbreviation Code
	.byte	13                      @ DW_TAG_member
	.byte	0                       @ DW_CHILDREN_no
	.byte	73                      @ DW_AT_type
	.byte	19                      @ DW_FORM_ref4
	.byte	58                      @ DW_AT_decl_file
	.byte	11                      @ DW_FORM_data1
	.byte	59                      @ DW_AT_decl_line
	.byte	5                       @ DW_FORM_data2
	.byte	56                      @ DW_AT_data_member_location
	.byte	11                      @ DW_FORM_data1
	.byte	0                       @ EOM(1)
	.byte	0                       @ EOM(2)
	.byte	13                      @ Abbreviation Code
	.byte	19                      @ DW_TAG_structure_type
	.byte	1                       @ DW_CHILDREN_yes
	.byte	11                      @ DW_AT_byte_size
	.byte	11                      @ DW_FORM_data1
	.byte	58                      @ DW_AT_decl_file
	.byte	11                      @ DW_FORM_data1
	.byte	59                      @ DW_AT_decl_line
	.byte	5                       @ DW_FORM_data2
	.byte	0                       @ EOM(1)
	.byte	0                       @ EOM(2)
	.byte	14                      @ Abbreviation Code
	.byte	23                      @ DW_TAG_union_type
	.byte	1                       @ DW_CHILDREN_yes
	.byte	11                      @ DW_AT_byte_size
	.byte	11                      @ DW_FORM_data1
	.byte	58                      @ DW_AT_decl_file
	.byte	11                      @ DW_FORM_data1
	.byte	59                      @ DW_AT_decl_line
	.byte	5                       @ DW_FORM_data2
	.byte	0                       @ EOM(1)
	.byte	0                       @ EOM(2)
	.byte	15                      @ Abbreviation Code
	.byte	13                      @ DW_TAG_member
	.byte	0                       @ DW_CHILDREN_no
	.byte	3                       @ DW_AT_name
	.byte	14                      @ DW_FORM_strp
	.byte	73                      @ DW_AT_type
	.byte	19                      @ DW_FORM_ref4
	.byte	58                      @ DW_AT_decl_file
	.byte	11                      @ DW_FORM_data1
	.byte	59                      @ DW_AT_decl_line
	.byte	5                       @ DW_FORM_data2
	.byte	56                      @ DW_AT_data_member_location
	.byte	11                      @ DW_FORM_data1
	.byte	0                       @ EOM(1)
	.byte	0                       @ EOM(2)
	.byte	16                      @ Abbreviation Code
	.byte	13                      @ DW_TAG_member
	.byte	0                       @ DW_CHILDREN_no
	.byte	3                       @ DW_AT_name
	.byte	14                      @ DW_FORM_strp
	.byte	73                      @ DW_AT_type
	.byte	19                      @ DW_FORM_ref4
	.byte	58                      @ DW_AT_decl_file
	.byte	11                      @ DW_FORM_data1
	.byte	59                      @ DW_AT_decl_line
	.byte	5                       @ DW_FORM_data2
	.ascii	"\210\001"              @ DW_AT_alignment
	.byte	15                      @ DW_FORM_udata
	.byte	56                      @ DW_AT_data_member_location
	.byte	11                      @ DW_FORM_data1
	.byte	0                       @ EOM(1)
	.byte	0                       @ EOM(2)
	.byte	17                      @ Abbreviation Code
	.byte	19                      @ DW_TAG_structure_type
	.byte	1                       @ DW_CHILDREN_yes
	.byte	3                       @ DW_AT_name
	.byte	14                      @ DW_FORM_strp
	.byte	11                      @ DW_AT_byte_size
	.byte	11                      @ DW_FORM_data1
	.byte	58                      @ DW_AT_decl_file
	.byte	11                      @ DW_FORM_data1
	.byte	59                      @ DW_AT_decl_line
	.byte	11                      @ DW_FORM_data1
	.byte	0                       @ EOM(1)
	.byte	0                       @ EOM(2)
	.byte	18                      @ Abbreviation Code
	.byte	13                      @ DW_TAG_member
	.byte	0                       @ DW_CHILDREN_no
	.byte	73                      @ DW_AT_type
	.byte	19                      @ DW_FORM_ref4
	.byte	58                      @ DW_AT_decl_file
	.byte	11                      @ DW_FORM_data1
	.byte	59                      @ DW_AT_decl_line
	.byte	11                      @ DW_FORM_data1
	.ascii	"\210\001"              @ DW_AT_alignment
	.byte	15                      @ DW_FORM_udata
	.byte	56                      @ DW_AT_data_member_location
	.byte	11                      @ DW_FORM_data1
	.byte	0                       @ EOM(1)
	.byte	0                       @ EOM(2)
	.byte	19                      @ Abbreviation Code
	.byte	19                      @ DW_TAG_structure_type
	.byte	1                       @ DW_CHILDREN_yes
	.byte	11                      @ DW_AT_byte_size
	.byte	11                      @ DW_FORM_data1
	.byte	58                      @ DW_AT_decl_file
	.byte	11                      @ DW_FORM_data1
	.byte	59                      @ DW_AT_decl_line
	.byte	11                      @ DW_FORM_data1
	.ascii	"\210\001"              @ DW_AT_alignment
	.byte	15                      @ DW_FORM_udata
	.byte	0                       @ EOM(1)
	.byte	0                       @ EOM(2)
	.byte	20                      @ Abbreviation Code
	.byte	15                      @ DW_TAG_pointer_type
	.byte	0                       @ DW_CHILDREN_no
	.byte	73                      @ DW_AT_type
	.byte	19                      @ DW_FORM_ref4
	.byte	0                       @ EOM(1)
	.byte	0                       @ EOM(2)
	.byte	21                      @ Abbreviation Code
	.byte	21                      @ DW_TAG_subroutine_type
	.byte	1                       @ DW_CHILDREN_yes
	.byte	39                      @ DW_AT_prototyped
	.byte	12                      @ DW_FORM_flag
	.byte	0                       @ EOM(1)
	.byte	0                       @ EOM(2)
	.byte	22                      @ Abbreviation Code
	.byte	5                       @ DW_TAG_formal_parameter
	.byte	0                       @ DW_CHILDREN_no
	.byte	73                      @ DW_AT_type
	.byte	19                      @ DW_FORM_ref4
	.byte	0                       @ EOM(1)
	.byte	0                       @ EOM(2)
	.byte	23                      @ Abbreviation Code
	.byte	1                       @ DW_TAG_array_type
	.byte	1                       @ DW_CHILDREN_yes
	.byte	73                      @ DW_AT_type
	.byte	19                      @ DW_FORM_ref4
	.byte	0                       @ EOM(1)
	.byte	0                       @ EOM(2)
	.byte	24                      @ Abbreviation Code
	.byte	33                      @ DW_TAG_subrange_type
	.byte	0                       @ DW_CHILDREN_no
	.byte	73                      @ DW_AT_type
	.byte	19                      @ DW_FORM_ref4
	.byte	55                      @ DW_AT_count
	.byte	11                      @ DW_FORM_data1
	.byte	0                       @ EOM(1)
	.byte	0                       @ EOM(2)
	.byte	25                      @ Abbreviation Code
	.byte	36                      @ DW_TAG_base_type
	.byte	0                       @ DW_CHILDREN_no
	.byte	3                       @ DW_AT_name
	.byte	14                      @ DW_FORM_strp
	.byte	62                      @ DW_AT_encoding
	.byte	11                      @ DW_FORM_data1
	.byte	11                      @ DW_AT_byte_size
	.byte	11                      @ DW_FORM_data1
	.byte	0                       @ EOM(1)
	.byte	0                       @ EOM(2)
	.byte	26                      @ Abbreviation Code
	.byte	36                      @ DW_TAG_base_type
	.byte	0                       @ DW_CHILDREN_no
	.byte	3                       @ DW_AT_name
	.byte	14                      @ DW_FORM_strp
	.byte	11                      @ DW_AT_byte_size
	.byte	11                      @ DW_FORM_data1
	.byte	62                      @ DW_AT_encoding
	.byte	11                      @ DW_FORM_data1
	.byte	0                       @ EOM(1)
	.byte	0                       @ EOM(2)
	.byte	27                      @ Abbreviation Code
	.byte	19                      @ DW_TAG_structure_type
	.byte	1                       @ DW_CHILDREN_yes
	.byte	3                       @ DW_AT_name
	.byte	14                      @ DW_FORM_strp
	.byte	11                      @ DW_AT_byte_size
	.byte	5                       @ DW_FORM_data2
	.byte	58                      @ DW_AT_decl_file
	.byte	11                      @ DW_FORM_data1
	.byte	59                      @ DW_AT_decl_line
	.byte	11                      @ DW_FORM_data1
	.byte	0                       @ EOM(1)
	.byte	0                       @ EOM(2)
	.byte	28                      @ Abbreviation Code
	.byte	23                      @ DW_TAG_union_type
	.byte	0                       @ DW_CHILDREN_no
	.byte	11                      @ DW_AT_byte_size
	.byte	11                      @ DW_FORM_data1
	.byte	58                      @ DW_AT_decl_file
	.byte	11                      @ DW_FORM_data1
	.byte	59                      @ DW_AT_decl_line
	.byte	11                      @ DW_FORM_data1
	.byte	0                       @ EOM(1)
	.byte	0                       @ EOM(2)
	.byte	29                      @ Abbreviation Code
	.byte	13                      @ DW_TAG_member
	.byte	0                       @ DW_CHILDREN_no
	.byte	73                      @ DW_AT_type
	.byte	19                      @ DW_FORM_ref4
	.byte	58                      @ DW_AT_decl_file
	.byte	11                      @ DW_FORM_data1
	.byte	59                      @ DW_AT_decl_line
	.byte	5                       @ DW_FORM_data2
	.ascii	"\210\001"              @ DW_AT_alignment
	.byte	15                      @ DW_FORM_udata
	.byte	56                      @ DW_AT_data_member_location
	.byte	11                      @ DW_FORM_data1
	.byte	0                       @ EOM(1)
	.byte	0                       @ EOM(2)
	.byte	30                      @ Abbreviation Code
	.byte	19                      @ DW_TAG_structure_type
	.byte	1                       @ DW_CHILDREN_yes
	.byte	11                      @ DW_AT_byte_size
	.byte	11                      @ DW_FORM_data1
	.byte	58                      @ DW_AT_decl_file
	.byte	11                      @ DW_FORM_data1
	.byte	59                      @ DW_AT_decl_line
	.byte	5                       @ DW_FORM_data2
	.ascii	"\210\001"              @ DW_AT_alignment
	.byte	15                      @ DW_FORM_udata
	.byte	0                       @ EOM(1)
	.byte	0                       @ EOM(2)
	.byte	31                      @ Abbreviation Code
	.byte	19                      @ DW_TAG_structure_type
	.byte	1                       @ DW_CHILDREN_yes
	.byte	11                      @ DW_AT_byte_size
	.byte	11                      @ DW_FORM_data1
	.byte	58                      @ DW_AT_decl_file
	.byte	11                      @ DW_FORM_data1
	.byte	59                      @ DW_AT_decl_line
	.byte	11                      @ DW_FORM_data1
	.byte	0                       @ EOM(1)
	.byte	0                       @ EOM(2)
	.byte	32                      @ Abbreviation Code
	.byte	4                       @ DW_TAG_enumeration_type
	.byte	1                       @ DW_CHILDREN_yes
	.byte	73                      @ DW_AT_type
	.byte	19                      @ DW_FORM_ref4
	.byte	3                       @ DW_AT_name
	.byte	14                      @ DW_FORM_strp
	.byte	11                      @ DW_AT_byte_size
	.byte	11                      @ DW_FORM_data1
	.byte	58                      @ DW_AT_decl_file
	.byte	11                      @ DW_FORM_data1
	.byte	59                      @ DW_AT_decl_line
	.byte	11                      @ DW_FORM_data1
	.byte	0                       @ EOM(1)
	.byte	0                       @ EOM(2)
	.byte	33                      @ Abbreviation Code
	.byte	40                      @ DW_TAG_enumerator
	.byte	0                       @ DW_CHILDREN_no
	.byte	3                       @ DW_AT_name
	.byte	14                      @ DW_FORM_strp
	.byte	28                      @ DW_AT_const_value
	.byte	13                      @ DW_FORM_sdata
	.byte	0                       @ EOM(1)
	.byte	0                       @ EOM(2)
	.byte	34                      @ Abbreviation Code
	.byte	4                       @ DW_TAG_enumeration_type
	.byte	1                       @ DW_CHILDREN_yes
	.byte	73                      @ DW_AT_type
	.byte	19                      @ DW_FORM_ref4
	.byte	11                      @ DW_AT_byte_size
	.byte	11                      @ DW_FORM_data1
	.byte	58                      @ DW_AT_decl_file
	.byte	11                      @ DW_FORM_data1
	.byte	59                      @ DW_AT_decl_line
	.byte	11                      @ DW_FORM_data1
	.byte	0                       @ EOM(1)
	.byte	0                       @ EOM(2)
	.byte	0                       @ EOM(3)
	.section	.debug_info,"",%progbits
.Lcu_begin0:
	.long	1032                    @ Length of Unit
	.short	3                       @ DWARF version number
	.long	.debug_abbrev           @ Offset Into Abbrev. Section
	.byte	4                       @ Address Size (in bytes)
	.byte	1                       @ Abbrev [1] 0xb:0x401 DW_TAG_compile_unit
	.long	.Linfo_string0          @ DW_AT_producer
	.short	12                      @ DW_AT_language
	.long	.Linfo_string1          @ DW_AT_name
	.long	.Lline_table_start0     @ DW_AT_stmt_list
	.long	.Linfo_string2          @ DW_AT_comp_dir
	.byte	1                       @ DW_AT_GNU_pubnames
	.byte	2                       @ Abbrev [2] 0x1f:0xd DW_TAG_subprogram
	.byte	3                       @ Abbrev [3] 0x20:0xb DW_TAG_variable
	.long	.Linfo_string3          @ DW_AT_name
	.long	44                      @ DW_AT_type
	.byte	4                       @ DW_AT_decl_file
	.byte	29                      @ DW_AT_decl_line
	.byte	0                       @ End Of Children Mark
	.byte	4                       @ Abbrev [4] 0x2c:0xb DW_TAG_typedef
	.long	55                      @ DW_AT_type
	.long	.Linfo_string36         @ DW_AT_name
	.byte	4                       @ DW_AT_decl_file
	.byte	5                       @ DW_AT_decl_line
	.byte	5                       @ Abbrev [5] 0x37:0x4e DW_TAG_structure_type
	.long	.Linfo_string36         @ DW_AT_name
	.short	600                     @ DW_AT_byte_size
	.byte	4                       @ DW_AT_decl_file
	.byte	7                       @ DW_AT_decl_line
	.byte	8                       @ DW_AT_alignment
	.byte	6                       @ Abbrev [6] 0x41:0x8 DW_TAG_member
	.long	73                      @ DW_AT_type
	.byte	4                       @ DW_AT_decl_file
	.byte	7                       @ DW_AT_decl_line
	.byte	0                       @ DW_AT_data_member_location
	.byte	7                       @ Abbrev [7] 0x49:0x19 DW_TAG_union_type
	.byte	64                      @ DW_AT_byte_size
	.byte	4                       @ DW_AT_decl_file
	.byte	7                       @ DW_AT_decl_line
	.byte	8                       @ Abbrev [8] 0x4d:0xc DW_TAG_member
	.long	.Linfo_string4          @ DW_AT_name
	.long	133                     @ DW_AT_type
	.byte	4                       @ DW_AT_decl_file
	.byte	7                       @ DW_AT_decl_line
	.byte	0                       @ DW_AT_data_member_location
	.byte	6                       @ Abbrev [6] 0x59:0x8 DW_TAG_member
	.long	145                     @ DW_AT_type
	.byte	4                       @ DW_AT_decl_file
	.byte	7                       @ DW_AT_decl_line
	.byte	0                       @ DW_AT_data_member_location
	.byte	0                       @ End Of Children Mark
	.byte	6                       @ Abbrev [6] 0x62:0x8 DW_TAG_member
	.long	106                     @ DW_AT_type
	.byte	4                       @ DW_AT_decl_file
	.byte	7                       @ DW_AT_decl_line
	.byte	64                      @ DW_AT_data_member_location
	.byte	9                       @ Abbrev [9] 0x6a:0x1a DW_TAG_union_type
	.short	536                     @ DW_AT_byte_size
	.byte	4                       @ DW_AT_decl_file
	.byte	7                       @ DW_AT_decl_line
	.byte	8                       @ Abbrev [8] 0x6f:0xc DW_TAG_member
	.long	.Linfo_string19         @ DW_AT_name
	.long	485                     @ DW_AT_type
	.byte	4                       @ DW_AT_decl_file
	.byte	7                       @ DW_AT_decl_line
	.byte	0                       @ DW_AT_data_member_location
	.byte	6                       @ Abbrev [6] 0x7b:0x8 DW_TAG_member
	.long	496                     @ DW_AT_type
	.byte	4                       @ DW_AT_decl_file
	.byte	7                       @ DW_AT_decl_line
	.byte	0                       @ DW_AT_data_member_location
	.byte	0                       @ End Of Children Mark
	.byte	0                       @ End Of Children Mark
	.byte	10                      @ Abbrev [10] 0x85:0xc DW_TAG_typedef
	.long	145                     @ DW_AT_type
	.long	.Linfo_string18         @ DW_AT_name
	.byte	3                       @ DW_AT_decl_file
	.short	289                     @ DW_AT_decl_line
	.byte	11                      @ Abbrev [11] 0x91:0x4c DW_TAG_structure_type
	.long	.Linfo_string18         @ DW_AT_name
	.byte	64                      @ DW_AT_byte_size
	.byte	3                       @ DW_AT_decl_file
	.short	289                     @ DW_AT_decl_line
	.byte	12                      @ Abbrev [12] 0x9a:0x9 DW_TAG_member
	.long	163                     @ DW_AT_type
	.byte	3                       @ DW_AT_decl_file
	.short	289                     @ DW_AT_decl_line
	.byte	0                       @ DW_AT_data_member_location
	.byte	13                      @ Abbrev [13] 0xa3:0x2b DW_TAG_structure_type
	.byte	64                      @ DW_AT_byte_size
	.byte	3                       @ DW_AT_decl_file
	.short	289                     @ DW_AT_decl_line
	.byte	12                      @ Abbrev [12] 0xa8:0x9 DW_TAG_member
	.long	177                     @ DW_AT_type
	.byte	3                       @ DW_AT_decl_file
	.short	289                     @ DW_AT_decl_line
	.byte	0                       @ DW_AT_data_member_location
	.byte	14                      @ Abbrev [14] 0xb1:0x1c DW_TAG_union_type
	.byte	64                      @ DW_AT_byte_size
	.byte	3                       @ DW_AT_decl_file
	.short	289                     @ DW_AT_decl_line
	.byte	15                      @ Abbrev [15] 0xb6:0xd DW_TAG_member
	.long	.Linfo_string5          @ DW_AT_name
	.long	221                     @ DW_AT_type
	.byte	3                       @ DW_AT_decl_file
	.short	289                     @ DW_AT_decl_line
	.byte	0                       @ DW_AT_data_member_location
	.byte	12                      @ Abbrev [12] 0xc3:0x9 DW_TAG_member
	.long	232                     @ DW_AT_type
	.byte	3                       @ DW_AT_decl_file
	.short	289                     @ DW_AT_decl_line
	.byte	0                       @ DW_AT_data_member_location
	.byte	0                       @ End Of Children Mark
	.byte	0                       @ End Of Children Mark
	.byte	16                      @ Abbrev [16] 0xce:0xe DW_TAG_member
	.long	.Linfo_string17         @ DW_AT_name
	.long	473                     @ DW_AT_type
	.byte	3                       @ DW_AT_decl_file
	.short	289                     @ DW_AT_decl_line
	.byte	1                       @ DW_AT_alignment
	.byte	64                      @ DW_AT_data_member_location
	.byte	0                       @ End Of Children Mark
	.byte	4                       @ Abbrev [4] 0xdd:0xb DW_TAG_typedef
	.long	232                     @ DW_AT_type
	.long	.Linfo_string16         @ DW_AT_name
	.byte	1                       @ DW_AT_decl_file
	.byte	152                     @ DW_AT_decl_line
	.byte	11                      @ Abbrev [11] 0xe8:0x4c DW_TAG_structure_type
	.long	.Linfo_string16         @ DW_AT_name
	.byte	64                      @ DW_AT_byte_size
	.byte	1                       @ DW_AT_decl_file
	.short	344                     @ DW_AT_decl_line
	.byte	12                      @ Abbrev [12] 0xf1:0x9 DW_TAG_member
	.long	250                     @ DW_AT_type
	.byte	1                       @ DW_AT_decl_file
	.short	345                     @ DW_AT_decl_line
	.byte	0                       @ DW_AT_data_member_location
	.byte	13                      @ Abbrev [13] 0xfa:0x2b DW_TAG_structure_type
	.byte	44                      @ DW_AT_byte_size
	.byte	1                       @ DW_AT_decl_file
	.short	345                     @ DW_AT_decl_line
	.byte	12                      @ Abbrev [12] 0xff:0x9 DW_TAG_member
	.long	264                     @ DW_AT_type
	.byte	1                       @ DW_AT_decl_file
	.short	345                     @ DW_AT_decl_line
	.byte	0                       @ DW_AT_data_member_location
	.byte	14                      @ Abbrev [14] 0x108:0x1c DW_TAG_union_type
	.byte	44                      @ DW_AT_byte_size
	.byte	1                       @ DW_AT_decl_file
	.short	345                     @ DW_AT_decl_line
	.byte	15                      @ Abbrev [15] 0x10d:0xd DW_TAG_member
	.long	.Linfo_string6          @ DW_AT_name
	.long	308                     @ DW_AT_type
	.byte	1                       @ DW_AT_decl_file
	.short	345                     @ DW_AT_decl_line
	.byte	0                       @ DW_AT_data_member_location
	.byte	12                      @ Abbrev [12] 0x11a:0x9 DW_TAG_member
	.long	319                     @ DW_AT_type
	.byte	1                       @ DW_AT_decl_file
	.short	345                     @ DW_AT_decl_line
	.byte	0                       @ DW_AT_data_member_location
	.byte	0                       @ End Of Children Mark
	.byte	0                       @ End Of Children Mark
	.byte	16                      @ Abbrev [16] 0x125:0xe DW_TAG_member
	.long	.Linfo_string15         @ DW_AT_name
	.long	461                     @ DW_AT_type
	.byte	1                       @ DW_AT_decl_file
	.short	348                     @ DW_AT_decl_line
	.byte	8                       @ DW_AT_alignment
	.byte	48                      @ DW_AT_data_member_location
	.byte	0                       @ End Of Children Mark
	.byte	4                       @ Abbrev [4] 0x134:0xb DW_TAG_typedef
	.long	319                     @ DW_AT_type
	.long	.Linfo_string14         @ DW_AT_name
	.byte	1                       @ DW_AT_decl_file
	.byte	151                     @ DW_AT_decl_line
	.byte	17                      @ Abbrev [17] 0x13f:0x40 DW_TAG_structure_type
	.long	.Linfo_string14         @ DW_AT_name
	.byte	44                      @ DW_AT_byte_size
	.byte	1                       @ DW_AT_decl_file
	.byte	250                     @ DW_AT_decl_line
	.byte	18                      @ Abbrev [18] 0x147:0x9 DW_TAG_member
	.long	336                     @ DW_AT_type
	.byte	1                       @ DW_AT_decl_file
	.byte	253                     @ DW_AT_decl_line
	.byte	4                       @ DW_AT_alignment
	.byte	0                       @ DW_AT_data_member_location
	.byte	19                      @ Abbrev [19] 0x150:0x12 DW_TAG_structure_type
	.byte	4                       @ DW_AT_byte_size
	.byte	1                       @ DW_AT_decl_file
	.byte	253                     @ DW_AT_decl_line
	.byte	4                       @ DW_AT_alignment
	.byte	8                       @ Abbrev [8] 0x155:0xc DW_TAG_member
	.long	.Linfo_string7          @ DW_AT_name
	.long	383                     @ DW_AT_type
	.byte	1                       @ DW_AT_decl_file
	.byte	253                     @ DW_AT_decl_line
	.byte	0                       @ DW_AT_data_member_location
	.byte	0                       @ End Of Children Mark
	.byte	16                      @ Abbrev [16] 0x162:0xe DW_TAG_member
	.long	.Linfo_string9          @ DW_AT_name
	.long	412                     @ DW_AT_type
	.byte	1                       @ DW_AT_decl_file
	.short	259                     @ DW_AT_decl_line
	.byte	4                       @ DW_AT_alignment
	.byte	4                       @ DW_AT_data_member_location
	.byte	16                      @ Abbrev [16] 0x170:0xe DW_TAG_member
	.long	.Linfo_string13         @ DW_AT_name
	.long	449                     @ DW_AT_type
	.byte	1                       @ DW_AT_decl_file
	.short	272                     @ DW_AT_decl_line
	.byte	4                       @ DW_AT_alignment
	.byte	8                       @ DW_AT_data_member_location
	.byte	0                       @ End Of Children Mark
	.byte	4                       @ Abbrev [4] 0x17f:0xb DW_TAG_typedef
	.long	394                     @ DW_AT_type
	.long	.Linfo_string8          @ DW_AT_name
	.byte	1                       @ DW_AT_decl_file
	.byte	165                     @ DW_AT_decl_line
	.byte	20                      @ Abbrev [20] 0x18a:0x5 DW_TAG_pointer_type
	.long	399                     @ DW_AT_type
	.byte	21                      @ Abbrev [21] 0x18f:0x8 DW_TAG_subroutine_type
	.byte	1                       @ DW_AT_prototyped
	.byte	22                      @ Abbrev [22] 0x191:0x5 DW_TAG_formal_parameter
	.long	407                     @ DW_AT_type
	.byte	0                       @ End Of Children Mark
	.byte	20                      @ Abbrev [20] 0x197:0x5 DW_TAG_pointer_type
	.long	308                     @ DW_AT_type
	.byte	23                      @ Abbrev [23] 0x19c:0xc DW_TAG_array_type
	.long	424                     @ DW_AT_type
	.byte	24                      @ Abbrev [24] 0x1a1:0x6 DW_TAG_subrange_type
	.long	442                     @ DW_AT_type
	.byte	4                       @ DW_AT_count
	.byte	0                       @ End Of Children Mark
	.byte	4                       @ Abbrev [4] 0x1a8:0xb DW_TAG_typedef
	.long	435                     @ DW_AT_type
	.long	.Linfo_string11         @ DW_AT_name
	.byte	2                       @ DW_AT_decl_file
	.byte	62                      @ DW_AT_decl_line
	.byte	25                      @ Abbrev [25] 0x1b3:0x7 DW_TAG_base_type
	.long	.Linfo_string10         @ DW_AT_name
	.byte	8                       @ DW_AT_encoding
	.byte	1                       @ DW_AT_byte_size
	.byte	26                      @ Abbrev [26] 0x1ba:0x7 DW_TAG_base_type
	.long	.Linfo_string12         @ DW_AT_name
	.byte	8                       @ DW_AT_byte_size
	.byte	7                       @ DW_AT_encoding
	.byte	23                      @ Abbrev [23] 0x1c1:0xc DW_TAG_array_type
	.long	424                     @ DW_AT_type
	.byte	24                      @ Abbrev [24] 0x1c6:0x6 DW_TAG_subrange_type
	.long	442                     @ DW_AT_type
	.byte	36                      @ DW_AT_count
	.byte	0                       @ End Of Children Mark
	.byte	23                      @ Abbrev [23] 0x1cd:0xc DW_TAG_array_type
	.long	424                     @ DW_AT_type
	.byte	24                      @ Abbrev [24] 0x1d2:0x6 DW_TAG_subrange_type
	.long	442                     @ DW_AT_type
	.byte	16                      @ DW_AT_count
	.byte	0                       @ End Of Children Mark
	.byte	23                      @ Abbrev [23] 0x1d9:0xc DW_TAG_array_type
	.long	424                     @ DW_AT_type
	.byte	24                      @ Abbrev [24] 0x1de:0x6 DW_TAG_subrange_type
	.long	442                     @ DW_AT_type
	.byte	0                       @ DW_AT_count
	.byte	0                       @ End Of Children Mark
	.byte	4                       @ Abbrev [4] 0x1e5:0xb DW_TAG_typedef
	.long	496                     @ DW_AT_type
	.long	.Linfo_string35         @ DW_AT_name
	.byte	4                       @ DW_AT_decl_file
	.byte	5                       @ DW_AT_decl_line
	.byte	27                      @ Abbrev [27] 0x1f0:0x4f DW_TAG_structure_type
	.long	.Linfo_string35         @ DW_AT_name
	.short	536                     @ DW_AT_byte_size
	.byte	4                       @ DW_AT_decl_file
	.byte	7                       @ DW_AT_decl_line
	.byte	6                       @ Abbrev [6] 0x1f9:0x8 DW_TAG_member
	.long	513                     @ DW_AT_type
	.byte	4                       @ DW_AT_decl_file
	.byte	7                       @ DW_AT_decl_line
	.byte	0                       @ DW_AT_data_member_location
	.byte	7                       @ Abbrev [7] 0x201:0x19 DW_TAG_union_type
	.byte	20                      @ DW_AT_byte_size
	.byte	4                       @ DW_AT_decl_file
	.byte	7                       @ DW_AT_decl_line
	.byte	8                       @ Abbrev [8] 0x205:0xc DW_TAG_member
	.long	.Linfo_string20         @ DW_AT_name
	.long	575                     @ DW_AT_type
	.byte	4                       @ DW_AT_decl_file
	.byte	7                       @ DW_AT_decl_line
	.byte	0                       @ DW_AT_data_member_location
	.byte	6                       @ Abbrev [6] 0x211:0x8 DW_TAG_member
	.long	587                     @ DW_AT_type
	.byte	4                       @ DW_AT_decl_file
	.byte	7                       @ DW_AT_decl_line
	.byte	0                       @ DW_AT_data_member_location
	.byte	0                       @ End Of Children Mark
	.byte	6                       @ Abbrev [6] 0x21a:0x8 DW_TAG_member
	.long	546                     @ DW_AT_type
	.byte	4                       @ DW_AT_decl_file
	.byte	7                       @ DW_AT_decl_line
	.byte	20                      @ DW_AT_data_member_location
	.byte	28                      @ Abbrev [28] 0x222:0x4 DW_TAG_union_type
	.byte	0                       @ DW_AT_byte_size
	.byte	4                       @ DW_AT_decl_file
	.byte	7                       @ DW_AT_decl_line
	.byte	8                       @ Abbrev [8] 0x226:0xc DW_TAG_member
	.long	.Linfo_string31         @ DW_AT_name
	.long	762                     @ DW_AT_type
	.byte	4                       @ DW_AT_decl_file
	.byte	7                       @ DW_AT_decl_line
	.byte	20                      @ DW_AT_data_member_location
	.byte	8                       @ Abbrev [8] 0x232:0xc DW_TAG_member
	.long	.Linfo_string34         @ DW_AT_name
	.long	780                     @ DW_AT_type
	.byte	4                       @ DW_AT_decl_file
	.byte	7                       @ DW_AT_decl_line
	.byte	24                      @ DW_AT_data_member_location
	.byte	0                       @ End Of Children Mark
	.byte	10                      @ Abbrev [10] 0x23f:0xc DW_TAG_typedef
	.long	587                     @ DW_AT_type
	.long	.Linfo_string22         @ DW_AT_name
	.byte	3                       @ DW_AT_decl_file
	.short	304                     @ DW_AT_decl_line
	.byte	11                      @ Abbrev [11] 0x24b:0x50 DW_TAG_structure_type
	.long	.Linfo_string22         @ DW_AT_name
	.byte	20                      @ DW_AT_byte_size
	.byte	3                       @ DW_AT_decl_file
	.short	304                     @ DW_AT_decl_line
	.byte	29                      @ Abbrev [29] 0x254:0xa DW_TAG_member
	.long	606                     @ DW_AT_type
	.byte	3                       @ DW_AT_decl_file
	.short	304                     @ DW_AT_decl_line
	.byte	4                       @ DW_AT_alignment
	.byte	0                       @ DW_AT_data_member_location
	.byte	30                      @ Abbrev [30] 0x25e:0x2e DW_TAG_structure_type
	.byte	12                      @ DW_AT_byte_size
	.byte	3                       @ DW_AT_decl_file
	.short	304                     @ DW_AT_decl_line
	.byte	4                       @ DW_AT_alignment
	.byte	15                      @ Abbrev [15] 0x264:0xd DW_TAG_member
	.long	.Linfo_string21         @ DW_AT_name
	.long	667                     @ DW_AT_type
	.byte	3                       @ DW_AT_decl_file
	.short	304                     @ DW_AT_decl_line
	.byte	0                       @ DW_AT_data_member_location
	.byte	15                      @ Abbrev [15] 0x271:0xd DW_TAG_member
	.long	.Linfo_string24         @ DW_AT_name
	.long	709                     @ DW_AT_type
	.byte	3                       @ DW_AT_decl_file
	.short	304                     @ DW_AT_decl_line
	.byte	4                       @ DW_AT_data_member_location
	.byte	15                      @ Abbrev [15] 0x27e:0xd DW_TAG_member
	.long	.Linfo_string27         @ DW_AT_name
	.long	727                     @ DW_AT_type
	.byte	3                       @ DW_AT_decl_file
	.short	304                     @ DW_AT_decl_line
	.byte	8                       @ DW_AT_data_member_location
	.byte	0                       @ End Of Children Mark
	.byte	16                      @ Abbrev [16] 0x28c:0xe DW_TAG_member
	.long	.Linfo_string30         @ DW_AT_name
	.long	750                     @ DW_AT_type
	.byte	3                       @ DW_AT_decl_file
	.short	304                     @ DW_AT_decl_line
	.byte	4                       @ DW_AT_alignment
	.byte	12                      @ DW_AT_data_member_location
	.byte	0                       @ End Of Children Mark
	.byte	20                      @ Abbrev [20] 0x29b:0x5 DW_TAG_pointer_type
	.long	672                     @ DW_AT_type
	.byte	10                      @ Abbrev [10] 0x2a0:0xc DW_TAG_typedef
	.long	684                     @ DW_AT_type
	.long	.Linfo_string23         @ DW_AT_name
	.byte	3                       @ DW_AT_decl_file
	.short	287                     @ DW_AT_decl_line
	.byte	21                      @ Abbrev [21] 0x2ac:0x8 DW_TAG_subroutine_type
	.byte	1                       @ DW_AT_prototyped
	.byte	22                      @ Abbrev [22] 0x2ae:0x5 DW_TAG_formal_parameter
	.long	692                     @ DW_AT_type
	.byte	0                       @ End Of Children Mark
	.byte	20                      @ Abbrev [20] 0x2b4:0x5 DW_TAG_pointer_type
	.long	697                     @ DW_AT_type
	.byte	10                      @ Abbrev [10] 0x2b9:0xc DW_TAG_typedef
	.long	587                     @ DW_AT_type
	.long	.Linfo_string22         @ DW_AT_name
	.byte	3                       @ DW_AT_decl_file
	.short	285                     @ DW_AT_decl_line
	.byte	4                       @ Abbrev [4] 0x2c5:0xb DW_TAG_typedef
	.long	720                     @ DW_AT_type
	.long	.Linfo_string26         @ DW_AT_name
	.byte	2                       @ DW_AT_decl_file
	.byte	63                      @ DW_AT_decl_line
	.byte	25                      @ Abbrev [25] 0x2d0:0x7 DW_TAG_base_type
	.long	.Linfo_string25         @ DW_AT_name
	.byte	7                       @ DW_AT_encoding
	.byte	2                       @ DW_AT_byte_size
	.byte	20                      @ Abbrev [20] 0x2d7:0x5 DW_TAG_pointer_type
	.long	732                     @ DW_AT_type
	.byte	4                       @ Abbrev [4] 0x2dc:0xb DW_TAG_typedef
	.long	743                     @ DW_AT_type
	.long	.Linfo_string29         @ DW_AT_name
	.byte	2                       @ DW_AT_decl_file
	.byte	65                      @ DW_AT_decl_line
	.byte	25                      @ Abbrev [25] 0x2e7:0x7 DW_TAG_base_type
	.long	.Linfo_string28         @ DW_AT_name
	.byte	7                       @ DW_AT_encoding
	.byte	8                       @ DW_AT_byte_size
	.byte	23                      @ Abbrev [23] 0x2ee:0xc DW_TAG_array_type
	.long	424                     @ DW_AT_type
	.byte	24                      @ Abbrev [24] 0x2f3:0x6 DW_TAG_subrange_type
	.long	442                     @ DW_AT_type
	.byte	8                       @ DW_AT_count
	.byte	0                       @ End Of Children Mark
	.byte	4                       @ Abbrev [4] 0x2fa:0xb DW_TAG_typedef
	.long	773                     @ DW_AT_type
	.long	.Linfo_string33         @ DW_AT_name
	.byte	2                       @ DW_AT_decl_file
	.byte	64                      @ DW_AT_decl_line
	.byte	25                      @ Abbrev [25] 0x305:0x7 DW_TAG_base_type
	.long	.Linfo_string32         @ DW_AT_name
	.byte	7                       @ DW_AT_encoding
	.byte	4                       @ DW_AT_byte_size
	.byte	23                      @ Abbrev [23] 0x30c:0xc DW_TAG_array_type
	.long	732                     @ DW_AT_type
	.byte	24                      @ Abbrev [24] 0x311:0x6 DW_TAG_subrange_type
	.long	442                     @ DW_AT_type
	.byte	64                      @ DW_AT_count
	.byte	0                       @ End Of Children Mark
	.byte	2                       @ Abbrev [2] 0x318:0x29 DW_TAG_subprogram
	.byte	3                       @ Abbrev [3] 0x319:0xb DW_TAG_variable
	.long	.Linfo_string37         @ DW_AT_name
	.long	804                     @ DW_AT_type
	.byte	4                       @ DW_AT_decl_file
	.byte	36                      @ DW_AT_decl_line
	.byte	31                      @ Abbrev [31] 0x324:0x11 DW_TAG_structure_type
	.byte	0                       @ DW_AT_byte_size
	.byte	4                       @ DW_AT_decl_file
	.byte	36                      @ DW_AT_decl_line
	.byte	6                       @ Abbrev [6] 0x328:0x8 DW_TAG_member
	.long	816                     @ DW_AT_type
	.byte	4                       @ DW_AT_decl_file
	.byte	36                      @ DW_AT_decl_line
	.byte	0                       @ DW_AT_data_member_location
	.byte	28                      @ Abbrev [28] 0x330:0x4 DW_TAG_union_type
	.byte	0                       @ DW_AT_byte_size
	.byte	4                       @ DW_AT_decl_file
	.byte	36                      @ DW_AT_decl_line
	.byte	0                       @ End Of Children Mark
	.byte	3                       @ Abbrev [3] 0x335:0xb DW_TAG_variable
	.long	.Linfo_string38         @ DW_AT_name
	.long	833                     @ DW_AT_type
	.byte	4                       @ DW_AT_decl_file
	.byte	36                      @ DW_AT_decl_line
	.byte	0                       @ End Of Children Mark
	.byte	20                      @ Abbrev [20] 0x341:0x5 DW_TAG_pointer_type
	.long	804                     @ DW_AT_type
	.byte	32                      @ Abbrev [32] 0x346:0x49 DW_TAG_enumeration_type
	.long	911                     @ DW_AT_type
	.long	.Linfo_string50         @ DW_AT_name
	.byte	4                       @ DW_AT_byte_size
	.byte	5                       @ DW_AT_decl_file
	.byte	37                      @ DW_AT_decl_line
	.byte	33                      @ Abbrev [33] 0x352:0x6 DW_TAG_enumerator
	.long	.Linfo_string40         @ DW_AT_name
	.byte	127                     @ DW_AT_const_value
	.byte	33                      @ Abbrev [33] 0x358:0x6 DW_TAG_enumerator
	.long	.Linfo_string41         @ DW_AT_name
	.byte	0                       @ DW_AT_const_value
	.byte	33                      @ Abbrev [33] 0x35e:0x6 DW_TAG_enumerator
	.long	.Linfo_string42         @ DW_AT_name
	.byte	1                       @ DW_AT_const_value
	.byte	33                      @ Abbrev [33] 0x364:0x6 DW_TAG_enumerator
	.long	.Linfo_string43         @ DW_AT_name
	.byte	2                       @ DW_AT_const_value
	.byte	33                      @ Abbrev [33] 0x36a:0x6 DW_TAG_enumerator
	.long	.Linfo_string44         @ DW_AT_name
	.byte	3                       @ DW_AT_const_value
	.byte	33                      @ Abbrev [33] 0x370:0x6 DW_TAG_enumerator
	.long	.Linfo_string45         @ DW_AT_name
	.byte	4                       @ DW_AT_const_value
	.byte	33                      @ Abbrev [33] 0x376:0x6 DW_TAG_enumerator
	.long	.Linfo_string46         @ DW_AT_name
	.byte	5                       @ DW_AT_const_value
	.byte	33                      @ Abbrev [33] 0x37c:0x6 DW_TAG_enumerator
	.long	.Linfo_string47         @ DW_AT_name
	.byte	6                       @ DW_AT_const_value
	.byte	33                      @ Abbrev [33] 0x382:0x6 DW_TAG_enumerator
	.long	.Linfo_string48         @ DW_AT_name
	.byte	7                       @ DW_AT_const_value
	.byte	33                      @ Abbrev [33] 0x388:0x6 DW_TAG_enumerator
	.long	.Linfo_string49         @ DW_AT_name
	.byte	7                       @ DW_AT_const_value
	.byte	0                       @ End Of Children Mark
	.byte	25                      @ Abbrev [25] 0x38f:0x7 DW_TAG_base_type
	.long	.Linfo_string39         @ DW_AT_name
	.byte	5                       @ DW_AT_encoding
	.byte	4                       @ DW_AT_byte_size
	.byte	34                      @ Abbrev [34] 0x396:0x75 DW_TAG_enumeration_type
	.long	911                     @ DW_AT_type
	.byte	4                       @ DW_AT_byte_size
	.byte	1                       @ DW_AT_decl_file
	.byte	122                     @ DW_AT_decl_line
	.byte	33                      @ Abbrev [33] 0x39e:0x6 DW_TAG_enumerator
	.long	.Linfo_string51         @ DW_AT_name
	.byte	127                     @ DW_AT_const_value
	.byte	33                      @ Abbrev [33] 0x3a4:0x6 DW_TAG_enumerator
	.long	.Linfo_string52         @ DW_AT_name
	.byte	0                       @ DW_AT_const_value
	.byte	33                      @ Abbrev [33] 0x3aa:0x6 DW_TAG_enumerator
	.long	.Linfo_string53         @ DW_AT_name
	.byte	0                       @ DW_AT_const_value
	.byte	33                      @ Abbrev [33] 0x3b0:0x6 DW_TAG_enumerator
	.long	.Linfo_string54         @ DW_AT_name
	.byte	1                       @ DW_AT_const_value
	.byte	33                      @ Abbrev [33] 0x3b6:0x7 DW_TAG_enumerator
	.long	.Linfo_string55         @ DW_AT_name
	.ascii	"\200\002"              @ DW_AT_const_value
	.byte	33                      @ Abbrev [33] 0x3bd:0x7 DW_TAG_enumerator
	.long	.Linfo_string56         @ DW_AT_name
	.ascii	"\200\002"              @ DW_AT_const_value
	.byte	33                      @ Abbrev [33] 0x3c4:0x7 DW_TAG_enumerator
	.long	.Linfo_string57         @ DW_AT_name
	.ascii	"\201\002"              @ DW_AT_const_value
	.byte	33                      @ Abbrev [33] 0x3cb:0x7 DW_TAG_enumerator
	.long	.Linfo_string58         @ DW_AT_name
	.ascii	"\202\002"              @ DW_AT_const_value
	.byte	33                      @ Abbrev [33] 0x3d2:0x7 DW_TAG_enumerator
	.long	.Linfo_string59         @ DW_AT_name
	.ascii	"\203\002"              @ DW_AT_const_value
	.byte	33                      @ Abbrev [33] 0x3d9:0x7 DW_TAG_enumerator
	.long	.Linfo_string60         @ DW_AT_name
	.ascii	"\204\002"              @ DW_AT_const_value
	.byte	33                      @ Abbrev [33] 0x3e0:0x7 DW_TAG_enumerator
	.long	.Linfo_string61         @ DW_AT_name
	.ascii	"\205\002"              @ DW_AT_const_value
	.byte	33                      @ Abbrev [33] 0x3e7:0x7 DW_TAG_enumerator
	.long	.Linfo_string62         @ DW_AT_name
	.ascii	"\206\002"              @ DW_AT_const_value
	.byte	33                      @ Abbrev [33] 0x3ee:0x7 DW_TAG_enumerator
	.long	.Linfo_string63         @ DW_AT_name
	.ascii	"\207\002"              @ DW_AT_const_value
	.byte	33                      @ Abbrev [33] 0x3f5:0x7 DW_TAG_enumerator
	.long	.Linfo_string64         @ DW_AT_name
	.ascii	"\210\002"              @ DW_AT_const_value
	.byte	33                      @ Abbrev [33] 0x3fc:0x7 DW_TAG_enumerator
	.long	.Linfo_string65         @ DW_AT_name
	.ascii	"\211\002"              @ DW_AT_const_value
	.byte	33                      @ Abbrev [33] 0x403:0x7 DW_TAG_enumerator
	.long	.Linfo_string66         @ DW_AT_name
	.ascii	"\212\002"              @ DW_AT_const_value
	.byte	0                       @ End Of Children Mark
	.byte	0                       @ End Of Children Mark
	.section	.debug_ranges,"",%progbits
	.section	.debug_macinfo,"",%progbits
.Lcu_macro_begin0:
	.byte	0                       @ End Of Macro List Mark
	.section	.debug_pubnames,"",%progbits
	.long	.LpubNames_end0-.LpubNames_begin0 @ Length of Public Names Info
.LpubNames_begin0:
	.short	2                       @ DWARF Version
	.long	.Lcu_begin0             @ Offset of Compilation Unit Info
	.long	1036                    @ Compilation Unit Length
	.long	793                     @ DIE offset
	.asciz	"__local_cb__LINE__"    @ External Name
	.long	821                     @ DIE offset
	.asciz	"ptThis"                @ External Name
	.long	32                      @ DIE offset
	.asciz	"__user_task_a"         @ External Name
	.long	0                       @ End Mark
.LpubNames_end0:
	.section	.debug_pubtypes,"",%progbits
	.long	.LpubTypes_end0-.LpubTypes_begin0 @ Length of Public Types Info
.LpubTypes_begin0:
	.short	2                       @ DWARF Version
	.long	.Lcu_begin0             @ Offset of Compilation Unit Info
	.long	1036                    @ Compilation Unit Length
	.long	743                     @ DIE offset
	.asciz	"long long unsigned int" @ External Name
	.long	55                      @ DIE offset
	.asciz	"user_thread_a_t"       @ External Name
	.long	672                     @ DIE offset
	.asciz	"vsf_thread_entry_t"    @ External Name
	.long	319                     @ DIE offset
	.asciz	"vsf_eda_t"             @ External Name
	.long	424                     @ DIE offset
	.asciz	"uint8_t"               @ External Name
	.long	720                     @ DIE offset
	.asciz	"unsigned short"        @ External Name
	.long	773                     @ DIE offset
	.asciz	"unsigned int"          @ External Name
	.long	383                     @ DIE offset
	.asciz	"vsf_eda_on_terminate_t" @ External Name
	.long	911                     @ DIE offset
	.asciz	"int"                   @ External Name
	.long	496                     @ DIE offset
	.asciz	"thread_cb_user_thread_a_t_t" @ External Name
	.long	762                     @ DIE offset
	.asciz	"uint32_t"              @ External Name
	.long	145                     @ DIE offset
	.asciz	"vsf_thread_t"          @ External Name
	.long	709                     @ DIE offset
	.asciz	"uint16_t"              @ External Name
	.long	435                     @ DIE offset
	.asciz	"unsigned char"         @ External Name
	.long	838                     @ DIE offset
	.asciz	"vsf_prio_t"            @ External Name
	.long	732                     @ DIE offset
	.asciz	"uint64_t"              @ External Name
	.long	697                     @ DIE offset
	.asciz	"vsf_thread_cb_t"       @ External Name
	.long	232                     @ DIE offset
	.asciz	"vsf_teda_t"            @ External Name
	.long	0                       @ End Mark
.LpubTypes_end0:

	.ident	"Component: ARM Compiler 6.10.1 Tool: armclang [5d143200]"
	.section	".note.GNU-stack","",%progbits
	.ARM_attribute	16, 1	@ Tag_AV_eba
	.section	.debug_line,"",%progbits
.Lline_table_start0:
