	.text
	.syntax unified
	.eabi_attribute	67, "2.09"	@ Tag_conformance
	.cpu	cortex-m7
	.eabi_attribute	6, 13	@ Tag_CPU_arch
	.eabi_attribute	7, 77	@ Tag_CPU_arch_profile
	.eabi_attribute	8, 0	@ Tag_ARM_ISA_use
	.eabi_attribute	9, 2	@ Tag_THUMB_ISA_use
	.eabi_attribute	34, 1	@ Tag_CPU_unaligned_access
	.eabi_attribute	17, 1	@ Tag_ABI_PCS_GOT_use
	.eabi_attribute	20, 2	@ Tag_ABI_FP_denormal
	.eabi_attribute	21, 0	@ Tag_ABI_FP_exceptions
	.eabi_attribute	23, 1	@ Tag_ABI_FP_number_model
	.eabi_attribute	24, 1	@ Tag_ABI_align_needed
	.eabi_attribute	25, 1	@ Tag_ABI_align_preserved
	.eabi_attribute	38, 1	@ Tag_ABI_FP_16bit_format
	.eabi_attribute	18, 4	@ Tag_ABI_PCS_wchar_t
	.eabi_attribute	26, 2	@ Tag_ABI_enum_size
	.eabi_attribute	14, 0	@ Tag_ABI_PCS_R9_use
	.file	"vsf_shell.c"
	.file	1 "C:\\Keil_v5\\ARM\\ARMCLANG\\Bin\\..\\include" "stdint.h"
	.file	2 "../../../vsf/kernel/shell" "vsf_shell.c"
	.type	.Lllvm.embedded.module,%object @ @llvm.embedded.module
	.section	.llvmbc,"a",%progbits
	.p2align	4
.Lllvm.embedded.module:
	.asciz	"BC\300\3365\024\000\000\005\000\000\000b\f0$LY\276\346\356\323>-U\215\020\005\310\024\000\000!\f\000\000(\003\000\000\013\002!\000\002\000\000\000\023\000\000\000\007\201#\221A\310\004I\006\02029\222\001\204\f%\005\b\031\036\004\213b\200\024E\002B\222\013B\244\0202\0248\b\030K\n2R\210H\220\024 CF\210\245\000\0312B\344H\016\220\221\"\304PAQ\201\214\341\203\345\212\004)F\006\211 \000\000(\000\000\0002\"H\t d\205\004\223\"\244\204\004\223\"\343\204\241\220\024\022L\212\214\013\204\244L\020Hs\004\310-\322\024Q\302\344\003\215\323 \001\000\023\204k\244)\242\204\311\007\032\247\361i\024\200c\250\006q\032\037h\234\306\257Q0\256\221\246\210\022&\037h\234\306\267Q\000\216\241\032\304i|\240q\032\377FA1\002\000&8s\004\3201T\2038\215\0174N\343\363(H\327HSD\t\223\0174N\343\357HH\352\030\252A\234\306\007\032\247\361u\024,S\bb\020\2436\0200G\000\ns\004`\000\000\000\023.z@\207zh\007q\260\207;(\207vh\203p\220\207vh\003wx\007w(\2076(\207p\020\207t\330\360\006\345\320\006\355\240\007\345\320\006\360\240\007s \007z0\007r\320\006\351`\007t\240\007v@\007m`\017q \007x\240\007v@\007z\020\007r\200\007m\020\016z\000\007z0\007r\320\006\3560\007r\320\006\263`\007t\260br\003{\230\007sp\003s(\207p\240\207z\220\207rp\203u(\007yp\207r`\007\245\007\204\b\t!CF\212\b\t\032!LN\313\300\345z\271\\/\227\353e\237\233_\353\262\334]f\277\346\3502\233\375\262\317\315\3379\272\314f\273\306; @j\006\013\020\202\000\020\000\000\000\002\211\r\002\205[\006\000\000\262@\000\000\000\023\000\000\0002\036\230\024\031\021L\220\214\t&G\306\004C\002\3451\002P\337\001\2453\003@p\004\200b\021\224A\t\024\302\b\000\005\024\304 \201\001\243\201\001!\202\201\243\202A \203\001\244\203B(\2040\220\304F\000\250a\321^\234\024\000\000\000\000\261\030\000\000w\000\000\0003\b\200\034\304\341\034f\024\001=\210C8\204\303\214B\200\007yx\007s\230q\f\346\000\017\355\020\016\364\200\0163\fB\036\302\301\035\316\241\034f0\005=\210C8\204\203\033\314\003=\310C=\214\003=\314x\214tp\007{\b\007yH\207pp\007zp\003vx\207p \207\031\314\021\016\354\220\016\3410\017n0\017\343\360\016\360P\0163\020\304\035\336!\034\330!\035\302a\036f0\211;\274\203;\320C9\264\003<\274\203<\204\003;\314\360\024v`\007{h\0077h\207rh\0077\200\207p\220\207p`\007v(\007v\370\005vx\207w\200\207_\b\207q\030\207r\230\207y\230\201,\356\360\016\356\340\016\365\300\016\3540\003b\310\241\034\344\241\034\314\241\034\344\241\034\334a\034\312!\034\304\201\035\312a\006\326\220C9\310C9\230C9\310C9\270\3038\224C8\210\003;\224\303/\274\203<\374\202;\324\003;\260\303\f\307i\207pX\207rp\203th\007x`\207t\030\207t\240\207\031\316S\017\356\000\017\362P\016\344\220\016\343@\017\341 \016\354P\0163 (\035\334\301\036\302A\036\322!\034\334\201\036\334\340\034\344\341\035\352\001\036f\030Q8\260C:\234\203;\314P$v`\007{h\0077`\207wx\007x\230QL\364\220\017\360P\0163\036j\036\312a\034\350!\035\336\301\035~\001\036\344\241\034\314!\035\360a\006T\205\2038\314\303;\260C=\320C9\374\302<\344C;\210\303;\260\303\214\305\n\207y\230\207w\030\207t\b\007z(\007r\230\201\\\343\020\016\354\300\016\345P\016\3630#\301\322A\036\344\341\027\330\341\035\336\001\036f\034\331<\310\3038\260\303;\214\003\000\000\000\000y \000\000\001\002\000\000b\036H C\210\f\0319\031$\220\221@\306\310\310h\"P\b\0242\236\030\031!G\310\220Q4\0032\350/e\320\013x \225A\203\274\001\342\034\305\321\024\303vM\316\360D\024E<OteK#)\215$\001\000\000\000../../../vsf/kernel/shell\\vsf_shell.cC:\\Users\\test\\Desktop\\GitHub\\Thread_and_Pt_test\\Thread_and_Pt_test\\source\\example\\project\\mdkComponent: ARM Compiler 6.10.1 Tool: armclang [5d143200]VSF_FEATURE_KERNEL../../../vsf/kernel/shell/vsf_shell.cCustomisationClientIDC:\\Keil_v5\\ARM\\ARMCLANG\\Bin\\..\\include\\stdint.huint16_tunsigned shortVersionMajoruint8_tunsigned charMinorEDAis_support_dynamic_priorityis_support_on_terminateis_support_sub_callis_support_fsmIPCis_support_syncis_support_bmpevtis_support_premptionis_support_msg_queueTaskis_support_tedais_support_taskis_support_threadis_support_simple_shellis_support_callback_timerCoreVersionDwarf VersionDebug Info Versionwchar_sizestatic_rwdataenumsize_buildattrarmlib_unavailable\000\000\000f\b\002\000\000\000\000\0000\202\000\031#\b\3211\202\020!#\bQ2\202\020)#\b\3212\0224L@(\250\202\033\000\020\000\000\270\000\000\0000\0224\\@(\244\302\033\000\020\000\000\263\000\000\0000\0224L@(\234\002\034\000`\000\000\000,\000\000\000\214\004\r\027\020\n\246\220\007\000\030\000\000\240\n\000\000\000#A\303\004\204B\037\310\001\000\001\000\000\016\000\000\000#A\303\005\204\002\037\344\001\000\001\000\260\013\000\000\000#A\303\004\204\202\034\320\001\200\000\000\200\016\000\000\000#A\303\005\204B\034\344\001\200\000\0000\016\000\000\000#A\303\004\204\302\031\330\001\200\000\000\020\017\000\000\000#A\303\005\204\202\031\344\001\200\000\000\260\016\000\000\000#A\303\004\204\002\030\340\001\000\001\000p\017\000\000\000#A\303\005\204\302\227\007\000\004\000\000=\000\000\000\214\004\r\023\020\n\036\000\300\002\000\000\250\000\000\0000\0333\354\001\001\204\202,\210\002\020\000\0000\324\0240|0\004\000\000\004}\000\000\240\000\000@\000\000\003\025@ \000\300\f\300t\2011e0\000z\340\0073\004\1770P\001\024\002\000L\324\000f\000\000\000\220\007\000\000\000\0000Q\0034@(|y\200\007\020\000\000\0000Q\0034@(\230A\036\330\001\002@\000\000L\324\000\r\020\nq\220\007t\200\000\030\000\000\0235@\003\204\002\037\344\201\034@\000\030\000\0000Q\0034F(\304B\036\300\001\030\000p\000\000\300\f\305(\220B)\230\302)L\324\000\r\020\n\247\000\007o\000\006\000\000\000\300\fA*\fT\000\210\000\000\363\030\000\031(\020pL\324\000V\262\n\177\000\260\002\000\000\000\000L\324\000\315\021\n\250\360\006\255\000\001\000\000\000\0235@\003\204B*\274\201\033@\000\004\000\300\f\202+\274\302D\r\320\000\241\240\nn\320\006\020\000\000\0000Q\0034K(\270\202\033\264\002\004\000\000\000\314 \304\202,\314c\000d\340 \0002Q\003X\315*\370\001@\013\000\000\000\0000Q\0034L(\254B\033\324\002\002\000\000\000L\324\000\315\023\n\254\320\006\265\200\000\b\000\0003\b\266p\013\0235@\003\204B\037\310A\034@\000\000\000\300D\r\320@\241@\nr\320\n\020\000\000\0000\203\220\013\2720Q\0034Q(\370A\034\264B\000\000 \bBg\000L\324\000\215\024\n\177\020\007\255\020\000\001\b\202\320\031\000\0235@3\205\002(\304A+\004\200\000\202 t\006\300D\r\320P\241\020\nq\320\n\0010\200 \b\235\0010\003\301\013\275\340\013\2770Q\0034@(\310\001\035\314\001\002\000\000\000L\324\000M\025\ny@\007\265\200\000\000\000\0003\b\341 \016\0235@c\205\302\034\314A-\004\000\000\202 t\006\300D\r\320\\\241@\007sP\013\001\020\200 \b\235\0010Q\0034X(\324\301\034\324B\000\b \bBg\000L\324\000M\026\nv0\007\265\020\000\003\b\202\320\031\0003\020\344P\016\346p\016\0235@\003\204\302\031\330A\035 \000\000\000\300D\r\320h\241\360\006vP\013\b\000\000\0000\203\220\016\3520Q\0034[(\240A\035\324B\000\000 \bBg\000L\324\000\r\027\niP\007\265\020\000\001\b\202\320\031\000\0235@\323\205\202\032\324A-\004\200\000\202 t\006\300D\r\320x\241\260\006uP\013\0010\200 \b\235\0010Q\0034_(\260A\035\324B\000\020 \bBg\000\314P\260C;\270\303;\300\303D\r\320\000\241\000\006xp\007\020\000\000\0000Q\0034`\020\nd\200\007\255\000\001\000\000\0003\b\3620\017\0235@\303\204B\030\334A- \000\000\000\300D\r\320<\241 \006wP\013\b\200\000\0000\203P\017\3660\303\200\006a\220\0063\fh \006i0\303\240\006c\260\0063\fj@\006j0\303\240\006e\200\0063\fj`\006l0C0\034.\000\034\307q\034\207\022(\341\022.\201\022(\201\022(\201\022(\201\022\"!\022\360@\023n\000Yt\300\271\201:\300\203=\330\003?\210\004+\360\003\347\006z\000\017\366`\017h`\017\366\200\006z\000\017\366`\017h`\017\366\200\006.\341\022.\341\022\240`\017\366\200\006.\341\022.\341\022\240`\017\366\200\006.\341\022.\341\022.\301\n\366\300\017h`\017\366\200\006t@\007t@\007t@\0072\022\230\240\\\330\330\354\332\\\310\304\316\\\306\352F\t\364 #66\2736\227\2667\262:\2662\0273\266\260\263\271Q\214{\300\207|\320\207}\340\207T\330\330\354\332\\\322\310\312\334\350F\t\372a\310`\000\000?\000\000\000\000\251\030\000\000\023\000\000\000\013\nr(\207w\200\007zXp\230C=\270\3038\260C9\320\303\202\346\034\306\241\r\350A\036\302\301\035\346!\035\350!\035\336\301\035\026(\342P\016\346\360\016\362P\016\351\340\016\363@\017\013\222p0\007z(\007yH\007w\230\007z\000\321\020\000\000\006\000\000\000\007\314<\244\203;\234\003;\224\003=\240\203<\224C8\220\303\001\000\000\000q \000\000\002\000\000\0002\016\020\"\004\000\000\000\000\000\000\000e\f\000\000#\000\000\000\022\003\224 \001\000\000\000\001\000\000\000\022\000\000\000\b\000\000\000D\000\000\000\001\000\000\000P\000\000\000\000\000\000\000P\000\000\000\001\000\000\000h\000\000\000\001\000\000\000\032\000\000\000\027\000\000\0001\000\000\000%\000\000\000V\000\000\000\000\000\000\000\000\000\000\000\001\000\000\000\000\000\000\000\000\000\000\000\022\000\000\000\000\000\000\000\022\000\000\000\377\377\377\377\005\004\000\000\000\000\000\000\000\000\000\000V\000\000\000\000\000\000\000V\000\000\000\023\000\000\000\000\000\000\000]\f\000\000\036\000\000\000\022\003\224\351\000\000\000\000VSF_FEATURE_KERNEL7.0.0svnthumbv7em-arm-none-eabi../../../vsf/kernel/shell/vsf_shell.c.vsf.feature.kernel\000\000\000\000\000\000"
	.size	.Lllvm.embedded.module, 3548

	.section	.debug_str,"MS",%progbits,1
.Linfo_string0:
	.asciz	"Component: ARM Compiler 6.10.1 Tool: armclang [5d143200]" @ string offset=0
.Linfo_string1:
	.asciz	"../../../vsf/kernel/shell\\vsf_shell.c" @ string offset=57
.Linfo_string2:
	.asciz	"C:\\Users\\test\\Desktop\\GitHub\\Thread_and_Pt_test\\Thread_and_Pt_test\\source\\example\\project\\mdk" @ string offset=95
.Linfo_string3:
	.asciz	"VSF_FEATURE_KERNEL"    @ string offset=189
.Linfo_string4:
	.asciz	"Major"                 @ string offset=208
.Linfo_string5:
	.asciz	"unsigned char"         @ string offset=214
.Linfo_string6:
	.asciz	"uint8_t"               @ string offset=228
.Linfo_string7:
	.asciz	"Minor"                 @ string offset=236
.Linfo_string8:
	.asciz	"CoreVersion"           @ string offset=242
.Linfo_string9:
	.asciz	"unsigned short"        @ string offset=254
.Linfo_string10:
	.asciz	"uint16_t"              @ string offset=269
.Linfo_string11:
	.asciz	"is_support_teda"       @ string offset=278
.Linfo_string12:
	.asciz	"is_support_task"       @ string offset=294
.Linfo_string13:
	.asciz	"is_support_thread"     @ string offset=310
.Linfo_string14:
	.asciz	"is_support_simple_shell" @ string offset=328
.Linfo_string15:
	.asciz	"is_support_callback_timer" @ string offset=352
.Linfo_string16:
	.asciz	"Task"                  @ string offset=378
.Linfo_string17:
	.asciz	"is_support_sync"       @ string offset=383
.Linfo_string18:
	.asciz	"is_support_bmpevt"     @ string offset=399
.Linfo_string19:
	.asciz	"is_support_premption"  @ string offset=417
.Linfo_string20:
	.asciz	"is_support_msg_queue"  @ string offset=438
.Linfo_string21:
	.asciz	"IPC"                   @ string offset=459
.Linfo_string22:
	.asciz	"is_support_dynamic_priority" @ string offset=463
.Linfo_string23:
	.asciz	"is_support_on_terminate" @ string offset=491
.Linfo_string24:
	.asciz	"is_support_sub_call"   @ string offset=515
.Linfo_string25:
	.asciz	"is_support_fsm"        @ string offset=535
.Linfo_string26:
	.asciz	"EDA"                   @ string offset=550
.Linfo_string27:
	.asciz	"Customisation"         @ string offset=554
.Linfo_string28:
	.asciz	"ClientID"              @ string offset=568
.Linfo_string29:
	.asciz	"Version"               @ string offset=577
	.section	.debug_abbrev,"",%progbits
	.byte	1                       @ Abbreviation Code
	.byte	17                      @ DW_TAG_compile_unit
	.byte	1                       @ DW_CHILDREN_yes
	.byte	37                      @ DW_AT_producer
	.byte	14                      @ DW_FORM_strp
	.byte	19                      @ DW_AT_language
	.byte	5                       @ DW_FORM_data2
	.byte	3                       @ DW_AT_name
	.byte	14                      @ DW_FORM_strp
	.byte	16                      @ DW_AT_stmt_list
	.byte	6                       @ DW_FORM_data4
	.byte	27                      @ DW_AT_comp_dir
	.byte	14                      @ DW_FORM_strp
	.ascii	"\264B"                 @ DW_AT_GNU_pubnames
	.byte	12                      @ DW_FORM_flag
	.byte	0                       @ EOM(1)
	.byte	0                       @ EOM(2)
	.byte	2                       @ Abbreviation Code
	.byte	52                      @ DW_TAG_variable
	.byte	0                       @ DW_CHILDREN_no
	.byte	3                       @ DW_AT_name
	.byte	14                      @ DW_FORM_strp
	.byte	73                      @ DW_AT_type
	.byte	19                      @ DW_FORM_ref4
	.byte	63                      @ DW_AT_external
	.byte	12                      @ DW_FORM_flag
	.byte	58                      @ DW_AT_decl_file
	.byte	11                      @ DW_FORM_data1
	.byte	59                      @ DW_AT_decl_line
	.byte	11                      @ DW_FORM_data1
	.byte	0                       @ EOM(1)
	.byte	0                       @ EOM(2)
	.byte	3                       @ Abbreviation Code
	.byte	38                      @ DW_TAG_const_type
	.byte	0                       @ DW_CHILDREN_no
	.byte	73                      @ DW_AT_type
	.byte	19                      @ DW_FORM_ref4
	.byte	0                       @ EOM(1)
	.byte	0                       @ EOM(2)
	.byte	4                       @ Abbreviation Code
	.byte	19                      @ DW_TAG_structure_type
	.byte	1                       @ DW_CHILDREN_yes
	.byte	11                      @ DW_AT_byte_size
	.byte	11                      @ DW_FORM_data1
	.byte	58                      @ DW_AT_decl_file
	.byte	11                      @ DW_FORM_data1
	.byte	59                      @ DW_AT_decl_line
	.byte	11                      @ DW_FORM_data1
	.byte	0                       @ EOM(1)
	.byte	0                       @ EOM(2)
	.byte	5                       @ Abbreviation Code
	.byte	13                      @ DW_TAG_member
	.byte	0                       @ DW_CHILDREN_no
	.byte	73                      @ DW_AT_type
	.byte	19                      @ DW_FORM_ref4
	.byte	58                      @ DW_AT_decl_file
	.byte	11                      @ DW_FORM_data1
	.byte	59                      @ DW_AT_decl_line
	.byte	11                      @ DW_FORM_data1
	.byte	56                      @ DW_AT_data_member_location
	.byte	11                      @ DW_FORM_data1
	.byte	0                       @ EOM(1)
	.byte	0                       @ EOM(2)
	.byte	6                       @ Abbreviation Code
	.byte	23                      @ DW_TAG_union_type
	.byte	1                       @ DW_CHILDREN_yes
	.byte	11                      @ DW_AT_byte_size
	.byte	11                      @ DW_FORM_data1
	.byte	58                      @ DW_AT_decl_file
	.byte	11                      @ DW_FORM_data1
	.byte	59                      @ DW_AT_decl_line
	.byte	11                      @ DW_FORM_data1
	.byte	0                       @ EOM(1)
	.byte	0                       @ EOM(2)
	.byte	7                       @ Abbreviation Code
	.byte	13                      @ DW_TAG_member
	.byte	0                       @ DW_CHILDREN_no
	.byte	3                       @ DW_AT_name
	.byte	14                      @ DW_FORM_strp
	.byte	73                      @ DW_AT_type
	.byte	19                      @ DW_FORM_ref4
	.byte	58                      @ DW_AT_decl_file
	.byte	11                      @ DW_FORM_data1
	.byte	59                      @ DW_AT_decl_line
	.byte	11                      @ DW_FORM_data1
	.byte	56                      @ DW_AT_data_member_location
	.byte	11                      @ DW_FORM_data1
	.byte	0                       @ EOM(1)
	.byte	0                       @ EOM(2)
	.byte	8                       @ Abbreviation Code
	.byte	13                      @ DW_TAG_member
	.byte	0                       @ DW_CHILDREN_no
	.byte	3                       @ DW_AT_name
	.byte	14                      @ DW_FORM_strp
	.byte	73                      @ DW_AT_type
	.byte	19                      @ DW_FORM_ref4
	.byte	58                      @ DW_AT_decl_file
	.byte	11                      @ DW_FORM_data1
	.byte	59                      @ DW_AT_decl_line
	.byte	11                      @ DW_FORM_data1
	.byte	11                      @ DW_AT_byte_size
	.byte	11                      @ DW_FORM_data1
	.byte	13                      @ DW_AT_bit_size
	.byte	11                      @ DW_FORM_data1
	.byte	12                      @ DW_AT_bit_offset
	.byte	11                      @ DW_FORM_data1
	.byte	56                      @ DW_AT_data_member_location
	.byte	11                      @ DW_FORM_data1
	.byte	0                       @ EOM(1)
	.byte	0                       @ EOM(2)
	.byte	9                       @ Abbreviation Code
	.byte	22                      @ DW_TAG_typedef
	.byte	0                       @ DW_CHILDREN_no
	.byte	73                      @ DW_AT_type
	.byte	19                      @ DW_FORM_ref4
	.byte	3                       @ DW_AT_name
	.byte	14                      @ DW_FORM_strp
	.byte	58                      @ DW_AT_decl_file
	.byte	11                      @ DW_FORM_data1
	.byte	59                      @ DW_AT_decl_line
	.byte	11                      @ DW_FORM_data1
	.byte	0                       @ EOM(1)
	.byte	0                       @ EOM(2)
	.byte	10                      @ Abbreviation Code
	.byte	36                      @ DW_TAG_base_type
	.byte	0                       @ DW_CHILDREN_no
	.byte	3                       @ DW_AT_name
	.byte	14                      @ DW_FORM_strp
	.byte	62                      @ DW_AT_encoding
	.byte	11                      @ DW_FORM_data1
	.byte	11                      @ DW_AT_byte_size
	.byte	11                      @ DW_FORM_data1
	.byte	0                       @ EOM(1)
	.byte	0                       @ EOM(2)
	.byte	0                       @ EOM(3)
	.section	.debug_info,"",%progbits
.Lcu_begin0:
	.long	561                     @ Length of Unit
	.short	3                       @ DWARF version number
	.long	.debug_abbrev           @ Offset Into Abbrev. Section
	.byte	4                       @ Address Size (in bytes)
	.byte	1                       @ Abbrev [1] 0xb:0x22a DW_TAG_compile_unit
	.long	.Linfo_string0          @ DW_AT_producer
	.short	12                      @ DW_AT_language
	.long	.Linfo_string1          @ DW_AT_name
	.long	.Lline_table_start0     @ DW_AT_stmt_list
	.long	.Linfo_string2          @ DW_AT_comp_dir
	.byte	1                       @ DW_AT_GNU_pubnames
	.byte	2                       @ Abbrev [2] 0x1f:0xc DW_TAG_variable
	.long	.Linfo_string3          @ DW_AT_name
	.long	43                      @ DW_AT_type
	.byte	1                       @ DW_AT_external
	.byte	2                       @ DW_AT_decl_file
	.byte	82                      @ DW_AT_decl_line
	.byte	3                       @ Abbrev [3] 0x2b:0x5 DW_TAG_const_type
	.long	48                      @ DW_AT_type
	.byte	4                       @ Abbrev [4] 0x30:0x1e0 DW_TAG_structure_type
	.byte	10                      @ DW_AT_byte_size
	.byte	2                       @ DW_AT_decl_file
	.byte	30                      @ DW_AT_decl_line
	.byte	5                       @ Abbrev [5] 0x34:0x8 DW_TAG_member
	.long	60                      @ DW_AT_type
	.byte	2                       @ DW_AT_decl_file
	.byte	31                      @ DW_AT_decl_line
	.byte	0                       @ DW_AT_data_member_location
	.byte	6                       @ Abbrev [6] 0x3c:0x36 DW_TAG_union_type
	.byte	2                       @ DW_AT_byte_size
	.byte	2                       @ DW_AT_decl_file
	.byte	31                      @ DW_AT_decl_line
	.byte	5                       @ Abbrev [5] 0x40:0x8 DW_TAG_member
	.long	72                      @ DW_AT_type
	.byte	2                       @ DW_AT_decl_file
	.byte	32                      @ DW_AT_decl_line
	.byte	0                       @ DW_AT_data_member_location
	.byte	4                       @ Abbrev [4] 0x48:0x1d DW_TAG_structure_type
	.byte	2                       @ DW_AT_byte_size
	.byte	2                       @ DW_AT_decl_file
	.byte	32                      @ DW_AT_decl_line
	.byte	7                       @ Abbrev [7] 0x4c:0xc DW_TAG_member
	.long	.Linfo_string4          @ DW_AT_name
	.long	528                     @ DW_AT_type
	.byte	2                       @ DW_AT_decl_file
	.byte	33                      @ DW_AT_decl_line
	.byte	0                       @ DW_AT_data_member_location
	.byte	7                       @ Abbrev [7] 0x58:0xc DW_TAG_member
	.long	.Linfo_string7          @ DW_AT_name
	.long	528                     @ DW_AT_type
	.byte	2                       @ DW_AT_decl_file
	.byte	34                      @ DW_AT_decl_line
	.byte	1                       @ DW_AT_data_member_location
	.byte	0                       @ End Of Children Mark
	.byte	7                       @ Abbrev [7] 0x65:0xc DW_TAG_member
	.long	.Linfo_string8          @ DW_AT_name
	.long	546                     @ DW_AT_type
	.byte	2                       @ DW_AT_decl_file
	.byte	36                      @ DW_AT_decl_line
	.byte	0                       @ DW_AT_data_member_location
	.byte	0                       @ End Of Children Mark
	.byte	5                       @ Abbrev [5] 0x72:0x8 DW_TAG_member
	.long	122                     @ DW_AT_type
	.byte	2                       @ DW_AT_decl_file
	.byte	38                      @ DW_AT_decl_line
	.byte	2                       @ DW_AT_data_member_location
	.byte	6                       @ Abbrev [6] 0x7a:0x69 DW_TAG_union_type
	.byte	1                       @ DW_AT_byte_size
	.byte	2                       @ DW_AT_decl_file
	.byte	38                      @ DW_AT_decl_line
	.byte	5                       @ Abbrev [5] 0x7e:0x8 DW_TAG_member
	.long	134                     @ DW_AT_type
	.byte	2                       @ DW_AT_decl_file
	.byte	39                      @ DW_AT_decl_line
	.byte	0                       @ DW_AT_data_member_location
	.byte	4                       @ Abbrev [4] 0x86:0x50 DW_TAG_structure_type
	.byte	1                       @ DW_AT_byte_size
	.byte	2                       @ DW_AT_decl_file
	.byte	39                      @ DW_AT_decl_line
	.byte	8                       @ Abbrev [8] 0x8a:0xf DW_TAG_member
	.long	.Linfo_string11         @ DW_AT_name
	.long	528                     @ DW_AT_type
	.byte	2                       @ DW_AT_decl_file
	.byte	40                      @ DW_AT_decl_line
	.byte	1                       @ DW_AT_byte_size
	.byte	1                       @ DW_AT_bit_size
	.byte	7                       @ DW_AT_bit_offset
	.byte	0                       @ DW_AT_data_member_location
	.byte	8                       @ Abbrev [8] 0x99:0xf DW_TAG_member
	.long	.Linfo_string12         @ DW_AT_name
	.long	528                     @ DW_AT_type
	.byte	2                       @ DW_AT_decl_file
	.byte	41                      @ DW_AT_decl_line
	.byte	1                       @ DW_AT_byte_size
	.byte	1                       @ DW_AT_bit_size
	.byte	6                       @ DW_AT_bit_offset
	.byte	0                       @ DW_AT_data_member_location
	.byte	8                       @ Abbrev [8] 0xa8:0xf DW_TAG_member
	.long	.Linfo_string13         @ DW_AT_name
	.long	528                     @ DW_AT_type
	.byte	2                       @ DW_AT_decl_file
	.byte	42                      @ DW_AT_decl_line
	.byte	1                       @ DW_AT_byte_size
	.byte	1                       @ DW_AT_bit_size
	.byte	5                       @ DW_AT_bit_offset
	.byte	0                       @ DW_AT_data_member_location
	.byte	8                       @ Abbrev [8] 0xb7:0xf DW_TAG_member
	.long	.Linfo_string14         @ DW_AT_name
	.long	528                     @ DW_AT_type
	.byte	2                       @ DW_AT_decl_file
	.byte	43                      @ DW_AT_decl_line
	.byte	1                       @ DW_AT_byte_size
	.byte	1                       @ DW_AT_bit_size
	.byte	4                       @ DW_AT_bit_offset
	.byte	0                       @ DW_AT_data_member_location
	.byte	8                       @ Abbrev [8] 0xc6:0xf DW_TAG_member
	.long	.Linfo_string15         @ DW_AT_name
	.long	528                     @ DW_AT_type
	.byte	2                       @ DW_AT_decl_file
	.byte	44                      @ DW_AT_decl_line
	.byte	1                       @ DW_AT_byte_size
	.byte	1                       @ DW_AT_bit_size
	.byte	3                       @ DW_AT_bit_offset
	.byte	0                       @ DW_AT_data_member_location
	.byte	0                       @ End Of Children Mark
	.byte	7                       @ Abbrev [7] 0xd6:0xc DW_TAG_member
	.long	.Linfo_string16         @ DW_AT_name
	.long	528                     @ DW_AT_type
	.byte	2                       @ DW_AT_decl_file
	.byte	47                      @ DW_AT_decl_line
	.byte	0                       @ DW_AT_data_member_location
	.byte	0                       @ End Of Children Mark
	.byte	5                       @ Abbrev [5] 0xe3:0x8 DW_TAG_member
	.long	235                     @ DW_AT_type
	.byte	2                       @ DW_AT_decl_file
	.byte	49                      @ DW_AT_decl_line
	.byte	3                       @ DW_AT_data_member_location
	.byte	6                       @ Abbrev [6] 0xeb:0x5a DW_TAG_union_type
	.byte	1                       @ DW_AT_byte_size
	.byte	2                       @ DW_AT_decl_file
	.byte	49                      @ DW_AT_decl_line
	.byte	5                       @ Abbrev [5] 0xef:0x8 DW_TAG_member
	.long	247                     @ DW_AT_type
	.byte	2                       @ DW_AT_decl_file
	.byte	50                      @ DW_AT_decl_line
	.byte	0                       @ DW_AT_data_member_location
	.byte	4                       @ Abbrev [4] 0xf7:0x41 DW_TAG_structure_type
	.byte	1                       @ DW_AT_byte_size
	.byte	2                       @ DW_AT_decl_file
	.byte	50                      @ DW_AT_decl_line
	.byte	8                       @ Abbrev [8] 0xfb:0xf DW_TAG_member
	.long	.Linfo_string17         @ DW_AT_name
	.long	528                     @ DW_AT_type
	.byte	2                       @ DW_AT_decl_file
	.byte	51                      @ DW_AT_decl_line
	.byte	1                       @ DW_AT_byte_size
	.byte	1                       @ DW_AT_bit_size
	.byte	7                       @ DW_AT_bit_offset
	.byte	0                       @ DW_AT_data_member_location
	.byte	8                       @ Abbrev [8] 0x10a:0xf DW_TAG_member
	.long	.Linfo_string18         @ DW_AT_name
	.long	528                     @ DW_AT_type
	.byte	2                       @ DW_AT_decl_file
	.byte	52                      @ DW_AT_decl_line
	.byte	1                       @ DW_AT_byte_size
	.byte	1                       @ DW_AT_bit_size
	.byte	6                       @ DW_AT_bit_offset
	.byte	0                       @ DW_AT_data_member_location
	.byte	8                       @ Abbrev [8] 0x119:0xf DW_TAG_member
	.long	.Linfo_string19         @ DW_AT_name
	.long	528                     @ DW_AT_type
	.byte	2                       @ DW_AT_decl_file
	.byte	53                      @ DW_AT_decl_line
	.byte	1                       @ DW_AT_byte_size
	.byte	1                       @ DW_AT_bit_size
	.byte	5                       @ DW_AT_bit_offset
	.byte	0                       @ DW_AT_data_member_location
	.byte	8                       @ Abbrev [8] 0x128:0xf DW_TAG_member
	.long	.Linfo_string20         @ DW_AT_name
	.long	528                     @ DW_AT_type
	.byte	2                       @ DW_AT_decl_file
	.byte	54                      @ DW_AT_decl_line
	.byte	1                       @ DW_AT_byte_size
	.byte	1                       @ DW_AT_bit_size
	.byte	4                       @ DW_AT_bit_offset
	.byte	0                       @ DW_AT_data_member_location
	.byte	0                       @ End Of Children Mark
	.byte	7                       @ Abbrev [7] 0x138:0xc DW_TAG_member
	.long	.Linfo_string21         @ DW_AT_name
	.long	528                     @ DW_AT_type
	.byte	2                       @ DW_AT_decl_file
	.byte	57                      @ DW_AT_decl_line
	.byte	0                       @ DW_AT_data_member_location
	.byte	0                       @ End Of Children Mark
	.byte	5                       @ Abbrev [5] 0x145:0x8 DW_TAG_member
	.long	333                     @ DW_AT_type
	.byte	2                       @ DW_AT_decl_file
	.byte	60                      @ DW_AT_decl_line
	.byte	4                       @ DW_AT_data_member_location
	.byte	6                       @ Abbrev [6] 0x14d:0x5a DW_TAG_union_type
	.byte	2                       @ DW_AT_byte_size
	.byte	2                       @ DW_AT_decl_file
	.byte	60                      @ DW_AT_decl_line
	.byte	5                       @ Abbrev [5] 0x151:0x8 DW_TAG_member
	.long	345                     @ DW_AT_type
	.byte	2                       @ DW_AT_decl_file
	.byte	61                      @ DW_AT_decl_line
	.byte	0                       @ DW_AT_data_member_location
	.byte	4                       @ Abbrev [4] 0x159:0x41 DW_TAG_structure_type
	.byte	2                       @ DW_AT_byte_size
	.byte	2                       @ DW_AT_decl_file
	.byte	61                      @ DW_AT_decl_line
	.byte	8                       @ Abbrev [8] 0x15d:0xf DW_TAG_member
	.long	.Linfo_string22         @ DW_AT_name
	.long	546                     @ DW_AT_type
	.byte	2                       @ DW_AT_decl_file
	.byte	62                      @ DW_AT_decl_line
	.byte	2                       @ DW_AT_byte_size
	.byte	1                       @ DW_AT_bit_size
	.byte	15                      @ DW_AT_bit_offset
	.byte	0                       @ DW_AT_data_member_location
	.byte	8                       @ Abbrev [8] 0x16c:0xf DW_TAG_member
	.long	.Linfo_string23         @ DW_AT_name
	.long	546                     @ DW_AT_type
	.byte	2                       @ DW_AT_decl_file
	.byte	63                      @ DW_AT_decl_line
	.byte	2                       @ DW_AT_byte_size
	.byte	1                       @ DW_AT_bit_size
	.byte	14                      @ DW_AT_bit_offset
	.byte	0                       @ DW_AT_data_member_location
	.byte	8                       @ Abbrev [8] 0x17b:0xf DW_TAG_member
	.long	.Linfo_string24         @ DW_AT_name
	.long	546                     @ DW_AT_type
	.byte	2                       @ DW_AT_decl_file
	.byte	64                      @ DW_AT_decl_line
	.byte	2                       @ DW_AT_byte_size
	.byte	1                       @ DW_AT_bit_size
	.byte	13                      @ DW_AT_bit_offset
	.byte	0                       @ DW_AT_data_member_location
	.byte	8                       @ Abbrev [8] 0x18a:0xf DW_TAG_member
	.long	.Linfo_string25         @ DW_AT_name
	.long	546                     @ DW_AT_type
	.byte	2                       @ DW_AT_decl_file
	.byte	65                      @ DW_AT_decl_line
	.byte	2                       @ DW_AT_byte_size
	.byte	1                       @ DW_AT_bit_size
	.byte	12                      @ DW_AT_bit_offset
	.byte	0                       @ DW_AT_data_member_location
	.byte	0                       @ End Of Children Mark
	.byte	7                       @ Abbrev [7] 0x19a:0xc DW_TAG_member
	.long	.Linfo_string26         @ DW_AT_name
	.long	546                     @ DW_AT_type
	.byte	2                       @ DW_AT_decl_file
	.byte	68                      @ DW_AT_decl_line
	.byte	0                       @ DW_AT_data_member_location
	.byte	0                       @ End Of Children Mark
	.byte	7                       @ Abbrev [7] 0x1a7:0xc DW_TAG_member
	.long	.Linfo_string27         @ DW_AT_name
	.long	435                     @ DW_AT_type
	.byte	2                       @ DW_AT_decl_file
	.byte	81                      @ DW_AT_decl_line
	.byte	6                       @ DW_AT_data_member_location
	.byte	6                       @ Abbrev [6] 0x1b3:0x5c DW_TAG_union_type
	.byte	4                       @ DW_AT_byte_size
	.byte	2                       @ DW_AT_decl_file
	.byte	70                      @ DW_AT_decl_line
	.byte	5                       @ Abbrev [5] 0x1b7:0x8 DW_TAG_member
	.long	447                     @ DW_AT_type
	.byte	2                       @ DW_AT_decl_file
	.byte	71                      @ DW_AT_decl_line
	.byte	0                       @ DW_AT_data_member_location
	.byte	4                       @ Abbrev [4] 0x1bf:0x4f DW_TAG_structure_type
	.byte	4                       @ DW_AT_byte_size
	.byte	2                       @ DW_AT_decl_file
	.byte	71                      @ DW_AT_decl_line
	.byte	7                       @ Abbrev [7] 0x1c3:0xc DW_TAG_member
	.long	.Linfo_string28         @ DW_AT_name
	.long	546                     @ DW_AT_type
	.byte	2                       @ DW_AT_decl_file
	.byte	72                      @ DW_AT_decl_line
	.byte	0                       @ DW_AT_data_member_location
	.byte	5                       @ Abbrev [5] 0x1cf:0x8 DW_TAG_member
	.long	471                     @ DW_AT_type
	.byte	2                       @ DW_AT_decl_file
	.byte	73                      @ DW_AT_decl_line
	.byte	2                       @ DW_AT_data_member_location
	.byte	6                       @ Abbrev [6] 0x1d7:0x36 DW_TAG_union_type
	.byte	2                       @ DW_AT_byte_size
	.byte	2                       @ DW_AT_decl_file
	.byte	73                      @ DW_AT_decl_line
	.byte	5                       @ Abbrev [5] 0x1db:0x8 DW_TAG_member
	.long	483                     @ DW_AT_type
	.byte	2                       @ DW_AT_decl_file
	.byte	74                      @ DW_AT_decl_line
	.byte	0                       @ DW_AT_data_member_location
	.byte	4                       @ Abbrev [4] 0x1e3:0x1d DW_TAG_structure_type
	.byte	2                       @ DW_AT_byte_size
	.byte	2                       @ DW_AT_decl_file
	.byte	74                      @ DW_AT_decl_line
	.byte	7                       @ Abbrev [7] 0x1e7:0xc DW_TAG_member
	.long	.Linfo_string4          @ DW_AT_name
	.long	528                     @ DW_AT_type
	.byte	2                       @ DW_AT_decl_file
	.byte	75                      @ DW_AT_decl_line
	.byte	0                       @ DW_AT_data_member_location
	.byte	7                       @ Abbrev [7] 0x1f3:0xc DW_TAG_member
	.long	.Linfo_string7          @ DW_AT_name
	.long	528                     @ DW_AT_type
	.byte	2                       @ DW_AT_decl_file
	.byte	76                      @ DW_AT_decl_line
	.byte	1                       @ DW_AT_data_member_location
	.byte	0                       @ End Of Children Mark
	.byte	7                       @ Abbrev [7] 0x200:0xc DW_TAG_member
	.long	.Linfo_string29         @ DW_AT_name
	.long	546                     @ DW_AT_type
	.byte	2                       @ DW_AT_decl_file
	.byte	78                      @ DW_AT_decl_line
	.byte	0                       @ DW_AT_data_member_location
	.byte	0                       @ End Of Children Mark
	.byte	0                       @ End Of Children Mark
	.byte	0                       @ End Of Children Mark
	.byte	0                       @ End Of Children Mark
	.byte	9                       @ Abbrev [9] 0x210:0xb DW_TAG_typedef
	.long	539                     @ DW_AT_type
	.long	.Linfo_string6          @ DW_AT_name
	.byte	1                       @ DW_AT_decl_file
	.byte	62                      @ DW_AT_decl_line
	.byte	10                      @ Abbrev [10] 0x21b:0x7 DW_TAG_base_type
	.long	.Linfo_string5          @ DW_AT_name
	.byte	8                       @ DW_AT_encoding
	.byte	1                       @ DW_AT_byte_size
	.byte	9                       @ Abbrev [9] 0x222:0xb DW_TAG_typedef
	.long	557                     @ DW_AT_type
	.long	.Linfo_string10         @ DW_AT_name
	.byte	1                       @ DW_AT_decl_file
	.byte	63                      @ DW_AT_decl_line
	.byte	10                      @ Abbrev [10] 0x22d:0x7 DW_TAG_base_type
	.long	.Linfo_string9          @ DW_AT_name
	.byte	7                       @ DW_AT_encoding
	.byte	2                       @ DW_AT_byte_size
	.byte	0                       @ End Of Children Mark
	.section	.debug_ranges,"",%progbits
	.section	.debug_macinfo,"",%progbits
.Lcu_macro_begin0:
	.byte	0                       @ End Of Macro List Mark
	.section	.debug_pubnames,"",%progbits
	.long	.LpubNames_end0-.LpubNames_begin0 @ Length of Public Names Info
.LpubNames_begin0:
	.short	2                       @ DWARF Version
	.long	.Lcu_begin0             @ Offset of Compilation Unit Info
	.long	565                     @ Compilation Unit Length
	.long	31                      @ DIE offset
	.asciz	"VSF_FEATURE_KERNEL"    @ External Name
	.long	0                       @ End Mark
.LpubNames_end0:
	.section	.debug_pubtypes,"",%progbits
	.long	.LpubTypes_end0-.LpubTypes_begin0 @ Length of Public Types Info
.LpubTypes_begin0:
	.short	2                       @ DWARF Version
	.long	.Lcu_begin0             @ Offset of Compilation Unit Info
	.long	565                     @ Compilation Unit Length
	.long	546                     @ DIE offset
	.asciz	"uint16_t"              @ External Name
	.long	528                     @ DIE offset
	.asciz	"uint8_t"               @ External Name
	.long	539                     @ DIE offset
	.asciz	"unsigned char"         @ External Name
	.long	557                     @ DIE offset
	.asciz	"unsigned short"        @ External Name
	.long	0                       @ End Mark
.LpubTypes_end0:

	.ident	"Component: ARM Compiler 6.10.1 Tool: armclang [5d143200]"
	.section	".note.GNU-stack","",%progbits
	.ARM_attribute	16, 1	@ Tag_AV_eba
	.section	.debug_line,"",%progbits
.Lline_table_start0:
