	.text
	.syntax unified
	.eabi_attribute	67, "2.09"	@ Tag_conformance
	.cpu	cortex-m7
	.eabi_attribute	6, 13	@ Tag_CPU_arch
	.eabi_attribute	7, 77	@ Tag_CPU_arch_profile
	.eabi_attribute	8, 0	@ Tag_ARM_ISA_use
	.eabi_attribute	9, 2	@ Tag_THUMB_ISA_use
	.eabi_attribute	34, 1	@ Tag_CPU_unaligned_access
	.eabi_attribute	17, 1	@ Tag_ABI_PCS_GOT_use
	.eabi_attribute	20, 2	@ Tag_ABI_FP_denormal
	.eabi_attribute	21, 0	@ Tag_ABI_FP_exceptions
	.eabi_attribute	23, 1	@ Tag_ABI_FP_number_model
	.eabi_attribute	24, 1	@ Tag_ABI_align_needed
	.eabi_attribute	25, 1	@ Tag_ABI_align_preserved
	.eabi_attribute	38, 1	@ Tag_ABI_FP_16bit_format
	.eabi_attribute	18, 4	@ Tag_ABI_PCS_wchar_t
	.eabi_attribute	26, 2	@ Tag_ABI_enum_size
	.eabi_attribute	14, 0	@ Tag_ABI_PCS_R9_use
	.file	"vsf_bitmap.c"
	.file	1 "C:\\Keil_v5\\ARM\\ARMCLANG\\Bin\\..\\include" "stdint.h"
	.type	.Lllvm.embedded.module,%object @ @llvm.embedded.module
	.section	.llvmbc,"a",%progbits
	.p2align	4
.Lllvm.embedded.module:
	.asciz	"BC\300\3365\024\000\000\005\000\000\000b\f0$LY\276\346\356\323>-U\215\020\005\310\024\000\000!\f\000\000V\004\000\000\013\002!\000\002\000\000\000\023\000\000\000\007\201#\221A\310\004I\006\02029\222\001\204\f%\005\b\031\036\004\213b\200\024E\002B\222\013B\244\0202\0248\b\030K\n2R\210H\220\024 CF\210\245\000\0312B\344H\016\220\221\"\304PAQ\201\214\341\203\345\212\004)F\006Q\030\000\000\321\000\000\000\033v(\370\377\377\377\377\0010\000\t\230\210qx\007y\220\207r\030\007z`\207|h\003yx\207zp\007r(\007rh\003rH\007{H\007r(\2076\230\207x\220\007zh\003s\200\2076h\207p\240\007t\000\314!\034\330a\036\312\001 \310\241\034\334\341\035\344\241\035\302\201\035\332\300\034\340\241\r\332!\034\350\001\035\000x\220\207r\230\207r\220\007{(\2076\230\207t8\007w\000\brH\207y\b\007q`\207rh\003z\b\207t`\2076\030\207p`\007v\230\007\300\034\302\201\035\346\241\034\000\202\035\312a\036\346\241\r\340A\036\312a\034\322a\036\312\241\r\314\001\036\332!\034\310\0010\207p`\207y(\007\200p\207wh\003s\220\207ph\207rh\003xx\207tp\007z(\007yh\203r`\207th\007\300\034\302\201\035\346\241\034\000\302\035\336\241\r\322\301\035\314a\036\332\300\034\340\241\r\332!\034\350\001\035\000z\220\207z(\007\200p\207wh\003u\250\207v\200\2076\240\207p\020\007v(\207y\000\314!\034\330a\036\312\001 \334\341\035\332\300\035\302\301\035\346\241\r\314\001\036\332\240\035\302\201\036\320\001\240\007y\250\207r\000\bwx\2076\230\207t8\007w(\007rh\003}(\007yx\207yh\003s\200\2076h\207p\240\007t\000\350A\036\352\241\034\000\302\035\336\241\r\350A\036\302\001\036\340!\035\334\341\034\332\240\035\302\201\036\320\001\240\007y\250\207r\000\210y\240\207p\030\207uh\003x\220\207w\240\207r\030\007zx\007yh\003q\250\007s0\207r\220\2076\230\207t\320\207r\000\360\000 \350!\034\344\341\034\312\201\036\332`\034\340\241\036\200qx\007y\240\207r\300\2076h\207;\000\bz\b\007y8\207r\240\20760\207r\b\007z\250\007y(\207y\000\326\200\034\346\001\036\330`\r\320\341\036\310!\035\354\201\r\326`\036\336\301\034\350\241\r\314\201\035\336!\034\350\201\r\326\200\036\320\241\036\332A\034\332\240\035\336\201\034\312\201\r\332`\034\344a\034\330\240\r\306A\036\362\001\036\350\341\035\330\240\r\310!\016\354\200\r\332\200\034\336\201\036\340A\036\336\201\034\330\240\r\314\001\036\332 \034\344\241\035\354\001\017\330\240\r\314\001\036\332\340\035\334\201\035\362\241\r\346\001\036\330\240\r\314\001\036\342\300\016\330\240\r\314\241\036\330\201\035\314\001\036\342\300\016\330\240\r\320\341\036\310!\035\354\241\r\302A\036\332\201\r\332\300\035\312\341\035\334\201\r\332@\036\302a\036\330\240\r\354\301\034\340A\016\330\240\r\354\301\034\340a\016\330\240\r\354\301\034\340\201\016\000\242\036\334a\036\302\301\034\312\241\r\314\001\036\332\240\035\302\201\036\320\0010\207p`\207y(\007\200\250\207y(\2076\230\207w0\007zh\003s`\207w\b\007z\000\350A\036\352\241\034\200\r\204\020\000\313\006c\370\377\377\377\377\001h\003@\332`\020\001\260\000t\260\301(\002`\001\252\r\210\361\377\377\377\377\003 \001\024P\007\033\212#\b\002b\203\201\374\377\377\377\377\000\030\300\004I\030\000\000\006\000\000\000\023\204@\230 \f\304\204 \230 \004\305\204\300\230\020\034\023\002\004\000\000\000\211 \000\000\023\000\000\0002\"H\t d\205\004\223\"\244\204\004\223\"\343\204\241\220\024\022L\212\214\013\204\244L\020L#\000s\004`@\241\f@\004\032s\004\b\2259\202\240\024\300\224p\b\025!\004Re\b\"\020\033\b(\004p\316\321\233\002\230#\000\005\000\000\023.z@\207zh\007q\260\207;(\207vh\203p\220\207vh\003wx\007w(\2076(\207p\020\207t\330\360\006\345\320\006\355\240\007\345\320\006\360\240\007s \007z0\007r\320\006\351`\007t\240\007v@\007m`\017q \007x\240\007v@\007z\020\007r\200\007m\020\016z\000\007z0\007r\320\006\3560\007r\320\006\263`\007t\240\021\302\344\220\r\\\256\227\313\365r\271^\366\271\371U\247\247\331iz\272<\177\321\313m8;L/\277\354s\363W\234\246\267\303p\327x\210\004H\003\000\000\001\000\004\200\000\000\000\000\004C$\211B\200\000\020\000\000\000\000\000\000\000\000\030\"\231\301\240\000\0004\000@\000\b\000\000\000@0DJ\203A\001\000h\000\200\000\020\000\000\000\200`\210\304\006\020\003\000\000\001\000\001 \000\000\000\000\301\020\211\017\234\007\b\200\002\000\000\000\000\000\000\000\000\211\r\002E\261\b\000\000\262@\000\b\000\000\0002\036\230\020\031\021L\220\214\t&G\306\004C\nEP\006%P\b#\0005@r\004\000\000\000\000\261\030\000\000t\000\000\0003\b\200\034\304\341\034f\024\001=\210C8\204\303\214B\200\007yx\007s\230q\f\346\000\017\355\020\016\364\200\0163\fB\036\302\301\035\316\241\034f0\005=\210C8\204\203\033\314\003=\310C=\214\003=\314x\214tp\007{\b\007yH\207pp\007zp\003vx\207p \207\031\314\021\016\354\220\016\3410\017n0\017\343\360\016\360P\0163\020\304\035\336!\034\330!\035\302a\036f0\211;\274\203;\320C9\264\003<\274\203<\204\003;\314\360\024v`\007{h\0077h\207rh\0077\200\207p\220\207p`\007v(\007v\370\005vx\207w\200\207_\b\207q\030\207r\230\207y\230\201,\356\360\016\356\340\016\365\300\016\3540\003b\310\241\034\344\241\034\314\241\034\344\241\034\334a\034\312!\034\304\201\035\312a\006\326\220C9\310C9\230C9\310C9\270\3038\224C8\210\003;\224\303/\274\203<\374\202;\324\003;\260\303\f\307i\207pX\207rp\203th\007x`\207t\030\207t\240\207\031\316S\017\356\000\017\362P\016\344\220\016\343@\017\341 \016\354P\0163 (\035\334\301\036\302A\036\322!\034\334\201\036\334\340\034\344\341\035\352\001\036f\030Q8\260C:\234\203;\314P$v`\007{h\0077`\207wx\007x\230QL\364\220\017\360P\0163\036j\036\312a\034\350!\035\336\301\035~\001\036\344\241\034\314!\035\360a\006T\205\2038\314\303;\260C=\320C9\374\302<\344C;\210\303;\260\303\214\305\n\207y\230\207w\030\207t\b\007z(\007r\230\201\\\343\020\016\354\300\016\345P\016\3630#\301\322A\036\344\341\027\330\341\035\336\001\036\000\000\000\000y \000\000\272\000\000\000b\036H C\210\f\0319\031$\220\221@\306\310\310h\"P\b\0242\236\030\031!G\310\220Q\224(\321\001\000l\320\013x\360\006\307\320HJ#Il\3200\315\021\000\000\000../../../vsf/utilities/template\\vsf_bitmap.cC:\\Users\\test\\Desktop\\GitHub\\Thread_and_Pt_test\\Thread_and_Pt_test\\source\\example\\project\\mdkComponent: ARM Compiler 6.10.1 Tool: armclang [5d143200]C:\\Keil_v5\\ARM\\ARMCLANG\\Bin\\..\\include\\stdint.hint32_tintDwarf VersionDebug Info Versionwchar_sizestatic_rwdataenumsize_buildattrarmlib_unavailable../../../vsf/utilities/template/vsf_bitmap.cuint_fast32_tunsigned intuint_fast16_tbitsizea\000\000\346K\000\000\000\000\000\0000\202\020\030#\b\3011\202\020 #\bA2\202\020(CM\001\223\r\001\000\000\201\346\001\000\000\000\001\000\fT\000\201\000\0003\000\003\025\000!\000\300<\006@\006\006\030\000\305D\r`\025\233\036\000\034\000\000\000\000\314\020t3\f\323A\3150L\b5\303P%\326\fC\245T3\f\3252\3150T\3145C0\fT\000\215\000\000\363\030\000\031<`\000\034\0235\200\345l\275\000\234\001\000\000\000\000L\324\000\026\264\361\002p\006\000\000\000\0000]`\314 th0\023!\000k\000\234\006p\034\307q\"\341\006\220\033\200\0029Xb \006b \006b \006\226\033\200\202:\250\203%\0062\022\230\240\\\330\330\354\332\\\310\304\316\\\306\352F\t\256\214\330\330\354\332\\\332\336\310\352\330\312\\\314\330\302\316\346F1\274\017\f\302@\f\306 \02566\2736\2274\26227\272Q\0022\000\000\251\030\000\000\023\000\000\000\013\nr(\207w\200\007zXp\230C=\270\3038\260C9\320\303\202\346\034\306\241\r\350A\036\302\301\035\346!\035\350!\035\336\301\035\026(\342P\016\346\360\016\362P\016\351\340\016\363@\017\013\222p0\007z(\007yH\007w\230\007z\000\321\020\000\000\006\000\000\000\007\314<\244\203;\234\003;\224\003=\240\203<\224C8\220\303\001\000\000\000a \000\000I\000\000\000\023\004A,\020\000\000\000\003\000\000\000\024\312\201\312\b\000\235\021\000\000\000\000\3610\000\000\036\000\000\000\"G\310\220Q\n\304\006R\001\000\000__vsf_bitmap_resetpthis\000\253\252\301\f\332\0000\2033\220\003 @\003\000\000@$\300\000\240\016\000`Q\003<\000\000\000h\000\006\000\000\000\300\206\001\200\2034\330D\b@\034\000\343\022\341\r\334\300\f\316\000\016\002\000\030\227\bo\020\231\301\031\244\201\000\000\033\2049\240\203\t\202\320L\020\002\007#\006\007\000\202`\3604\275\377\377\377?\200\377\377\377\377\220\376\377\377\377\303\214\001q\006h\360\006\300\210\301\001\200 \030<\r\357\377\377\377\017\277\377\377\377?\244\377\377\377\3770c@\234A\037\274\001p\205\331\031\003\"\r\2127\000\252 `\306\200H\203\357\r\200\n\032\2341 \322\200\f\336\000\0301@\214\020\004\003\204\032\212\200\2301 \322\240x\003\000g\f\b5\b\336\000\b\210\001\000\000\002\000\000\000[\004\300\r\000\000\000\000\000\000\000\000a \000\000l\000\000\000\023\004D<\f\000\000\000\037\000\000\000\"G\310\220Q\n\004\002C\000\000\000msbc\023\204`YU\rf\320\006\200\031\260\001\033\000A\033\000\000\000\"\001\006\000u\000\000\263\212\000\016\314\340\r\246\025\203\034\330\301\035\214K\0048\220\314\200\r\320 \000\200q\211\000\007n`\006n\300\001\000\260A\230\003:\220y \201\f!2d\352\r\n\336\000(9(x\003`\202\0204\023\204\340\231 \004\316\004!\210&\b\201\004\000\000\000#\006\007\000\202`\360$\267\377\377\377?\360\376\377\377\377P\376\377\377\377\303\214\001\301\006`\000\007\300\210\301\001\200 \030<\t\370\377\377\377\017\273\377\377\377?\224\377\377\377\3770c@\270A\002\007\300,A0c@\274A\001\007\300@E \000\2110P\021 @!\214\030\034\000\b\202\301\263\340\376\377\377\377\320\373\377\377\377\303\371\377\377\377\0173\006\204\033$p\000\214\030\034\000\b\202\301\263\334\376\377\377\377\340\373\377\377\377\303\371\377\377\377\0173\006\004\033\200\001\034\000\303\r\202\001\0063\006\304\0338p\000\3142\fB0c@\274A\001\007\200\t\t\bf\f\b8P\342\000\03018\000\020\004\203\247\301\375\377\377\377\341\367\377\377\377\207\364\377\377\377\037f\f\b7H\340\000(B\301\031\003\"\016\2268\000F\f\016\000\004\301\340qp\377\377\377\177\b\377\377\377\377A\375\377\377\377\207\031\003\202\r\300\000\016\200Y\202`\306\200x\203\002\016\200$f\f\2109(\340\000\b\210\001\000\003\000\000\000[\004\340\r\266\f\215\024\007\000\000\000\000\000\000\000a \000\0005\000\000\000\023\004A<\f\000\000\000\020\000\000\000\"G\310\220Q\006\304\001\003\000\000\000ffz\000\253\252\301\f\332\0000\003;`\003 \270\003\000\000@$\300\000\000\016\000`\\\"\270\201d\006v\200\006\001\000l\b\336`\202\0204\023\204\300\001\000\000#\006\007\000\202`\360$\276\377\377\377?\200\377\377\377\377P\376\377\377\377\303\214\001a\007`\340\006@\005\003\317\030\020x\220\270\0010bp\000 \b\006\217\342\373\377\377\377C\370\377\377\377\017\346\377\377\377?\314\030\020v\000\006n\000\224p\300\214\001\221\007\224\033\000\025\b:c@\344\201\344\006\300\210Aq\204 \030(O0c@\344\001\343\006@\0063\006D\036\024n\000\004\304\000\002\000\000\000[\004\240\r\000\000\000\000\000\000\000\000a \000\000\275\000\000\000\023\004D,\020\000\000\000\002\000\000\000\024\312\247\024\000\000\000\000\3610\000\000T\000\000\000\"G\310\220Q\"\210-\000\000\000\000\020r$A\361D\000\000__vsf_bitmap_ffzuint32_tpbitmapdwordsizeiindexomnipotent charSimple C/C++ TBAA\000\000\023\004\211YU\rf\320\006\200\031\360\301\037\000A\037\000\000\000\"\001\006\000\245\000\000\263\212\300\016\314 \024\212YEp\007f\020\n\305\254\"\300\0033\b\2052\230U\004y`\006\243\320\254\030\366@\025VaQ\003Xn\260\201\002p\006\000\000\000\000\260\250\001\036\000\000\000>\000\003\000\000\000`\303\320\365A\032l\"\004\300\017\200q\211`\007o`\006|\320\007\001\000\214K\004;\210\314\200\017\322@\000\200q\211`\007p`\006~\220\006\000\000\214K\004;\210\0033\360\2034\000\000`\\\"\330\201\034\230\301\037t\000\000l(@!\024Da\024HaC@\007\033\20690\205:\3300\030\247P\007\033\006T@\205:\220y \201\f!2d*\024\n\354\000(S(\260\003`\202 4\023\204\300\231 \004\322\004!\230&\b\3015A\b2\000\000#\006\007\000\202`\3600\246\377\377\377?\310\376\377\377\377\200\376\377\377\377\303\214\001\301\007d`\007\300\210\301\001\200 \030<L\351\377\377\377\017\261\377\377\377?\240\377\377\377\3770c@\360\301\036\330\001P\203\0003\006\204\037\240\201\035\000\025\b8c@\370\201\033\330\0010bp\000 \b\006\217c\372\377\377\377\203\354\377\377\377\017\352\377\377\377?\314\030\020~0\331\0010bp\000 \b\006\217\323\377\377\377\377C\354\377\377\377\017\352\377\377\377?\314\030\020~@\007v\000\314\022\0043\006D((w\000\fT\004\022\320\b#\006\007\000\202`\360<\246\377\377\377?\310\376\377\377\377\260\376\377\377\377\303\214\001\341\007t`\007\300pC \220\301\214\001\021\n\023\036\000\263\f\302\020\314\030\020\241P\334\001\260\203\200\b3\006\204(Ty\000P\020\306\204\0010bP\034!\b\006\n\025\314\030\020\242\020\345\0010bp\000 \b\006\317\224\372\377\377\377C\355\377\377\377\017\357\377\377\377?\314\030\020\177\320\330\0010\334\0204f0c@\214\302\244\007\200\031\021\ff\f\210P\b\003<\000F\f\016\000\004\301\340\251T\377\377\377\177\300\375\377\377\377!\376\377\377\377\207\031\003\302\017\350\300\016\200Y\206!\020f\f\210Qh\362\000\030\250\b\f\301\0132\2301 P!\260\003  \006\000\000\000\004\000\000\000[\004\240\016\266\fL\200\n[\006I\322\003\000\000\000\000\000\000q \000\000\005\000\000\0002\016\020\"\204\000\251\005(@_\200\003\342\006H\220y\000\000\000\000\000\000e\f\000\000;\000\000\000\022\003\224\340\001\000\000\000\001\000\000\000J\000\000\000\b\000\000\000D\000\000\000\001\000\000\000P\000\000\000\000\000\000\000P\000\000\000\006\000\000\000\340\000\000\000\000\000\000\000R\000\000\000\027\000\000\000i\000\000\000,\000\000\000\225\000\000\000\000\000\000\000\000\000\000\000\006\000\000\000\000\000\000\000\000\000\000\000\022\000\000\000\000\000\000\000\022\000\000\000\377\377\377\377\001$\000\000\022\000\000\000\024\000\000\000\022\000\000\000\024\000\000\000\377\377\377\377\b,\000\000&\000\000\000\003\000\000\000&\000\000\000\003\000\000\000\377\377\377\377\021$\000\000)\000\000\000\003\000\000\000)\000\000\000\003\000\000\000\377\377\377\377\021$\000\000,\000\000\000\020\000\000\000,\000\000\000\020\000\000\000\377\377\377\377\001$\000\000<\000\000\000\016\000\000\000<\000\000\000\016\000\000\000\377\377\377\377\b,\000\000\000\000\000\000]\f\000\000)\000\000\000\022\003\2245\001\000\000\000__vsf_bitmap_resetllvm.memset.p0i8.i32msbffz__vsf_bitmap_ffzllvm.dbg.value7.0.0svnthumbv7em-arm-none-eabi../../../vsf/utilities/template/vsf_bitmap.c\000\000\000\000\000\000"
	.size	.Lllvm.embedded.module, 4896

	.section	.debug_str,"MS",%progbits,1
.Linfo_string0:
	.asciz	"Component: ARM Compiler 6.10.1 Tool: armclang [5d143200]" @ string offset=0
.Linfo_string1:
	.asciz	"../../../vsf/utilities/template\\vsf_bitmap.c" @ string offset=57
.Linfo_string2:
	.asciz	"C:\\Users\\test\\Desktop\\GitHub\\Thread_and_Pt_test\\Thread_and_Pt_test\\source\\example\\project\\mdk" @ string offset=102
.Linfo_string3:
	.asciz	"int"                   @ string offset=196
.Linfo_string4:
	.asciz	"int32_t"               @ string offset=200
	.section	.debug_abbrev,"",%progbits
	.byte	1                       @ Abbreviation Code
	.byte	17                      @ DW_TAG_compile_unit
	.byte	1                       @ DW_CHILDREN_yes
	.byte	37                      @ DW_AT_producer
	.byte	14                      @ DW_FORM_strp
	.byte	19                      @ DW_AT_language
	.byte	5                       @ DW_FORM_data2
	.byte	3                       @ DW_AT_name
	.byte	14                      @ DW_FORM_strp
	.byte	16                      @ DW_AT_stmt_list
	.byte	6                       @ DW_FORM_data4
	.byte	27                      @ DW_AT_comp_dir
	.byte	14                      @ DW_FORM_strp
	.ascii	"\264B"                 @ DW_AT_GNU_pubnames
	.byte	12                      @ DW_FORM_flag
	.byte	0                       @ EOM(1)
	.byte	0                       @ EOM(2)
	.byte	2                       @ Abbreviation Code
	.byte	22                      @ DW_TAG_typedef
	.byte	0                       @ DW_CHILDREN_no
	.byte	73                      @ DW_AT_type
	.byte	19                      @ DW_FORM_ref4
	.byte	3                       @ DW_AT_name
	.byte	14                      @ DW_FORM_strp
	.byte	58                      @ DW_AT_decl_file
	.byte	11                      @ DW_FORM_data1
	.byte	59                      @ DW_AT_decl_line
	.byte	11                      @ DW_FORM_data1
	.byte	0                       @ EOM(1)
	.byte	0                       @ EOM(2)
	.byte	3                       @ Abbreviation Code
	.byte	36                      @ DW_TAG_base_type
	.byte	0                       @ DW_CHILDREN_no
	.byte	3                       @ DW_AT_name
	.byte	14                      @ DW_FORM_strp
	.byte	62                      @ DW_AT_encoding
	.byte	11                      @ DW_FORM_data1
	.byte	11                      @ DW_AT_byte_size
	.byte	11                      @ DW_FORM_data1
	.byte	0                       @ EOM(1)
	.byte	0                       @ EOM(2)
	.byte	0                       @ EOM(3)
	.section	.debug_info,"",%progbits
.Lcu_begin0:
	.long	46                      @ Length of Unit
	.short	3                       @ DWARF version number
	.long	.debug_abbrev           @ Offset Into Abbrev. Section
	.byte	4                       @ Address Size (in bytes)
	.byte	1                       @ Abbrev [1] 0xb:0x27 DW_TAG_compile_unit
	.long	.Linfo_string0          @ DW_AT_producer
	.short	12                      @ DW_AT_language
	.long	.Linfo_string1          @ DW_AT_name
	.long	.Lline_table_start0     @ DW_AT_stmt_list
	.long	.Linfo_string2          @ DW_AT_comp_dir
	.byte	1                       @ DW_AT_GNU_pubnames
	.byte	2                       @ Abbrev [2] 0x1f:0xb DW_TAG_typedef
	.long	42                      @ DW_AT_type
	.long	.Linfo_string4          @ DW_AT_name
	.byte	1                       @ DW_AT_decl_file
	.byte	58                      @ DW_AT_decl_line
	.byte	3                       @ Abbrev [3] 0x2a:0x7 DW_TAG_base_type
	.long	.Linfo_string3          @ DW_AT_name
	.byte	5                       @ DW_AT_encoding
	.byte	4                       @ DW_AT_byte_size
	.byte	0                       @ End Of Children Mark
	.section	.debug_ranges,"",%progbits
	.section	.debug_macinfo,"",%progbits
.Lcu_macro_begin0:
	.byte	0                       @ End Of Macro List Mark
	.section	.debug_pubnames,"",%progbits
	.long	.LpubNames_end0-.LpubNames_begin0 @ Length of Public Names Info
.LpubNames_begin0:
	.short	2                       @ DWARF Version
	.long	.Lcu_begin0             @ Offset of Compilation Unit Info
	.long	50                      @ Compilation Unit Length
	.long	0                       @ End Mark
.LpubNames_end0:
	.section	.debug_pubtypes,"",%progbits
	.long	.LpubTypes_end0-.LpubTypes_begin0 @ Length of Public Types Info
.LpubTypes_begin0:
	.short	2                       @ DWARF Version
	.long	.Lcu_begin0             @ Offset of Compilation Unit Info
	.long	50                      @ Compilation Unit Length
	.long	31                      @ DIE offset
	.asciz	"int32_t"               @ External Name
	.long	42                      @ DIE offset
	.asciz	"int"                   @ External Name
	.long	0                       @ End Mark
.LpubTypes_end0:

	.ident	"Component: ARM Compiler 6.10.1 Tool: armclang [5d143200]"
	.section	".note.GNU-stack","",%progbits
	.ARM_attribute	16, 1	@ Tag_AV_eba
	.section	.debug_line,"",%progbits
.Lline_table_start0:
