	.text
	.syntax unified
	.eabi_attribute	67, "2.09"	@ Tag_conformance
	.cpu	cortex-m7
	.eabi_attribute	6, 13	@ Tag_CPU_arch
	.eabi_attribute	7, 77	@ Tag_CPU_arch_profile
	.eabi_attribute	8, 0	@ Tag_ARM_ISA_use
	.eabi_attribute	9, 2	@ Tag_THUMB_ISA_use
	.eabi_attribute	34, 1	@ Tag_CPU_unaligned_access
	.eabi_attribute	17, 1	@ Tag_ABI_PCS_GOT_use
	.eabi_attribute	20, 2	@ Tag_ABI_FP_denormal
	.eabi_attribute	21, 0	@ Tag_ABI_FP_exceptions
	.eabi_attribute	23, 1	@ Tag_ABI_FP_number_model
	.eabi_attribute	24, 1	@ Tag_ABI_align_needed
	.eabi_attribute	25, 1	@ Tag_ABI_align_preserved
	.eabi_attribute	38, 1	@ Tag_ABI_FP_16bit_format
	.eabi_attribute	18, 4	@ Tag_ABI_PCS_wchar_t
	.eabi_attribute	26, 2	@ Tag_ABI_enum_size
	.eabi_attribute	14, 0	@ Tag_ABI_PCS_R9_use
	.file	"vsf_simple_task.c"
	.file	1 "../../../vsf/kernel/shell/simple/../../task/.." "vsf_eda.h"
	.file	2 "../../../vsf/kernel/shell/simple" "vsf_simple_task.c"
	.file	3 "../../../vsf/utilities/." "type.h"
	.file	4 "C:\\Keil_v5\\ARM\\ARMCLANG\\Bin\\..\\include" "stdint.h"
	.type	.Lllvm.embedded.module,%object @ @llvm.embedded.module
	.section	.llvmbc,"a",%progbits
	.p2align	4
.Lllvm.embedded.module:
	.asciz	"BC\300\3365\024\000\000\005\000\000\000b\f0$LY\276\346\356\323>-U\215\020\005\310\024\000\000!\f\000\000\241\t\000\000\013\002!\000\002\000\000\000\023\000\000\000\007\201#\221A\310\004I\006\02029\222\001\204\f%\005\b\031\036\004\213b\200\030E\002B\222\013B\304\0202\0248\b\030K\n2b\210H\220\024 CF\210\245\000\0312B\344H\016\220\021#\304PAQ\201\214\341\203\345\212\0041F\006Q\030\000\000\214\001\000\000\033v(\370\377\377\377\377\0010\000\t\230\210qx\007y\220\207r\030\007z`\207|h\003yx\207zp\007r(\007rh\003rH\007{H\007r(\2076\230\207x\220\007zh\003s\200\2076h\207p\240\007t\000\314!\034\330a\036\312\001 \310\241\034\334\341\035\344\241\035\302\201\035\332\300\034\340\241\r\332!\034\350\001\035\000x\220\207r\230\207r\220\007{(\2076\230\207t8\007w\000\brH\207y\b\007q`\207rh\003z\b\207t`\2076\030\207p`\007v\230\007\300\034\302\201\035\346\241\034\000\202\035\312a\036\346\241\r\340A\036\312a\034\322a\036\312\241\r\314\001\036\332!\034\310\0010\207p`\207y(\007\200p\207wh\003s\220\207ph\207rh\003xx\207tp\007z(\007yh\203r`\207th\007\300\034\302\201\035\346\241\034\000\302\035\336\241\r\322\301\035\314a\036\332\300\034\340\241\r\332!\034\350\001\035\000z\220\207z(\007\200p\207wh\003u\250\207v\200\2076\240\207p\020\007v(\207y\000\314!\034\330a\036\312\001 \334\341\035\332\300\035\302\301\035\346\241\r\314\001\036\332\240\035\302\201\036\320\001\240\007y\250\207r\000\bwx\2076\230\207t8\007w(\007rh\003}(\007yx\207yh\003s\200\2076h\207p\240\007t\000\350A\036\352\241\034\000\302\035\336\241\r\350A\036\302\001\036\340!\035\334\341\034\332\240\035\302\201\036\320\001\240\007y\250\207r\000\210y\240\207p\030\207uh\003x\220\207w\240\207r\030\007zx\007yh\003q\250\007s0\207r\220\2076\230\207t\320\207r\000\360\000 \350!\034\344\341\034\312\201\036\332`\034\340\241\036\200qx\007y\240\207r\300\2076h\207;\000\bz\b\007y8\207r\240\20760\207r\b\007z\250\007y(\207y\000\326\200\034\346\001\036\330`\r\320\341\036\310!\035\354\201\r\326`\036\336\301\034\350\241\r\314\201\035\336!\034\350\201\r\326\200\036\320\241\036\332A\034\332\240\035\336\201\034\312\201\r\332`\034\344a\034\330\240\r\306A\036\362\001\036\350\341\035\330\240\r\310!\016\354\200\r\332\200\034\336\201\036\340A\036\336\201\034\330\240\r\314\001\036\332 \034\344\241\035\354\001\017\330\240\r\314\001\036\332\340\035\334\201\035\362\241\r\346\001\036\330\240\r\314\001\036\342\300\016\330\240\r\314\241\036\330\201\035\314\001\036\342\300\016\330\240\r\320\341\036\310!\035\354\241\r\302A\036\332\201\r\332\300\035\312\341\035\334\201\r\332@\036\302a\036\330\240\r\354\301\034\340A\016\330\240\r\354\301\034\340a\016\330\240\r\354\301\034\340\201\016\000\242\036\334a\036\302\301\034\312\241\r\314\001\036\332\240\035\302\201\036\320\0010\207p`\207y(\007\200\250\207y(\2076\230\207w0\007zh\003s`\207w\b\007z\000\350A\036\352\241\034\200\r\204\000\000\330\206\021\032\376\377\377\377\177\000\f`\"\306\341\035\344A\036\312a\034\350\201\035\362\241\r\344\341\035\352\301\035\310\241\034\310\241\r\310!\035\354!\035\310\241\034\332`\036\342A\036\350\241\r\314\001\036\332\240\035\302\201\036\320\0010\207p`\207y(\007\200 \207rp\207w\220\207v\b\007vh\003s\200\2076h\207p\240\007t\000\340A\036\312a\036\312A\036\354\241\034\332`\036\322\341\034\334\001 \310!\035\346!\034\304\201\035\312\241\r\350!\034\322\201\035\332`\034\302\201\035\330a\036\000s\b\007v\230\207r\000\bv(\207y\230\2076\200\007y(\207qH\207y(\20760\007xh\207p \007\300\034\302\201\035\346\241\034\000\302\035\336\241\r\314A\036\302\241\035\312\241\r\340\341\035\322\301\035\350\241\034\344\241\r\312\201\035\322\241\035\000s\b\007v\230\207r\000\bwx\2076H\007w0\207yh\003s\200\2076h\207p\240\007t\000\350A\036\352\241\034\000\302\035\336\241\r\334!\034\334a\036\332\300\034\340\241\r\332!\034\350\001\035\000z\220\207z(\007\200p\207wh\203yH\207sp\207r \2076\320\207r\220\207w\230\20760\007xh\203v\b\007z@\007\200\036\344\241\036\312\001 \334\341\035\332\200\036\344!\034\340\001\036\322\301\035\316\241\r\332!\034\350\001\035\000z\220\207z(\007\200\230\007z\b\207qX\2076\200\007yx\007z(\207q\240\207w\220\2076\020\207z0\007s(\007yh\203yH\007}(\007\000\017\000\202\036\302A\036\316\241\034\350\241\r\306\001\036\352\001\030\207w\220\007z(\007|h\203v\270\003\200\240\207p\220\207s(\007zh\003s(\207p\240\207z\220\207r\230\007`\r\310a\036\340\201\r\326\000\035\356\201\034\322\301\036\330`\r\346\341\035\314\201\036\332\300\034\330\341\035\302\201\036\330`\r\350\001\035\352\241\035\304\241\r\332\341\035\310\241\034\330\240\r\306A\036\306\201\r\332`\034\344!\037\340\201\036\336\201\r\332\200\034\342\300\016\330\240\r\310\341\035\350\001\036\344\341\035\310\201\r\332\300\034\340\241\r\302A\036\332\301\036\360\200\r\332\300\034\340\241\r\336\301\035\330!\037\332`\036\340\201\r\332\300\034\340!\016\354\200\r\332\300\034\352\201\035\330\301\034\340!\016\354\200\r\332\000\035\356\201\034\322\301\036\332 \034\344\241\035\330\240\r\334\241\034\336\301\035\330\240\r\344!\034\346\201\r\332\300\036\314\001\036\344\200\r\332\300\036\314\001\036\346\200\r\332\300\036\314\001\036\350\000 \352\301\035\346!\034\314\241\034\332\300\034\340\241\r\332!\034\350\001\035\000s\b\007v\230\207r\000\210z\230\207rh\203yx\007s\240\20760\007vx\207p\240\007\200\036\344\241\036\312\001\330@\020\000 \006\033\210B\000\304`\003a\b\000\266\0019\376\377\377\377\177\000$\200\002\352`\003\202\374\377\377\377\377\000\030\200\004L\033\210$\000\316`\203\241\374\377\377\377\377\000\030\300\004\000I\030\000\000\f\000\000\000\023\204@\230\020\f\023\204\201\230 \f\302\004a(&\004\301\004a0&\004\307\204\000\2310 D2A@\204\t\003\222\024\023\004\304\230 (\t\000\000\211 \000\0005\000\000\0002\"\210\t d\205\004\023#\244\204\004\023#\343\204\241\220\024\022L\214\214\013\204\304L\020\270\301\034\0014G\000\006E\000\002\022F\000\210)\002Q\220q\2154E\2240\371@\3434>\215\202c\216\000I\202$I\222\203\244)\242\204\311\257\244\342'\006\340\237\320\200(K\t\nj\346\b\202\"<\005AE \002\222J\000\020U\006\242x\310*B\020\020\226\f\311E\322\024Q\302\344WR\361KX#\374\023\n4\332\312\020p\001ue\b8\200\276c\250\006q\032\037h\234\306\267Q\260]#M\021%L>\3208\215_\243 \274K\232\"J\230\374J*~\tk\204\337\261\032\"\372'$\210\n\215e\b\310\200\312\022\020t\016\004\024\202H\323\224\3249\002P\230\002\000\023.z@\207zh\007q\260\207;(\207vh\203p\220\207vh\003wx\007w(\2076(\207p\020\207t\330\360\006\345\320\006\355\240\007\345\320\006\360\240\007s \007z0\007r\320\006\351`\007t\240\007v@\007m`\017q \007x\240\007v@\007z\020\007r\200\007m\020\016z\000\007z0\007r\320\006\3560\007r\320\006\263`\007t\260b\243\207r\300\007zp\003{\230\007sp\203u(\007yp\207r`\0077\370\205_\260\207y0\207_ \207r`\207p\310\207\025\224\033\320C9\340\003=\270\201=\314\2039\270\301:\224\203<\270C9\260\203\033\224\0039\204\303\2123p\003z(\007|\240\0077\260\207y0\0077X\207r\220\007w(\007vp\003{\230\007s\370\205r \207p\370\205t\230\207_\230\007z\b\207qX\207_x\207{p\207r\220\207\025`@\017\345\200\017\364\340\006\3660\017\346\340\006\353P\016\362\340\016\345\300\016n`\017\363`\016\277@\017\350 \017\345\020\016\344\360\013\344P\016\354\020\016\371\260\202\f\334\200\036\312\001\037\350\301\r\354a\036\314\301\r\326\241\034\344\301\035\312\201\035\334\300\036\346\301\034~\241\034\310!\034~\341\034\312\201\036~a\034\352A\036~\241\034\354\201\036V\250\201\033\320C9\340\003=\270\201=\314\2039\270\301:\224\203<\270C9\260\203\033\330\303<\230\303/\224\0039\204\303/\300\303;\260\003;\244\203;\234\303/\314\003=\204\003=\224\303/\234C9\320\303\n5p\003z(\007|\240\0077\260\207y0\0077X\207r\220\007w(\007vp\003{\230\007s\370\205r \207p\370\005xx\007v`\207tp\207s\370\205y\240\207p\240\207r\370\205y(\007zXQ\271\001=\224\003>\320\203\033\330\303<\230\203\033\254C9\310\203;\224\003;\270\001=\224\0039\204\303\n\217\036\312\001\037\350\301\r\354a\036\314\301\r\326\241\034\344\301\035\312\201\035\334\340\027~\301\036\346\301\034~a\036\312\241\035~\001\036\312\301\035\310a\005\030\320C9\340\003=\270\201=\314\2039\270\301:\224\203<\270C9\260\203\033\330\303<\230\303/\320\003:\310C9\204\0039\374B;\324\003=\224\003>\254@\0037\240\207r\300\007zp\003{\230\007sp\203u(\007yp\207r`\0077\260\207y0\207_(\007r\b\207_\230\207|p\207q\370\205s(\007z\370\005y(\207p\230\207wp\207\025\231\033\320C9\340\003=\270\201=\314\2039\270\301:\224\203<\270C9\260\203\033\330\303<\230\303/\314C>\270\3038\254\370\350\241\034\360\201\036\334\300\036\346\301\034\334`\035\312A\036\334\241\034\330\301\r\354a\036\314\341\027\332\241\036\350\241\034\360\341\027\312\301\035\350\241\034\344aEF\017\345\200\017\364\340\006\3660\017\346\340\006\353P\016\362\340\016\345\300\016n`\017\363`\016\277\220\017\351P\016\354@\016+<7\240\207r\300\007zp\003{\230\007sp\203u(\007yp\207r`\0077\260\207y0\207_(\007r\b\207_\310\207t(\007v \207\025\037=\224\003>\320\203\033\330\303<\230\203\033\254C9\310\203;\224\003;\270\201=\314\2039\374\002=\240\203<\224C8\220\303/\334C8\244\003=h\20409\224\003\227\353\345r\275\\\256\227}n~\255\313rw\231\375\232\243\313l\366k\236n\303\331\345\227}n\376\316\323m8\273\374\245\207\347k\327x\210\004,\002\000\000\001\020\004\200\000\000\000\000\004C\244\345i\200\000\020\000\001\000\004\000\000\000\000\030\"i\026\004\004\300\000\f\000 \000\000\000\000\300\020\t\016 \t\b\000\001 \000@\000\000\000\000\200!\022(L\024\020\000\004P\000\200\000\000\000\000\000C\244Y\310  \000\006\300\000\000\001\000\000\000\000\206H\354\220Y@\000\024\300\001\000\002\000\000\000\000\f\221JB\302\200\000\020\000\004\000\004\000\000\000\000\030\"\335\204\323\001\000`\000I\000\b\000\000\000@0D*\213\251\003\002@\000\024\000\020\000\000\000\000`\210\204\027\327\007\004\300\001,\000 \000\000\000\000\300\020\3515\252\016\b\000\001`\000@\000\000\000\000\200!\022yDe\000\000\200\0014\001 \000\000\000\000\301\020\251>\026\n\000\200\000p\002@\000\000\000\000\202!\022\2104g\000\004\200\000<\000 \000\000\000\000\300\020\251E\036\n\b\000\002\200\000@\000\000\000\000\200!\022\2178j\000\004\000\002\000\000\000\000\000\000\000\200\304\006\201\242\243\t\000\000Y \000\000\000\n\000\000\0002\036\230\024\031\021L\220\214\t&G\306\004C\002j\240\004F\000((\2022(\201B\030\001 \266\020\n\2510\n\004\000\000\261\030\000\000w\000\000\0003\b\200\034\304\341\034f\024\001=\210C8\204\303\214B\200\007yx\007s\230q\f\346\000\017\355\020\016\364\200\0163\fB\036\302\301\035\316\241\034f0\005=\210C8\204\203\033\314\003=\310C=\214\003=\314x\214tp\007{\b\007yH\207pp\007zp\003vx\207p \207\031\314\021\016\354\220\016\3410\017n0\017\343\360\016\360P\0163\020\304\035\336!\034\330!\035\302a\036f0\211;\274\203;\320C9\264\003<\274\203<\204\003;\314\360\024v`\007{h\0077h\207rh\0077\200\207p\220\207p`\007v(\007v\370\005vx\207w\200\207_\b\207q\030\207r\230\207y\230\201,\356\360\016\356\340\016\365\300\016\3540\003b\310\241\034\344\241\034\314\241\034\344\241\034\334a\034\312!\034\304\201\035\312a\006\326\220C9\310C9\230C9\310C9\270\3038\224C8\210\003;\224\303/\274\203<\374\202;\324\003;\260\303\f\307i\207pX\207rp\203th\007x`\207t\030\207t\240\207\031\316S\017\356\000\017\362P\016\344\220\016\343@\017\341 \016\354P\0163 (\035\334\301\036\302A\036\322!\034\334\201\036\334\340\034\344\341\035\352\001\036f\030Q8\260C:\234\203;\314P$v`\007{h\0077`\207wx\007x\230QL\364\220\017\360P\0163\036j\036\312a\034\350!\035\336\301\035~\001\036\344\241\034\314!\035\360a\006T\205\2038\314\303;\260C=\320C9\374\302<\344C;\210\303;\260\303\214\305\n\207y\230\207w\030\207t\b\007z(\007r\230\201\\\343\020\016\354\300\016\345P\016\3630#\301\322A\036\344\341\027\330\341\035\336\001\036f\034\331<\310\3038\260\303;\214\003\000\000\000\000y \000\000R\003\000\000b\036H C\210\f\0319\031$\220\221@\306\310\310h\"P\b\0242\236\030\031!G\310\220Q\314\005T\270\343\000\000\000\000r\320\013x\200\007\303\3038\215\3230L\3034\314\024=\214\0340\027\0275\020\304<_\304<SeqLVM\223\342-O\245M\330\222\274\301Q\030C\302\034\r\303XN\2420\r\201\fI\2410\321\322\020E#)\215$\001../../../vsf/kernel/shell/simple\\vsf_simple_task.cC:\\Users\\test\\Desktop\\GitHub\\Thread_and_Pt_test\\Thread_and_Pt_test\\source\\example\\project\\mdkComponent: ARM Compiler 6.10.1 Tool: armclang [5d143200]../../../vsf/kernel/shell/simple/../../task/../vsf_eda.hintVSF_EVT_INVALIDVSF_EVT_NONEVSF_EVT_RETURNVSF_EVT_YIELDVSF_EVT_SYSTEMVSF_EVT_DUMMYVSF_EVT_INITVSF_EVT_FINIVSF_EVT_ENTERVSF_EVT_EXITVSF_EVT_TIMERVSF_EVT_SYNCVSF_EVT_SYNC_CANCELVSF_EVT_SYNC_POLLVSF_EVT_MESSAGEVSF_EVT_USER../../../vsf/kernel/shell/simple/vsf_simple_task.cunsigned intVSF_APP_STATE_SET_TIMERVSF_APP_STATE_WAIT_TIMER_EVTvsf_sync_reason_tVSF_SYNC_FAILVSF_SYNC_TIMEOUTVSF_SYNC_PENDINGVSF_SYNC_GETVSF_SYNC_CANCEL../../../vsf/utilities/./type.hVSF_ERR_NOT_READYVSF_ERR_NONEVSF_ERR_UNKNOWNVSF_ERR_NOT_SUPPORTVSF_ERR_NOT_AVAILABLEVSF_ERR_NOT_ACCESSABLEVSF_ERR_NOT_ENOUGH_RESOURCESVSF_ERR_FAILVSF_ERR_INVALID_PARAMETERVSF_ERR_INVALID_RANGEVSF_ERR_INVALID_PTRVSF_ERR_INVALID_KEYVSF_ERR_IOVSF_ERR_REQ_ALREADY_REGISTEREDVSF_ERR_BUGVSF_ERR_OVERRUNVSF_APP_STATE_PENDINGVSF_APP_STATE_WAIT_PENDINGVSF_APP_STATE_YIELDVSF_APP_STATE_WAIT_EVENT__vsf_yieldvsf_evt_tC:\\Keil_v5\\ARM\\ARMCLANG\\Bin\\..\\include\\stdint.hint16_tshortresultedavsf_eda_t_2656_chMaskuint8_tunsigned char_3377_chMaskon_terminatevsf_eda_on_terminate_t__vsf_sem_pendvsf_sem_tvsf_sync_tint_fast32_t_39310_chMaskpsemtime_outerrvsf_err_tptedavsf_teda_t_3518_chMaskuse_as__vsf_eda_t__vsf_delayuint_fast32_ttick_BoolDwarf VersionDebug Info Versionwchar_sizestatic_rwdataenumsize_buildattrarmlib_unavailable\000\306\334\002\000\000\000\000\0000\202\300\006\331\b\002\033h#\bl\260\215 \260\0017\202\020P#\bA5\202\020X#\b\3015\202\020`#A\303\004\270C\177\220\003\000\006`\000\000\247\001\000\0000\0224L|\340\016\372\001\000\340\002\000@h\000\000\000LU\r\"Q\007\200H\250\004\\\000\301J\000\000\000\"\001;\000@]\000\300H\3200\225\202;\330\013\000\200\003\000\000\263\001\000\0000\0224\\\200;\344\n:\000\340\002\000\300y\000\000\000\214\004\r\023\340\016\271\222\016\000\270\000\000@\036\000\000\000#A\303\324\n\356\200+\000\000B\000\000\210\007\000\000\300T\325 \022\243\000\210D-\270\006\020\330\002\000\000 \022\260\003\000\360\006\000LU\r\"\001\013\200H\260\201z\000A\033\000\000\000\"\001;\000\200{\000\300PS\300\264\303\020\000\000\020\250\005|\000\000\000\000\001\000\fT\000\201\000\000\003\025\000!\000\300<\006@\006\005\030\000\3058\003\020\030\343\f\000p\2143\000\0002\316\000\b\3118\003\000B\3128\003\000B\3138\003 B\3148\003@B\3158\003`B\3168\003\200B\3178\003\240B\3208\003\300B\3218\003\340B\3228\003\000C\3238\003 C\3248\003@C\325\f\020<\304\203<\314\003=\324\203=\334\003>\344\203>\354\003?\364\203?\374\303H\220@\000\356\240\017\300;\200\001\000\000 \001\000\0000P\001X\002\000\314c\000dp\201\001p\2143\b\0006\316 \b\331\f\002I\224\304H\220@\000\"\361\006\3530\022`\000\000\200I\000\000\000\2143\b\3006\316 \b\3348\203@t\343\f\202\341\2153\b\3107C\201\022)\241\022+\301\022#A\002\241\271\303\016\001#\001\006\000\000\264\004\000\000\300@\005\000\006\002\000\2143\000B\030\2143\000\200\030\2143\000\301\030\2143\000\003\031\2143\000G\031\2143\000\211\031\2143\000\313\031\2143\000\r\032\2143\000O\032\2143\000\221\032\2143\000\323\032\2143\000\025\033\2143\000W\033\2143\000\231\033\2143\000\333\033\2143\000\035\034\314\000\301DL\310\304L\320DM\330\304M\340DN\350\304N\360DO\370\304O\214\004\t\004\360\022\351\000\274\003\030\000\000\000\026\000\000\000\343\f\002\020\007\343\f\202 \0073\bb1\026#A\002\001\210D.\250\303H\200\001\000\000d\001\000\0000\316 \000s0\316 \bt0\203`\026g1\022$\020\200H\300D9\214\004\030\000\000\200\026\000\000\0003\030!q\022.\021\026e\221\026\003\025\300\035\b\0000\217\001\220A\036@@1Q\003Xx\260\026y\000\260\005\000\000\000\000L\324\000\226\035\270\203X\000m\001\000\000\000\0003\004n1\023!\000o\001\f\227\b\345\240\007\"\301\022n\001\000\300D\r`\361\201;\334\004@\016\000\000\000\0000Q\003<\000\000\000r\001\006\000\000\000\300p\211P\016{ \022-1\027\000\000\314 \304\005]L\324\000\r\340\016\375A\016\343\000\006`\000\000\0000\217\001\220\301\037 \0002Q\003X~\260\026~\000\334\005\000\000\000\000L3\b\272\000\314\020\344\305H\220\020\000\000\000\340\005\030\000\000\240\027\000\000\000\0235@\323\007\3560\"\344\260\027`\000\006`\000\000\3004\203\260\013\300\fA_\214\004\t\001\000\000\000^\200\t\000\000~\001\000\0000Q\0034\240\340\0160B\016\177\001&`\000\n\000\000\3140\330\005_\200\306\f\0020\0273\021\002 \032\300D\r\360\000\000\000\214\006\030\000\000\000\000\0235\200%\n\356P\026\000i\000\000\000\000\300D\r\320\204\202;\364\3078\224\006\030\000\000\000\0003\004\2461Q\003X\232;\210\021\340\022\000\000\000\0000Q\003X\245\340\0169\001\230\003\000\000\000\000L\324\000\026)\270\003\031\001\251\001\000\000\000\000\0235\300\003\000\000\240\032`\000\000\000\000L\324\000\226)\254\305-\000\357\000\000\000\000\0003\f\250\261\032\2541\023!\000\255\001L3\b\274\000\314\020\274\306H\220\020\000\000\000\340\0058\000\000\000\033\000\000\000\0235@s\n\356\200/\346\020\033\340\000\006\000\000\0003\004\2621\\\"\250\003*\210D-\254F\000\000\303%\202:\244\202H\324\002k\b\0000\\\"\250\203\036\210\304-\240\006\000\000\0235\200\265\n/\241\017@X\000\000\000\000\300p\211\240\016\252 \022\270p\033\000\000L\324\000V+\270\003N\000\351\000\000\000\000\000\0235\300\003\000\000\220\033`\000\000\000\000\f\227\b\352\300\n\"\341\013\272\001\000\300\f\005m\324\206m\340\306nL\324\000\r\340\016\271\222\016\350\000.\000\000\000\3004\203\320\013\300\f\201o\214\004\t\001\000\000\000^\200\004\000\000\277\001\000\0000Q\0034\256\340\016\274\222\016\340\001\022\240\0002\000\000\314 \364FxL\324\000\r\340\016\271\202\016\347\000.\000\000\000\300\f\301xL\324\000\315+\270C\256\234\203\\\200\013\000\000\0000Q\0034\200;\344\3129\220\003\270\000\000\000\0003\b\345a\036\0235\200\025\013k\321\013\300H\000\000\000\000\300\f\202[\240\307L\204\000\244\0070\\\"\254\203,\210\004\033\240G\000\000\303%\302:\350\201H\270\201[\000\0000\\\"\254\003+\210\204\035\350\006\000\0003\f\353\301\036\3551\217\001\220\301, \2000\203\240\033\3571\303\340\013\264\360\0133\f\276P\013\2770\303\000\016\266\020\0163\f\340p\013\3400\303\000\016\270\340\0133\f\340\220\013\3420C0L\027\030\367\023\200\030\210\201\030\210\001\307q\034G\023.A\032.\341\022.\341\022\244A\0324\341\006n\000\nb \006b \006h\200\006h\200\006h\200\006h\200\006h\200\006h\200\006\260\341\022n\000\nb \006h@\023b \006b \006b\300\n.A\007h\200\006h\200\006h\200\006h\200\006h\200\006h\200\006h\200\006h\200\006\260\341\022h\200\006h@\023h\200\006h@\023\270@\007\240`\017\366\300\271\0019\330\203:\220\003\032\210\004(\330\003\032p\"\341\022h\300\211\204K\320\201\030\270\201:\330\203Hp\360`\017\366\240\016\366@\007n\200\006\234H\240\004G\016\344@\016\366@\016\366\240\016\344\300\n\374\200\006\234H\270\004\032\360\003'\022\374\200\006\366\200\006n@\016\344@\016t\000\nh@\007t@\007t@\007t`\311H`\202rac\263ks!\023;s\031\253\033%X\207\214\330\330\354\332\\\332\336\310\352\330\312\\\314\330\302\316\346F1\340#>\344c>\350\243>Rac\263ksI#+s\243\033%\260\017\000\251\030\000\000\023\000\000\000\013\nr(\207w\200\007zXp\230C=\270\3038\260C9\320\303\202\346\034\306\241\r\350A\036\302\301\035\346!\035\350!\035\336\301\035\026(\342P\016\346\360\016\362P\016\351\340\016\363@\017\013\222p0\007z(\007yH\007w\230\007z\000\321\020\000\000\006\000\000\000\007\314<\244\203;\234\003;\224\003=\240\203<\224C8\220\303\001\000\000\000a \000\000\243\000\000\000\023\004K,\020\000\000\000\004\000\000\000\004\224\"\001=#\0005@\305\b\000\000\000\000\000\3610\000\000 \000\000\000\023\004 \232U\004\353 \022s\220\314*\202u\020\211;(f\025\301~\210\304\035\024+\206\3760\021\023\231U\004\353 \022z\220\314*\002\377\020\t=\360\203YE\340\037\"\361\007\305\254\"\000\021\221\000\205fV\021\204\210H\200B)\314*\002\021\021\211Q\210f\025\301\210\210\304(\250\301\254\"\b\021\2218\205H\346\201\0042\204\310\220\241;(\330\017`\202\020t\023\204b\f&\b\200\031L\020\0004\000#\006\007\000\202`\240\006\022\217\377\377\377\017x\376\377\377?\254\371\377\377\3770c@\260A\031\254\0030bp\000 \b\006j \251\371\377\377\377p\347\377\377\377\303\232\377\377\377\0173\006\204\033<\353\000\f7\024\n\030\314\030\020s\260\350\0070\313\240\004\301\214\0011\007\311:\000#\006D\022\202`\320\210\301\214\001a\007g\260\016\300\210\301\001\200 \030\250\001\325\343\377\377\377\003\236\377\377\377\017m\376\377\377?\314\030\020v\020\255\0030\334\020\f`0c@\334A\261\037\300,\203@\0043\006\304\035\024\353\000\314\022\f3\006\304\035\024\374\001\314\022\f\023\006\300\210A\241\204 \030@c \314\030\020z\220\370\0070\313P\030\301\214\001\241\007\311:\000#\006E\022\202` \215A2c@\354A\362\037\300\210\001\261\204 \030Pb0c@\360\201\364\037\300\210\301\001\200 \030\250\301\365\343\377\377\377\003\237\377\377\377\017p\376\377\377?\314\030\020n\360\254\0030K\240\314\030\020}P\374\0070bP(!\b\006\220\030\0203\006\004(4!\002\3142\034I0c@\200B\003\"\300\210\001\261\204 \030Pd0c@\210\202%\"\300\210\301\001\200 \030\250A\006\346\377\377\377\203\237\377\377\377\017r\376\377\377?\314\030\020n\360\254\0030\334\020,`0c@\214\0026\"\300,\003\242\0043\006\304(D\"\002\214\030\030L\b\202\201E\006\3072c@\220BD\"\300,\2012c@\230BC\"\300\210A\221\204 \030`c\320\314\030\020\251\320\224\b0b`0!\b\006V\031 \313\214\001\241\nM\211\000\263\004\312@\013\240\001J\241!\306A\007I\0063\006\004,\004\353\000\004\304\000\000\000\000\003\000\000\000[\004@\035\266\f\211\304\037\000\000\000\000\000\000\000a \000\000\307\000\000\000\023\004L,\020\000\000\000\003\000\000\000\364\214\000\324\000\025#\000\000\000\000\000\3610\000\000&\000\000\000\263\212@\035D\342\027\212YE\220\037\"\361\013\305\212a?N\344Df\025\201:\210D8 \263\212\200?Db\034\232YE\320\037\"1\016\2420\253\b\372C$\316!\231U\004\377!\022\350\020\315*\002\020\021\ttH\205YE\020\"\"\261\016\325\254\"\020\021\221X\2078\230U\004 \"\022\357@\315*\002\022\021\ty\250f\025A\211\210D=p2\017$\220!D\206\f\375BA~\000\023\004\256\233 \004\336\004\241\020\203\tBP\006\023\204\000\r&\b\201\032L\020\2026\000#\006\007\000\202`\240\006\322\216\377\377\377\017\257\376\377\377?\254\371\377\377\3770c@\324B\033\250\0030bp\000 \b\006j \351\370\377\377\377\340\352\377\377\377\303\232\377\377\377\0173\006D-\200\202:\000#\006\007\000\202`\240\006R\351\377\377\377\017\255\376\377\377?\254\371\377\377\3770c@\334\302\245\016\300\210\001\221\204 \0304a0c@\370\302\031\250\0030bp\000 \b\006j0\351\370\377\377\377\220\352\377\377\377\003\233\377\377\377\0173\006\204/D\352\000\f7\004\002\030\314\030\020\277P\344\0070\313\020\f\301\214\001\361\013\205:\000\263\004\302\214\001\361\013\205~\000\263\004\302\204\0010bP(!\b\006\220\030\b3\006\30484\375\001\3142\020E0c@\214C\303\037\300\210\201\221\204 \030t\034r\314\030\020\344`\371\0070bp\000 \b\006j`\361\370\377\377\377\020\353\377\377\377\303\233\377\377\377\0173\006\304-\\\352\000\314\022,3\006D9$\376\001\214\030\024J\b\202\001\024\006\304\214\001\201\016\021\210\000\263\f\006\022\314\030\020\350\020\375\0070b@,!\b\006\324\030\314\030\020\352\200\007!\002\214\030\030M\b\202\301\347-\301\214\001\241\016Z\210\000#\006\007\000\202`\240\006\231\217\377\377\377\017\264\376\377\377?\310\371\377\377\3770c@\334\302\245\016\300pCP\201\301\214\001\261\016\234\210\000\263\f\313\021\314\030\020\353P\205\b0b`0!\b\006\026\031 \313\214\001\301\016\325\210\000\263\004\313\214\001\341\016\321\210\000#\006F\022\202`\320}\r3c@\304\303E\"\300\210\301\001\200 \030\250\301\366\343\377\377\377\003\255\377\377\377\017t\376\377\377?\314\030\020\270\360\250\0030\334\020L`0c@\310\203U\"\300,\303\222\0043\006\204<T$\002\f7\b\024\032\314\030\020\365\000\006&\002\3142,J0c@\324\003W\"\300\210\201\301\204 \030Xg\26043\006D>D$\002\314\022,\0035\001D(\207\034\030r\240\300\001\242\006\311\210\301\001\200 \030\250\201\027\346\377\377\377C\256\377\377\377\017w\376\377\377?\314\030\020\267p\251\003\220\301\214\001\361\017\205:\000\0011\000\000\003\000\000\000[\004 \035\266\f\210\244\037\000\000\000\000\000\000\000a \000\000\224\000\000\000\023\004D,\020\000\000\000\001\000\000\000D\216\000\000\3610\000\000d\000\000\000\"G\310\220Q\032\310-\000\000\000\000\321\0025\022\001\000\000\000__vsf_mutex_entervsf_mutex_tvsf_sync_owner_t_40511_chMaskuse_as__vsf_sync_tpmtx\000\223\240\341\002\334\001f@\004\000\007\000\000d\004\000\000`\0224L\200;\300L\210\000\340\000\000\300\213\000\000\000L\202\206i?\334\341e\000\000$\000\000h\021\000\000\200U\325 \022\371\001\210\304H\250\b\020\220\004\000\000 \022\260\003\000\324\b\000\314*\002\021\021\211\222(f\025\301\210\210DI\024+\206\022\261\021\033Y\324\000\326~\270\203N\000!\002\000\000\000\000\213\032\300\322\017wX#\300D\000\000\000\000`Q\003<\000\000\000'\002\006\000\000\000\300\206\0015P\20456\021\002\220\"\300\242\006h\000w\200\231\020\001\021p\000\000\000\000\0265@\303\037\35603!\262\027`\000\006\340\000\000\300\006aEXdQ\0034\200;\300\f\210\374\0078\000\000\000\000\033\002\027Y\324\000M\177\270\003\314\374Gj\200\003\000\000\000\260\250\001\032\300\035`\346?\314\001\034\000\000\000\200\r\002\214\304\310\270D\020\021\377\020\211\221@\221\000\000\306%\202\210\244\202H\214\004k\b\000\260A\230\021\032\221y \201\f!2d\252$\nF\004\230 \220A7A\b<\000\000\000#\006\007\000\202`\240\006\220\212\377\377\377\017.\376\377\377?\244\371\377\377\3770c@\214\204\034\210\b0bp\000 \b\006j\000\245\370\377\377\377\320\342\377\377\377C\232\377\377\377\0173\006\304H\224\202\210\000\303\rC\000\0063\006DI\024#\002\3142\004C0c@\224D!\"\300,\2010c@\224DA\"\300,\2010a\000\354\261 \222$If\f\b\223\030\003\021\001F\f\f'\004\301\240\323\002b\306\2000\tFD\200\ff\f\b\223(D\004\b\210\001\000\000\003\000\000\000[\004 D\266\f\205D\"\000\000\000\000\000\000\000a \000\000\200\000\000\000\023\004I,\020\000\000\000\003\000\000\000\364\214\000\324\000\025#\000\000\000\000\000\3610\000\000\031\000\000\000\023\004@\232 \000\323\254\"(\007\221p\211bV\021\354\207H\270D\261b\350\017\022!\221YEP\016\"a\023\311\254\"\360\017\221\260\t3\230U\004\376!\022;Q\314*\002\020\021\t\236hf\025A\210\210\004O\264\301\254\"\b\021\221\370\tH\346\201\0042\204\310\220!\227(\330\017`\202P\200\301\004\001(\003\000#\006\007\000\202`\240\006\020\232\377\377\377\017\360\376\377\377?\244\371\377\377\3770c@\260\304S\016\300\210\001\221\204 \0304\337\214\001\321\022V9\000#\006\007\000\202`\240\006Q\217\377\377\377\017\356\376\377\377?\250\371\377\377\3770c@\264\004T\016\300pC \200\301\214\001\341\022\305~\000\263\f\301\020\314\030\020.Q\224\0030K \314\030\020.Q\360\0070K L\030\000#\006\205\022\202`\000\201\2010c@\330D\342\037\300,\003Q\0043\006\204M$\345\000\214\030\020I\b\202\301\031T3\006\304M$\377\001\214\030\020K\b\202\001E\315\030\0208\221\374\0070K\200\314\030\0209Q\374\0070bP(!\b\006\320G\314\030\020<\321\204\b0\313`\034\301\214\001\301\023\r\210\000#\006\006\023\202``}\0052c@\370D#\"\300,\0012c@\374D\"\"\300\210\001\221\204 \030\234\3015c@\200E3\"\300\210\201\301\204 \030X_q\314\030\020b\321\214\b0bp\000 \b\006jP\261\371\377\377\377P\357\377\377\377\203\233\377\377\377\0173\006\004K<\345\000\314\022 \003\035\200\031\020f`\220\3011bp\000 \b\006j`\205\371\377\377\377`\357\377\377\377\303\233\377\377\377\017\023\006@\0063\006\204Y\024\345\000\004\304\000\000\000\000\003\000\000\000[\004\200\034\266\f\206\304\037\000\000\000\000\000\000\000q \000\000\005\000\000\0002\016\020\"\204\000\235\016\210 \374\200\f\213\021\330\020*\001\000\000\000\000\000e\f\000\000\335\000\000\000\022\003\224\350\006\000\000\000\001\000\000\000*\001\000\000\b\000\000\000D\000\000\000\001\000\000\000P\000\000\000\000\000\000\000P\000\000\000\021\000\000\000\350\001\000\000\020\000\000\0002\001\000\000\027\000\000\000I\001\000\0002\000\000\000{\001\000\000\000\000\000\000\000\000\000\000\021\000\000\000\000\000\000\000\000\000\000\000\013\000\000\000\000\000\000\000\013\000\000\000\377\377\377\377\005$\000\000\013\000\000\000\017\000\000\000\013\000\000\000\017\000\000\000\377\377\377\377\f$\000\000\032\000\000\000\026\000\000\000\032\000\000\000\026\000\000\000\377\377\377\377\f$\000\0000\000\000\000\020\000\000\0000\000\000\000\020\000\000\000\377\377\377\377\f$\000\000@\000\000\000\023\000\000\000@\000\000\000\023\000\000\000\377\377\377\377\f$\000\000S\000\000\000\031\000\000\000S\000\000\000\031\000\000\000\377\377\377\377\f$\000\000l\000\000\000\031\000\000\000l\000\000\000\031\000\000\000\377\377\377\377\f$\000\000\205\000\000\000\022\000\000\000\205\000\000\000\022\000\000\000\377\377\377\377\f$\000\000\227\000\000\000\016\000\000\000\227\000\000\000\016\000\000\000\377\377\377\377\005$\000\000\245\000\000\000\023\000\000\000\245\000\000\000\023\000\000\000\377\377\377\377\f$\000\000\270\000\000\000\027\000\000\000\270\000\000\000\027\000\000\000\377\377\377\377\f$\000\000\317\000\000\000\025\000\000\000\317\000\000\000\025\000\000\000\377\377\377\377\f$\000\000\344\000\000\000\021\000\000\000\344\000\000\000\021\000\000\000\377\377\377\377\005$\000\000\365\000\000\000\013\000\000\000\365\000\000\000\013\000\000\000\377\377\377\377\005$\000\000\000\001\000\000\r\000\000\000\000\001\000\000\r\000\000\000\377\377\377\377\f$\000\000\r\001\000\000\017\000\000\000\r\001\000\000\017\000\000\000\377\377\377\377\f$\000\000\034\001\000\000\016\000\000\000\034\001\000\000\016\000\000\000\377\377\377\377\b,\000\000\000\000\000\000\000\000\000\000{\001\000\000\000\000\000\000{\001\000\000\033\000\000\000\000\000\000\000\000\000\000\000{\001\000\000\000\000\000\000\226\001\000\000\024\000\000\000\000\000\000\000\000\000\000\000{\001\000\000\000\000\000\000\252\001\000\000'\000\000\000\000\000\000\000\000\000\000\000{\001\000\000\000\000\000\000\321\001\000\000 \000\000\000\000\000\000\000\000\000\000\000{\001\000\000\000\000\000\000\361\001\000\000$\000\000\000\000\000\000\000\000\000\000\000{\001\000\000\000\000\000\000\025\002\000\000*\000\000\000\000\000\000\000\000\000\000\000{\001\000\000\000\000\000\000?\002\000\000*\000\000\000\000\000\000\000\000\000\000\000{\001\000\000\000\000\000\000i\002\000\000\025\000\000\000\000\000\000\000\000\000\000\000{\001\000\000\000\000\000\000~\002\000\000\036\000\000\000\000\000\000\000\000\000\000\000{\001\000\000\000\000\000\000\234\002\000\000 \000\000\000\000\000\000\000\000\000\000\000{\001\000\000\000\000\000\000\274\002\000\000(\000\000\000\000\000\000\000\000\000\000\000{\001\000\000\000\000\000\000\344\002\000\000\031\000\000\000\000\000\000\000\000\000\000\000{\001\000\000\000\000\000\000\375\002\000\000\037\000\000\000\000\000\000\000\000\000\000\000{\001\000\000\000\000\000\000\034\003\000\000\031\000\000\000\000\000\000\000\000\000\000\000{\001\000\000\000\000\000\0005\003\000\000\036\000\000\000\000\000\000\000\000\000\000\000{\001\000\000\000\000\000\000S\003\000\000\037\000\000\000\000\000\000\000]\f\000\000\340\000\000\000\022\003\224\362\006\000\000\000__vsf_delayvsf_eda_get_curvsf_eda_is_stack_ownervsf_thread_delayvsf_eda_get_cur_evtvsf_eda_polling_state_getvsf_eda_polling_state_setvsf_teda_set_timer__vsf_sem_pendvsf_thread_sem_pendvsf_eda_sync_get_reasonvsf_eda_sync_decrease__vsf_mutex_enter__vsf_yieldvsf_eda_yieldvsf_thread_waitllvm.dbg.value7.0.0svnthumbv7em-arm-none-eabi../../../vsf/kernel/shell/simple/vsf_simple_task.ctext.vsf.kernel.__vsf_delay.text.vsf.kernel.eda.text.vsf.kernel.vsf_eda_is_stack_ownertext.vsf.kernel.vsf_thread_delay.text.vsf.kernel.vsf_eda_get_cur_evt.text.vsf.kernel.vsf_eda_polling_state_get.text.vsf.kernel.vsf_eda_polling_state_set.text.vsf.kernel.tedatext.vsf.kernel.__vsf_sem_pendtext.vsf.kernel.vsf_thread_mutex.text.vsf.kernel.vsf_eda_sync_get_reason.text.vsf.kernel.vsf_synctext.vsf.kernel.vsf_mutex_entertext.vsf.kernel.vsf_yield.text.vsf.kernel.vsf_eda_yieldtext.vsf.kernel.vsf_thread_wait\000\000\000\000\000"
	.size	.Lllvm.embedded.module, 11696

	.section	.debug_str,"MS",%progbits,1
.Linfo_string0:
	.asciz	"Component: ARM Compiler 6.10.1 Tool: armclang [5d143200]" @ string offset=0
.Linfo_string1:
	.asciz	"../../../vsf/kernel/shell/simple\\vsf_simple_task.c" @ string offset=57
.Linfo_string2:
	.asciz	"C:\\Users\\test\\Desktop\\GitHub\\Thread_and_Pt_test\\Thread_and_Pt_test\\source\\example\\project\\mdk" @ string offset=108
.Linfo_string3:
	.asciz	"int"                   @ string offset=202
.Linfo_string4:
	.asciz	"VSF_EVT_INVALID"       @ string offset=206
.Linfo_string5:
	.asciz	"VSF_EVT_NONE"          @ string offset=222
.Linfo_string6:
	.asciz	"VSF_EVT_RETURN"        @ string offset=235
.Linfo_string7:
	.asciz	"VSF_EVT_YIELD"         @ string offset=250
.Linfo_string8:
	.asciz	"VSF_EVT_SYSTEM"        @ string offset=264
.Linfo_string9:
	.asciz	"VSF_EVT_DUMMY"         @ string offset=279
.Linfo_string10:
	.asciz	"VSF_EVT_INIT"          @ string offset=293
.Linfo_string11:
	.asciz	"VSF_EVT_FINI"          @ string offset=306
.Linfo_string12:
	.asciz	"VSF_EVT_ENTER"         @ string offset=319
.Linfo_string13:
	.asciz	"VSF_EVT_EXIT"          @ string offset=333
.Linfo_string14:
	.asciz	"VSF_EVT_TIMER"         @ string offset=346
.Linfo_string15:
	.asciz	"VSF_EVT_SYNC"          @ string offset=360
.Linfo_string16:
	.asciz	"VSF_EVT_SYNC_CANCEL"   @ string offset=373
.Linfo_string17:
	.asciz	"VSF_EVT_SYNC_POLL"     @ string offset=393
.Linfo_string18:
	.asciz	"VSF_EVT_MESSAGE"       @ string offset=411
.Linfo_string19:
	.asciz	"VSF_EVT_USER"          @ string offset=427
.Linfo_string20:
	.asciz	"unsigned int"          @ string offset=440
.Linfo_string21:
	.asciz	"VSF_APP_STATE_SET_TIMER" @ string offset=453
.Linfo_string22:
	.asciz	"VSF_APP_STATE_WAIT_TIMER_EVT" @ string offset=477
.Linfo_string23:
	.asciz	"VSF_SYNC_FAIL"         @ string offset=506
.Linfo_string24:
	.asciz	"VSF_SYNC_TIMEOUT"      @ string offset=520
.Linfo_string25:
	.asciz	"VSF_SYNC_PENDING"      @ string offset=537
.Linfo_string26:
	.asciz	"VSF_SYNC_GET"          @ string offset=554
.Linfo_string27:
	.asciz	"VSF_SYNC_CANCEL"       @ string offset=567
.Linfo_string28:
	.asciz	"vsf_sync_reason_t"     @ string offset=583
.Linfo_string29:
	.asciz	"VSF_ERR_NOT_READY"     @ string offset=601
.Linfo_string30:
	.asciz	"VSF_ERR_NONE"          @ string offset=619
.Linfo_string31:
	.asciz	"VSF_ERR_UNKNOWN"       @ string offset=632
.Linfo_string32:
	.asciz	"VSF_ERR_NOT_SUPPORT"   @ string offset=648
.Linfo_string33:
	.asciz	"VSF_ERR_NOT_AVAILABLE" @ string offset=668
.Linfo_string34:
	.asciz	"VSF_ERR_NOT_ACCESSABLE" @ string offset=690
.Linfo_string35:
	.asciz	"VSF_ERR_NOT_ENOUGH_RESOURCES" @ string offset=713
.Linfo_string36:
	.asciz	"VSF_ERR_FAIL"          @ string offset=742
.Linfo_string37:
	.asciz	"VSF_ERR_INVALID_PARAMETER" @ string offset=755
.Linfo_string38:
	.asciz	"VSF_ERR_INVALID_RANGE" @ string offset=781
.Linfo_string39:
	.asciz	"VSF_ERR_INVALID_PTR"   @ string offset=803
.Linfo_string40:
	.asciz	"VSF_ERR_INVALID_KEY"   @ string offset=823
.Linfo_string41:
	.asciz	"VSF_ERR_IO"            @ string offset=843
.Linfo_string42:
	.asciz	"VSF_ERR_REQ_ALREADY_REGISTERED" @ string offset=854
.Linfo_string43:
	.asciz	"VSF_ERR_BUG"           @ string offset=885
.Linfo_string44:
	.asciz	"VSF_ERR_OVERRUN"       @ string offset=897
.Linfo_string45:
	.asciz	"VSF_APP_STATE_PENDING" @ string offset=913
.Linfo_string46:
	.asciz	"VSF_APP_STATE_WAIT_PENDING" @ string offset=935
.Linfo_string47:
	.asciz	"VSF_APP_STATE_YIELD"   @ string offset=962
.Linfo_string48:
	.asciz	"VSF_APP_STATE_WAIT_EVENT" @ string offset=982
.Linfo_string49:
	.asciz	"use_as__vsf_eda_t"     @ string offset=1007
.Linfo_string50:
	.asciz	"on_terminate"          @ string offset=1025
.Linfo_string51:
	.asciz	"vsf_eda_on_terminate_t" @ string offset=1038
.Linfo_string52:
	.asciz	"_2656_chMask"          @ string offset=1061
.Linfo_string53:
	.asciz	"unsigned char"         @ string offset=1074
.Linfo_string54:
	.asciz	"uint8_t"               @ string offset=1088
.Linfo_string55:
	.asciz	"sizetype"              @ string offset=1096
.Linfo_string56:
	.asciz	"_3377_chMask"          @ string offset=1105
.Linfo_string57:
	.asciz	"vsf_eda_t"             @ string offset=1118
.Linfo_string58:
	.asciz	"_3518_chMask"          @ string offset=1128
.Linfo_string59:
	.asciz	"vsf_teda_t"            @ string offset=1141
.Linfo_string60:
	.asciz	"_Bool"                 @ string offset=1152
	.section	.debug_abbrev,"",%progbits
	.byte	1                       @ Abbreviation Code
	.byte	17                      @ DW_TAG_compile_unit
	.byte	1                       @ DW_CHILDREN_yes
	.byte	37                      @ DW_AT_producer
	.byte	14                      @ DW_FORM_strp
	.byte	19                      @ DW_AT_language
	.byte	5                       @ DW_FORM_data2
	.byte	3                       @ DW_AT_name
	.byte	14                      @ DW_FORM_strp
	.byte	16                      @ DW_AT_stmt_list
	.byte	6                       @ DW_FORM_data4
	.byte	27                      @ DW_AT_comp_dir
	.byte	14                      @ DW_FORM_strp
	.ascii	"\264B"                 @ DW_AT_GNU_pubnames
	.byte	12                      @ DW_FORM_flag
	.byte	0                       @ EOM(1)
	.byte	0                       @ EOM(2)
	.byte	2                       @ Abbreviation Code
	.byte	4                       @ DW_TAG_enumeration_type
	.byte	1                       @ DW_CHILDREN_yes
	.byte	73                      @ DW_AT_type
	.byte	19                      @ DW_FORM_ref4
	.byte	11                      @ DW_AT_byte_size
	.byte	11                      @ DW_FORM_data1
	.byte	58                      @ DW_AT_decl_file
	.byte	11                      @ DW_FORM_data1
	.byte	59                      @ DW_AT_decl_line
	.byte	11                      @ DW_FORM_data1
	.byte	0                       @ EOM(1)
	.byte	0                       @ EOM(2)
	.byte	3                       @ Abbreviation Code
	.byte	40                      @ DW_TAG_enumerator
	.byte	0                       @ DW_CHILDREN_no
	.byte	3                       @ DW_AT_name
	.byte	14                      @ DW_FORM_strp
	.byte	28                      @ DW_AT_const_value
	.byte	13                      @ DW_FORM_sdata
	.byte	0                       @ EOM(1)
	.byte	0                       @ EOM(2)
	.byte	4                       @ Abbreviation Code
	.byte	36                      @ DW_TAG_base_type
	.byte	0                       @ DW_CHILDREN_no
	.byte	3                       @ DW_AT_name
	.byte	14                      @ DW_FORM_strp
	.byte	62                      @ DW_AT_encoding
	.byte	11                      @ DW_FORM_data1
	.byte	11                      @ DW_AT_byte_size
	.byte	11                      @ DW_FORM_data1
	.byte	0                       @ EOM(1)
	.byte	0                       @ EOM(2)
	.byte	5                       @ Abbreviation Code
	.byte	46                      @ DW_TAG_subprogram
	.byte	1                       @ DW_CHILDREN_yes
	.byte	0                       @ EOM(1)
	.byte	0                       @ EOM(2)
	.byte	6                       @ Abbreviation Code
	.byte	40                      @ DW_TAG_enumerator
	.byte	0                       @ DW_CHILDREN_no
	.byte	3                       @ DW_AT_name
	.byte	14                      @ DW_FORM_strp
	.byte	28                      @ DW_AT_const_value
	.byte	15                      @ DW_FORM_udata
	.byte	0                       @ EOM(1)
	.byte	0                       @ EOM(2)
	.byte	7                       @ Abbreviation Code
	.byte	4                       @ DW_TAG_enumeration_type
	.byte	1                       @ DW_CHILDREN_yes
	.byte	73                      @ DW_AT_type
	.byte	19                      @ DW_FORM_ref4
	.byte	3                       @ DW_AT_name
	.byte	14                      @ DW_FORM_strp
	.byte	11                      @ DW_AT_byte_size
	.byte	11                      @ DW_FORM_data1
	.byte	58                      @ DW_AT_decl_file
	.byte	11                      @ DW_FORM_data1
	.byte	59                      @ DW_AT_decl_line
	.byte	5                       @ DW_FORM_data2
	.byte	0                       @ EOM(1)
	.byte	0                       @ EOM(2)
	.byte	8                       @ Abbreviation Code
	.byte	15                      @ DW_TAG_pointer_type
	.byte	0                       @ DW_CHILDREN_no
	.byte	73                      @ DW_AT_type
	.byte	19                      @ DW_FORM_ref4
	.byte	0                       @ EOM(1)
	.byte	0                       @ EOM(2)
	.byte	9                       @ Abbreviation Code
	.byte	22                      @ DW_TAG_typedef
	.byte	0                       @ DW_CHILDREN_no
	.byte	73                      @ DW_AT_type
	.byte	19                      @ DW_FORM_ref4
	.byte	3                       @ DW_AT_name
	.byte	14                      @ DW_FORM_strp
	.byte	58                      @ DW_AT_decl_file
	.byte	11                      @ DW_FORM_data1
	.byte	59                      @ DW_AT_decl_line
	.byte	11                      @ DW_FORM_data1
	.byte	0                       @ EOM(1)
	.byte	0                       @ EOM(2)
	.byte	10                      @ Abbreviation Code
	.byte	19                      @ DW_TAG_structure_type
	.byte	1                       @ DW_CHILDREN_yes
	.byte	3                       @ DW_AT_name
	.byte	14                      @ DW_FORM_strp
	.byte	11                      @ DW_AT_byte_size
	.byte	11                      @ DW_FORM_data1
	.byte	58                      @ DW_AT_decl_file
	.byte	11                      @ DW_FORM_data1
	.byte	59                      @ DW_AT_decl_line
	.byte	5                       @ DW_FORM_data2
	.byte	0                       @ EOM(1)
	.byte	0                       @ EOM(2)
	.byte	11                      @ Abbreviation Code
	.byte	13                      @ DW_TAG_member
	.byte	0                       @ DW_CHILDREN_no
	.byte	73                      @ DW_AT_type
	.byte	19                      @ DW_FORM_ref4
	.byte	58                      @ DW_AT_decl_file
	.byte	11                      @ DW_FORM_data1
	.byte	59                      @ DW_AT_decl_line
	.byte	5                       @ DW_FORM_data2
	.byte	56                      @ DW_AT_data_member_location
	.byte	11                      @ DW_FORM_data1
	.byte	0                       @ EOM(1)
	.byte	0                       @ EOM(2)
	.byte	12                      @ Abbreviation Code
	.byte	19                      @ DW_TAG_structure_type
	.byte	1                       @ DW_CHILDREN_yes
	.byte	11                      @ DW_AT_byte_size
	.byte	11                      @ DW_FORM_data1
	.byte	58                      @ DW_AT_decl_file
	.byte	11                      @ DW_FORM_data1
	.byte	59                      @ DW_AT_decl_line
	.byte	5                       @ DW_FORM_data2
	.byte	0                       @ EOM(1)
	.byte	0                       @ EOM(2)
	.byte	13                      @ Abbreviation Code
	.byte	23                      @ DW_TAG_union_type
	.byte	1                       @ DW_CHILDREN_yes
	.byte	11                      @ DW_AT_byte_size
	.byte	11                      @ DW_FORM_data1
	.byte	58                      @ DW_AT_decl_file
	.byte	11                      @ DW_FORM_data1
	.byte	59                      @ DW_AT_decl_line
	.byte	5                       @ DW_FORM_data2
	.byte	0                       @ EOM(1)
	.byte	0                       @ EOM(2)
	.byte	14                      @ Abbreviation Code
	.byte	13                      @ DW_TAG_member
	.byte	0                       @ DW_CHILDREN_no
	.byte	3                       @ DW_AT_name
	.byte	14                      @ DW_FORM_strp
	.byte	73                      @ DW_AT_type
	.byte	19                      @ DW_FORM_ref4
	.byte	58                      @ DW_AT_decl_file
	.byte	11                      @ DW_FORM_data1
	.byte	59                      @ DW_AT_decl_line
	.byte	5                       @ DW_FORM_data2
	.byte	56                      @ DW_AT_data_member_location
	.byte	11                      @ DW_FORM_data1
	.byte	0                       @ EOM(1)
	.byte	0                       @ EOM(2)
	.byte	15                      @ Abbreviation Code
	.byte	13                      @ DW_TAG_member
	.byte	0                       @ DW_CHILDREN_no
	.byte	3                       @ DW_AT_name
	.byte	14                      @ DW_FORM_strp
	.byte	73                      @ DW_AT_type
	.byte	19                      @ DW_FORM_ref4
	.byte	58                      @ DW_AT_decl_file
	.byte	11                      @ DW_FORM_data1
	.byte	59                      @ DW_AT_decl_line
	.byte	5                       @ DW_FORM_data2
	.ascii	"\210\001"              @ DW_AT_alignment
	.byte	15                      @ DW_FORM_udata
	.byte	56                      @ DW_AT_data_member_location
	.byte	11                      @ DW_FORM_data1
	.byte	0                       @ EOM(1)
	.byte	0                       @ EOM(2)
	.byte	16                      @ Abbreviation Code
	.byte	19                      @ DW_TAG_structure_type
	.byte	1                       @ DW_CHILDREN_yes
	.byte	3                       @ DW_AT_name
	.byte	14                      @ DW_FORM_strp
	.byte	11                      @ DW_AT_byte_size
	.byte	11                      @ DW_FORM_data1
	.byte	58                      @ DW_AT_decl_file
	.byte	11                      @ DW_FORM_data1
	.byte	59                      @ DW_AT_decl_line
	.byte	11                      @ DW_FORM_data1
	.byte	0                       @ EOM(1)
	.byte	0                       @ EOM(2)
	.byte	17                      @ Abbreviation Code
	.byte	13                      @ DW_TAG_member
	.byte	0                       @ DW_CHILDREN_no
	.byte	73                      @ DW_AT_type
	.byte	19                      @ DW_FORM_ref4
	.byte	58                      @ DW_AT_decl_file
	.byte	11                      @ DW_FORM_data1
	.byte	59                      @ DW_AT_decl_line
	.byte	11                      @ DW_FORM_data1
	.ascii	"\210\001"              @ DW_AT_alignment
	.byte	15                      @ DW_FORM_udata
	.byte	56                      @ DW_AT_data_member_location
	.byte	11                      @ DW_FORM_data1
	.byte	0                       @ EOM(1)
	.byte	0                       @ EOM(2)
	.byte	18                      @ Abbreviation Code
	.byte	19                      @ DW_TAG_structure_type
	.byte	1                       @ DW_CHILDREN_yes
	.byte	11                      @ DW_AT_byte_size
	.byte	11                      @ DW_FORM_data1
	.byte	58                      @ DW_AT_decl_file
	.byte	11                      @ DW_FORM_data1
	.byte	59                      @ DW_AT_decl_line
	.byte	11                      @ DW_FORM_data1
	.ascii	"\210\001"              @ DW_AT_alignment
	.byte	15                      @ DW_FORM_udata
	.byte	0                       @ EOM(1)
	.byte	0                       @ EOM(2)
	.byte	19                      @ Abbreviation Code
	.byte	13                      @ DW_TAG_member
	.byte	0                       @ DW_CHILDREN_no
	.byte	3                       @ DW_AT_name
	.byte	14                      @ DW_FORM_strp
	.byte	73                      @ DW_AT_type
	.byte	19                      @ DW_FORM_ref4
	.byte	58                      @ DW_AT_decl_file
	.byte	11                      @ DW_FORM_data1
	.byte	59                      @ DW_AT_decl_line
	.byte	11                      @ DW_FORM_data1
	.byte	56                      @ DW_AT_data_member_location
	.byte	11                      @ DW_FORM_data1
	.byte	0                       @ EOM(1)
	.byte	0                       @ EOM(2)
	.byte	20                      @ Abbreviation Code
	.byte	21                      @ DW_TAG_subroutine_type
	.byte	1                       @ DW_CHILDREN_yes
	.byte	39                      @ DW_AT_prototyped
	.byte	12                      @ DW_FORM_flag
	.byte	0                       @ EOM(1)
	.byte	0                       @ EOM(2)
	.byte	21                      @ Abbreviation Code
	.byte	5                       @ DW_TAG_formal_parameter
	.byte	0                       @ DW_CHILDREN_no
	.byte	73                      @ DW_AT_type
	.byte	19                      @ DW_FORM_ref4
	.byte	0                       @ EOM(1)
	.byte	0                       @ EOM(2)
	.byte	22                      @ Abbreviation Code
	.byte	1                       @ DW_TAG_array_type
	.byte	1                       @ DW_CHILDREN_yes
	.byte	73                      @ DW_AT_type
	.byte	19                      @ DW_FORM_ref4
	.byte	0                       @ EOM(1)
	.byte	0                       @ EOM(2)
	.byte	23                      @ Abbreviation Code
	.byte	33                      @ DW_TAG_subrange_type
	.byte	0                       @ DW_CHILDREN_no
	.byte	73                      @ DW_AT_type
	.byte	19                      @ DW_FORM_ref4
	.byte	55                      @ DW_AT_count
	.byte	11                      @ DW_FORM_data1
	.byte	0                       @ EOM(1)
	.byte	0                       @ EOM(2)
	.byte	24                      @ Abbreviation Code
	.byte	36                      @ DW_TAG_base_type
	.byte	0                       @ DW_CHILDREN_no
	.byte	3                       @ DW_AT_name
	.byte	14                      @ DW_FORM_strp
	.byte	11                      @ DW_AT_byte_size
	.byte	11                      @ DW_FORM_data1
	.byte	62                      @ DW_AT_encoding
	.byte	11                      @ DW_FORM_data1
	.byte	0                       @ EOM(1)
	.byte	0                       @ EOM(2)
	.byte	0                       @ EOM(3)
	.section	.debug_info,"",%progbits
.Lcu_begin0:
	.long	641                     @ Length of Unit
	.short	3                       @ DWARF version number
	.long	.debug_abbrev           @ Offset Into Abbrev. Section
	.byte	4                       @ Address Size (in bytes)
	.byte	1                       @ Abbrev [1] 0xb:0x27a DW_TAG_compile_unit
	.long	.Linfo_string0          @ DW_AT_producer
	.short	12                      @ DW_AT_language
	.long	.Linfo_string1          @ DW_AT_name
	.long	.Lline_table_start0     @ DW_AT_stmt_list
	.long	.Linfo_string2          @ DW_AT_comp_dir
	.byte	1                       @ DW_AT_GNU_pubnames
	.byte	2                       @ Abbrev [2] 0x1f:0x75 DW_TAG_enumeration_type
	.long	148                     @ DW_AT_type
	.byte	4                       @ DW_AT_byte_size
	.byte	1                       @ DW_AT_decl_file
	.byte	122                     @ DW_AT_decl_line
	.byte	3                       @ Abbrev [3] 0x27:0x6 DW_TAG_enumerator
	.long	.Linfo_string4          @ DW_AT_name
	.byte	127                     @ DW_AT_const_value
	.byte	3                       @ Abbrev [3] 0x2d:0x6 DW_TAG_enumerator
	.long	.Linfo_string5          @ DW_AT_name
	.byte	0                       @ DW_AT_const_value
	.byte	3                       @ Abbrev [3] 0x33:0x6 DW_TAG_enumerator
	.long	.Linfo_string6          @ DW_AT_name
	.byte	0                       @ DW_AT_const_value
	.byte	3                       @ Abbrev [3] 0x39:0x6 DW_TAG_enumerator
	.long	.Linfo_string7          @ DW_AT_name
	.byte	1                       @ DW_AT_const_value
	.byte	3                       @ Abbrev [3] 0x3f:0x7 DW_TAG_enumerator
	.long	.Linfo_string8          @ DW_AT_name
	.ascii	"\200\002"              @ DW_AT_const_value
	.byte	3                       @ Abbrev [3] 0x46:0x7 DW_TAG_enumerator
	.long	.Linfo_string9          @ DW_AT_name
	.ascii	"\200\002"              @ DW_AT_const_value
	.byte	3                       @ Abbrev [3] 0x4d:0x7 DW_TAG_enumerator
	.long	.Linfo_string10         @ DW_AT_name
	.ascii	"\201\002"              @ DW_AT_const_value
	.byte	3                       @ Abbrev [3] 0x54:0x7 DW_TAG_enumerator
	.long	.Linfo_string11         @ DW_AT_name
	.ascii	"\202\002"              @ DW_AT_const_value
	.byte	3                       @ Abbrev [3] 0x5b:0x7 DW_TAG_enumerator
	.long	.Linfo_string12         @ DW_AT_name
	.ascii	"\203\002"              @ DW_AT_const_value
	.byte	3                       @ Abbrev [3] 0x62:0x7 DW_TAG_enumerator
	.long	.Linfo_string13         @ DW_AT_name
	.ascii	"\204\002"              @ DW_AT_const_value
	.byte	3                       @ Abbrev [3] 0x69:0x7 DW_TAG_enumerator
	.long	.Linfo_string14         @ DW_AT_name
	.ascii	"\205\002"              @ DW_AT_const_value
	.byte	3                       @ Abbrev [3] 0x70:0x7 DW_TAG_enumerator
	.long	.Linfo_string15         @ DW_AT_name
	.ascii	"\206\002"              @ DW_AT_const_value
	.byte	3                       @ Abbrev [3] 0x77:0x7 DW_TAG_enumerator
	.long	.Linfo_string16         @ DW_AT_name
	.ascii	"\207\002"              @ DW_AT_const_value
	.byte	3                       @ Abbrev [3] 0x7e:0x7 DW_TAG_enumerator
	.long	.Linfo_string17         @ DW_AT_name
	.ascii	"\210\002"              @ DW_AT_const_value
	.byte	3                       @ Abbrev [3] 0x85:0x7 DW_TAG_enumerator
	.long	.Linfo_string18         @ DW_AT_name
	.ascii	"\211\002"              @ DW_AT_const_value
	.byte	3                       @ Abbrev [3] 0x8c:0x7 DW_TAG_enumerator
	.long	.Linfo_string19         @ DW_AT_name
	.ascii	"\212\002"              @ DW_AT_const_value
	.byte	0                       @ End Of Children Mark
	.byte	4                       @ Abbrev [4] 0x94:0x7 DW_TAG_base_type
	.long	.Linfo_string3          @ DW_AT_name
	.byte	5                       @ DW_AT_encoding
	.byte	4                       @ DW_AT_byte_size
	.byte	5                       @ Abbrev [5] 0x9b:0x17 DW_TAG_subprogram
	.byte	2                       @ Abbrev [2] 0x9c:0x15 DW_TAG_enumeration_type
	.long	178                     @ DW_AT_type
	.byte	4                       @ DW_AT_byte_size
	.byte	2                       @ DW_AT_decl_file
	.byte	47                      @ DW_AT_decl_line
	.byte	6                       @ Abbrev [6] 0xa4:0x6 DW_TAG_enumerator
	.long	.Linfo_string21         @ DW_AT_name
	.byte	0                       @ DW_AT_const_value
	.byte	6                       @ Abbrev [6] 0xaa:0x6 DW_TAG_enumerator
	.long	.Linfo_string22         @ DW_AT_name
	.byte	1                       @ DW_AT_const_value
	.byte	0                       @ End Of Children Mark
	.byte	0                       @ End Of Children Mark
	.byte	4                       @ Abbrev [4] 0xb2:0x7 DW_TAG_base_type
	.long	.Linfo_string20         @ DW_AT_name
	.byte	7                       @ DW_AT_encoding
	.byte	4                       @ DW_AT_byte_size
	.byte	7                       @ Abbrev [7] 0xb9:0x2c DW_TAG_enumeration_type
	.long	178                     @ DW_AT_type
	.long	.Linfo_string28         @ DW_AT_name
	.byte	4                       @ DW_AT_byte_size
	.byte	1                       @ DW_AT_decl_file
	.short	539                     @ DW_AT_decl_line
	.byte	6                       @ Abbrev [6] 0xc6:0x6 DW_TAG_enumerator
	.long	.Linfo_string23         @ DW_AT_name
	.byte	0                       @ DW_AT_const_value
	.byte	6                       @ Abbrev [6] 0xcc:0x6 DW_TAG_enumerator
	.long	.Linfo_string24         @ DW_AT_name
	.byte	1                       @ DW_AT_const_value
	.byte	6                       @ Abbrev [6] 0xd2:0x6 DW_TAG_enumerator
	.long	.Linfo_string25         @ DW_AT_name
	.byte	2                       @ DW_AT_const_value
	.byte	6                       @ Abbrev [6] 0xd8:0x6 DW_TAG_enumerator
	.long	.Linfo_string26         @ DW_AT_name
	.byte	3                       @ DW_AT_const_value
	.byte	6                       @ Abbrev [6] 0xde:0x6 DW_TAG_enumerator
	.long	.Linfo_string27         @ DW_AT_name
	.byte	4                       @ DW_AT_const_value
	.byte	0                       @ End Of Children Mark
	.byte	2                       @ Abbrev [2] 0xe5:0x69 DW_TAG_enumeration_type
	.long	148                     @ DW_AT_type
	.byte	4                       @ DW_AT_byte_size
	.byte	3                       @ DW_AT_decl_file
	.byte	105                     @ DW_AT_decl_line
	.byte	3                       @ Abbrev [3] 0xed:0x6 DW_TAG_enumerator
	.long	.Linfo_string29         @ DW_AT_name
	.byte	1                       @ DW_AT_const_value
	.byte	3                       @ Abbrev [3] 0xf3:0x6 DW_TAG_enumerator
	.long	.Linfo_string30         @ DW_AT_name
	.byte	0                       @ DW_AT_const_value
	.byte	3                       @ Abbrev [3] 0xf9:0x6 DW_TAG_enumerator
	.long	.Linfo_string31         @ DW_AT_name
	.byte	127                     @ DW_AT_const_value
	.byte	3                       @ Abbrev [3] 0xff:0x6 DW_TAG_enumerator
	.long	.Linfo_string32         @ DW_AT_name
	.byte	126                     @ DW_AT_const_value
	.byte	3                       @ Abbrev [3] 0x105:0x6 DW_TAG_enumerator
	.long	.Linfo_string33         @ DW_AT_name
	.byte	124                     @ DW_AT_const_value
	.byte	3                       @ Abbrev [3] 0x10b:0x6 DW_TAG_enumerator
	.long	.Linfo_string34         @ DW_AT_name
	.byte	123                     @ DW_AT_const_value
	.byte	3                       @ Abbrev [3] 0x111:0x6 DW_TAG_enumerator
	.long	.Linfo_string35         @ DW_AT_name
	.byte	122                     @ DW_AT_const_value
	.byte	3                       @ Abbrev [3] 0x117:0x6 DW_TAG_enumerator
	.long	.Linfo_string36         @ DW_AT_name
	.byte	121                     @ DW_AT_const_value
	.byte	3                       @ Abbrev [3] 0x11d:0x6 DW_TAG_enumerator
	.long	.Linfo_string37         @ DW_AT_name
	.byte	120                     @ DW_AT_const_value
	.byte	3                       @ Abbrev [3] 0x123:0x6 DW_TAG_enumerator
	.long	.Linfo_string38         @ DW_AT_name
	.byte	119                     @ DW_AT_const_value
	.byte	3                       @ Abbrev [3] 0x129:0x6 DW_TAG_enumerator
	.long	.Linfo_string39         @ DW_AT_name
	.byte	118                     @ DW_AT_const_value
	.byte	3                       @ Abbrev [3] 0x12f:0x6 DW_TAG_enumerator
	.long	.Linfo_string40         @ DW_AT_name
	.byte	117                     @ DW_AT_const_value
	.byte	3                       @ Abbrev [3] 0x135:0x6 DW_TAG_enumerator
	.long	.Linfo_string41         @ DW_AT_name
	.byte	116                     @ DW_AT_const_value
	.byte	3                       @ Abbrev [3] 0x13b:0x6 DW_TAG_enumerator
	.long	.Linfo_string42         @ DW_AT_name
	.byte	115                     @ DW_AT_const_value
	.byte	3                       @ Abbrev [3] 0x141:0x6 DW_TAG_enumerator
	.long	.Linfo_string43         @ DW_AT_name
	.byte	114                     @ DW_AT_const_value
	.byte	3                       @ Abbrev [3] 0x147:0x6 DW_TAG_enumerator
	.long	.Linfo_string44         @ DW_AT_name
	.byte	113                     @ DW_AT_const_value
	.byte	0                       @ End Of Children Mark
	.byte	5                       @ Abbrev [5] 0x14e:0x17 DW_TAG_subprogram
	.byte	2                       @ Abbrev [2] 0x14f:0x15 DW_TAG_enumeration_type
	.long	178                     @ DW_AT_type
	.byte	4                       @ DW_AT_byte_size
	.byte	2                       @ DW_AT_decl_file
	.byte	89                      @ DW_AT_decl_line
	.byte	6                       @ Abbrev [6] 0x157:0x6 DW_TAG_enumerator
	.long	.Linfo_string45         @ DW_AT_name
	.byte	0                       @ DW_AT_const_value
	.byte	6                       @ Abbrev [6] 0x15d:0x6 DW_TAG_enumerator
	.long	.Linfo_string46         @ DW_AT_name
	.byte	1                       @ DW_AT_const_value
	.byte	0                       @ End Of Children Mark
	.byte	0                       @ End Of Children Mark
	.byte	5                       @ Abbrev [5] 0x165:0x17 DW_TAG_subprogram
	.byte	2                       @ Abbrev [2] 0x166:0x15 DW_TAG_enumeration_type
	.long	178                     @ DW_AT_type
	.byte	4                       @ DW_AT_byte_size
	.byte	2                       @ DW_AT_decl_file
	.byte	144                     @ DW_AT_decl_line
	.byte	6                       @ Abbrev [6] 0x16e:0x6 DW_TAG_enumerator
	.long	.Linfo_string47         @ DW_AT_name
	.byte	0                       @ DW_AT_const_value
	.byte	6                       @ Abbrev [6] 0x174:0x6 DW_TAG_enumerator
	.long	.Linfo_string48         @ DW_AT_name
	.byte	1                       @ DW_AT_const_value
	.byte	0                       @ End Of Children Mark
	.byte	0                       @ End Of Children Mark
	.byte	8                       @ Abbrev [8] 0x17c:0x5 DW_TAG_pointer_type
	.long	385                     @ DW_AT_type
	.byte	9                       @ Abbrev [9] 0x181:0xb DW_TAG_typedef
	.long	396                     @ DW_AT_type
	.long	.Linfo_string59         @ DW_AT_name
	.byte	1                       @ DW_AT_decl_file
	.byte	152                     @ DW_AT_decl_line
	.byte	10                      @ Abbrev [10] 0x18c:0x4c DW_TAG_structure_type
	.long	.Linfo_string59         @ DW_AT_name
	.byte	64                      @ DW_AT_byte_size
	.byte	1                       @ DW_AT_decl_file
	.short	344                     @ DW_AT_decl_line
	.byte	11                      @ Abbrev [11] 0x195:0x9 DW_TAG_member
	.long	414                     @ DW_AT_type
	.byte	1                       @ DW_AT_decl_file
	.short	345                     @ DW_AT_decl_line
	.byte	0                       @ DW_AT_data_member_location
	.byte	12                      @ Abbrev [12] 0x19e:0x2b DW_TAG_structure_type
	.byte	44                      @ DW_AT_byte_size
	.byte	1                       @ DW_AT_decl_file
	.short	345                     @ DW_AT_decl_line
	.byte	11                      @ Abbrev [11] 0x1a3:0x9 DW_TAG_member
	.long	428                     @ DW_AT_type
	.byte	1                       @ DW_AT_decl_file
	.short	345                     @ DW_AT_decl_line
	.byte	0                       @ DW_AT_data_member_location
	.byte	13                      @ Abbrev [13] 0x1ac:0x1c DW_TAG_union_type
	.byte	44                      @ DW_AT_byte_size
	.byte	1                       @ DW_AT_decl_file
	.short	345                     @ DW_AT_decl_line
	.byte	14                      @ Abbrev [14] 0x1b1:0xd DW_TAG_member
	.long	.Linfo_string49         @ DW_AT_name
	.long	472                     @ DW_AT_type
	.byte	1                       @ DW_AT_decl_file
	.short	345                     @ DW_AT_decl_line
	.byte	0                       @ DW_AT_data_member_location
	.byte	11                      @ Abbrev [11] 0x1be:0x9 DW_TAG_member
	.long	483                     @ DW_AT_type
	.byte	1                       @ DW_AT_decl_file
	.short	345                     @ DW_AT_decl_line
	.byte	0                       @ DW_AT_data_member_location
	.byte	0                       @ End Of Children Mark
	.byte	0                       @ End Of Children Mark
	.byte	15                      @ Abbrev [15] 0x1c9:0xe DW_TAG_member
	.long	.Linfo_string58         @ DW_AT_name
	.long	625                     @ DW_AT_type
	.byte	1                       @ DW_AT_decl_file
	.short	348                     @ DW_AT_decl_line
	.byte	8                       @ DW_AT_alignment
	.byte	48                      @ DW_AT_data_member_location
	.byte	0                       @ End Of Children Mark
	.byte	9                       @ Abbrev [9] 0x1d8:0xb DW_TAG_typedef
	.long	483                     @ DW_AT_type
	.long	.Linfo_string57         @ DW_AT_name
	.byte	1                       @ DW_AT_decl_file
	.byte	151                     @ DW_AT_decl_line
	.byte	16                      @ Abbrev [16] 0x1e3:0x40 DW_TAG_structure_type
	.long	.Linfo_string57         @ DW_AT_name
	.byte	44                      @ DW_AT_byte_size
	.byte	1                       @ DW_AT_decl_file
	.byte	250                     @ DW_AT_decl_line
	.byte	17                      @ Abbrev [17] 0x1eb:0x9 DW_TAG_member
	.long	500                     @ DW_AT_type
	.byte	1                       @ DW_AT_decl_file
	.byte	253                     @ DW_AT_decl_line
	.byte	4                       @ DW_AT_alignment
	.byte	0                       @ DW_AT_data_member_location
	.byte	18                      @ Abbrev [18] 0x1f4:0x12 DW_TAG_structure_type
	.byte	4                       @ DW_AT_byte_size
	.byte	1                       @ DW_AT_decl_file
	.byte	253                     @ DW_AT_decl_line
	.byte	4                       @ DW_AT_alignment
	.byte	19                      @ Abbrev [19] 0x1f9:0xc DW_TAG_member
	.long	.Linfo_string50         @ DW_AT_name
	.long	547                     @ DW_AT_type
	.byte	1                       @ DW_AT_decl_file
	.byte	253                     @ DW_AT_decl_line
	.byte	0                       @ DW_AT_data_member_location
	.byte	0                       @ End Of Children Mark
	.byte	15                      @ Abbrev [15] 0x206:0xe DW_TAG_member
	.long	.Linfo_string52         @ DW_AT_name
	.long	576                     @ DW_AT_type
	.byte	1                       @ DW_AT_decl_file
	.short	259                     @ DW_AT_decl_line
	.byte	4                       @ DW_AT_alignment
	.byte	4                       @ DW_AT_data_member_location
	.byte	15                      @ Abbrev [15] 0x214:0xe DW_TAG_member
	.long	.Linfo_string56         @ DW_AT_name
	.long	613                     @ DW_AT_type
	.byte	1                       @ DW_AT_decl_file
	.short	272                     @ DW_AT_decl_line
	.byte	4                       @ DW_AT_alignment
	.byte	8                       @ DW_AT_data_member_location
	.byte	0                       @ End Of Children Mark
	.byte	9                       @ Abbrev [9] 0x223:0xb DW_TAG_typedef
	.long	558                     @ DW_AT_type
	.long	.Linfo_string51         @ DW_AT_name
	.byte	1                       @ DW_AT_decl_file
	.byte	165                     @ DW_AT_decl_line
	.byte	8                       @ Abbrev [8] 0x22e:0x5 DW_TAG_pointer_type
	.long	563                     @ DW_AT_type
	.byte	20                      @ Abbrev [20] 0x233:0x8 DW_TAG_subroutine_type
	.byte	1                       @ DW_AT_prototyped
	.byte	21                      @ Abbrev [21] 0x235:0x5 DW_TAG_formal_parameter
	.long	571                     @ DW_AT_type
	.byte	0                       @ End Of Children Mark
	.byte	8                       @ Abbrev [8] 0x23b:0x5 DW_TAG_pointer_type
	.long	472                     @ DW_AT_type
	.byte	22                      @ Abbrev [22] 0x240:0xc DW_TAG_array_type
	.long	588                     @ DW_AT_type
	.byte	23                      @ Abbrev [23] 0x245:0x6 DW_TAG_subrange_type
	.long	606                     @ DW_AT_type
	.byte	4                       @ DW_AT_count
	.byte	0                       @ End Of Children Mark
	.byte	9                       @ Abbrev [9] 0x24c:0xb DW_TAG_typedef
	.long	599                     @ DW_AT_type
	.long	.Linfo_string54         @ DW_AT_name
	.byte	4                       @ DW_AT_decl_file
	.byte	62                      @ DW_AT_decl_line
	.byte	4                       @ Abbrev [4] 0x257:0x7 DW_TAG_base_type
	.long	.Linfo_string53         @ DW_AT_name
	.byte	8                       @ DW_AT_encoding
	.byte	1                       @ DW_AT_byte_size
	.byte	24                      @ Abbrev [24] 0x25e:0x7 DW_TAG_base_type
	.long	.Linfo_string55         @ DW_AT_name
	.byte	8                       @ DW_AT_byte_size
	.byte	7                       @ DW_AT_encoding
	.byte	22                      @ Abbrev [22] 0x265:0xc DW_TAG_array_type
	.long	588                     @ DW_AT_type
	.byte	23                      @ Abbrev [23] 0x26a:0x6 DW_TAG_subrange_type
	.long	606                     @ DW_AT_type
	.byte	36                      @ DW_AT_count
	.byte	0                       @ End Of Children Mark
	.byte	22                      @ Abbrev [22] 0x271:0xc DW_TAG_array_type
	.long	588                     @ DW_AT_type
	.byte	23                      @ Abbrev [23] 0x276:0x6 DW_TAG_subrange_type
	.long	606                     @ DW_AT_type
	.byte	16                      @ DW_AT_count
	.byte	0                       @ End Of Children Mark
	.byte	4                       @ Abbrev [4] 0x27d:0x7 DW_TAG_base_type
	.long	.Linfo_string60         @ DW_AT_name
	.byte	2                       @ DW_AT_encoding
	.byte	1                       @ DW_AT_byte_size
	.byte	0                       @ End Of Children Mark
	.section	.debug_ranges,"",%progbits
	.section	.debug_macinfo,"",%progbits
.Lcu_macro_begin0:
	.byte	0                       @ End Of Macro List Mark
	.section	.debug_pubnames,"",%progbits
	.long	.LpubNames_end0-.LpubNames_begin0 @ Length of Public Names Info
.LpubNames_begin0:
	.short	2                       @ DWARF Version
	.long	.Lcu_begin0             @ Offset of Compilation Unit Info
	.long	645                     @ Compilation Unit Length
	.long	0                       @ End Mark
.LpubNames_end0:
	.section	.debug_pubtypes,"",%progbits
	.long	.LpubTypes_end0-.LpubTypes_begin0 @ Length of Public Types Info
.LpubTypes_begin0:
	.short	2                       @ DWARF Version
	.long	.Lcu_begin0             @ Offset of Compilation Unit Info
	.long	645                     @ Compilation Unit Length
	.long	547                     @ DIE offset
	.asciz	"vsf_eda_on_terminate_t" @ External Name
	.long	599                     @ DIE offset
	.asciz	"unsigned char"         @ External Name
	.long	185                     @ DIE offset
	.asciz	"vsf_sync_reason_t"     @ External Name
	.long	178                     @ DIE offset
	.asciz	"unsigned int"          @ External Name
	.long	637                     @ DIE offset
	.asciz	"_Bool"                 @ External Name
	.long	148                     @ DIE offset
	.asciz	"int"                   @ External Name
	.long	483                     @ DIE offset
	.asciz	"vsf_eda_t"             @ External Name
	.long	588                     @ DIE offset
	.asciz	"uint8_t"               @ External Name
	.long	396                     @ DIE offset
	.asciz	"vsf_teda_t"            @ External Name
	.long	0                       @ End Mark
.LpubTypes_end0:

	.ident	"Component: ARM Compiler 6.10.1 Tool: armclang [5d143200]"
	.section	".note.GNU-stack","",%progbits
	.ARM_attribute	16, 1	@ Tag_AV_eba
	.section	.debug_line,"",%progbits
.Lline_table_start0:
